<?xml version="1.0" encoding="UTF-8" ?>
<testsuite errors="0" failures="5" name="kermeta_io.constraintchecker_test.JunitTestSuite" tests="35" time="1.714">
  <properties>
[...]
</properties>
  <testcase name="testvalid_003_associations" time="0.215"></testcase>
  <testcase name="testvalid_005_operations" time="0.058"></testcase>
  <testcase name="testvalid_005_operations_dep" time="0.089"></testcase>
  <testcase name="testinvalid_005_superoperations_parammismatch1_inv" time="0.032">
    <failure message="Looking for a constraint error but none found" type="junit.framework.AssertionFailedError">junit.framework.AssertionFailedError: Looking for a constraint error but none found
	at kermeta_io.constraintchecker_test.JunitTestSuite.testinvalidFile(JunitTestSuite.java:290)
	at kermeta_io.constraintchecker_test.JunitTestSuite.testinvalid_005_superoperations_parammismatch1_inv(JunitTestSuite.java:92)
	at sun.reflect.NativeMethodAccessorImpl.invoke0(Native Method)
	at sun.reflect.NativeMethodAccessorImpl.invoke(NativeMethodAccessorImpl.java:39)
	at sun.reflect.DelegatingMethodAccessorImpl.invoke(DelegatingMethodAccessorImpl.java:25)
</failure>
  </testcase>
  <testcase name="testinvalid_001_cyclicinheritance_01" time="0.027"></testcase>
  <testcase name="testinvalid_001_cyclicinheritance_02" time="0.029"></testcase>
  <testcase name="testinvalid_001_cyclicinheritance_03" time="0.026"></testcase>
  <testcase name="testinvalid_004_cyclicCompositions_01" time="0.028"></testcase>
  <testcase name="testinvalid_004_cyclicCompositions_02" time="0.028"></testcase>
  <testcase name="testinvalid_004_cyclicCompositions_03" time="0.028"></testcase>
  <testcase name="testinvalid_004_cyclicCompositions_04" time="0.042"></testcase>
  <testcase name="testinvalid_004_cyclicCompositions_05" time="0.049"></testcase>
  <testcase name="testinvalid_005_superoperations_parammismatch3_inv" time="0.029"></testcase>
  <testcase name="testinvalid_006_inheritedproperty2_inv" time="0.04"></testcase>
  <testcase name="testinvalid_005_superoperations_parammismatch5_inv" time="0.03"></testcase>
  <testcase name="testinvalid_006_inheritedproperty4_inv" time="0.028"></testcase>
  <testcase name="testinvalid_003_associations_01" time="0.029">
    <failure message="Looking for a constraint error but none found" type="junit.framework.AssertionFailedError">junit.framework.AssertionFailedError: Looking for a constraint error but none found
	at kermeta_io.constraintchecker_test.JunitTestSuite.testinvalidFile(JunitTestSuite.java:290)
	at kermeta_io.constraintchecker_test.JunitTestSuite.testinvalid_003_associations_01(JunitTestSuite.java:144)
	at sun.reflect.NativeMethodAccessorImpl.invoke0(Native Method)
	at sun.reflect.NativeMethodAccessorImpl.invoke(NativeMethodAccessorImpl.java:39)
	at sun.reflect.DelegatingMethodAccessorImpl.invoke(DelegatingMethodAccessorImpl.java:25)
</failure>
  </testcase>
  <testcase name="testinvalid_003_associations_02" time="0.028"></testcase>
  <testcase name="testinvalid_003_associations_03" time="0.028"></testcase>
  <testcase name="testinvalid_003_associations_04" time="0.028"></testcase>
  <testcase name="testinvalid_003_associations_05" time="0.028"></testcase>
  <testcase name="testinvalid_003_associations_06" time="0.038">
    <failure message="Looking for a constraint error but none found" type="junit.framework.AssertionFailedError">junit.framework.AssertionFailedError: Looking for a constraint error but none found
	at kermeta_io.constraintchecker_test.JunitTestSuite.testinvalidFile(JunitTestSuite.java:290)
	at kermeta_io.constraintchecker_test.JunitTestSuite.testinvalid_003_associations_06(JunitTestSuite.java:164)
	at sun.reflect.NativeMethodAccessorImpl.invoke0(Native Method)
	at sun.reflect.NativeMethodAccessorImpl.invoke(NativeMethodAccessorImpl.java:39)
	at sun.reflect.DelegatingMethodAccessorImpl.invoke(DelegatingMethodAccessorImpl.java:25)
</failure>
  </testcase>
  <testcase name="testinvalid_003_associations_07" time="0.036">
    <failure message="Looking for a constraint error but none found" type="junit.framework.AssertionFailedError">junit.framework.AssertionFailedError: Looking for a constraint error but none found
	at kermeta_io.constraintchecker_test.JunitTestSuite.testinvalidFile(JunitTestSuite.java:290)
	at kermeta_io.constraintchecker_test.JunitTestSuite.testinvalid_003_associations_07(JunitTestSuite.java:168)
	at sun.reflect.NativeMethodAccessorImpl.invoke0(Native Method)
	at sun.reflect.NativeMethodAccessorImpl.invoke(NativeMethodAccessorImpl.java:39)
	at sun.reflect.DelegatingMethodAccessorImpl.invoke(DelegatingMethodAccessorImpl.java:25)
</failure>
  </testcase>
  <testcase name="testinvalid_005_superoperations_parammismatch2_inv" time="0.037">
    <failure message="Looking for a constraint error but none found" type="junit.framework.AssertionFailedError">junit.framework.AssertionFailedError: Looking for a constraint error but none found
	at kermeta_io.constraintchecker_test.JunitTestSuite.testinvalidFile(JunitTestSuite.java:290)
	at kermeta_io.constraintchecker_test.JunitTestSuite.testinvalid_005_superoperations_parammismatch2_inv(JunitTestSuite.java:172)
	at sun.reflect.NativeMethodAccessorImpl.invoke0(Native Method)
	at sun.reflect.NativeMethodAccessorImpl.invoke(NativeMethodAccessorImpl.java:39)
	at sun.reflect.DelegatingMethodAccessorImpl.invoke(DelegatingMethodAccessorImpl.java:25)
</failure>
  </testcase>
  <testcase name="testinvalid_006_inheritedproperty1_inv" time="0.077"></testcase>
  <testcase name="testinvalid_005_superoperations_parammismatch4_inv" time="0.033"></testcase>
  <testcase name="testinvalid_025_weaving_in_kermeta_aspect1" time="0.105"></testcase>
  <testcase name="testinvalid_025_weaving_in_kermeta_aspect2" time="0.107"></testcase>
  <testcase name="testinvalid_025_weaving_in_kermeta_aspect3" time="0.105"></testcase>
  <testcase name="testinvalid_025_weaving_in_kermeta_aspect4" time="0.0080"></testcase>
  <testcase name="testinvalid_025_weaving_in_kermeta_aspect5" time="0.083"></testcase>
  <testcase name="testinvalid_025_weaving_in_kermeta_aspect6" time="0.0030"></testcase>
  <testcase name="testinvalid_025_weaving_in_kermeta_aspect7" time="0.0050"></testcase>
  <testcase name="testinvalid_025_weaving_in_kermeta_aspect8" time="0.078"></testcase>
  <testcase name="testinvalid_006_inheritedproperty3_inv" time="0.03"></testcase>
  <system-out><![CDATA[


load Ok for 005_superoperations_parammismatch1_inv.kmt
load Ok for 001_cyclicinheritance_01.kmt
succesfully found error in 001_cyclicinheritance_01.kmt

load Ok for 001_cyclicinheritance_02.kmt
succesfully found error in 001_cyclicinheritance_02.kmt

load Ok for 001_cyclicinheritance_03.kmt
succesfully found error in 001_cyclicinheritance_03.kmt

load Ok for 004_cyclicCompositions_01.kmt
les cycles sont :[[B, A], [A, B]]
succesfully found error in 004_cyclicCompositions_01.kmt

load Ok for 004_cyclicCompositions_02.kmt
les cycles sont :[[C, A, B], [B, C, A], [A, B, C]]
succesfully found error in 004_cyclicCompositions_02.kmt

load Ok for 004_cyclicCompositions_03.kmt
les cycles sont :[[G, H], [H, G]]
succesfully found error in 004_cyclicCompositions_03.kmt

load Ok for 004_cyclicCompositions_04.kmt
les cycles sont :[[D, C], [A, B], [G, H], [B, A], [H, G], [C, D]]
succesfully found error in 004_cyclicCompositions_04.kmt

load Ok for 004_cyclicCompositions_05.kmt
succesfully found error in 004_cyclicCompositions_05.kmt

load Ok for 005_superoperations_parammismatch3_inv.kmt
succesfully found error in 005_superoperations_parammismatch3_inv.kmt

load Ok for 006_inheritedproperty2_inv.kmt
succesfully found error in 006_inheritedproperty2_inv.kmt

load Ok for 005_superoperations_parammismatch5_inv.kmt
succesfully found error in 005_superoperations_parammismatch5_inv.kmt

load Ok for 006_inheritedproperty4_inv.kmt
succesfully found error in 006_inheritedproperty4_inv.kmt

load Ok for 003_associations_01.kmt
load Ok for 003_associations_02.kmt
succesfully found error in 003_associations_02.kmt

load Ok for 003_associations_03.kmt
succesfully found error in 003_associations_03.kmt

load Ok for 003_associations_04.kmt
succesfully found error in 003_associations_04.kmt

load Ok for 003_associations_05.kmt
succesfully found error in 003_associations_05.kmt

load Ok for 003_associations_06.kmt
load Ok for 003_associations_07.kmt
load Ok for 005_superoperations_parammismatch2_inv.kmt
load Ok for 006_inheritedproperty1_inv.kmt
succesfully found error in 006_inheritedproperty1_inv.kmt

load Ok for 005_superoperations_parammismatch4_inv.kmt
succesfully found error in 005_superoperations_parammismatch4_inv.kmt

load Ok for 025_weaving_in_kermeta_aspect1.kmt
succesfully found error in 025_weaving_in_kermeta_aspect1.kmt

load Ok for 025_weaving_in_kermeta_aspect2.kmt
succesfully found error in 025_weaving_in_kermeta_aspect2.kmt

load Ok for 025_weaving_in_kermeta_aspect3.kmt
succesfully found error in 025_weaving_in_kermeta_aspect3.kmt

load Ok for 025_weaving_in_kermeta_aspect4.kmt
succesfully found error in 025_weaving_in_kermeta_aspect4.kmt

load Ok for 025_weaving_in_kermeta_aspect5.kmt
succesfully found error in 025_weaving_in_kermeta_aspect5.kmt

load Ok for 025_weaving_in_kermeta_aspect6.kmt
succesfully found error in 025_weaving_in_kermeta_aspect6.kmt

load Ok for 025_weaving_in_kermeta_aspect7.kmt
succesfully found error in 025_weaving_in_kermeta_aspect7.kmt

load Ok for 025_weaving_in_kermeta_aspect8.kmt
succesfully found error in 025_weaving_in_kermeta_aspect8.kmt

load Ok for 006_inheritedproperty3_inv.kmt
succesfully found error in 006_inheritedproperty3_inv.kmt

]]></system-out>
  <system-err><![CDATA[]]></system-err>
</testsuite>
