<?xml version="1.0" encoding="UTF-8" ?>
<testsuite errors="0" failures="5" name="kermeta_io.constraintchecker_test.JunitTestSuite" tests="35" time="1.714">
  <properties>
    <property name="java.vendor" value="Sun Microsystems Inc."></property>
    <property name="equinox.preferences.jar" value="/local/daily_build/eclipse3.3_with_topcased/eclipse/plugins/org.eclipse.equinox.preferences_3.2.100.v20070522.jar"></property>
    <property name="sun.java.launcher" value="SUN_STANDARD"></property>
    <property name="sun.management.compiler" value="HotSpot Server Compiler"></property>
    <property name="osgi.jar" value="/local/daily_build/eclipse3.3_with_topcased/eclipse/plugins/org.eclipse.osgi_3.3.0.v20070530.jar"></property>
    <property name="os.name" value="Linux"></property>
    <property name="sun.boot.class.path" value="/soft/jdk_hd/Linux/jdk1.5.0_12/jre/lib/rt.jar:/soft/jdk_hd/Linux/jdk1.5.0_12/jre/lib/i18n.jar:/soft/jdk_hd/Linux/jdk1.5.0_12/jre/lib/sunrsasign.jar:/soft/jdk_hd/Linux/jdk1.5.0_12/jre/lib/jsse.jar:/soft/jdk_hd/Linux/jdk1.5.0_12/jre/lib/jce.jar:/soft/jdk_hd/Linux/jdk1.5.0_12/jre/lib/charsets.jar:/soft/jdk_hd/Linux/jdk1.5.0_12/jre/classes"></property>
    <property name="triskell.eclipse.util.jar" value="/tmp/kermeta_build/src/plugins/fr.irisa.triskell.eclipse.util/@dot"></property>
    <property name="java.vm.specification.vendor" value="Sun Microsystems Inc."></property>
    <property name="ant.home" value="/udd/triskell/bin/multiplatform/apache-ant-1.5.4"></property>
    <property name="java.runtime.version" value="1.5.0_12-b04"></property>
    <property name="equinox.common.jar" value="/local/daily_build/eclipse3.3_with_topcased/eclipse/plugins/org.eclipse.equinox.common_3.3.0.v20070426.jar"></property>
    <property name="cobertura.dir" value="/udd/triskell/bin/multiplatform/cobertura-1.7/"></property>
    <property name="user.name" value="dvojtise"></property>
    <property name="core.runtime.jar" value="/local/daily_build/eclipse3.3_with_topcased/eclipse/plugins/org.eclipse.core.runtime_3.3.100.v20070530.jar"></property>
    <property name="ui.workbench.jar" value="/local/daily_build/eclipse3.3_with_topcased/eclipse/plugins/org.eclipse.ui.workbench_3.3.0.I20070608-1100.jar"></property>
    <property name="emfatic-core.jar" value="/tmp/kermeta_build/src/plugins/fr.irisa.triskell.kermeta/lib/thirdparty/emfatic-core.jar"></property>
    <property name="user.language" value="en"></property>
    <property name="sun.boot.library.path" value="/soft/jdk_hd/Linux/jdk1.5.0_12/jre/lib/i386"></property>
    <property name="ant.project.name" value="run interpreter tests"></property>
    <property name="java.version" value="1.5.0_12"></property>
    <property name="build.bin" value="/tmp/kermeta_build/src/plugins/fr.irisa.triskell.kermeta.io/@dot"></property>
    <property name="coverage.html.dir" value="/tmp/kermeta_build/unittestreports/coverage/html"></property>
    <property name="user.timezone" value="Europe/Paris"></property>
    <property name="sun.arch.data.model" value="32"></property>
    <property name="java.endorsed.dirs" value="/soft/jdk_hd/Linux/jdk1.5.0_12/jre/lib/endorsed"></property>
    <property name="sun.cpu.isalist" value=""></property>
    <property name="sun.jnu.encoding" value="ISO-8859-15"></property>
    <property name="file.encoding.pkg" value="sun.io"></property>
    <property name="file.separator" value="/"></property>
    <property name="java.specification.name" value="Java Platform API Specification"></property>
    <property name="java.class.version" value="49.0"></property>
    <property name="src" value="/tmp/kermeta_build/src/plugins/fr.irisa.triskell.kermeta.io/src/java"></property>
    <property name="user.country" value="US"></property>
    <property name="ldt-core.jar" value="/tmp/kermeta_build/src/plugins/fr.irisa.triskell.kermeta/lib/thirdparty/ldt-core.jar"></property>
    <property name="java.home" value="/soft/jdk_hd/Linux/jdk1.5.0_12/jre"></property>
    <property name="java.vm.info" value="mixed mode"></property>
    <property name="ant.file" value="/tmp/kermeta_build/src/plugins/fr.irisa.triskell.kermeta.io/test/junit/test_build.xml"></property>
    <property name="os.version" value="2.6.19-1.2911.6.4.fc6"></property>
    <property name="path.separator" value=":"></property>
    <property name="eclipse.home" value="/local/daily_build/eclipse3.3_with_topcased/eclipse"></property>
    <property name="java.vm.version" value="1.5.0_12-b04"></property>
    <property name="report.dir" value="/tmp/kermeta_build/unittestreports"></property>
    <property name="emf.ecore.jar" value="/local/daily_build/eclipse3.3_with_topcased/eclipse/plugins/org.eclipse.emf.ecore_2.3.0.v200706262000.jar"></property>
    <property name="java.awt.printerjob" value="sun.print.PSPrinterJob"></property>
    <property name="sun.io.unicode.encoding" value="UnicodeLittle"></property>
    <property name="kermeta.model.jar" value="/tmp/kermeta_build/src/plugins/fr.irisa.triskell.kermeta.model/@dot"></property>
    <property name="coverage.dir" value="/tmp/kermeta_build/unittestreports/coverage"></property>
    <property name="user.home" value="/udd/dvojtise"></property>
    <property name="java.specification.vendor" value="Sun Microsystems Inc."></property>
    <property name="coverage.xml.dir" value="/tmp/kermeta_build/unittestreports/coverage/xml"></property>
    <property name="java.library.path" value="/soft/jdk_hd/Linux/jdk1.5.0_12/jre/lib/i386/server:/soft/jdk_hd/Linux/jdk1.5.0_12/jre/lib/i386:/soft/jdk_hd/Linux/jdk1.5.0_12/jre/../lib/i386"></property>
    <property name="java.vendor.url" value="http://java.sun.com/"></property>
    <property name="java.vm.vendor" value="Sun Microsystems Inc."></property>
    <property name="cobertura.lib.dir" value="/udd/triskell/bin/multiplatform/cobertura-1.7/lib"></property>
    <property name="java.runtime.name" value="Java(TM) 2 Runtime Environment, Standard Edition"></property>
    <property name="java.class.path" value="/udd/triskell/bin/multiplatform/apache-ant-1.5.4/lib/xml-apis.jar:/udd/triskell/bin/multiplatform/apache-ant-1.5.4/lib/xercesImpl.jar:/udd/triskell/bin/multiplatform/apache-ant-1.5.4/lib/xalan.jar:/udd/triskell/bin/multiplatform/apache-ant-1.5.4/lib/optional.jar:/udd/triskell/bin/multiplatform/apache-ant-1.5.4/lib/junit.jar:/udd/triskell/bin/multiplatform/apache-ant-1.5.4/lib/ant.jar:/udd/triskell/bin/multiplatform/apache-ant-1.5.4/lib/junit.jar:/udd/triskell/bin/multiplatform/apache-ant-1.5.4/lib/optional.jar:/soft/jdk_hd/Linux/jdk1.5.0_12/lib/tools.jar"></property>
    <property name="ant.version" value="Apache Ant version 1.5.4 compiled on August 12 2003"></property>
    <property name="traceability.jar" value="/tmp/kermeta_build/src/plugins/fr.irisa.triskell.traceability.model/@dot"></property>
    <property name="swt.jar" value="/local/daily_build/eclipse3.3_with_topcased/eclipse/plugins/org.eclipse.swt.gtk.linux.x86_3.3.0.v3346.jar"></property>
    <property name="emf.common.jar" value="/local/daily_build/eclipse3.3_with_topcased/eclipse/plugins/org.eclipse.emf.common_2.3.0.v200706262000.jar"></property>
    <property name="java.vm.specification.name" value="Java Virtual Machine Specification"></property>
    <property name="java.vm.specification.version" value="1.0"></property>
    <property name="sun.cpu.endian" value="little"></property>
    <property name="sun.os.patch.level" value="unknown"></property>
    <property name="log4j.jar" value="/tmp/kermeta_build/src/plugins/fr.irisa.triskell.kermeta/lib/thirdparty/log4j.jar"></property>
    <property name="java.io.tmpdir" value="/tmp"></property>
    <property name="test.src" value="/tmp/kermeta_build/src/plugins/fr.irisa.triskell.kermeta.io/test/junit"></property>
    <property name="java.vendor.url.bug" value="http://java.sun.com/cgi-bin/bugreport.cgi"></property>
    <property name="emf.ecore.xmi.jar" value="/local/daily_build/eclipse3.3_with_topcased/eclipse/plugins/org.eclipse.emf.ecore.xmi_2.3.0.v200706262000.jar"></property>
    <property name="instrumented.dir" value="/tmp/kermeta_build/src/plugins/fr.irisa.triskell.kermeta.io/test/junit/instrumented"></property>
    <property name="java.awt.graphicsenv" value="sun.awt.X11GraphicsEnvironment"></property>
    <property name="os.arch" value="i386"></property>
    <property name="kermeta.io.class" value="/tmp/kermeta_build/src/plugins/fr.irisa.triskell.kermeta.io/@dot"></property>
    <property name="java.ext.dirs" value="/soft/jdk_hd/Linux/jdk1.5.0_12/jre/lib/ext"></property>
    <property name="user.dir" value="/tmp/kermeta_build/src/plugins/fr.irisa.triskell.kermeta.io"></property>
    <property name="equinox.registry.jar" value="/local/daily_build/eclipse3.3_with_topcased/eclipse/plugins/org.eclipse.equinox.registry_3.3.0.v20070522.jar"></property>
    <property name="line.separator" value="
"></property>
    <property name="java.vm.name" value="Java HotSpot(TM) Server VM"></property>
    <property name="jface.jar" value="/local/daily_build/eclipse3.3_with_topcased/eclipse/plugins/org.eclipse.jface_3.3.0.I20070606-0010.jar"></property>
    <property name="basedir" value="/tmp/kermeta_build/src/plugins/fr.irisa.triskell.kermeta.io/test/junit"></property>
    <property name="ant.java.version" value="1.4"></property>
    <property name="file.encoding" value="ISO-8859-15"></property>
    <property name="antlr.jar" value="/tmp/kermeta_build/src/plugins/fr.irisa.triskell.kermeta.io/lib/thirdparty/antlr.jar"></property>
    <property name="java.specification.version" value="1.5"></property>
  </properties>
  <testcase name="testvalid_003_associations" time="0.215"></testcase>
  <testcase name="testvalid_005_operations" time="0.058"></testcase>
  <testcase name="testvalid_005_operations_dep" time="0.089"></testcase>
  <testcase name="testinvalid_005_superoperations_parammismatch1_inv" time="0.032">
    <failure message="Looking for a constraint error but none found" type="junit.framework.AssertionFailedError">junit.framework.AssertionFailedError: Looking for a constraint error but none found
	at kermeta_io.constraintchecker_test.JunitTestSuite.testinvalidFile(JunitTestSuite.java:290)
	at kermeta_io.constraintchecker_test.JunitTestSuite.testinvalid_005_superoperations_parammismatch1_inv(JunitTestSuite.java:92)
	at sun.reflect.NativeMethodAccessorImpl.invoke0(Native Method)
	at sun.reflect.NativeMethodAccessorImpl.invoke(NativeMethodAccessorImpl.java:39)
	at sun.reflect.DelegatingMethodAccessorImpl.invoke(DelegatingMethodAccessorImpl.java:25)
</failure>
  </testcase>
  <testcase name="testinvalid_001_cyclicinheritance_01" time="0.027"></testcase>
  <testcase name="testinvalid_001_cyclicinheritance_02" time="0.029"></testcase>
  <testcase name="testinvalid_001_cyclicinheritance_03" time="0.026"></testcase>
  <testcase name="testinvalid_004_cyclicCompositions_01" time="0.028"></testcase>
  <testcase name="testinvalid_004_cyclicCompositions_02" time="0.028"></testcase>
  <testcase name="testinvalid_004_cyclicCompositions_03" time="0.028"></testcase>
  <testcase name="testinvalid_004_cyclicCompositions_04" time="0.042"></testcase>
  <testcase name="testinvalid_004_cyclicCompositions_05" time="0.049"></testcase>
  <testcase name="testinvalid_005_superoperations_parammismatch3_inv" time="0.029"></testcase>
  <testcase name="testinvalid_006_inheritedproperty2_inv" time="0.04"></testcase>
  <testcase name="testinvalid_005_superoperations_parammismatch5_inv" time="0.03"></testcase>
  <testcase name="testinvalid_006_inheritedproperty4_inv" time="0.028"></testcase>
  <testcase name="testinvalid_003_associations_01" time="0.029">
    <failure message="Looking for a constraint error but none found" type="junit.framework.AssertionFailedError">junit.framework.AssertionFailedError: Looking for a constraint error but none found
	at kermeta_io.constraintchecker_test.JunitTestSuite.testinvalidFile(JunitTestSuite.java:290)
	at kermeta_io.constraintchecker_test.JunitTestSuite.testinvalid_003_associations_01(JunitTestSuite.java:144)
	at sun.reflect.NativeMethodAccessorImpl.invoke0(Native Method)
	at sun.reflect.NativeMethodAccessorImpl.invoke(NativeMethodAccessorImpl.java:39)
	at sun.reflect.DelegatingMethodAccessorImpl.invoke(DelegatingMethodAccessorImpl.java:25)
</failure>
  </testcase>
  <testcase name="testinvalid_003_associations_02" time="0.028"></testcase>
  <testcase name="testinvalid_003_associations_03" time="0.028"></testcase>
  <testcase name="testinvalid_003_associations_04" time="0.028"></testcase>
  <testcase name="testinvalid_003_associations_05" time="0.028"></testcase>
  <testcase name="testinvalid_003_associations_06" time="0.038">
    <failure message="Looking for a constraint error but none found" type="junit.framework.AssertionFailedError">junit.framework.AssertionFailedError: Looking for a constraint error but none found
	at kermeta_io.constraintchecker_test.JunitTestSuite.testinvalidFile(JunitTestSuite.java:290)
	at kermeta_io.constraintchecker_test.JunitTestSuite.testinvalid_003_associations_06(JunitTestSuite.java:164)
	at sun.reflect.NativeMethodAccessorImpl.invoke0(Native Method)
	at sun.reflect.NativeMethodAccessorImpl.invoke(NativeMethodAccessorImpl.java:39)
	at sun.reflect.DelegatingMethodAccessorImpl.invoke(DelegatingMethodAccessorImpl.java:25)
</failure>
  </testcase>
  <testcase name="testinvalid_003_associations_07" time="0.036">
    <failure message="Looking for a constraint error but none found" type="junit.framework.AssertionFailedError">junit.framework.AssertionFailedError: Looking for a constraint error but none found
	at kermeta_io.constraintchecker_test.JunitTestSuite.testinvalidFile(JunitTestSuite.java:290)
	at kermeta_io.constraintchecker_test.JunitTestSuite.testinvalid_003_associations_07(JunitTestSuite.java:168)
	at sun.reflect.NativeMethodAccessorImpl.invoke0(Native Method)
	at sun.reflect.NativeMethodAccessorImpl.invoke(NativeMethodAccessorImpl.java:39)
	at sun.reflect.DelegatingMethodAccessorImpl.invoke(DelegatingMethodAccessorImpl.java:25)
</failure>
  </testcase>
  <testcase name="testinvalid_005_superoperations_parammismatch2_inv" time="0.037">
    <failure message="Looking for a constraint error but none found" type="junit.framework.AssertionFailedError">junit.framework.AssertionFailedError: Looking for a constraint error but none found
	at kermeta_io.constraintchecker_test.JunitTestSuite.testinvalidFile(JunitTestSuite.java:290)
	at kermeta_io.constraintchecker_test.JunitTestSuite.testinvalid_005_superoperations_parammismatch2_inv(JunitTestSuite.java:172)
	at sun.reflect.NativeMethodAccessorImpl.invoke0(Native Method)
	at sun.reflect.NativeMethodAccessorImpl.invoke(NativeMethodAccessorImpl.java:39)
	at sun.reflect.DelegatingMethodAccessorImpl.invoke(DelegatingMethodAccessorImpl.java:25)
</failure>
  </testcase>
  <testcase name="testinvalid_006_inheritedproperty1_inv" time="0.077"></testcase>
  <testcase name="testinvalid_005_superoperations_parammismatch4_inv" time="0.033"></testcase>
  <testcase name="testinvalid_025_weaving_in_kermeta_aspect1" time="0.105"></testcase>
  <testcase name="testinvalid_025_weaving_in_kermeta_aspect2" time="0.107"></testcase>
  <testcase name="testinvalid_025_weaving_in_kermeta_aspect3" time="0.105"></testcase>
  <testcase name="testinvalid_025_weaving_in_kermeta_aspect4" time="0.0080"></testcase>
  <testcase name="testinvalid_025_weaving_in_kermeta_aspect5" time="0.083"></testcase>
  <testcase name="testinvalid_025_weaving_in_kermeta_aspect6" time="0.0030"></testcase>
  <testcase name="testinvalid_025_weaving_in_kermeta_aspect7" time="0.0050"></testcase>
  <testcase name="testinvalid_025_weaving_in_kermeta_aspect8" time="0.078"></testcase>
  <testcase name="testinvalid_006_inheritedproperty3_inv" time="0.03"></testcase>
  <system-out><![CDATA[


load Ok for 005_superoperations_parammismatch1_inv.kmt
load Ok for 001_cyclicinheritance_01.kmt
succesfully found error in 001_cyclicinheritance_01.kmt

load Ok for 001_cyclicinheritance_02.kmt
succesfully found error in 001_cyclicinheritance_02.kmt

load Ok for 001_cyclicinheritance_03.kmt
succesfully found error in 001_cyclicinheritance_03.kmt

load Ok for 004_cyclicCompositions_01.kmt
les cycles sont :[[B, A], [A, B]]
succesfully found error in 004_cyclicCompositions_01.kmt

load Ok for 004_cyclicCompositions_02.kmt
les cycles sont :[[C, A, B], [B, C, A], [A, B, C]]
succesfully found error in 004_cyclicCompositions_02.kmt

load Ok for 004_cyclicCompositions_03.kmt
les cycles sont :[[G, H], [H, G]]
succesfully found error in 004_cyclicCompositions_03.kmt

load Ok for 004_cyclicCompositions_04.kmt
les cycles sont :[[D, C], [A, B], [G, H], [B, A], [H, G], [C, D]]
succesfully found error in 004_cyclicCompositions_04.kmt

load Ok for 004_cyclicCompositions_05.kmt
succesfully found error in 004_cyclicCompositions_05.kmt

load Ok for 005_superoperations_parammismatch3_inv.kmt
succesfully found error in 005_superoperations_parammismatch3_inv.kmt

load Ok for 006_inheritedproperty2_inv.kmt
succesfully found error in 006_inheritedproperty2_inv.kmt

load Ok for 005_superoperations_parammismatch5_inv.kmt
succesfully found error in 005_superoperations_parammismatch5_inv.kmt

load Ok for 006_inheritedproperty4_inv.kmt
succesfully found error in 006_inheritedproperty4_inv.kmt

load Ok for 003_associations_01.kmt
load Ok for 003_associations_02.kmt
succesfully found error in 003_associations_02.kmt

load Ok for 003_associations_03.kmt
succesfully found error in 003_associations_03.kmt

load Ok for 003_associations_04.kmt
succesfully found error in 003_associations_04.kmt

load Ok for 003_associations_05.kmt
succesfully found error in 003_associations_05.kmt

load Ok for 003_associations_06.kmt
load Ok for 003_associations_07.kmt
load Ok for 005_superoperations_parammismatch2_inv.kmt
load Ok for 006_inheritedproperty1_inv.kmt
succesfully found error in 006_inheritedproperty1_inv.kmt

load Ok for 005_superoperations_parammismatch4_inv.kmt
succesfully found error in 005_superoperations_parammismatch4_inv.kmt

load Ok for 025_weaving_in_kermeta_aspect1.kmt
succesfully found error in 025_weaving_in_kermeta_aspect1.kmt

load Ok for 025_weaving_in_kermeta_aspect2.kmt
succesfully found error in 025_weaving_in_kermeta_aspect2.kmt

load Ok for 025_weaving_in_kermeta_aspect3.kmt
succesfully found error in 025_weaving_in_kermeta_aspect3.kmt

load Ok for 025_weaving_in_kermeta_aspect4.kmt
succesfully found error in 025_weaving_in_kermeta_aspect4.kmt

load Ok for 025_weaving_in_kermeta_aspect5.kmt
succesfully found error in 025_weaving_in_kermeta_aspect5.kmt

load Ok for 025_weaving_in_kermeta_aspect6.kmt
succesfully found error in 025_weaving_in_kermeta_aspect6.kmt

load Ok for 025_weaving_in_kermeta_aspect7.kmt
succesfully found error in 025_weaving_in_kermeta_aspect7.kmt

load Ok for 025_weaving_in_kermeta_aspect8.kmt
succesfully found error in 025_weaving_in_kermeta_aspect8.kmt

load Ok for 006_inheritedproperty3_inv.kmt
succesfully found error in 006_inheritedproperty3_inv.kmt

]]></system-out>
  <system-err><![CDATA[]]></system-err>
</testsuite>
