Testsuite: kermeta_io.typechecker_test.JunitTestSuite
Tests run: 27, Failures: 27, Errors: 0, Time elapsed: 28.208 sec
------------- Standard Output ---------------
ERROR  load, Unexpected load error
java.lang.NoClassDefFoundError: fr/irisa/triskell/kermeta/parser/KermetaParserTokenTypes
	at java.lang.ClassLoader.defineClass0(Native Method)
	at java.lang.ClassLoader.defineClass(ClassLoader.java:539)
	at sun.reflect.GeneratedMethodAccessor4.invoke(Unknown Source)
	at sun.reflect.DelegatingMethodAccessorImpl.invoke(DelegatingMethodAccessorImpl.java:25)
	at java.lang.reflect.Method.invoke(Method.java:324)
	at org.apache.tools.ant.AntClassLoader.getClassFromStream(AntClassLoader.java:1002)
	at org.apache.tools.ant.AntClassLoader.findClassInComponents(AntClassLoader.java:1064)
	at org.apache.tools.ant.AntClassLoader.findClass(AntClassLoader.java:1036)
	at org.apache.tools.ant.AntClassLoader.loadClass(AntClassLoader.java:931)
	at java.lang.ClassLoader.loadClass(ClassLoader.java:235)
	at java.lang.ClassLoader.loadClassInternal(ClassLoader.java:302)
	at fr.irisa.triskell.kermeta.loader.kmt.KMTUnit.parse(KMTUnit.java:69)
	at fr.irisa.triskell.kermeta.loader.kmt.KMTUnit.preLoad(KMTUnit.java:111)
	at fr.irisa.triskell.kermeta.loader.KermetaUnit.loadAllImportedUnits(KermetaUnit.java:1060)
	at fr.irisa.triskell.kermeta.loader.KermetaUnit.load(KermetaUnit.java:1037)
	at kermeta_io.typechecker_test.JunitTestSuite.testvalidFile(JunitTestSuite.java:203)
	at kermeta_io.typechecker_test.JunitTestSuite.testvalid_1_ClassSubTyping_1(JunitTestSuite.java:83)
	at sun.reflect.NativeMethodAccessorImpl.invoke0(Native Method)
	at sun.reflect.NativeMethodAccessorImpl.invoke(NativeMethodAccessorImpl.java:39)
	at sun.reflect.DelegatingMethodAccessorImpl.invoke(DelegatingMethodAccessorImpl.java:25)
	at java.lang.reflect.Method.invoke(Method.java:324)
	at junit.framework.TestCase.runTest(TestCase.java:154)
	at junit.framework.TestCase.runBare(TestCase.java:127)
	at junit.framework.TestResult$1.protect(TestResult.java:106)
	at junit.framework.TestResult.runProtected(TestResult.java:124)
	at junit.framework.TestResult.run(TestResult.java:109)
	at junit.framework.TestCase.run(TestCase.java:118)
	at junit.framework.TestSuite.runTest(TestSuite.java:208)
	at junit.framework.TestSuite.run(TestSuite.java:203)
	at org.apache.tools.ant.taskdefs.optional.junit.JUnitTestRunner.run(JUnitTestRunner.java:325)
	at org.apache.tools.ant.taskdefs.optional.junit.JUnitTask.executeInVM(JUnitTask.java:848)
	at org.apache.tools.ant.taskdefs.optional.junit.JUnitTask.execute(JUnitTask.java:556)
	at org.apache.tools.ant.taskdefs.optional.junit.JUnitTask.execute(JUnitTask.java:532)
	at org.apache.tools.ant.Task.perform(Task.java:341)
	at org.apache.tools.ant.Target.execute(Target.java:309)
	at org.apache.tools.ant.Target.performTasks(Target.java:336)
	at org.apache.tools.ant.Project.executeTarget(Project.java:1339)
	at org.apache.tools.ant.Project.executeTargets(Project.java:1255)
	at org.apache.tools.ant.Main.runBuild(Main.java:609)
	at org.apache.tools.ant.Main.start(Main.java:196)
	at org.apache.tools.ant.Main.main(Main.java:235)
2919 [main] ERROR KermetaUnit  - Unexpected load error
java.lang.NoClassDefFoundError: fr/irisa/triskell/kermeta/parser/KermetaParserTokenTypes
	at java.lang.ClassLoader.defineClass0(Native Method)
	at java.lang.ClassLoader.defineClass(ClassLoader.java:539)
	at sun.reflect.GeneratedMethodAccessor4.invoke(Unknown Source)
	at sun.reflect.DelegatingMethodAccessorImpl.invoke(DelegatingMethodAccessorImpl.java:25)
	at java.lang.reflect.Method.invoke(Method.java:324)
	at org.apache.tools.ant.AntClassLoader.getClassFromStream(AntClassLoader.java:1002)
	at org.apache.tools.ant.AntClassLoader.findClassInComponents(AntClassLoader.java:1064)
	at org.apache.tools.ant.AntClassLoader.findClass(AntClassLoader.java:1036)
	at org.apache.tools.ant.AntClassLoader.loadClass(AntClassLoader.java:931)
	at java.lang.ClassLoader.loadClass(ClassLoader.java:235)
	at java.lang.ClassLoader.loadClassInternal(ClassLoader.java:302)
	at fr.irisa.triskell.kermeta.loader.kmt.KMTUnit.parse(KMTUnit.java:69)
	at fr.irisa.triskell.kermeta.loader.kmt.KMTUnit.preLoad(KMTUnit.java:111)
	at fr.irisa.triskell.kermeta.loader.KermetaUnit.loadAllImportedUnits(KermetaUnit.java:1060)
	at fr.irisa.triskell.kermeta.loader.KermetaUnit.load(KermetaUnit.java:1037)
	at kermeta_io.typechecker_test.JunitTestSuite.testvalidFile(JunitTestSuite.java:203)
	at kermeta_io.typechecker_test.JunitTestSuite.testvalid_1_ClassSubTyping_1(JunitTestSuite.java:83)
	at sun.reflect.NativeMethodAccessorImpl.invoke0(Native Method)
	at sun.reflect.NativeMethodAccessorImpl.invoke(NativeMethodAccessorImpl.java:39)
	at sun.reflect.DelegatingMethodAccessorImpl.invoke(DelegatingMethodAccessorImpl.java:25)
	at java.lang.reflect.Method.invoke(Method.java:324)
	at junit.framework.TestCase.runTest(TestCase.java:154)
	at junit.framework.TestCase.runBare(TestCase.java:127)
	at junit.framework.TestResult$1.protect(TestResult.java:106)
	at junit.framework.TestResult.runProtected(TestResult.java:124)
	at junit.framework.TestResult.run(TestResult.java:109)
	at junit.framework.TestCase.run(TestCase.java:118)
	at junit.framework.TestSuite.runTest(TestSuite.java:208)
	at junit.framework.TestSuite.run(TestSuite.java:203)
	at org.apache.tools.ant.taskdefs.optional.junit.JUnitTestRunner.run(JUnitTestRunner.java:325)
	at org.apache.tools.ant.taskdefs.optional.junit.JUnitTask.executeInVM(JUnitTask.java:848)
	at org.apache.tools.ant.taskdefs.optional.junit.JUnitTask.execute(JUnitTask.java:556)
	at org.apache.tools.ant.taskdefs.optional.junit.JUnitTask.execute(JUnitTask.java:532)
	at org.apache.tools.ant.Task.perform(Task.java:341)
	at org.apache.tools.ant.Target.execute(Target.java:309)
	at org.apache.tools.ant.Target.performTasks(Target.java:336)
	at org.apache.tools.ant.Project.executeTarget(Project.java:1339)
	at org.apache.tools.ant.Project.executeTargets(Project.java:1255)
	at org.apache.tools.ant.Main.runBuild(Main.java:609)
	at org.apache.tools.ant.Main.start(Main.java:196)
	at org.apache.tools.ant.Main.main(Main.java:235)
ERROR  load, Unexpected load error
java.lang.NoClassDefFoundError: fr/irisa/triskell/kermeta/parser/KermetaParserTokenTypes
	at java.lang.ClassLoader.defineClass0(Native Method)
	at java.lang.ClassLoader.defineClass(ClassLoader.java:539)
	at sun.reflect.GeneratedMethodAccessor4.invoke(Unknown Source)
	at sun.reflect.DelegatingMethodAccessorImpl.invoke(DelegatingMethodAccessorImpl.java:25)
	at java.lang.reflect.Method.invoke(Method.java:324)
	at org.apache.tools.ant.AntClassLoader.getClassFromStream(AntClassLoader.java:1002)
	at org.apache.tools.ant.AntClassLoader.findClassInComponents(AntClassLoader.java:1064)
	at org.apache.tools.ant.AntClassLoader.findClass(AntClassLoader.java:1036)
	at org.apache.tools.ant.AntClassLoader.loadClass(AntClassLoader.java:931)
	at java.lang.ClassLoader.loadClass(ClassLoader.java:235)
	at java.lang.ClassLoader.loadClassInternal(ClassLoader.java:302)
	at fr.irisa.triskell.kermeta.loader.kmt.KMTUnit.parse(KMTUnit.java:69)
	at fr.irisa.triskell.kermeta.loader.kmt.KMTUnit.preLoad(KMTUnit.java:111)
	at fr.irisa.triskell.kermeta.loader.KermetaUnit.loadAllImportedUnits(KermetaUnit.java:1060)
	at fr.irisa.triskell.kermeta.loader.KermetaUnit.load(KermetaUnit.java:1037)
	at kermeta_io.typechecker_test.JunitTestSuite.testvalidFile(JunitTestSuite.java:203)
	at kermeta_io.typechecker_test.JunitTestSuite.testvalid_2_ClassSubTypingWithGenerics(JunitTestSuite.java:87)
	at sun.reflect.NativeMethodAccessorImpl.invoke0(Native Method)
	at sun.reflect.NativeMethodAccessorImpl.invoke(NativeMethodAccessorImpl.java:39)
	at sun.reflect.DelegatingMethodAccessorImpl.invoke(DelegatingMethodAccessorImpl.java:25)
	at java.lang.reflect.Method.invoke(Method.java:324)
	at junit.framework.TestCase.runTest(TestCase.java:154)
	at junit.framework.TestCase.runBare(TestCase.java:127)
	at junit.framework.TestResult$1.protect(TestResult.java:106)
	at junit.framework.TestResult.runProtected(TestResult.java:124)
	at junit.framework.TestResult.run(TestResult.java:109)
	at junit.framework.TestCase.run(TestCase.java:118)
	at junit.framework.TestSuite.runTest(TestSuite.java:208)
	at junit.framework.TestSuite.run(TestSuite.java:203)
	at org.apache.tools.ant.taskdefs.optional.junit.JUnitTestRunner.run(JUnitTestRunner.java:325)
	at org.apache.tools.ant.taskdefs.optional.junit.JUnitTask.executeInVM(JUnitTask.java:848)
	at org.apache.tools.ant.taskdefs.optional.junit.JUnitTask.execute(JUnitTask.java:556)
	at org.apache.tools.ant.taskdefs.optional.junit.JUnitTask.execute(JUnitTask.java:532)
	at org.apache.tools.ant.Task.perform(Task.java:341)
	at org.apache.tools.ant.Target.execute(Target.java:309)
	at org.apache.tools.ant.Target.performTasks(Target.java:336)
	at org.apache.tools.ant.Project.executeTarget(Project.java:1339)
	at org.apache.tools.ant.Project.executeTargets(Project.java:1255)
	at org.apache.tools.ant.Main.runBuild(Main.java:609)
	at org.apache.tools.ant.Main.start(Main.java:196)
	at org.apache.tools.ant.Main.main(Main.java:235)
4037 [main] ERROR KermetaUnit  - Unexpected load error
java.lang.NoClassDefFoundError: fr/irisa/triskell/kermeta/parser/KermetaParserTokenTypes
	at java.lang.ClassLoader.defineClass0(Native Method)
	at java.lang.ClassLoader.defineClass(ClassLoader.java:539)
	at sun.reflect.GeneratedMethodAccessor4.invoke(Unknown Source)
	at sun.reflect.DelegatingMethodAccessorImpl.invoke(DelegatingMethodAccessorImpl.java:25)
	at java.lang.reflect.Method.invoke(Method.java:324)
	at org.apache.tools.ant.AntClassLoader.getClassFromStream(AntClassLoader.java:1002)
	at org.apache.tools.ant.AntClassLoader.findClassInComponents(AntClassLoader.java:1064)
	at org.apache.tools.ant.AntClassLoader.findClass(AntClassLoader.java:1036)
	at org.apache.tools.ant.AntClassLoader.loadClass(AntClassLoader.java:931)
	at java.lang.ClassLoader.loadClass(ClassLoader.java:235)
	at java.lang.ClassLoader.loadClassInternal(ClassLoader.java:302)
	at fr.irisa.triskell.kermeta.loader.kmt.KMTUnit.parse(KMTUnit.java:69)
	at fr.irisa.triskell.kermeta.loader.kmt.KMTUnit.preLoad(KMTUnit.java:111)
	at fr.irisa.triskell.kermeta.loader.KermetaUnit.loadAllImportedUnits(KermetaUnit.java:1060)
	at fr.irisa.triskell.kermeta.loader.KermetaUnit.load(KermetaUnit.java:1037)
	at kermeta_io.typechecker_test.JunitTestSuite.testvalidFile(JunitTestSuite.java:203)
	at kermeta_io.typechecker_test.JunitTestSuite.testvalid_2_ClassSubTypingWithGenerics(JunitTestSuite.java:87)
	at sun.reflect.NativeMethodAccessorImpl.invoke0(Native Method)
	at sun.reflect.NativeMethodAccessorImpl.invoke(NativeMethodAccessorImpl.java:39)
	at sun.reflect.DelegatingMethodAccessorImpl.invoke(DelegatingMethodAccessorImpl.java:25)
	at java.lang.reflect.Method.invoke(Method.java:324)
	at junit.framework.TestCase.runTest(TestCase.java:154)
	at junit.framework.TestCase.runBare(TestCase.java:127)
	at junit.framework.TestResult$1.protect(TestResult.java:106)
	at junit.framework.TestResult.runProtected(TestResult.java:124)
	at junit.framework.TestResult.run(TestResult.java:109)
	at junit.framework.TestCase.run(TestCase.java:118)
	at junit.framework.TestSuite.runTest(TestSuite.java:208)
	at junit.framework.TestSuite.run(TestSuite.java:203)
	at org.apache.tools.ant.taskdefs.optional.junit.JUnitTestRunner.run(JUnitTestRunner.java:325)
	at org.apache.tools.ant.taskdefs.optional.junit.JUnitTask.executeInVM(JUnitTask.java:848)
	at org.apache.tools.ant.taskdefs.optional.junit.JUnitTask.execute(JUnitTask.java:556)
	at org.apache.tools.ant.taskdefs.optional.junit.JUnitTask.execute(JUnitTask.java:532)
	at org.apache.tools.ant.Task.perform(Task.java:341)
	at org.apache.tools.ant.Target.execute(Target.java:309)
	at org.apache.tools.ant.Target.performTasks(Target.java:336)
	at org.apache.tools.ant.Project.executeTarget(Project.java:1339)
	at org.apache.tools.ant.Project.executeTargets(Project.java:1255)
	at org.apache.tools.ant.Main.runBuild(Main.java:609)
	at org.apache.tools.ant.Main.start(Main.java:196)
	at org.apache.tools.ant.Main.main(Main.java:235)
ERROR  load, Unexpected load error
java.lang.NoClassDefFoundError: fr/irisa/triskell/kermeta/parser/KermetaParserTokenTypes
	at java.lang.ClassLoader.defineClass0(Native Method)
	at java.lang.ClassLoader.defineClass(ClassLoader.java:539)
	at sun.reflect.GeneratedMethodAccessor4.invoke(Unknown Source)
	at sun.reflect.DelegatingMethodAccessorImpl.invoke(DelegatingMethodAccessorImpl.java:25)
	at java.lang.reflect.Method.invoke(Method.java:324)
	at org.apache.tools.ant.AntClassLoader.getClassFromStream(AntClassLoader.java:1002)
	at org.apache.tools.ant.AntClassLoader.findClassInComponents(AntClassLoader.java:1064)
	at org.apache.tools.ant.AntClassLoader.findClass(AntClassLoader.java:1036)
	at org.apache.tools.ant.AntClassLoader.loadClass(AntClassLoader.java:931)
	at java.lang.ClassLoader.loadClass(ClassLoader.java:235)
	at java.lang.ClassLoader.loadClassInternal(ClassLoader.java:302)
	at fr.irisa.triskell.kermeta.loader.kmt.KMTUnit.parse(KMTUnit.java:69)
	at fr.irisa.triskell.kermeta.loader.kmt.KMTUnit.preLoad(KMTUnit.java:111)
	at fr.irisa.triskell.kermeta.loader.KermetaUnit.loadAllImportedUnits(KermetaUnit.java:1060)
	at fr.irisa.triskell.kermeta.loader.KermetaUnit.load(KermetaUnit.java:1037)
	at kermeta_io.typechecker_test.JunitTestSuite.testvalidFile(JunitTestSuite.java:203)
	at kermeta_io.typechecker_test.JunitTestSuite.testvalid_AliasAndFunctions(JunitTestSuite.java:91)
	at sun.reflect.NativeMethodAccessorImpl.invoke0(Native Method)
	at sun.reflect.NativeMethodAccessorImpl.invoke(NativeMethodAccessorImpl.java:39)
	at sun.reflect.DelegatingMethodAccessorImpl.invoke(DelegatingMethodAccessorImpl.java:25)
	at java.lang.reflect.Method.invoke(Method.java:324)
	at junit.framework.TestCase.runTest(TestCase.java:154)
	at junit.framework.TestCase.runBare(TestCase.java:127)
	at junit.framework.TestResult$1.protect(TestResult.java:106)
	at junit.framework.TestResult.runProtected(TestResult.java:124)
	at junit.framework.TestResult.run(TestResult.java:109)
	at junit.framework.TestCase.run(TestCase.java:118)
	at junit.framework.TestSuite.runTest(TestSuite.java:208)
	at junit.framework.TestSuite.run(TestSuite.java:203)
	at org.apache.tools.ant.taskdefs.optional.junit.JUnitTestRunner.run(JUnitTestRunner.java:325)
	at org.apache.tools.ant.taskdefs.optional.junit.JUnitTask.executeInVM(JUnitTask.java:848)
	at org.apache.tools.ant.taskdefs.optional.junit.JUnitTask.execute(JUnitTask.java:556)
	at org.apache.tools.ant.taskdefs.optional.junit.JUnitTask.execute(JUnitTask.java:532)
	at org.apache.tools.ant.Task.perform(Task.java:341)
	at org.apache.tools.ant.Target.execute(Target.java:309)
	at org.apache.tools.ant.Target.performTasks(Target.java:336)
	at org.apache.tools.ant.Project.executeTarget(Project.java:1339)
	at org.apache.tools.ant.Project.executeTargets(Project.java:1255)
	at org.apache.tools.ant.Main.runBuild(Main.java:609)
	at org.apache.tools.ant.Main.start(Main.java:196)
	at org.apache.tools.ant.Main.main(Main.java:235)
5042 [main] ERROR KermetaUnit  - Unexpected load error
java.lang.NoClassDefFoundError: fr/irisa/triskell/kermeta/parser/KermetaParserTokenTypes
	at java.lang.ClassLoader.defineClass0(Native Method)
	at java.lang.ClassLoader.defineClass(ClassLoader.java:539)
	at sun.reflect.GeneratedMethodAccessor4.invoke(Unknown Source)
	at sun.reflect.DelegatingMethodAccessorImpl.invoke(DelegatingMethodAccessorImpl.java:25)
	at java.lang.reflect.Method.invoke(Method.java:324)
	at org.apache.tools.ant.AntClassLoader.getClassFromStream(AntClassLoader.java:1002)
	at org.apache.tools.ant.AntClassLoader.findClassInComponents(AntClassLoader.java:1064)
	at org.apache.tools.ant.AntClassLoader.findClass(AntClassLoader.java:1036)
	at org.apache.tools.ant.AntClassLoader.loadClass(AntClassLoader.java:931)
	at java.lang.ClassLoader.loadClass(ClassLoader.java:235)
	at java.lang.ClassLoader.loadClassInternal(ClassLoader.java:302)
	at fr.irisa.triskell.kermeta.loader.kmt.KMTUnit.parse(KMTUnit.java:69)
	at fr.irisa.triskell.kermeta.loader.kmt.KMTUnit.preLoad(KMTUnit.java:111)
	at fr.irisa.triskell.kermeta.loader.KermetaUnit.loadAllImportedUnits(KermetaUnit.java:1060)
	at fr.irisa.triskell.kermeta.loader.KermetaUnit.load(KermetaUnit.java:1037)
	at kermeta_io.typechecker_test.JunitTestSuite.testvalidFile(JunitTestSuite.java:203)
	at kermeta_io.typechecker_test.JunitTestSuite.testvalid_AliasAndFunctions(JunitTestSuite.java:91)
	at sun.reflect.NativeMethodAccessorImpl.invoke0(Native Method)
	at sun.reflect.NativeMethodAccessorImpl.invoke(NativeMethodAccessorImpl.java:39)
	at sun.reflect.DelegatingMethodAccessorImpl.invoke(DelegatingMethodAccessorImpl.java:25)
	at java.lang.reflect.Method.invoke(Method.java:324)
	at junit.framework.TestCase.runTest(TestCase.java:154)
	at junit.framework.TestCase.runBare(TestCase.java:127)
	at junit.framework.TestResult$1.protect(TestResult.java:106)
	at junit.framework.TestResult.runProtected(TestResult.java:124)
	at junit.framework.TestResult.run(TestResult.java:109)
	at junit.framework.TestCase.run(TestCase.java:118)
	at junit.framework.TestSuite.runTest(TestSuite.java:208)
	at junit.framework.TestSuite.run(TestSuite.java:203)
	at org.apache.tools.ant.taskdefs.optional.junit.JUnitTestRunner.run(JUnitTestRunner.java:325)
	at org.apache.tools.ant.taskdefs.optional.junit.JUnitTask.executeInVM(JUnitTask.java:848)
	at org.apache.tools.ant.taskdefs.optional.junit.JUnitTask.execute(JUnitTask.java:556)
	at org.apache.tools.ant.taskdefs.optional.junit.JUnitTask.execute(JUnitTask.java:532)
	at org.apache.tools.ant.Task.perform(Task.java:341)
	at org.apache.tools.ant.Target.execute(Target.java:309)
	at org.apache.tools.ant.Target.performTasks(Target.java:336)
	at org.apache.tools.ant.Project.executeTarget(Project.java:1339)
	at org.apache.tools.ant.Project.executeTargets(Project.java:1255)
	at org.apache.tools.ant.Main.runBuild(Main.java:609)
	at org.apache.tools.ant.Main.start(Main.java:196)
	at org.apache.tools.ant.Main.main(Main.java:235)
ERROR  load, Unexpected load error
java.lang.NoClassDefFoundError: fr/irisa/triskell/kermeta/parser/KermetaParserTokenTypes
	at java.lang.ClassLoader.defineClass0(Native Method)
	at java.lang.ClassLoader.defineClass(ClassLoader.java:539)
	at sun.reflect.GeneratedMethodAccessor4.invoke(Unknown Source)
	at sun.reflect.DelegatingMethodAccessorImpl.invoke(DelegatingMethodAccessorImpl.java:25)
	at java.lang.reflect.Method.invoke(Method.java:324)
	at org.apache.tools.ant.AntClassLoader.getClassFromStream(AntClassLoader.java:1002)
	at org.apache.tools.ant.AntClassLoader.findClassInComponents(AntClassLoader.java:1064)
	at org.apache.tools.ant.AntClassLoader.findClass(AntClassLoader.java:1036)
	at org.apache.tools.ant.AntClassLoader.loadClass(AntClassLoader.java:931)
	at java.lang.ClassLoader.loadClass(ClassLoader.java:235)
	at java.lang.ClassLoader.loadClassInternal(ClassLoader.java:302)
	at fr.irisa.triskell.kermeta.loader.kmt.KMTUnit.parse(KMTUnit.java:69)
	at fr.irisa.triskell.kermeta.loader.kmt.KMTUnit.preLoad(KMTUnit.java:111)
	at fr.irisa.triskell.kermeta.loader.KermetaUnit.loadAllImportedUnits(KermetaUnit.java:1060)
	at fr.irisa.triskell.kermeta.loader.KermetaUnit.load(KermetaUnit.java:1037)
	at kermeta_io.typechecker_test.JunitTestSuite.testvalidFile(JunitTestSuite.java:203)
	at kermeta_io.typechecker_test.JunitTestSuite.testvalid_ClassSubTypingWithGenericOperations(JunitTestSuite.java:95)
	at sun.reflect.NativeMethodAccessorImpl.invoke0(Native Method)
	at sun.reflect.NativeMethodAccessorImpl.invoke(NativeMethodAccessorImpl.java:39)
	at sun.reflect.DelegatingMethodAccessorImpl.invoke(DelegatingMethodAccessorImpl.java:25)
	at java.lang.reflect.Method.invoke(Method.java:324)
	at junit.framework.TestCase.runTest(TestCase.java:154)
	at junit.framework.TestCase.runBare(TestCase.java:127)
	at junit.framework.TestResult$1.protect(TestResult.java:106)
	at junit.framework.TestResult.runProtected(TestResult.java:124)
	at junit.framework.TestResult.run(TestResult.java:109)
	at junit.framework.TestCase.run(TestCase.java:118)
	at junit.framework.TestSuite.runTest(TestSuite.java:208)
	at junit.framework.TestSuite.run(TestSuite.java:203)
	at org.apache.tools.ant.taskdefs.optional.junit.JUnitTestRunner.run(JUnitTestRunner.java:325)
	at org.apache.tools.ant.taskdefs.optional.junit.JUnitTask.executeInVM(JUnitTask.java:848)
	at org.apache.tools.ant.taskdefs.optional.junit.JUnitTask.execute(JUnitTask.java:556)
	at org.apache.tools.ant.taskdefs.optional.junit.JUnitTask.execute(JUnitTask.java:532)
	at org.apache.tools.ant.Task.perform(Task.java:341)
	at org.apache.tools.ant.Target.execute(Target.java:309)
	at org.apache.tools.ant.Target.performTasks(Target.java:336)
	at org.apache.tools.ant.Project.executeTarget(Project.java:1339)
	at org.apache.tools.ant.Project.executeTargets(Project.java:1255)
	at org.apache.tools.ant.Main.runBuild(Main.java:609)
	at org.apache.tools.ant.Main.start(Main.java:196)
	at org.apache.tools.ant.Main.main(Main.java:235)
6018 [main] ERROR KermetaUnit  - Unexpected load error
java.lang.NoClassDefFoundError: fr/irisa/triskell/kermeta/parser/KermetaParserTokenTypes
	at java.lang.ClassLoader.defineClass0(Native Method)
	at java.lang.ClassLoader.defineClass(ClassLoader.java:539)
	at sun.reflect.GeneratedMethodAccessor4.invoke(Unknown Source)
	at sun.reflect.DelegatingMethodAccessorImpl.invoke(DelegatingMethodAccessorImpl.java:25)
	at java.lang.reflect.Method.invoke(Method.java:324)
	at org.apache.tools.ant.AntClassLoader.getClassFromStream(AntClassLoader.java:1002)
	at org.apache.tools.ant.AntClassLoader.findClassInComponents(AntClassLoader.java:1064)
	at org.apache.tools.ant.AntClassLoader.findClass(AntClassLoader.java:1036)
	at org.apache.tools.ant.AntClassLoader.loadClass(AntClassLoader.java:931)
	at java.lang.ClassLoader.loadClass(ClassLoader.java:235)
	at java.lang.ClassLoader.loadClassInternal(ClassLoader.java:302)
	at fr.irisa.triskell.kermeta.loader.kmt.KMTUnit.parse(KMTUnit.java:69)
	at fr.irisa.triskell.kermeta.loader.kmt.KMTUnit.preLoad(KMTUnit.java:111)
	at fr.irisa.triskell.kermeta.loader.KermetaUnit.loadAllImportedUnits(KermetaUnit.java:1060)
	at fr.irisa.triskell.kermeta.loader.KermetaUnit.load(KermetaUnit.java:1037)
	at kermeta_io.typechecker_test.JunitTestSuite.testvalidFile(JunitTestSuite.java:203)
	at kermeta_io.typechecker_test.JunitTestSuite.testvalid_ClassSubTypingWithGenericOperations(JunitTestSuite.java:95)
	at sun.reflect.NativeMethodAccessorImpl.invoke0(Native Method)
	at sun.reflect.NativeMethodAccessorImpl.invoke(NativeMethodAccessorImpl.java:39)
	at sun.reflect.DelegatingMethodAccessorImpl.invoke(DelegatingMethodAccessorImpl.java:25)
	at java.lang.reflect.Method.invoke(Method.java:324)
	at junit.framework.TestCase.runTest(TestCase.java:154)
	at junit.framework.TestCase.runBare(TestCase.java:127)
	at junit.framework.TestResult$1.protect(TestResult.java:106)
	at junit.framework.TestResult.runProtected(TestResult.java:124)
	at junit.framework.TestResult.run(TestResult.java:109)
	at junit.framework.TestCase.run(TestCase.java:118)
	at junit.framework.TestSuite.runTest(TestSuite.java:208)
	at junit.framework.TestSuite.run(TestSuite.java:203)
	at org.apache.tools.ant.taskdefs.optional.junit.JUnitTestRunner.run(JUnitTestRunner.java:325)
	at org.apache.tools.ant.taskdefs.optional.junit.JUnitTask.executeInVM(JUnitTask.java:848)
	at org.apache.tools.ant.taskdefs.optional.junit.JUnitTask.execute(JUnitTask.java:556)
	at org.apache.tools.ant.taskdefs.optional.junit.JUnitTask.execute(JUnitTask.java:532)
	at org.apache.tools.ant.Task.perform(Task.java:341)
	at org.apache.tools.ant.Target.execute(Target.java:309)
	at org.apache.tools.ant.Target.performTasks(Target.java:336)
	at org.apache.tools.ant.Project.executeTarget(Project.java:1339)
	at org.apache.tools.ant.Project.executeTargets(Project.java:1255)
	at org.apache.tools.ant.Main.runBuild(Main.java:609)
	at org.apache.tools.ant.Main.start(Main.java:196)
	at org.apache.tools.ant.Main.main(Main.java:235)
ERROR  load, Unexpected load error
java.lang.NoClassDefFoundError: fr/irisa/triskell/kermeta/parser/KermetaParserTokenTypes
	at java.lang.ClassLoader.defineClass0(Native Method)
	at java.lang.ClassLoader.defineClass(ClassLoader.java:539)
	at sun.reflect.GeneratedMethodAccessor4.invoke(Unknown Source)
	at sun.reflect.DelegatingMethodAccessorImpl.invoke(DelegatingMethodAccessorImpl.java:25)
	at java.lang.reflect.Method.invoke(Method.java:324)
	at org.apache.tools.ant.AntClassLoader.getClassFromStream(AntClassLoader.java:1002)
	at org.apache.tools.ant.AntClassLoader.findClassInComponents(AntClassLoader.java:1064)
	at org.apache.tools.ant.AntClassLoader.findClass(AntClassLoader.java:1036)
	at org.apache.tools.ant.AntClassLoader.loadClass(AntClassLoader.java:931)
	at java.lang.ClassLoader.loadClass(ClassLoader.java:235)
	at java.lang.ClassLoader.loadClassInternal(ClassLoader.java:302)
	at fr.irisa.triskell.kermeta.loader.kmt.KMTUnit.parse(KMTUnit.java:69)
	at fr.irisa.triskell.kermeta.loader.kmt.KMTUnit.preLoad(KMTUnit.java:111)
	at fr.irisa.triskell.kermeta.loader.KermetaUnit.loadAllImportedUnits(KermetaUnit.java:1060)
	at fr.irisa.triskell.kermeta.loader.KermetaUnit.load(KermetaUnit.java:1037)
	at kermeta_io.typechecker_test.JunitTestSuite.testvalidFile(JunitTestSuite.java:203)
	at kermeta_io.typechecker_test.JunitTestSuite.testvalid_Class_new(JunitTestSuite.java:99)
	at sun.reflect.NativeMethodAccessorImpl.invoke0(Native Method)
	at sun.reflect.NativeMethodAccessorImpl.invoke(NativeMethodAccessorImpl.java:39)
	at sun.reflect.DelegatingMethodAccessorImpl.invoke(DelegatingMethodAccessorImpl.java:25)
	at java.lang.reflect.Method.invoke(Method.java:324)
	at junit.framework.TestCase.runTest(TestCase.java:154)
	at junit.framework.TestCase.runBare(TestCase.java:127)
	at junit.framework.TestResult$1.protect(TestResult.java:106)
	at junit.framework.TestResult.runProtected(TestResult.java:124)
	at junit.framework.TestResult.run(TestResult.java:109)
	at junit.framework.TestCase.run(TestCase.java:118)
	at junit.framework.TestSuite.runTest(TestSuite.java:208)
	at junit.framework.TestSuite.run(TestSuite.java:203)
	at org.apache.tools.ant.taskdefs.optional.junit.JUnitTestRunner.run(JUnitTestRunner.java:325)
	at org.apache.tools.ant.taskdefs.optional.junit.JUnitTask.executeInVM(JUnitTask.java:848)
	at org.apache.tools.ant.taskdefs.optional.junit.JUnitTask.execute(JUnitTask.java:556)
	at org.apache.tools.ant.taskdefs.optional.junit.JUnitTask.execute(JUnitTask.java:532)
	at org.apache.tools.ant.Task.perform(Task.java:341)
	at org.apache.tools.ant.Target.execute(Target.java:309)
	at org.apache.tools.ant.Target.performTasks(Target.java:336)
	at org.apache.tools.ant.Project.executeTarget(Project.java:1339)
	at org.apache.tools.ant.Project.executeTargets(Project.java:1255)
	at org.apache.tools.ant.Main.runBuild(Main.java:609)
	at org.apache.tools.ant.Main.start(Main.java:196)
	at org.apache.tools.ant.Main.main(Main.java:235)
6983 [main] ERROR KermetaUnit  - Unexpected load error
java.lang.NoClassDefFoundError: fr/irisa/triskell/kermeta/parser/KermetaParserTokenTypes
	at java.lang.ClassLoader.defineClass0(Native Method)
	at java.lang.ClassLoader.defineClass(ClassLoader.java:539)
	at sun.reflect.GeneratedMethodAccessor4.invoke(Unknown Source)
	at sun.reflect.DelegatingMethodAccessorImpl.invoke(DelegatingMethodAccessorImpl.java:25)
	at java.lang.reflect.Method.invoke(Method.java:324)
	at org.apache.tools.ant.AntClassLoader.getClassFromStream(AntClassLoader.java:1002)
	at org.apache.tools.ant.AntClassLoader.findClassInComponents(AntClassLoader.java:1064)
	at org.apache.tools.ant.AntClassLoader.findClass(AntClassLoader.java:1036)
	at org.apache.tools.ant.AntClassLoader.loadClass(AntClassLoader.java:931)
	at java.lang.ClassLoader.loadClass(ClassLoader.java:235)
	at java.lang.ClassLoader.loadClassInternal(ClassLoader.java:302)
	at fr.irisa.triskell.kermeta.loader.kmt.KMTUnit.parse(KMTUnit.java:69)
	at fr.irisa.triskell.kermeta.loader.kmt.KMTUnit.preLoad(KMTUnit.java:111)
	at fr.irisa.triskell.kermeta.loader.KermetaUnit.loadAllImportedUnits(KermetaUnit.java:1060)
	at fr.irisa.triskell.kermeta.loader.KermetaUnit.load(KermetaUnit.java:1037)
	at kermeta_io.typechecker_test.JunitTestSuite.testvalidFile(JunitTestSuite.java:203)
	at kermeta_io.typechecker_test.JunitTestSuite.testvalid_Class_new(JunitTestSuite.java:99)
	at sun.reflect.NativeMethodAccessorImpl.invoke0(Native Method)
	at sun.reflect.NativeMethodAccessorImpl.invoke(NativeMethodAccessorImpl.java:39)
	at sun.reflect.DelegatingMethodAccessorImpl.invoke(DelegatingMethodAccessorImpl.java:25)
	at java.lang.reflect.Method.invoke(Method.java:324)
	at junit.framework.TestCase.runTest(TestCase.java:154)
	at junit.framework.TestCase.runBare(TestCase.java:127)
	at junit.framework.TestResult$1.protect(TestResult.java:106)
	at junit.framework.TestResult.runProtected(TestResult.java:124)
	at junit.framework.TestResult.run(TestResult.java:109)
	at junit.framework.TestCase.run(TestCase.java:118)
	at junit.framework.TestSuite.runTest(TestSuite.java:208)
	at junit.framework.TestSuite.run(TestSuite.java:203)
	at org.apache.tools.ant.taskdefs.optional.junit.JUnitTestRunner.run(JUnitTestRunner.java:325)
	at org.apache.tools.ant.taskdefs.optional.junit.JUnitTask.executeInVM(JUnitTask.java:848)
	at org.apache.tools.ant.taskdefs.optional.junit.JUnitTask.execute(JUnitTask.java:556)
	at org.apache.tools.ant.taskdefs.optional.junit.JUnitTask.execute(JUnitTask.java:532)
	at org.apache.tools.ant.Task.perform(Task.java:341)
	at org.apache.tools.ant.Target.execute(Target.java:309)
	at org.apache.tools.ant.Target.performTasks(Target.java:336)
	at org.apache.tools.ant.Project.executeTarget(Project.java:1339)
	at org.apache.tools.ant.Project.executeTargets(Project.java:1255)
	at org.apache.tools.ant.Main.runBuild(Main.java:609)
	at org.apache.tools.ant.Main.start(Main.java:196)
	at org.apache.tools.ant.Main.main(Main.java:235)
ERROR  load, Unexpected load error
java.lang.NoClassDefFoundError: fr/irisa/triskell/kermeta/parser/KermetaParserTokenTypes
	at java.lang.ClassLoader.defineClass0(Native Method)
	at java.lang.ClassLoader.defineClass(ClassLoader.java:539)
	at sun.reflect.GeneratedMethodAccessor4.invoke(Unknown Source)
	at sun.reflect.DelegatingMethodAccessorImpl.invoke(DelegatingMethodAccessorImpl.java:25)
	at java.lang.reflect.Method.invoke(Method.java:324)
	at org.apache.tools.ant.AntClassLoader.getClassFromStream(AntClassLoader.java:1002)
	at org.apache.tools.ant.AntClassLoader.findClassInComponents(AntClassLoader.java:1064)
	at org.apache.tools.ant.AntClassLoader.findClass(AntClassLoader.java:1036)
	at org.apache.tools.ant.AntClassLoader.loadClass(AntClassLoader.java:931)
	at java.lang.ClassLoader.loadClass(ClassLoader.java:235)
	at java.lang.ClassLoader.loadClassInternal(ClassLoader.java:302)
	at fr.irisa.triskell.kermeta.loader.kmt.KMTUnit.parse(KMTUnit.java:69)
	at fr.irisa.triskell.kermeta.loader.kmt.KMTUnit.preLoad(KMTUnit.java:111)
	at fr.irisa.triskell.kermeta.loader.KermetaUnit.loadAllImportedUnits(KermetaUnit.java:1060)
	at fr.irisa.triskell.kermeta.loader.KermetaUnit.load(KermetaUnit.java:1037)
	at kermeta_io.typechecker_test.JunitTestSuite.testvalidFile(JunitTestSuite.java:203)
	at kermeta_io.typechecker_test.JunitTestSuite.testvalid_Enum(JunitTestSuite.java:103)
	at sun.reflect.NativeMethodAccessorImpl.invoke0(Native Method)
	at sun.reflect.NativeMethodAccessorImpl.invoke(NativeMethodAccessorImpl.java:39)
	at sun.reflect.DelegatingMethodAccessorImpl.invoke(DelegatingMethodAccessorImpl.java:25)
	at java.lang.reflect.Method.invoke(Method.java:324)
	at junit.framework.TestCase.runTest(TestCase.java:154)
	at junit.framework.TestCase.runBare(TestCase.java:127)
	at junit.framework.TestResult$1.protect(TestResult.java:106)
	at junit.framework.TestResult.runProtected(TestResult.java:124)
	at junit.framework.TestResult.run(TestResult.java:109)
	at junit.framework.TestCase.run(TestCase.java:118)
	at junit.framework.TestSuite.runTest(TestSuite.java:208)
	at junit.framework.TestSuite.run(TestSuite.java:203)
	at org.apache.tools.ant.taskdefs.optional.junit.JUnitTestRunner.run(JUnitTestRunner.java:325)
	at org.apache.tools.ant.taskdefs.optional.junit.JUnitTask.executeInVM(JUnitTask.java:848)
	at org.apache.tools.ant.taskdefs.optional.junit.JUnitTask.execute(JUnitTask.java:556)
	at org.apache.tools.ant.taskdefs.optional.junit.JUnitTask.execute(JUnitTask.java:532)
	at org.apache.tools.ant.Task.perform(Task.java:341)
	at org.apache.tools.ant.Target.execute(Target.java:309)
	at org.apache.tools.ant.Target.performTasks(Target.java:336)
	at org.apache.tools.ant.Project.executeTarget(Project.java:1339)
	at org.apache.tools.ant.Project.executeTargets(Project.java:1255)
	at org.apache.tools.ant.Main.runBuild(Main.java:609)
	at org.apache.tools.ant.Main.start(Main.java:196)
	at org.apache.tools.ant.Main.main(Main.java:235)
7952 [main] ERROR KermetaUnit  - Unexpected load error
java.lang.NoClassDefFoundError: fr/irisa/triskell/kermeta/parser/KermetaParserTokenTypes
	at java.lang.ClassLoader.defineClass0(Native Method)
	at java.lang.ClassLoader.defineClass(ClassLoader.java:539)
	at sun.reflect.GeneratedMethodAccessor4.invoke(Unknown Source)
	at sun.reflect.DelegatingMethodAccessorImpl.invoke(DelegatingMethodAccessorImpl.java:25)
	at java.lang.reflect.Method.invoke(Method.java:324)
	at org.apache.tools.ant.AntClassLoader.getClassFromStream(AntClassLoader.java:1002)
	at org.apache.tools.ant.AntClassLoader.findClassInComponents(AntClassLoader.java:1064)
	at org.apache.tools.ant.AntClassLoader.findClass(AntClassLoader.java:1036)
	at org.apache.tools.ant.AntClassLoader.loadClass(AntClassLoader.java:931)
	at java.lang.ClassLoader.loadClass(ClassLoader.java:235)
	at java.lang.ClassLoader.loadClassInternal(ClassLoader.java:302)
	at fr.irisa.triskell.kermeta.loader.kmt.KMTUnit.parse(KMTUnit.java:69)
	at fr.irisa.triskell.kermeta.loader.kmt.KMTUnit.preLoad(KMTUnit.java:111)
	at fr.irisa.triskell.kermeta.loader.KermetaUnit.loadAllImportedUnits(KermetaUnit.java:1060)
	at fr.irisa.triskell.kermeta.loader.KermetaUnit.load(KermetaUnit.java:1037)
	at kermeta_io.typechecker_test.JunitTestSuite.testvalidFile(JunitTestSuite.java:203)
	at kermeta_io.typechecker_test.JunitTestSuite.testvalid_Enum(JunitTestSuite.java:103)
	at sun.reflect.NativeMethodAccessorImpl.invoke0(Native Method)
	at sun.reflect.NativeMethodAccessorImpl.invoke(NativeMethodAccessorImpl.java:39)
	at sun.reflect.DelegatingMethodAccessorImpl.invoke(DelegatingMethodAccessorImpl.java:25)
	at java.lang.reflect.Method.invoke(Method.java:324)
	at junit.framework.TestCase.runTest(TestCase.java:154)
	at junit.framework.TestCase.runBare(TestCase.java:127)
	at junit.framework.TestResult$1.protect(TestResult.java:106)
	at junit.framework.TestResult.runProtected(TestResult.java:124)
	at junit.framework.TestResult.run(TestResult.java:109)
	at junit.framework.TestCase.run(TestCase.java:118)
	at junit.framework.TestSuite.runTest(TestSuite.java:208)
	at junit.framework.TestSuite.run(TestSuite.java:203)
	at org.apache.tools.ant.taskdefs.optional.junit.JUnitTestRunner.run(JUnitTestRunner.java:325)
	at org.apache.tools.ant.taskdefs.optional.junit.JUnitTask.executeInVM(JUnitTask.java:848)
	at org.apache.tools.ant.taskdefs.optional.junit.JUnitTask.execute(JUnitTask.java:556)
	at org.apache.tools.ant.taskdefs.optional.junit.JUnitTask.execute(JUnitTask.java:532)
	at org.apache.tools.ant.Task.perform(Task.java:341)
	at org.apache.tools.ant.Target.execute(Target.java:309)
	at org.apache.tools.ant.Target.performTasks(Target.java:336)
	at org.apache.tools.ant.Project.executeTarget(Project.java:1339)
	at org.apache.tools.ant.Project.executeTargets(Project.java:1255)
	at org.apache.tools.ant.Main.runBuild(Main.java:609)
	at org.apache.tools.ant.Main.start(Main.java:196)
	at org.apache.tools.ant.Main.main(Main.java:235)
ERROR  load, Unexpected load error
java.lang.NoClassDefFoundError: fr/irisa/triskell/kermeta/parser/KermetaParserTokenTypes
	at java.lang.ClassLoader.defineClass0(Native Method)
	at java.lang.ClassLoader.defineClass(ClassLoader.java:539)
	at sun.reflect.GeneratedMethodAccessor4.invoke(Unknown Source)
	at sun.reflect.DelegatingMethodAccessorImpl.invoke(DelegatingMethodAccessorImpl.java:25)
	at java.lang.reflect.Method.invoke(Method.java:324)
	at org.apache.tools.ant.AntClassLoader.getClassFromStream(AntClassLoader.java:1002)
	at org.apache.tools.ant.AntClassLoader.findClassInComponents(AntClassLoader.java:1064)
	at org.apache.tools.ant.AntClassLoader.findClass(AntClassLoader.java:1036)
	at org.apache.tools.ant.AntClassLoader.loadClass(AntClassLoader.java:931)
	at java.lang.ClassLoader.loadClass(ClassLoader.java:235)
	at java.lang.ClassLoader.loadClassInternal(ClassLoader.java:302)
	at fr.irisa.triskell.kermeta.loader.kmt.KMTUnit.parse(KMTUnit.java:69)
	at fr.irisa.triskell.kermeta.loader.kmt.KMTUnit.preLoad(KMTUnit.java:111)
	at fr.irisa.triskell.kermeta.loader.KermetaUnit.loadAllImportedUnits(KermetaUnit.java:1060)
	at fr.irisa.triskell.kermeta.loader.KermetaUnit.load(KermetaUnit.java:1037)
	at kermeta_io.typechecker_test.JunitTestSuite.testvalidFile(JunitTestSuite.java:203)
	at kermeta_io.typechecker_test.JunitTestSuite.testvalid_GenericOperationCall(JunitTestSuite.java:107)
	at sun.reflect.NativeMethodAccessorImpl.invoke0(Native Method)
	at sun.reflect.NativeMethodAccessorImpl.invoke(NativeMethodAccessorImpl.java:39)
	at sun.reflect.DelegatingMethodAccessorImpl.invoke(DelegatingMethodAccessorImpl.java:25)
	at java.lang.reflect.Method.invoke(Method.java:324)
	at junit.framework.TestCase.runTest(TestCase.java:154)
	at junit.framework.TestCase.runBare(TestCase.java:127)
	at junit.framework.TestResult$1.protect(TestResult.java:106)
	at junit.framework.TestResult.runProtected(TestResult.java:124)
	at junit.framework.TestResult.run(TestResult.java:109)
	at junit.framework.TestCase.run(TestCase.java:118)
	at junit.framework.TestSuite.runTest(TestSuite.java:208)
	at junit.framework.TestSuite.run(TestSuite.java:203)
	at org.apache.tools.ant.taskdefs.optional.junit.JUnitTestRunner.run(JUnitTestRunner.java:325)
	at org.apache.tools.ant.taskdefs.optional.junit.JUnitTask.executeInVM(JUnitTask.java:848)
	at org.apache.tools.ant.taskdefs.optional.junit.JUnitTask.execute(JUnitTask.java:556)
	at org.apache.tools.ant.taskdefs.optional.junit.JUnitTask.execute(JUnitTask.java:532)
	at org.apache.tools.ant.Task.perform(Task.java:341)
	at org.apache.tools.ant.Target.execute(Target.java:309)
	at org.apache.tools.ant.Target.performTasks(Target.java:336)
	at org.apache.tools.ant.Project.executeTarget(Project.java:1339)
	at org.apache.tools.ant.Project.executeTargets(Project.java:1255)
	at org.apache.tools.ant.Main.runBuild(Main.java:609)
	at org.apache.tools.ant.Main.start(Main.java:196)
	at org.apache.tools.ant.Main.main(Main.java:235)
8916 [main] ERROR KermetaUnit  - Unexpected load error
java.lang.NoClassDefFoundError: fr/irisa/triskell/kermeta/parser/KermetaParserTokenTypes
	at java.lang.ClassLoader.defineClass0(Native Method)
	at java.lang.ClassLoader.defineClass(ClassLoader.java:539)
	at sun.reflect.GeneratedMethodAccessor4.invoke(Unknown Source)
	at sun.reflect.DelegatingMethodAccessorImpl.invoke(DelegatingMethodAccessorImpl.java:25)
	at java.lang.reflect.Method.invoke(Method.java:324)
	at org.apache.tools.ant.AntClassLoader.getClassFromStream(AntClassLoader.java:1002)
	at org.apache.tools.ant.AntClassLoader.findClassInComponents(AntClassLoader.java:1064)
	at org.apache.tools.ant.AntClassLoader.findClass(AntClassLoader.java:1036)
	at org.apache.tools.ant.AntClassLoader.loadClass(AntClassLoader.java:931)
	at java.lang.ClassLoader.loadClass(ClassLoader.java:235)
	at java.lang.ClassLoader.loadClassInternal(ClassLoader.java:302)
	at fr.irisa.triskell.kermeta.loader.kmt.KMTUnit.parse(KMTUnit.java:69)
	at fr.irisa.triskell.kermeta.loader.kmt.KMTUnit.preLoad(KMTUnit.java:111)
	at fr.irisa.triskell.kermeta.loader.KermetaUnit.loadAllImportedUnits(KermetaUnit.java:1060)
	at fr.irisa.triskell.kermeta.loader.KermetaUnit.load(KermetaUnit.java:1037)
	at kermeta_io.typechecker_test.JunitTestSuite.testvalidFile(JunitTestSuite.java:203)
	at kermeta_io.typechecker_test.JunitTestSuite.testvalid_GenericOperationCall(JunitTestSuite.java:107)
	at sun.reflect.NativeMethodAccessorImpl.invoke0(Native Method)
	at sun.reflect.NativeMethodAccessorImpl.invoke(NativeMethodAccessorImpl.java:39)
	at sun.reflect.DelegatingMethodAccessorImpl.invoke(DelegatingMethodAccessorImpl.java:25)
	at java.lang.reflect.Method.invoke(Method.java:324)
	at junit.framework.TestCase.runTest(TestCase.java:154)
	at junit.framework.TestCase.runBare(TestCase.java:127)
	at junit.framework.TestResult$1.protect(TestResult.java:106)
	at junit.framework.TestResult.runProtected(TestResult.java:124)
	at junit.framework.TestResult.run(TestResult.java:109)
	at junit.framework.TestCase.run(TestCase.java:118)
	at junit.framework.TestSuite.runTest(TestSuite.java:208)
	at junit.framework.TestSuite.run(TestSuite.java:203)
	at org.apache.tools.ant.taskdefs.optional.junit.JUnitTestRunner.run(JUnitTestRunner.java:325)
	at org.apache.tools.ant.taskdefs.optional.junit.JUnitTask.executeInVM(JUnitTask.java:848)
	at org.apache.tools.ant.taskdefs.optional.junit.JUnitTask.execute(JUnitTask.java:556)
	at org.apache.tools.ant.taskdefs.optional.junit.JUnitTask.execute(JUnitTask.java:532)
	at org.apache.tools.ant.Task.perform(Task.java:341)
	at org.apache.tools.ant.Target.execute(Target.java:309)
	at org.apache.tools.ant.Target.performTasks(Target.java:336)
	at org.apache.tools.ant.Project.executeTarget(Project.java:1339)
	at org.apache.tools.ant.Project.executeTargets(Project.java:1255)
	at org.apache.tools.ant.Main.runBuild(Main.java:609)
	at org.apache.tools.ant.Main.start(Main.java:196)
	at org.apache.tools.ant.Main.main(Main.java:235)
ERROR  load, Unexpected load error
java.lang.NoClassDefFoundError: fr/irisa/triskell/kermeta/parser/KermetaParserTokenTypes
	at java.lang.ClassLoader.defineClass0(Native Method)
	at java.lang.ClassLoader.defineClass(ClassLoader.java:539)
	at sun.reflect.GeneratedMethodAccessor4.invoke(Unknown Source)
	at sun.reflect.DelegatingMethodAccessorImpl.invoke(DelegatingMethodAccessorImpl.java:25)
	at java.lang.reflect.Method.invoke(Method.java:324)
	at org.apache.tools.ant.AntClassLoader.getClassFromStream(AntClassLoader.java:1002)
	at org.apache.tools.ant.AntClassLoader.findClassInComponents(AntClassLoader.java:1064)
	at org.apache.tools.ant.AntClassLoader.findClass(AntClassLoader.java:1036)
	at org.apache.tools.ant.AntClassLoader.loadClass(AntClassLoader.java:931)
	at java.lang.ClassLoader.loadClass(ClassLoader.java:235)
	at java.lang.ClassLoader.loadClassInternal(ClassLoader.java:302)
	at fr.irisa.triskell.kermeta.loader.kmt.KMTUnit.parse(KMTUnit.java:69)
	at fr.irisa.triskell.kermeta.loader.kmt.KMTUnit.preLoad(KMTUnit.java:111)
	at fr.irisa.triskell.kermeta.loader.KermetaUnit.loadAllImportedUnits(KermetaUnit.java:1060)
	at fr.irisa.triskell.kermeta.loader.KermetaUnit.load(KermetaUnit.java:1037)
	at kermeta_io.typechecker_test.JunitTestSuite.testvalidFile(JunitTestSuite.java:203)
	at kermeta_io.typechecker_test.JunitTestSuite.testvalid_GenericsAndFunctions(JunitTestSuite.java:111)
	at sun.reflect.NativeMethodAccessorImpl.invoke0(Native Method)
	at sun.reflect.NativeMethodAccessorImpl.invoke(NativeMethodAccessorImpl.java:39)
	at sun.reflect.DelegatingMethodAccessorImpl.invoke(DelegatingMethodAccessorImpl.java:25)
	at java.lang.reflect.Method.invoke(Method.java:324)
	at junit.framework.TestCase.runTest(TestCase.java:154)
	at junit.framework.TestCase.runBare(TestCase.java:127)
	at junit.framework.TestResult$1.protect(TestResult.java:106)
	at junit.framework.TestResult.runProtected(TestResult.java:124)
	at junit.framework.TestResult.run(TestResult.java:109)
	at junit.framework.TestCase.run(TestCase.java:118)
	at junit.framework.TestSuite.runTest(TestSuite.java:208)
	at junit.framework.TestSuite.run(TestSuite.java:203)
	at org.apache.tools.ant.taskdefs.optional.junit.JUnitTestRunner.run(JUnitTestRunner.java:325)
	at org.apache.tools.ant.taskdefs.optional.junit.JUnitTask.executeInVM(JUnitTask.java:848)
	at org.apache.tools.ant.taskdefs.optional.junit.JUnitTask.execute(JUnitTask.java:556)
	at org.apache.tools.ant.taskdefs.optional.junit.JUnitTask.execute(JUnitTask.java:532)
	at org.apache.tools.ant.Task.perform(Task.java:341)
	at org.apache.tools.ant.Target.execute(Target.java:309)
	at org.apache.tools.ant.Target.performTasks(Target.java:336)
	at org.apache.tools.ant.Project.executeTarget(Project.java:1339)
	at org.apache.tools.ant.Project.executeTargets(Project.java:1255)
	at org.apache.tools.ant.Main.runBuild(Main.java:609)
	at org.apache.tools.ant.Main.start(Main.java:196)
	at org.apache.tools.ant.Main.main(Main.java:235)
9872 [main] ERROR KermetaUnit  - Unexpected load error
java.lang.NoClassDefFoundError: fr/irisa/triskell/kermeta/parser/KermetaParserTokenTypes
	at java.lang.ClassLoader.defineClass0(Native Method)
	at java.lang.ClassLoader.defineClass(ClassLoader.java:539)
	at sun.reflect.GeneratedMethodAccessor4.invoke(Unknown Source)
	at sun.reflect.DelegatingMethodAccessorImpl.invoke(DelegatingMethodAccessorImpl.java:25)
	at java.lang.reflect.Method.invoke(Method.java:324)
	at org.apache.tools.ant.AntClassLoader.getClassFromStream(AntClassLoader.java:1002)
	at org.apache.tools.ant.AntClassLoader.findClassInComponents(AntClassLoader.java:1064)
	at org.apache.tools.ant.AntClassLoader.findClass(AntClassLoader.java:1036)
	at org.apache.tools.ant.AntClassLoader.loadClass(AntClassLoader.java:931)
	at java.lang.ClassLoader.loadClass(ClassLoader.java:235)
	at java.lang.ClassLoader.loadClassInternal(ClassLoader.java:302)
	at fr.irisa.triskell.kermeta.loader.kmt.KMTUnit.parse(KMTUnit.java:69)
	at fr.irisa.triskell.kermeta.loader.kmt.KMTUnit.preLoad(KMTUnit.java:111)
	at fr.irisa.triskell.kermeta.loader.KermetaUnit.loadAllImportedUnits(KermetaUnit.java:1060)
	at fr.irisa.triskell.kermeta.loader.KermetaUnit.load(KermetaUnit.java:1037)
	at kermeta_io.typechecker_test.JunitTestSuite.testvalidFile(JunitTestSuite.java:203)
	at kermeta_io.typechecker_test.JunitTestSuite.testvalid_GenericsAndFunctions(JunitTestSuite.java:111)
	at sun.reflect.NativeMethodAccessorImpl.invoke0(Native Method)
	at sun.reflect.NativeMethodAccessorImpl.invoke(NativeMethodAccessorImpl.java:39)
	at sun.reflect.DelegatingMethodAccessorImpl.invoke(DelegatingMethodAccessorImpl.java:25)
	at java.lang.reflect.Method.invoke(Method.java:324)
	at junit.framework.TestCase.runTest(TestCase.java:154)
	at junit.framework.TestCase.runBare(TestCase.java:127)
	at junit.framework.TestResult$1.protect(TestResult.java:106)
	at junit.framework.TestResult.runProtected(TestResult.java:124)
	at junit.framework.TestResult.run(TestResult.java:109)
	at junit.framework.TestCase.run(TestCase.java:118)
	at junit.framework.TestSuite.runTest(TestSuite.java:208)
	at junit.framework.TestSuite.run(TestSuite.java:203)
	at org.apache.tools.ant.taskdefs.optional.junit.JUnitTestRunner.run(JUnitTestRunner.java:325)
	at org.apache.tools.ant.taskdefs.optional.junit.JUnitTask.executeInVM(JUnitTask.java:848)
	at org.apache.tools.ant.taskdefs.optional.junit.JUnitTask.execute(JUnitTask.java:556)
	at org.apache.tools.ant.taskdefs.optional.junit.JUnitTask.execute(JUnitTask.java:532)
	at org.apache.tools.ant.Task.perform(Task.java:341)
	at org.apache.tools.ant.Target.execute(Target.java:309)
	at org.apache.tools.ant.Target.performTasks(Target.java:336)
	at org.apache.tools.ant.Project.executeTarget(Project.java:1339)
	at org.apache.tools.ant.Project.executeTargets(Project.java:1255)
	at org.apache.tools.ant.Main.runBuild(Main.java:609)
	at org.apache.tools.ant.Main.start(Main.java:196)
	at org.apache.tools.ant.Main.main(Main.java:235)
ERROR  load, Unexpected load error
java.lang.NoClassDefFoundError: fr/irisa/triskell/kermeta/parser/KermetaParserTokenTypes
	at java.lang.ClassLoader.defineClass0(Native Method)
	at java.lang.ClassLoader.defineClass(ClassLoader.java:539)
	at sun.reflect.GeneratedMethodAccessor4.invoke(Unknown Source)
	at sun.reflect.DelegatingMethodAccessorImpl.invoke(DelegatingMethodAccessorImpl.java:25)
	at java.lang.reflect.Method.invoke(Method.java:324)
	at org.apache.tools.ant.AntClassLoader.getClassFromStream(AntClassLoader.java:1002)
	at org.apache.tools.ant.AntClassLoader.findClassInComponents(AntClassLoader.java:1064)
	at org.apache.tools.ant.AntClassLoader.findClass(AntClassLoader.java:1036)
	at org.apache.tools.ant.AntClassLoader.loadClass(AntClassLoader.java:931)
	at java.lang.ClassLoader.loadClass(ClassLoader.java:235)
	at java.lang.ClassLoader.loadClassInternal(ClassLoader.java:302)
	at fr.irisa.triskell.kermeta.loader.kmt.KMTUnit.parse(KMTUnit.java:69)
	at fr.irisa.triskell.kermeta.loader.kmt.KMTUnit.preLoad(KMTUnit.java:111)
	at fr.irisa.triskell.kermeta.loader.KermetaUnit.loadAllImportedUnits(KermetaUnit.java:1060)
	at fr.irisa.triskell.kermeta.loader.KermetaUnit.load(KermetaUnit.java:1037)
	at kermeta_io.typechecker_test.JunitTestSuite.testvalidFile(JunitTestSuite.java:203)
	at kermeta_io.typechecker_test.JunitTestSuite.testvalid_GenericVisitor(JunitTestSuite.java:115)
	at sun.reflect.NativeMethodAccessorImpl.invoke0(Native Method)
	at sun.reflect.NativeMethodAccessorImpl.invoke(NativeMethodAccessorImpl.java:39)
	at sun.reflect.DelegatingMethodAccessorImpl.invoke(DelegatingMethodAccessorImpl.java:25)
	at java.lang.reflect.Method.invoke(Method.java:324)
	at junit.framework.TestCase.runTest(TestCase.java:154)
	at junit.framework.TestCase.runBare(TestCase.java:127)
	at junit.framework.TestResult$1.protect(TestResult.java:106)
	at junit.framework.TestResult.runProtected(TestResult.java:124)
	at junit.framework.TestResult.run(TestResult.java:109)
	at junit.framework.TestCase.run(TestCase.java:118)
	at junit.framework.TestSuite.runTest(TestSuite.java:208)
	at junit.framework.TestSuite.run(TestSuite.java:203)
	at org.apache.tools.ant.taskdefs.optional.junit.JUnitTestRunner.run(JUnitTestRunner.java:325)
	at org.apache.tools.ant.taskdefs.optional.junit.JUnitTask.executeInVM(JUnitTask.java:848)
	at org.apache.tools.ant.taskdefs.optional.junit.JUnitTask.execute(JUnitTask.java:556)
	at org.apache.tools.ant.taskdefs.optional.junit.JUnitTask.execute(JUnitTask.java:532)
	at org.apache.tools.ant.Task.perform(Task.java:341)
	at org.apache.tools.ant.Target.execute(Target.java:309)
	at org.apache.tools.ant.Target.performTasks(Target.java:336)
	at org.apache.tools.ant.Project.executeTarget(Project.java:1339)
	at org.apache.tools.ant.Project.executeTargets(Project.java:1255)
	at org.apache.tools.ant.Main.runBuild(Main.java:609)
	at org.apache.tools.ant.Main.start(Main.java:196)
	at org.apache.tools.ant.Main.main(Main.java:235)
11018 [main] ERROR KermetaUnit  - Unexpected load error
java.lang.NoClassDefFoundError: fr/irisa/triskell/kermeta/parser/KermetaParserTokenTypes
	at java.lang.ClassLoader.defineClass0(Native Method)
	at java.lang.ClassLoader.defineClass(ClassLoader.java:539)
	at sun.reflect.GeneratedMethodAccessor4.invoke(Unknown Source)
	at sun.reflect.DelegatingMethodAccessorImpl.invoke(DelegatingMethodAccessorImpl.java:25)
	at java.lang.reflect.Method.invoke(Method.java:324)
	at org.apache.tools.ant.AntClassLoader.getClassFromStream(AntClassLoader.java:1002)
	at org.apache.tools.ant.AntClassLoader.findClassInComponents(AntClassLoader.java:1064)
	at org.apache.tools.ant.AntClassLoader.findClass(AntClassLoader.java:1036)
	at org.apache.tools.ant.AntClassLoader.loadClass(AntClassLoader.java:931)
	at java.lang.ClassLoader.loadClass(ClassLoader.java:235)
	at java.lang.ClassLoader.loadClassInternal(ClassLoader.java:302)
	at fr.irisa.triskell.kermeta.loader.kmt.KMTUnit.parse(KMTUnit.java:69)
	at fr.irisa.triskell.kermeta.loader.kmt.KMTUnit.preLoad(KMTUnit.java:111)
	at fr.irisa.triskell.kermeta.loader.KermetaUnit.loadAllImportedUnits(KermetaUnit.java:1060)
	at fr.irisa.triskell.kermeta.loader.KermetaUnit.load(KermetaUnit.java:1037)
	at kermeta_io.typechecker_test.JunitTestSuite.testvalidFile(JunitTestSuite.java:203)
	at kermeta_io.typechecker_test.JunitTestSuite.testvalid_GenericVisitor(JunitTestSuite.java:115)
	at sun.reflect.NativeMethodAccessorImpl.invoke0(Native Method)
	at sun.reflect.NativeMethodAccessorImpl.invoke(NativeMethodAccessorImpl.java:39)
	at sun.reflect.DelegatingMethodAccessorImpl.invoke(DelegatingMethodAccessorImpl.java:25)
	at java.lang.reflect.Method.invoke(Method.java:324)
	at junit.framework.TestCase.runTest(TestCase.java:154)
	at junit.framework.TestCase.runBare(TestCase.java:127)
	at junit.framework.TestResult$1.protect(TestResult.java:106)
	at junit.framework.TestResult.runProtected(TestResult.java:124)
	at junit.framework.TestResult.run(TestResult.java:109)
	at junit.framework.TestCase.run(TestCase.java:118)
	at junit.framework.TestSuite.runTest(TestSuite.java:208)
	at junit.framework.TestSuite.run(TestSuite.java:203)
	at org.apache.tools.ant.taskdefs.optional.junit.JUnitTestRunner.run(JUnitTestRunner.java:325)
	at org.apache.tools.ant.taskdefs.optional.junit.JUnitTask.executeInVM(JUnitTask.java:848)
	at org.apache.tools.ant.taskdefs.optional.junit.JUnitTask.execute(JUnitTask.java:556)
	at org.apache.tools.ant.taskdefs.optional.junit.JUnitTask.execute(JUnitTask.java:532)
	at org.apache.tools.ant.Task.perform(Task.java:341)
	at org.apache.tools.ant.Target.execute(Target.java:309)
	at org.apache.tools.ant.Target.performTasks(Target.java:336)
	at org.apache.tools.ant.Project.executeTarget(Project.java:1339)
	at org.apache.tools.ant.Project.executeTargets(Project.java:1255)
	at org.apache.tools.ant.Main.runBuild(Main.java:609)
	at org.apache.tools.ant.Main.start(Main.java:196)
	at org.apache.tools.ant.Main.main(Main.java:235)
ERROR  load, Unexpected load error
java.lang.NoClassDefFoundError: fr/irisa/triskell/kermeta/parser/KermetaParserTokenTypes
	at java.lang.ClassLoader.defineClass0(Native Method)
	at java.lang.ClassLoader.defineClass(ClassLoader.java:539)
	at sun.reflect.GeneratedMethodAccessor4.invoke(Unknown Source)
	at sun.reflect.DelegatingMethodAccessorImpl.invoke(DelegatingMethodAccessorImpl.java:25)
	at java.lang.reflect.Method.invoke(Method.java:324)
	at org.apache.tools.ant.AntClassLoader.getClassFromStream(AntClassLoader.java:1002)
	at org.apache.tools.ant.AntClassLoader.findClassInComponents(AntClassLoader.java:1064)
	at org.apache.tools.ant.AntClassLoader.findClass(AntClassLoader.java:1036)
	at org.apache.tools.ant.AntClassLoader.loadClass(AntClassLoader.java:931)
	at java.lang.ClassLoader.loadClass(ClassLoader.java:235)
	at java.lang.ClassLoader.loadClassInternal(ClassLoader.java:302)
	at fr.irisa.triskell.kermeta.loader.kmt.KMTUnit.parse(KMTUnit.java:69)
	at fr.irisa.triskell.kermeta.loader.kmt.KMTUnit.preLoad(KMTUnit.java:111)
	at fr.irisa.triskell.kermeta.loader.KermetaUnit.loadAllImportedUnits(KermetaUnit.java:1060)
	at fr.irisa.triskell.kermeta.loader.KermetaUnit.load(KermetaUnit.java:1037)
	at kermeta_io.typechecker_test.JunitTestSuite.testvalidFile(JunitTestSuite.java:203)
	at kermeta_io.typechecker_test.JunitTestSuite.testvalid_ObjectAndVoid(JunitTestSuite.java:119)
	at sun.reflect.NativeMethodAccessorImpl.invoke0(Native Method)
	at sun.reflect.NativeMethodAccessorImpl.invoke(NativeMethodAccessorImpl.java:39)
	at sun.reflect.DelegatingMethodAccessorImpl.invoke(DelegatingMethodAccessorImpl.java:25)
	at java.lang.reflect.Method.invoke(Method.java:324)
	at junit.framework.TestCase.runTest(TestCase.java:154)
	at junit.framework.TestCase.runBare(TestCase.java:127)
	at junit.framework.TestResult$1.protect(TestResult.java:106)
	at junit.framework.TestResult.runProtected(TestResult.java:124)
	at junit.framework.TestResult.run(TestResult.java:109)
	at junit.framework.TestCase.run(TestCase.java:118)
	at junit.framework.TestSuite.runTest(TestSuite.java:208)
	at junit.framework.TestSuite.run(TestSuite.java:203)
	at org.apache.tools.ant.taskdefs.optional.junit.JUnitTestRunner.run(JUnitTestRunner.java:325)
	at org.apache.tools.ant.taskdefs.optional.junit.JUnitTask.executeInVM(JUnitTask.java:848)
	at org.apache.tools.ant.taskdefs.optional.junit.JUnitTask.execute(JUnitTask.java:556)
	at org.apache.tools.ant.taskdefs.optional.junit.JUnitTask.execute(JUnitTask.java:532)
	at org.apache.tools.ant.Task.perform(Task.java:341)
	at org.apache.tools.ant.Target.execute(Target.java:309)
	at org.apache.tools.ant.Target.performTasks(Target.java:336)
	at org.apache.tools.ant.Project.executeTarget(Project.java:1339)
	at org.apache.tools.ant.Project.executeTargets(Project.java:1255)
	at org.apache.tools.ant.Main.runBuild(Main.java:609)
	at org.apache.tools.ant.Main.start(Main.java:196)
	at org.apache.tools.ant.Main.main(Main.java:235)
11954 [main] ERROR KermetaUnit  - Unexpected load error
java.lang.NoClassDefFoundError: fr/irisa/triskell/kermeta/parser/KermetaParserTokenTypes
	at java.lang.ClassLoader.defineClass0(Native Method)
	at java.lang.ClassLoader.defineClass(ClassLoader.java:539)
	at sun.reflect.GeneratedMethodAccessor4.invoke(Unknown Source)
	at sun.reflect.DelegatingMethodAccessorImpl.invoke(DelegatingMethodAccessorImpl.java:25)
	at java.lang.reflect.Method.invoke(Method.java:324)
	at org.apache.tools.ant.AntClassLoader.getClassFromStream(AntClassLoader.java:1002)
	at org.apache.tools.ant.AntClassLoader.findClassInComponents(AntClassLoader.java:1064)
	at org.apache.tools.ant.AntClassLoader.findClass(AntClassLoader.java:1036)
	at org.apache.tools.ant.AntClassLoader.loadClass(AntClassLoader.java:931)
	at java.lang.ClassLoader.loadClass(ClassLoader.java:235)
	at java.lang.ClassLoader.loadClassInternal(ClassLoader.java:302)
	at fr.irisa.triskell.kermeta.loader.kmt.KMTUnit.parse(KMTUnit.java:69)
	at fr.irisa.triskell.kermeta.loader.kmt.KMTUnit.preLoad(KMTUnit.java:111)
	at fr.irisa.triskell.kermeta.loader.KermetaUnit.loadAllImportedUnits(KermetaUnit.java:1060)
	at fr.irisa.triskell.kermeta.loader.KermetaUnit.load(KermetaUnit.java:1037)
	at kermeta_io.typechecker_test.JunitTestSuite.testvalidFile(JunitTestSuite.java:203)
	at kermeta_io.typechecker_test.JunitTestSuite.testvalid_ObjectAndVoid(JunitTestSuite.java:119)
	at sun.reflect.NativeMethodAccessorImpl.invoke0(Native Method)
	at sun.reflect.NativeMethodAccessorImpl.invoke(NativeMethodAccessorImpl.java:39)
	at sun.reflect.DelegatingMethodAccessorImpl.invoke(DelegatingMethodAccessorImpl.java:25)
	at java.lang.reflect.Method.invoke(Method.java:324)
	at junit.framework.TestCase.runTest(TestCase.java:154)
	at junit.framework.TestCase.runBare(TestCase.java:127)
	at junit.framework.TestResult$1.protect(TestResult.java:106)
	at junit.framework.TestResult.runProtected(TestResult.java:124)
	at junit.framework.TestResult.run(TestResult.java:109)
	at junit.framework.TestCase.run(TestCase.java:118)
	at junit.framework.TestSuite.runTest(TestSuite.java:208)
	at junit.framework.TestSuite.run(TestSuite.java:203)
	at org.apache.tools.ant.taskdefs.optional.junit.JUnitTestRunner.run(JUnitTestRunner.java:325)
	at org.apache.tools.ant.taskdefs.optional.junit.JUnitTask.executeInVM(JUnitTask.java:848)
	at org.apache.tools.ant.taskdefs.optional.junit.JUnitTask.execute(JUnitTask.java:556)
	at org.apache.tools.ant.taskdefs.optional.junit.JUnitTask.execute(JUnitTask.java:532)
	at org.apache.tools.ant.Task.perform(Task.java:341)
	at org.apache.tools.ant.Target.execute(Target.java:309)
	at org.apache.tools.ant.Target.performTasks(Target.java:336)
	at org.apache.tools.ant.Project.executeTarget(Project.java:1339)
	at org.apache.tools.ant.Project.executeTargets(Project.java:1255)
	at org.apache.tools.ant.Main.runBuild(Main.java:609)
	at org.apache.tools.ant.Main.start(Main.java:196)
	at org.apache.tools.ant.Main.main(Main.java:235)
ERROR  load, Unexpected load error
java.lang.NoClassDefFoundError: fr/irisa/triskell/kermeta/parser/KermetaParserTokenTypes
	at java.lang.ClassLoader.defineClass0(Native Method)
	at java.lang.ClassLoader.defineClass(ClassLoader.java:539)
	at sun.reflect.GeneratedMethodAccessor4.invoke(Unknown Source)
	at sun.reflect.DelegatingMethodAccessorImpl.invoke(DelegatingMethodAccessorImpl.java:25)
	at java.lang.reflect.Method.invoke(Method.java:324)
	at org.apache.tools.ant.AntClassLoader.getClassFromStream(AntClassLoader.java:1002)
	at org.apache.tools.ant.AntClassLoader.findClassInComponents(AntClassLoader.java:1064)
	at org.apache.tools.ant.AntClassLoader.findClass(AntClassLoader.java:1036)
	at org.apache.tools.ant.AntClassLoader.loadClass(AntClassLoader.java:931)
	at java.lang.ClassLoader.loadClass(ClassLoader.java:235)
	at java.lang.ClassLoader.loadClassInternal(ClassLoader.java:302)
	at fr.irisa.triskell.kermeta.loader.kmt.KMTUnit.parse(KMTUnit.java:69)
	at fr.irisa.triskell.kermeta.loader.kmt.KMTUnit.preLoad(KMTUnit.java:111)
	at fr.irisa.triskell.kermeta.loader.KermetaUnit.loadAllImportedUnits(KermetaUnit.java:1060)
	at fr.irisa.triskell.kermeta.loader.KermetaUnit.load(KermetaUnit.java:1037)
	at kermeta_io.typechecker_test.JunitTestSuite.testvalidFile(JunitTestSuite.java:203)
	at kermeta_io.typechecker_test.JunitTestSuite.testvalid_SimpleCtrlStructs(JunitTestSuite.java:123)
	at sun.reflect.NativeMethodAccessorImpl.invoke0(Native Method)
	at sun.reflect.NativeMethodAccessorImpl.invoke(NativeMethodAccessorImpl.java:39)
	at sun.reflect.DelegatingMethodAccessorImpl.invoke(DelegatingMethodAccessorImpl.java:25)
	at java.lang.reflect.Method.invoke(Method.java:324)
	at junit.framework.TestCase.runTest(TestCase.java:154)
	at junit.framework.TestCase.runBare(TestCase.java:127)
	at junit.framework.TestResult$1.protect(TestResult.java:106)
	at junit.framework.TestResult.runProtected(TestResult.java:124)
	at junit.framework.TestResult.run(TestResult.java:109)
	at junit.framework.TestCase.run(TestCase.java:118)
	at junit.framework.TestSuite.runTest(TestSuite.java:208)
	at junit.framework.TestSuite.run(TestSuite.java:203)
	at org.apache.tools.ant.taskdefs.optional.junit.JUnitTestRunner.run(JUnitTestRunner.java:325)
	at org.apache.tools.ant.taskdefs.optional.junit.JUnitTask.executeInVM(JUnitTask.java:848)
	at org.apache.tools.ant.taskdefs.optional.junit.JUnitTask.execute(JUnitTask.java:556)
	at org.apache.tools.ant.taskdefs.optional.junit.JUnitTask.execute(JUnitTask.java:532)
	at org.apache.tools.ant.Task.perform(Task.java:341)
	at org.apache.tools.ant.Target.execute(Target.java:309)
	at org.apache.tools.ant.Target.performTasks(Target.java:336)
	at org.apache.tools.ant.Project.executeTarget(Project.java:1339)
	at org.apache.tools.ant.Project.executeTargets(Project.java:1255)
	at org.apache.tools.ant.Main.runBuild(Main.java:609)
	at org.apache.tools.ant.Main.start(Main.java:196)
	at org.apache.tools.ant.Main.main(Main.java:235)
12886 [main] ERROR KermetaUnit  - Unexpected load error
java.lang.NoClassDefFoundError: fr/irisa/triskell/kermeta/parser/KermetaParserTokenTypes
	at java.lang.ClassLoader.defineClass0(Native Method)
	at java.lang.ClassLoader.defineClass(ClassLoader.java:539)
	at sun.reflect.GeneratedMethodAccessor4.invoke(Unknown Source)
	at sun.reflect.DelegatingMethodAccessorImpl.invoke(DelegatingMethodAccessorImpl.java:25)
	at java.lang.reflect.Method.invoke(Method.java:324)
	at org.apache.tools.ant.AntClassLoader.getClassFromStream(AntClassLoader.java:1002)
	at org.apache.tools.ant.AntClassLoader.findClassInComponents(AntClassLoader.java:1064)
	at org.apache.tools.ant.AntClassLoader.findClass(AntClassLoader.java:1036)
	at org.apache.tools.ant.AntClassLoader.loadClass(AntClassLoader.java:931)
	at java.lang.ClassLoader.loadClass(ClassLoader.java:235)
	at java.lang.ClassLoader.loadClassInternal(ClassLoader.java:302)
	at fr.irisa.triskell.kermeta.loader.kmt.KMTUnit.parse(KMTUnit.java:69)
	at fr.irisa.triskell.kermeta.loader.kmt.KMTUnit.preLoad(KMTUnit.java:111)
	at fr.irisa.triskell.kermeta.loader.KermetaUnit.loadAllImportedUnits(KermetaUnit.java:1060)
	at fr.irisa.triskell.kermeta.loader.KermetaUnit.load(KermetaUnit.java:1037)
	at kermeta_io.typechecker_test.JunitTestSuite.testvalidFile(JunitTestSuite.java:203)
	at kermeta_io.typechecker_test.JunitTestSuite.testvalid_SimpleCtrlStructs(JunitTestSuite.java:123)
	at sun.reflect.NativeMethodAccessorImpl.invoke0(Native Method)
	at sun.reflect.NativeMethodAccessorImpl.invoke(NativeMethodAccessorImpl.java:39)
	at sun.reflect.DelegatingMethodAccessorImpl.invoke(DelegatingMethodAccessorImpl.java:25)
	at java.lang.reflect.Method.invoke(Method.java:324)
	at junit.framework.TestCase.runTest(TestCase.java:154)
	at junit.framework.TestCase.runBare(TestCase.java:127)
	at junit.framework.TestResult$1.protect(TestResult.java:106)
	at junit.framework.TestResult.runProtected(TestResult.java:124)
	at junit.framework.TestResult.run(TestResult.java:109)
	at junit.framework.TestCase.run(TestCase.java:118)
	at junit.framework.TestSuite.runTest(TestSuite.java:208)
	at junit.framework.TestSuite.run(TestSuite.java:203)
	at org.apache.tools.ant.taskdefs.optional.junit.JUnitTestRunner.run(JUnitTestRunner.java:325)
	at org.apache.tools.ant.taskdefs.optional.junit.JUnitTask.executeInVM(JUnitTask.java:848)
	at org.apache.tools.ant.taskdefs.optional.junit.JUnitTask.execute(JUnitTask.java:556)
	at org.apache.tools.ant.taskdefs.optional.junit.JUnitTask.execute(JUnitTask.java:532)
	at org.apache.tools.ant.Task.perform(Task.java:341)
	at org.apache.tools.ant.Target.execute(Target.java:309)
	at org.apache.tools.ant.Target.performTasks(Target.java:336)
	at org.apache.tools.ant.Project.executeTarget(Project.java:1339)
	at org.apache.tools.ant.Project.executeTargets(Project.java:1255)
	at org.apache.tools.ant.Main.runBuild(Main.java:609)
	at org.apache.tools.ant.Main.start(Main.java:196)
	at org.apache.tools.ant.Main.main(Main.java:235)
ERROR  load, Unexpected load error
java.lang.NoClassDefFoundError: fr/irisa/triskell/kermeta/parser/KermetaParserTokenTypes
	at java.lang.ClassLoader.defineClass0(Native Method)
	at java.lang.ClassLoader.defineClass(ClassLoader.java:539)
	at sun.reflect.GeneratedMethodAccessor4.invoke(Unknown Source)
	at sun.reflect.DelegatingMethodAccessorImpl.invoke(DelegatingMethodAccessorImpl.java:25)
	at java.lang.reflect.Method.invoke(Method.java:324)
	at org.apache.tools.ant.AntClassLoader.getClassFromStream(AntClassLoader.java:1002)
	at org.apache.tools.ant.AntClassLoader.findClassInComponents(AntClassLoader.java:1064)
	at org.apache.tools.ant.AntClassLoader.findClass(AntClassLoader.java:1036)
	at org.apache.tools.ant.AntClassLoader.loadClass(AntClassLoader.java:931)
	at java.lang.ClassLoader.loadClass(ClassLoader.java:235)
	at java.lang.ClassLoader.loadClassInternal(ClassLoader.java:302)
	at fr.irisa.triskell.kermeta.loader.kmt.KMTUnit.parse(KMTUnit.java:69)
	at fr.irisa.triskell.kermeta.loader.kmt.KMTUnit.preLoad(KMTUnit.java:111)
	at fr.irisa.triskell.kermeta.loader.KermetaUnit.loadAllImportedUnits(KermetaUnit.java:1060)
	at fr.irisa.triskell.kermeta.loader.KermetaUnit.load(KermetaUnit.java:1037)
	at kermeta_io.typechecker_test.JunitTestSuite.testvalidFile(JunitTestSuite.java:203)
	at kermeta_io.typechecker_test.JunitTestSuite.testvalid_SimpleFunctions(JunitTestSuite.java:127)
	at sun.reflect.NativeMethodAccessorImpl.invoke0(Native Method)
	at sun.reflect.NativeMethodAccessorImpl.invoke(NativeMethodAccessorImpl.java:39)
	at sun.reflect.DelegatingMethodAccessorImpl.invoke(DelegatingMethodAccessorImpl.java:25)
	at java.lang.reflect.Method.invoke(Method.java:324)
	at junit.framework.TestCase.runTest(TestCase.java:154)
	at junit.framework.TestCase.runBare(TestCase.java:127)
	at junit.framework.TestResult$1.protect(TestResult.java:106)
	at junit.framework.TestResult.runProtected(TestResult.java:124)
	at junit.framework.TestResult.run(TestResult.java:109)
	at junit.framework.TestCase.run(TestCase.java:118)
	at junit.framework.TestSuite.runTest(TestSuite.java:208)
	at junit.framework.TestSuite.run(TestSuite.java:203)
	at org.apache.tools.ant.taskdefs.optional.junit.JUnitTestRunner.run(JUnitTestRunner.java:325)
	at org.apache.tools.ant.taskdefs.optional.junit.JUnitTask.executeInVM(JUnitTask.java:848)
	at org.apache.tools.ant.taskdefs.optional.junit.JUnitTask.execute(JUnitTask.java:556)
	at org.apache.tools.ant.taskdefs.optional.junit.JUnitTask.execute(JUnitTask.java:532)
	at org.apache.tools.ant.Task.perform(Task.java:341)
	at org.apache.tools.ant.Target.execute(Target.java:309)
	at org.apache.tools.ant.Target.performTasks(Target.java:336)
	at org.apache.tools.ant.Project.executeTarget(Project.java:1339)
	at org.apache.tools.ant.Project.executeTargets(Project.java:1255)
	at org.apache.tools.ant.Main.runBuild(Main.java:609)
	at org.apache.tools.ant.Main.start(Main.java:196)
	at org.apache.tools.ant.Main.main(Main.java:235)
13820 [main] ERROR KermetaUnit  - Unexpected load error
java.lang.NoClassDefFoundError: fr/irisa/triskell/kermeta/parser/KermetaParserTokenTypes
	at java.lang.ClassLoader.defineClass0(Native Method)
	at java.lang.ClassLoader.defineClass(ClassLoader.java:539)
	at sun.reflect.GeneratedMethodAccessor4.invoke(Unknown Source)
	at sun.reflect.DelegatingMethodAccessorImpl.invoke(DelegatingMethodAccessorImpl.java:25)
	at java.lang.reflect.Method.invoke(Method.java:324)
	at org.apache.tools.ant.AntClassLoader.getClassFromStream(AntClassLoader.java:1002)
	at org.apache.tools.ant.AntClassLoader.findClassInComponents(AntClassLoader.java:1064)
	at org.apache.tools.ant.AntClassLoader.findClass(AntClassLoader.java:1036)
	at org.apache.tools.ant.AntClassLoader.loadClass(AntClassLoader.java:931)
	at java.lang.ClassLoader.loadClass(ClassLoader.java:235)
	at java.lang.ClassLoader.loadClassInternal(ClassLoader.java:302)
	at fr.irisa.triskell.kermeta.loader.kmt.KMTUnit.parse(KMTUnit.java:69)
	at fr.irisa.triskell.kermeta.loader.kmt.KMTUnit.preLoad(KMTUnit.java:111)
	at fr.irisa.triskell.kermeta.loader.KermetaUnit.loadAllImportedUnits(KermetaUnit.java:1060)
	at fr.irisa.triskell.kermeta.loader.KermetaUnit.load(KermetaUnit.java:1037)
	at kermeta_io.typechecker_test.JunitTestSuite.testvalidFile(JunitTestSuite.java:203)
	at kermeta_io.typechecker_test.JunitTestSuite.testvalid_SimpleFunctions(JunitTestSuite.java:127)
	at sun.reflect.NativeMethodAccessorImpl.invoke0(Native Method)
	at sun.reflect.NativeMethodAccessorImpl.invoke(NativeMethodAccessorImpl.java:39)
	at sun.reflect.DelegatingMethodAccessorImpl.invoke(DelegatingMethodAccessorImpl.java:25)
	at java.lang.reflect.Method.invoke(Method.java:324)
	at junit.framework.TestCase.runTest(TestCase.java:154)
	at junit.framework.TestCase.runBare(TestCase.java:127)
	at junit.framework.TestResult$1.protect(TestResult.java:106)
	at junit.framework.TestResult.runProtected(TestResult.java:124)
	at junit.framework.TestResult.run(TestResult.java:109)
	at junit.framework.TestCase.run(TestCase.java:118)
	at junit.framework.TestSuite.runTest(TestSuite.java:208)
	at junit.framework.TestSuite.run(TestSuite.java:203)
	at org.apache.tools.ant.taskdefs.optional.junit.JUnitTestRunner.run(JUnitTestRunner.java:325)
	at org.apache.tools.ant.taskdefs.optional.junit.JUnitTask.executeInVM(JUnitTask.java:848)
	at org.apache.tools.ant.taskdefs.optional.junit.JUnitTask.execute(JUnitTask.java:556)
	at org.apache.tools.ant.taskdefs.optional.junit.JUnitTask.execute(JUnitTask.java:532)
	at org.apache.tools.ant.Task.perform(Task.java:341)
	at org.apache.tools.ant.Target.execute(Target.java:309)
	at org.apache.tools.ant.Target.performTasks(Target.java:336)
	at org.apache.tools.ant.Project.executeTarget(Project.java:1339)
	at org.apache.tools.ant.Project.executeTargets(Project.java:1255)
	at org.apache.tools.ant.Main.runBuild(Main.java:609)
	at org.apache.tools.ant.Main.start(Main.java:196)
	at org.apache.tools.ant.Main.main(Main.java:235)
ERROR  load, Unexpected load error
java.lang.NoClassDefFoundError: fr/irisa/triskell/kermeta/parser/KermetaParserTokenTypes
	at java.lang.ClassLoader.defineClass0(Native Method)
	at java.lang.ClassLoader.defineClass(ClassLoader.java:539)
	at sun.reflect.GeneratedMethodAccessor4.invoke(Unknown Source)
	at sun.reflect.DelegatingMethodAccessorImpl.invoke(DelegatingMethodAccessorImpl.java:25)
	at java.lang.reflect.Method.invoke(Method.java:324)
	at org.apache.tools.ant.AntClassLoader.getClassFromStream(AntClassLoader.java:1002)
	at org.apache.tools.ant.AntClassLoader.findClassInComponents(AntClassLoader.java:1064)
	at org.apache.tools.ant.AntClassLoader.findClass(AntClassLoader.java:1036)
	at org.apache.tools.ant.AntClassLoader.loadClass(AntClassLoader.java:931)
	at java.lang.ClassLoader.loadClass(ClassLoader.java:235)
	at java.lang.ClassLoader.loadClassInternal(ClassLoader.java:302)
	at fr.irisa.triskell.kermeta.loader.kmt.KMTUnit.parse(KMTUnit.java:69)
	at fr.irisa.triskell.kermeta.loader.kmt.KMTUnit.preLoad(KMTUnit.java:111)
	at fr.irisa.triskell.kermeta.loader.KermetaUnit.loadAllImportedUnits(KermetaUnit.java:1060)
	at fr.irisa.triskell.kermeta.loader.KermetaUnit.load(KermetaUnit.java:1037)
	at kermeta_io.typechecker_test.JunitTestSuite.testvalidFile(JunitTestSuite.java:203)
	at kermeta_io.typechecker_test.JunitTestSuite.testvalid_SimpleOperationCall(JunitTestSuite.java:131)
	at sun.reflect.NativeMethodAccessorImpl.invoke0(Native Method)
	at sun.reflect.NativeMethodAccessorImpl.invoke(NativeMethodAccessorImpl.java:39)
	at sun.reflect.DelegatingMethodAccessorImpl.invoke(DelegatingMethodAccessorImpl.java:25)
	at java.lang.reflect.Method.invoke(Method.java:324)
	at junit.framework.TestCase.runTest(TestCase.java:154)
	at junit.framework.TestCase.runBare(TestCase.java:127)
	at junit.framework.TestResult$1.protect(TestResult.java:106)
	at junit.framework.TestResult.runProtected(TestResult.java:124)
	at junit.framework.TestResult.run(TestResult.java:109)
	at junit.framework.TestCase.run(TestCase.java:118)
	at junit.framework.TestSuite.runTest(TestSuite.java:208)
	at junit.framework.TestSuite.run(TestSuite.java:203)
	at org.apache.tools.ant.taskdefs.optional.junit.JUnitTestRunner.run(JUnitTestRunner.java:325)
	at org.apache.tools.ant.taskdefs.optional.junit.JUnitTask.executeInVM(JUnitTask.java:848)
	at org.apache.tools.ant.taskdefs.optional.junit.JUnitTask.execute(JUnitTask.java:556)
	at org.apache.tools.ant.taskdefs.optional.junit.JUnitTask.execute(JUnitTask.java:532)
	at org.apache.tools.ant.Task.perform(Task.java:341)
	at org.apache.tools.ant.Target.execute(Target.java:309)
	at org.apache.tools.ant.Target.performTasks(Target.java:336)
	at org.apache.tools.ant.Project.executeTarget(Project.java:1339)
	at org.apache.tools.ant.Project.executeTargets(Project.java:1255)
	at org.apache.tools.ant.Main.runBuild(Main.java:609)
	at org.apache.tools.ant.Main.start(Main.java:196)
	at org.apache.tools.ant.Main.main(Main.java:235)
14739 [main] ERROR KermetaUnit  - Unexpected load error
java.lang.NoClassDefFoundError: fr/irisa/triskell/kermeta/parser/KermetaParserTokenTypes
	at java.lang.ClassLoader.defineClass0(Native Method)
	at java.lang.ClassLoader.defineClass(ClassLoader.java:539)
	at sun.reflect.GeneratedMethodAccessor4.invoke(Unknown Source)
	at sun.reflect.DelegatingMethodAccessorImpl.invoke(DelegatingMethodAccessorImpl.java:25)
	at java.lang.reflect.Method.invoke(Method.java:324)
	at org.apache.tools.ant.AntClassLoader.getClassFromStream(AntClassLoader.java:1002)
	at org.apache.tools.ant.AntClassLoader.findClassInComponents(AntClassLoader.java:1064)
	at org.apache.tools.ant.AntClassLoader.findClass(AntClassLoader.java:1036)
	at org.apache.tools.ant.AntClassLoader.loadClass(AntClassLoader.java:931)
	at java.lang.ClassLoader.loadClass(ClassLoader.java:235)
	at java.lang.ClassLoader.loadClassInternal(ClassLoader.java:302)
	at fr.irisa.triskell.kermeta.loader.kmt.KMTUnit.parse(KMTUnit.java:69)
	at fr.irisa.triskell.kermeta.loader.kmt.KMTUnit.preLoad(KMTUnit.java:111)
	at fr.irisa.triskell.kermeta.loader.KermetaUnit.loadAllImportedUnits(KermetaUnit.java:1060)
	at fr.irisa.triskell.kermeta.loader.KermetaUnit.load(KermetaUnit.java:1037)
	at kermeta_io.typechecker_test.JunitTestSuite.testvalidFile(JunitTestSuite.java:203)
	at kermeta_io.typechecker_test.JunitTestSuite.testvalid_SimpleOperationCall(JunitTestSuite.java:131)
	at sun.reflect.NativeMethodAccessorImpl.invoke0(Native Method)
	at sun.reflect.NativeMethodAccessorImpl.invoke(NativeMethodAccessorImpl.java:39)
	at sun.reflect.DelegatingMethodAccessorImpl.invoke(DelegatingMethodAccessorImpl.java:25)
	at java.lang.reflect.Method.invoke(Method.java:324)
	at junit.framework.TestCase.runTest(TestCase.java:154)
	at junit.framework.TestCase.runBare(TestCase.java:127)
	at junit.framework.TestResult$1.protect(TestResult.java:106)
	at junit.framework.TestResult.runProtected(TestResult.java:124)
	at junit.framework.TestResult.run(TestResult.java:109)
	at junit.framework.TestCase.run(TestCase.java:118)
	at junit.framework.TestSuite.runTest(TestSuite.java:208)
	at junit.framework.TestSuite.run(TestSuite.java:203)
	at org.apache.tools.ant.taskdefs.optional.junit.JUnitTestRunner.run(JUnitTestRunner.java:325)
	at org.apache.tools.ant.taskdefs.optional.junit.JUnitTask.executeInVM(JUnitTask.java:848)
	at org.apache.tools.ant.taskdefs.optional.junit.JUnitTask.execute(JUnitTask.java:556)
	at org.apache.tools.ant.taskdefs.optional.junit.JUnitTask.execute(JUnitTask.java:532)
	at org.apache.tools.ant.Task.perform(Task.java:341)
	at org.apache.tools.ant.Target.execute(Target.java:309)
	at org.apache.tools.ant.Target.performTasks(Target.java:336)
	at org.apache.tools.ant.Project.executeTarget(Project.java:1339)
	at org.apache.tools.ant.Project.executeTargets(Project.java:1255)
	at org.apache.tools.ant.Main.runBuild(Main.java:609)
	at org.apache.tools.ant.Main.start(Main.java:196)
	at org.apache.tools.ant.Main.main(Main.java:235)
ERROR  load, Unexpected load error
java.lang.NoClassDefFoundError: fr/irisa/triskell/kermeta/parser/KermetaParserTokenTypes
	at java.lang.ClassLoader.defineClass0(Native Method)
	at java.lang.ClassLoader.defineClass(ClassLoader.java:539)
	at sun.reflect.GeneratedMethodAccessor4.invoke(Unknown Source)
	at sun.reflect.DelegatingMethodAccessorImpl.invoke(DelegatingMethodAccessorImpl.java:25)
	at java.lang.reflect.Method.invoke(Method.java:324)
	at org.apache.tools.ant.AntClassLoader.getClassFromStream(AntClassLoader.java:1002)
	at org.apache.tools.ant.AntClassLoader.findClassInComponents(AntClassLoader.java:1064)
	at org.apache.tools.ant.AntClassLoader.findClass(AntClassLoader.java:1036)
	at org.apache.tools.ant.AntClassLoader.loadClass(AntClassLoader.java:931)
	at java.lang.ClassLoader.loadClass(ClassLoader.java:235)
	at java.lang.ClassLoader.loadClassInternal(ClassLoader.java:302)
	at fr.irisa.triskell.kermeta.loader.kmt.KMTUnit.parse(KMTUnit.java:69)
	at fr.irisa.triskell.kermeta.loader.kmt.KMTUnit.preLoad(KMTUnit.java:111)
	at fr.irisa.triskell.kermeta.loader.KermetaUnit.loadAllImportedUnits(KermetaUnit.java:1060)
	at fr.irisa.triskell.kermeta.loader.KermetaUnit.load(KermetaUnit.java:1037)
	at kermeta_io.typechecker_test.JunitTestSuite.testvalidFile(JunitTestSuite.java:203)
	at kermeta_io.typechecker_test.JunitTestSuite.testvalid_test_clone(JunitTestSuite.java:135)
	at sun.reflect.NativeMethodAccessorImpl.invoke0(Native Method)
	at sun.reflect.NativeMethodAccessorImpl.invoke(NativeMethodAccessorImpl.java:39)
	at sun.reflect.DelegatingMethodAccessorImpl.invoke(DelegatingMethodAccessorImpl.java:25)
	at java.lang.reflect.Method.invoke(Method.java:324)
	at junit.framework.TestCase.runTest(TestCase.java:154)
	at junit.framework.TestCase.runBare(TestCase.java:127)
	at junit.framework.TestResult$1.protect(TestResult.java:106)
	at junit.framework.TestResult.runProtected(TestResult.java:124)
	at junit.framework.TestResult.run(TestResult.java:109)
	at junit.framework.TestCase.run(TestCase.java:118)
	at junit.framework.TestSuite.runTest(TestSuite.java:208)
	at junit.framework.TestSuite.run(TestSuite.java:203)
	at org.apache.tools.ant.taskdefs.optional.junit.JUnitTestRunner.run(JUnitTestRunner.java:325)
	at org.apache.tools.ant.taskdefs.optional.junit.JUnitTask.executeInVM(JUnitTask.java:848)
	at org.apache.tools.ant.taskdefs.optional.junit.JUnitTask.execute(JUnitTask.java:556)
	at org.apache.tools.ant.taskdefs.optional.junit.JUnitTask.execute(JUnitTask.java:532)
	at org.apache.tools.ant.Task.perform(Task.java:341)
	at org.apache.tools.ant.Target.execute(Target.java:309)
	at org.apache.tools.ant.Target.performTasks(Target.java:336)
	at org.apache.tools.ant.Project.executeTarget(Project.java:1339)
	at org.apache.tools.ant.Project.executeTargets(Project.java:1255)
	at org.apache.tools.ant.Main.runBuild(Main.java:609)
	at org.apache.tools.ant.Main.start(Main.java:196)
	at org.apache.tools.ant.Main.main(Main.java:235)
15845 [main] ERROR KermetaUnit  - Unexpected load error
java.lang.NoClassDefFoundError: fr/irisa/triskell/kermeta/parser/KermetaParserTokenTypes
	at java.lang.ClassLoader.defineClass0(Native Method)
	at java.lang.ClassLoader.defineClass(ClassLoader.java:539)
	at sun.reflect.GeneratedMethodAccessor4.invoke(Unknown Source)
	at sun.reflect.DelegatingMethodAccessorImpl.invoke(DelegatingMethodAccessorImpl.java:25)
	at java.lang.reflect.Method.invoke(Method.java:324)
	at org.apache.tools.ant.AntClassLoader.getClassFromStream(AntClassLoader.java:1002)
	at org.apache.tools.ant.AntClassLoader.findClassInComponents(AntClassLoader.java:1064)
	at org.apache.tools.ant.AntClassLoader.findClass(AntClassLoader.java:1036)
	at org.apache.tools.ant.AntClassLoader.loadClass(AntClassLoader.java:931)
	at java.lang.ClassLoader.loadClass(ClassLoader.java:235)
	at java.lang.ClassLoader.loadClassInternal(ClassLoader.java:302)
	at fr.irisa.triskell.kermeta.loader.kmt.KMTUnit.parse(KMTUnit.java:69)
	at fr.irisa.triskell.kermeta.loader.kmt.KMTUnit.preLoad(KMTUnit.java:111)
	at fr.irisa.triskell.kermeta.loader.KermetaUnit.loadAllImportedUnits(KermetaUnit.java:1060)
	at fr.irisa.triskell.kermeta.loader.KermetaUnit.load(KermetaUnit.java:1037)
	at kermeta_io.typechecker_test.JunitTestSuite.testvalidFile(JunitTestSuite.java:203)
	at kermeta_io.typechecker_test.JunitTestSuite.testvalid_test_clone(JunitTestSuite.java:135)
	at sun.reflect.NativeMethodAccessorImpl.invoke0(Native Method)
	at sun.reflect.NativeMethodAccessorImpl.invoke(NativeMethodAccessorImpl.java:39)
	at sun.reflect.DelegatingMethodAccessorImpl.invoke(DelegatingMethodAccessorImpl.java:25)
	at java.lang.reflect.Method.invoke(Method.java:324)
	at junit.framework.TestCase.runTest(TestCase.java:154)
	at junit.framework.TestCase.runBare(TestCase.java:127)
	at junit.framework.TestResult$1.protect(TestResult.java:106)
	at junit.framework.TestResult.runProtected(TestResult.java:124)
	at junit.framework.TestResult.run(TestResult.java:109)
	at junit.framework.TestCase.run(TestCase.java:118)
	at junit.framework.TestSuite.runTest(TestSuite.java:208)
	at junit.framework.TestSuite.run(TestSuite.java:203)
	at org.apache.tools.ant.taskdefs.optional.junit.JUnitTestRunner.run(JUnitTestRunner.java:325)
	at org.apache.tools.ant.taskdefs.optional.junit.JUnitTask.executeInVM(JUnitTask.java:848)
	at org.apache.tools.ant.taskdefs.optional.junit.JUnitTask.execute(JUnitTask.java:556)
	at org.apache.tools.ant.taskdefs.optional.junit.JUnitTask.execute(JUnitTask.java:532)
	at org.apache.tools.ant.Task.perform(Task.java:341)
	at org.apache.tools.ant.Target.execute(Target.java:309)
	at org.apache.tools.ant.Target.performTasks(Target.java:336)
	at org.apache.tools.ant.Project.executeTarget(Project.java:1339)
	at org.apache.tools.ant.Project.executeTargets(Project.java:1255)
	at org.apache.tools.ant.Main.runBuild(Main.java:609)
	at org.apache.tools.ant.Main.start(Main.java:196)
	at org.apache.tools.ant.Main.main(Main.java:235)
ERROR  load, Unexpected load error
java.lang.NoClassDefFoundError: fr/irisa/triskell/kermeta/parser/KermetaParserTokenTypes
	at java.lang.ClassLoader.defineClass0(Native Method)
	at java.lang.ClassLoader.defineClass(ClassLoader.java:539)
	at sun.reflect.GeneratedMethodAccessor4.invoke(Unknown Source)
	at sun.reflect.DelegatingMethodAccessorImpl.invoke(DelegatingMethodAccessorImpl.java:25)
	at java.lang.reflect.Method.invoke(Method.java:324)
	at org.apache.tools.ant.AntClassLoader.getClassFromStream(AntClassLoader.java:1002)
	at org.apache.tools.ant.AntClassLoader.findClassInComponents(AntClassLoader.java:1064)
	at org.apache.tools.ant.AntClassLoader.findClass(AntClassLoader.java:1036)
	at org.apache.tools.ant.AntClassLoader.loadClass(AntClassLoader.java:931)
	at java.lang.ClassLoader.loadClass(ClassLoader.java:235)
	at java.lang.ClassLoader.loadClassInternal(ClassLoader.java:302)
	at fr.irisa.triskell.kermeta.loader.kmt.KMTUnit.parse(KMTUnit.java:69)
	at fr.irisa.triskell.kermeta.loader.kmt.KMTUnit.preLoad(KMTUnit.java:111)
	at fr.irisa.triskell.kermeta.loader.KermetaUnit.loadAllImportedUnits(KermetaUnit.java:1060)
	at fr.irisa.triskell.kermeta.loader.KermetaUnit.load(KermetaUnit.java:1037)
	at kermeta_io.typechecker_test.JunitTestSuite.testinvalidFile(JunitTestSuite.java:226)
	at kermeta_io.typechecker_test.JunitTestSuite.testinvalid_013_kermetaSignature(JunitTestSuite.java:139)
	at sun.reflect.NativeMethodAccessorImpl.invoke0(Native Method)
	at sun.reflect.NativeMethodAccessorImpl.invoke(NativeMethodAccessorImpl.java:39)
	at sun.reflect.DelegatingMethodAccessorImpl.invoke(DelegatingMethodAccessorImpl.java:25)
	at java.lang.reflect.Method.invoke(Method.java:324)
	at junit.framework.TestCase.runTest(TestCase.java:154)
	at junit.framework.TestCase.runBare(TestCase.java:127)
	at junit.framework.TestResult$1.protect(TestResult.java:106)
	at junit.framework.TestResult.runProtected(TestResult.java:124)
	at junit.framework.TestResult.run(TestResult.java:109)
	at junit.framework.TestCase.run(TestCase.java:118)
	at junit.framework.TestSuite.runTest(TestSuite.java:208)
	at junit.framework.TestSuite.run(TestSuite.java:203)
	at org.apache.tools.ant.taskdefs.optional.junit.JUnitTestRunner.run(JUnitTestRunner.java:325)
	at org.apache.tools.ant.taskdefs.optional.junit.JUnitTask.executeInVM(JUnitTask.java:848)
	at org.apache.tools.ant.taskdefs.optional.junit.JUnitTask.execute(JUnitTask.java:556)
	at org.apache.tools.ant.taskdefs.optional.junit.JUnitTask.execute(JUnitTask.java:532)
	at org.apache.tools.ant.Task.perform(Task.java:341)
	at org.apache.tools.ant.Target.execute(Target.java:309)
	at org.apache.tools.ant.Target.performTasks(Target.java:336)
	at org.apache.tools.ant.Project.executeTarget(Project.java:1339)
	at org.apache.tools.ant.Project.executeTargets(Project.java:1255)
	at org.apache.tools.ant.Main.runBuild(Main.java:609)
	at org.apache.tools.ant.Main.start(Main.java:196)
	at org.apache.tools.ant.Main.main(Main.java:235)
16776 [main] ERROR KermetaUnit  - Unexpected load error
java.lang.NoClassDefFoundError: fr/irisa/triskell/kermeta/parser/KermetaParserTokenTypes
	at java.lang.ClassLoader.defineClass0(Native Method)
	at java.lang.ClassLoader.defineClass(ClassLoader.java:539)
	at sun.reflect.GeneratedMethodAccessor4.invoke(Unknown Source)
	at sun.reflect.DelegatingMethodAccessorImpl.invoke(DelegatingMethodAccessorImpl.java:25)
	at java.lang.reflect.Method.invoke(Method.java:324)
	at org.apache.tools.ant.AntClassLoader.getClassFromStream(AntClassLoader.java:1002)
	at org.apache.tools.ant.AntClassLoader.findClassInComponents(AntClassLoader.java:1064)
	at org.apache.tools.ant.AntClassLoader.findClass(AntClassLoader.java:1036)
	at org.apache.tools.ant.AntClassLoader.loadClass(AntClassLoader.java:931)
	at java.lang.ClassLoader.loadClass(ClassLoader.java:235)
	at java.lang.ClassLoader.loadClassInternal(ClassLoader.java:302)
	at fr.irisa.triskell.kermeta.loader.kmt.KMTUnit.parse(KMTUnit.java:69)
	at fr.irisa.triskell.kermeta.loader.kmt.KMTUnit.preLoad(KMTUnit.java:111)
	at fr.irisa.triskell.kermeta.loader.KermetaUnit.loadAllImportedUnits(KermetaUnit.java:1060)
	at fr.irisa.triskell.kermeta.loader.KermetaUnit.load(KermetaUnit.java:1037)
	at kermeta_io.typechecker_test.JunitTestSuite.testinvalidFile(JunitTestSuite.java:226)
	at kermeta_io.typechecker_test.JunitTestSuite.testinvalid_013_kermetaSignature(JunitTestSuite.java:139)
	at sun.reflect.NativeMethodAccessorImpl.invoke0(Native Method)
	at sun.reflect.NativeMethodAccessorImpl.invoke(NativeMethodAccessorImpl.java:39)
	at sun.reflect.DelegatingMethodAccessorImpl.invoke(DelegatingMethodAccessorImpl.java:25)
	at java.lang.reflect.Method.invoke(Method.java:324)
	at junit.framework.TestCase.runTest(TestCase.java:154)
	at junit.framework.TestCase.runBare(TestCase.java:127)
	at junit.framework.TestResult$1.protect(TestResult.java:106)
	at junit.framework.TestResult.runProtected(TestResult.java:124)
	at junit.framework.TestResult.run(TestResult.java:109)
	at junit.framework.TestCase.run(TestCase.java:118)
	at junit.framework.TestSuite.runTest(TestSuite.java:208)
	at junit.framework.TestSuite.run(TestSuite.java:203)
	at org.apache.tools.ant.taskdefs.optional.junit.JUnitTestRunner.run(JUnitTestRunner.java:325)
	at org.apache.tools.ant.taskdefs.optional.junit.JUnitTask.executeInVM(JUnitTask.java:848)
	at org.apache.tools.ant.taskdefs.optional.junit.JUnitTask.execute(JUnitTask.java:556)
	at org.apache.tools.ant.taskdefs.optional.junit.JUnitTask.execute(JUnitTask.java:532)
	at org.apache.tools.ant.Task.perform(Task.java:341)
	at org.apache.tools.ant.Target.execute(Target.java:309)
	at org.apache.tools.ant.Target.performTasks(Target.java:336)
	at org.apache.tools.ant.Project.executeTarget(Project.java:1339)
	at org.apache.tools.ant.Project.executeTargets(Project.java:1255)
	at org.apache.tools.ant.Main.runBuild(Main.java:609)
	at org.apache.tools.ant.Main.start(Main.java:196)
	at org.apache.tools.ant.Main.main(Main.java:235)
ERROR  load, Unexpected load error
java.lang.NoClassDefFoundError: fr/irisa/triskell/kermeta/parser/KermetaParserTokenTypes
	at java.lang.ClassLoader.defineClass0(Native Method)
	at java.lang.ClassLoader.defineClass(ClassLoader.java:539)
	at sun.reflect.GeneratedMethodAccessor4.invoke(Unknown Source)
	at sun.reflect.DelegatingMethodAccessorImpl.invoke(DelegatingMethodAccessorImpl.java:25)
	at java.lang.reflect.Method.invoke(Method.java:324)
	at org.apache.tools.ant.AntClassLoader.getClassFromStream(AntClassLoader.java:1002)
	at org.apache.tools.ant.AntClassLoader.findClassInComponents(AntClassLoader.java:1064)
	at org.apache.tools.ant.AntClassLoader.findClass(AntClassLoader.java:1036)
	at org.apache.tools.ant.AntClassLoader.loadClass(AntClassLoader.java:931)
	at java.lang.ClassLoader.loadClass(ClassLoader.java:235)
	at java.lang.ClassLoader.loadClassInternal(ClassLoader.java:302)
	at fr.irisa.triskell.kermeta.loader.kmt.KMTUnit.parse(KMTUnit.java:69)
	at fr.irisa.triskell.kermeta.loader.kmt.KMTUnit.preLoad(KMTUnit.java:111)
	at fr.irisa.triskell.kermeta.loader.KermetaUnit.loadAllImportedUnits(KermetaUnit.java:1060)
	at fr.irisa.triskell.kermeta.loader.KermetaUnit.load(KermetaUnit.java:1037)
	at kermeta_io.typechecker_test.JunitTestSuite.testinvalidFile(JunitTestSuite.java:226)
	at kermeta_io.typechecker_test.JunitTestSuite.testinvalid_1_ClassSubTyping_1(JunitTestSuite.java:143)
	at sun.reflect.NativeMethodAccessorImpl.invoke0(Native Method)
	at sun.reflect.NativeMethodAccessorImpl.invoke(NativeMethodAccessorImpl.java:39)
	at sun.reflect.DelegatingMethodAccessorImpl.invoke(DelegatingMethodAccessorImpl.java:25)
	at java.lang.reflect.Method.invoke(Method.java:324)
	at junit.framework.TestCase.runTest(TestCase.java:154)
	at junit.framework.TestCase.runBare(TestCase.java:127)
	at junit.framework.TestResult$1.protect(TestResult.java:106)
	at junit.framework.TestResult.runProtected(TestResult.java:124)
	at junit.framework.TestResult.run(TestResult.java:109)
	at junit.framework.TestCase.run(TestCase.java:118)
	at junit.framework.TestSuite.runTest(TestSuite.java:208)
	at junit.framework.TestSuite.run(TestSuite.java:203)
	at org.apache.tools.ant.taskdefs.optional.junit.JUnitTestRunner.run(JUnitTestRunner.java:325)
	at org.apache.tools.ant.taskdefs.optional.junit.JUnitTask.executeInVM(JUnitTask.java:848)
	at org.apache.tools.ant.taskdefs.optional.junit.JUnitTask.execute(JUnitTask.java:556)
	at org.apache.tools.ant.taskdefs.optional.junit.JUnitTask.execute(JUnitTask.java:532)
	at org.apache.tools.ant.Task.perform(Task.java:341)
	at org.apache.tools.ant.Target.execute(Target.java:309)
	at org.apache.tools.ant.Target.performTasks(Target.java:336)
	at org.apache.tools.ant.Project.executeTarget(Project.java:1339)
	at org.apache.tools.ant.Project.executeTargets(Project.java:1255)
	at org.apache.tools.ant.Main.runBuild(Main.java:609)
	at org.apache.tools.ant.Main.start(Main.java:196)
	at org.apache.tools.ant.Main.main(Main.java:235)
17705 [main] ERROR KermetaUnit  - Unexpected load error
java.lang.NoClassDefFoundError: fr/irisa/triskell/kermeta/parser/KermetaParserTokenTypes
	at java.lang.ClassLoader.defineClass0(Native Method)
	at java.lang.ClassLoader.defineClass(ClassLoader.java:539)
	at sun.reflect.GeneratedMethodAccessor4.invoke(Unknown Source)
	at sun.reflect.DelegatingMethodAccessorImpl.invoke(DelegatingMethodAccessorImpl.java:25)
	at java.lang.reflect.Method.invoke(Method.java:324)
	at org.apache.tools.ant.AntClassLoader.getClassFromStream(AntClassLoader.java:1002)
	at org.apache.tools.ant.AntClassLoader.findClassInComponents(AntClassLoader.java:1064)
	at org.apache.tools.ant.AntClassLoader.findClass(AntClassLoader.java:1036)
	at org.apache.tools.ant.AntClassLoader.loadClass(AntClassLoader.java:931)
	at java.lang.ClassLoader.loadClass(ClassLoader.java:235)
	at java.lang.ClassLoader.loadClassInternal(ClassLoader.java:302)
	at fr.irisa.triskell.kermeta.loader.kmt.KMTUnit.parse(KMTUnit.java:69)
	at fr.irisa.triskell.kermeta.loader.kmt.KMTUnit.preLoad(KMTUnit.java:111)
	at fr.irisa.triskell.kermeta.loader.KermetaUnit.loadAllImportedUnits(KermetaUnit.java:1060)
	at fr.irisa.triskell.kermeta.loader.KermetaUnit.load(KermetaUnit.java:1037)
	at kermeta_io.typechecker_test.JunitTestSuite.testinvalidFile(JunitTestSuite.java:226)
	at kermeta_io.typechecker_test.JunitTestSuite.testinvalid_1_ClassSubTyping_1(JunitTestSuite.java:143)
	at sun.reflect.NativeMethodAccessorImpl.invoke0(Native Method)
	at sun.reflect.NativeMethodAccessorImpl.invoke(NativeMethodAccessorImpl.java:39)
	at sun.reflect.DelegatingMethodAccessorImpl.invoke(DelegatingMethodAccessorImpl.java:25)
	at java.lang.reflect.Method.invoke(Method.java:324)
	at junit.framework.TestCase.runTest(TestCase.java:154)
	at junit.framework.TestCase.runBare(TestCase.java:127)
	at junit.framework.TestResult$1.protect(TestResult.java:106)
	at junit.framework.TestResult.runProtected(TestResult.java:124)
	at junit.framework.TestResult.run(TestResult.java:109)
	at junit.framework.TestCase.run(TestCase.java:118)
	at junit.framework.TestSuite.runTest(TestSuite.java:208)
	at junit.framework.TestSuite.run(TestSuite.java:203)
	at org.apache.tools.ant.taskdefs.optional.junit.JUnitTestRunner.run(JUnitTestRunner.java:325)
	at org.apache.tools.ant.taskdefs.optional.junit.JUnitTask.executeInVM(JUnitTask.java:848)
	at org.apache.tools.ant.taskdefs.optional.junit.JUnitTask.execute(JUnitTask.java:556)
	at org.apache.tools.ant.taskdefs.optional.junit.JUnitTask.execute(JUnitTask.java:532)
	at org.apache.tools.ant.Task.perform(Task.java:341)
	at org.apache.tools.ant.Target.execute(Target.java:309)
	at org.apache.tools.ant.Target.performTasks(Target.java:336)
	at org.apache.tools.ant.Project.executeTarget(Project.java:1339)
	at org.apache.tools.ant.Project.executeTargets(Project.java:1255)
	at org.apache.tools.ant.Main.runBuild(Main.java:609)
	at org.apache.tools.ant.Main.start(Main.java:196)
	at org.apache.tools.ant.Main.main(Main.java:235)
ERROR  load, Unexpected load error
java.lang.NoClassDefFoundError: fr/irisa/triskell/kermeta/parser/KermetaParserTokenTypes
	at java.lang.ClassLoader.defineClass0(Native Method)
	at java.lang.ClassLoader.defineClass(ClassLoader.java:539)
	at sun.reflect.GeneratedMethodAccessor4.invoke(Unknown Source)
	at sun.reflect.DelegatingMethodAccessorImpl.invoke(DelegatingMethodAccessorImpl.java:25)
	at java.lang.reflect.Method.invoke(Method.java:324)
	at org.apache.tools.ant.AntClassLoader.getClassFromStream(AntClassLoader.java:1002)
	at org.apache.tools.ant.AntClassLoader.findClassInComponents(AntClassLoader.java:1064)
	at org.apache.tools.ant.AntClassLoader.findClass(AntClassLoader.java:1036)
	at org.apache.tools.ant.AntClassLoader.loadClass(AntClassLoader.java:931)
	at java.lang.ClassLoader.loadClass(ClassLoader.java:235)
	at java.lang.ClassLoader.loadClassInternal(ClassLoader.java:302)
	at fr.irisa.triskell.kermeta.loader.kmt.KMTUnit.parse(KMTUnit.java:69)
	at fr.irisa.triskell.kermeta.loader.kmt.KMTUnit.preLoad(KMTUnit.java:111)
	at fr.irisa.triskell.kermeta.loader.KermetaUnit.loadAllImportedUnits(KermetaUnit.java:1060)
	at fr.irisa.triskell.kermeta.loader.KermetaUnit.load(KermetaUnit.java:1037)
	at kermeta_io.typechecker_test.JunitTestSuite.testinvalidFile(JunitTestSuite.java:226)
	at kermeta_io.typechecker_test.JunitTestSuite.testinvalid_2_ClassSubTypingWithGenerics(JunitTestSuite.java:147)
	at sun.reflect.NativeMethodAccessorImpl.invoke0(Native Method)
	at sun.reflect.NativeMethodAccessorImpl.invoke(NativeMethodAccessorImpl.java:39)
	at sun.reflect.DelegatingMethodAccessorImpl.invoke(DelegatingMethodAccessorImpl.java:25)
	at java.lang.reflect.Method.invoke(Method.java:324)
	at junit.framework.TestCase.runTest(TestCase.java:154)
	at junit.framework.TestCase.runBare(TestCase.java:127)
	at junit.framework.TestResult$1.protect(TestResult.java:106)
	at junit.framework.TestResult.runProtected(TestResult.java:124)
	at junit.framework.TestResult.run(TestResult.java:109)
	at junit.framework.TestCase.run(TestCase.java:118)
	at junit.framework.TestSuite.runTest(TestSuite.java:208)
	at junit.framework.TestSuite.run(TestSuite.java:203)
	at org.apache.tools.ant.taskdefs.optional.junit.JUnitTestRunner.run(JUnitTestRunner.java:325)
	at org.apache.tools.ant.taskdefs.optional.junit.JUnitTask.executeInVM(JUnitTask.java:848)
	at org.apache.tools.ant.taskdefs.optional.junit.JUnitTask.execute(JUnitTask.java:556)
	at org.apache.tools.ant.taskdefs.optional.junit.JUnitTask.execute(JUnitTask.java:532)
	at org.apache.tools.ant.Task.perform(Task.java:341)
	at org.apache.tools.ant.Target.execute(Target.java:309)
	at org.apache.tools.ant.Target.performTasks(Target.java:336)
	at org.apache.tools.ant.Project.executeTarget(Project.java:1339)
	at org.apache.tools.ant.Project.executeTargets(Project.java:1255)
	at org.apache.tools.ant.Main.runBuild(Main.java:609)
	at org.apache.tools.ant.Main.start(Main.java:196)
	at org.apache.tools.ant.Main.main(Main.java:235)
18624 [main] ERROR KermetaUnit  - Unexpected load error
java.lang.NoClassDefFoundError: fr/irisa/triskell/kermeta/parser/KermetaParserTokenTypes
	at java.lang.ClassLoader.defineClass0(Native Method)
	at java.lang.ClassLoader.defineClass(ClassLoader.java:539)
	at sun.reflect.GeneratedMethodAccessor4.invoke(Unknown Source)
	at sun.reflect.DelegatingMethodAccessorImpl.invoke(DelegatingMethodAccessorImpl.java:25)
	at java.lang.reflect.Method.invoke(Method.java:324)
	at org.apache.tools.ant.AntClassLoader.getClassFromStream(AntClassLoader.java:1002)
	at org.apache.tools.ant.AntClassLoader.findClassInComponents(AntClassLoader.java:1064)
	at org.apache.tools.ant.AntClassLoader.findClass(AntClassLoader.java:1036)
	at org.apache.tools.ant.AntClassLoader.loadClass(AntClassLoader.java:931)
	at java.lang.ClassLoader.loadClass(ClassLoader.java:235)
	at java.lang.ClassLoader.loadClassInternal(ClassLoader.java:302)
	at fr.irisa.triskell.kermeta.loader.kmt.KMTUnit.parse(KMTUnit.java:69)
	at fr.irisa.triskell.kermeta.loader.kmt.KMTUnit.preLoad(KMTUnit.java:111)
	at fr.irisa.triskell.kermeta.loader.KermetaUnit.loadAllImportedUnits(KermetaUnit.java:1060)
	at fr.irisa.triskell.kermeta.loader.KermetaUnit.load(KermetaUnit.java:1037)
	at kermeta_io.typechecker_test.JunitTestSuite.testinvalidFile(JunitTestSuite.java:226)
	at kermeta_io.typechecker_test.JunitTestSuite.testinvalid_2_ClassSubTypingWithGenerics(JunitTestSuite.java:147)
	at sun.reflect.NativeMethodAccessorImpl.invoke0(Native Method)
	at sun.reflect.NativeMethodAccessorImpl.invoke(NativeMethodAccessorImpl.java:39)
	at sun.reflect.DelegatingMethodAccessorImpl.invoke(DelegatingMethodAccessorImpl.java:25)
	at java.lang.reflect.Method.invoke(Method.java:324)
	at junit.framework.TestCase.runTest(TestCase.java:154)
	at junit.framework.TestCase.runBare(TestCase.java:127)
	at junit.framework.TestResult$1.protect(TestResult.java:106)
	at junit.framework.TestResult.runProtected(TestResult.java:124)
	at junit.framework.TestResult.run(TestResult.java:109)
	at junit.framework.TestCase.run(TestCase.java:118)
	at junit.framework.TestSuite.runTest(TestSuite.java:208)
	at junit.framework.TestSuite.run(TestSuite.java:203)
	at org.apache.tools.ant.taskdefs.optional.junit.JUnitTestRunner.run(JUnitTestRunner.java:325)
	at org.apache.tools.ant.taskdefs.optional.junit.JUnitTask.executeInVM(JUnitTask.java:848)
	at org.apache.tools.ant.taskdefs.optional.junit.JUnitTask.execute(JUnitTask.java:556)
	at org.apache.tools.ant.taskdefs.optional.junit.JUnitTask.execute(JUnitTask.java:532)
	at org.apache.tools.ant.Task.perform(Task.java:341)
	at org.apache.tools.ant.Target.execute(Target.java:309)
	at org.apache.tools.ant.Target.performTasks(Target.java:336)
	at org.apache.tools.ant.Project.executeTarget(Project.java:1339)
	at org.apache.tools.ant.Project.executeTargets(Project.java:1255)
	at org.apache.tools.ant.Main.runBuild(Main.java:609)
	at org.apache.tools.ant.Main.start(Main.java:196)
	at org.apache.tools.ant.Main.main(Main.java:235)
ERROR  load, Unexpected load error
java.lang.NoClassDefFoundError: fr/irisa/triskell/kermeta/parser/KermetaParserTokenTypes
	at java.lang.ClassLoader.defineClass0(Native Method)
	at java.lang.ClassLoader.defineClass(ClassLoader.java:539)
	at sun.reflect.GeneratedMethodAccessor4.invoke(Unknown Source)
	at sun.reflect.DelegatingMethodAccessorImpl.invoke(DelegatingMethodAccessorImpl.java:25)
	at java.lang.reflect.Method.invoke(Method.java:324)
	at org.apache.tools.ant.AntClassLoader.getClassFromStream(AntClassLoader.java:1002)
	at org.apache.tools.ant.AntClassLoader.findClassInComponents(AntClassLoader.java:1064)
	at org.apache.tools.ant.AntClassLoader.findClass(AntClassLoader.java:1036)
	at org.apache.tools.ant.AntClassLoader.loadClass(AntClassLoader.java:931)
	at java.lang.ClassLoader.loadClass(ClassLoader.java:235)
	at java.lang.ClassLoader.loadClassInternal(ClassLoader.java:302)
	at fr.irisa.triskell.kermeta.loader.kmt.KMTUnit.parse(KMTUnit.java:69)
	at fr.irisa.triskell.kermeta.loader.kmt.KMTUnit.preLoad(KMTUnit.java:111)
	at fr.irisa.triskell.kermeta.loader.KermetaUnit.loadAllImportedUnits(KermetaUnit.java:1060)
	at fr.irisa.triskell.kermeta.loader.KermetaUnit.load(KermetaUnit.java:1037)
	at kermeta_io.typechecker_test.JunitTestSuite.testinvalidFile(JunitTestSuite.java:226)
	at kermeta_io.typechecker_test.JunitTestSuite.testinvalid_ClassSubTypingWithGenericOperations(JunitTestSuite.java:151)
	at sun.reflect.NativeMethodAccessorImpl.invoke0(Native Method)
	at sun.reflect.NativeMethodAccessorImpl.invoke(NativeMethodAccessorImpl.java:39)
	at sun.reflect.DelegatingMethodAccessorImpl.invoke(DelegatingMethodAccessorImpl.java:25)
	at java.lang.reflect.Method.invoke(Method.java:324)
	at junit.framework.TestCase.runTest(TestCase.java:154)
	at junit.framework.TestCase.runBare(TestCase.java:127)
	at junit.framework.TestResult$1.protect(TestResult.java:106)
	at junit.framework.TestResult.runProtected(TestResult.java:124)
	at junit.framework.TestResult.run(TestResult.java:109)
	at junit.framework.TestCase.run(TestCase.java:118)
	at junit.framework.TestSuite.runTest(TestSuite.java:208)
	at junit.framework.TestSuite.run(TestSuite.java:203)
	at org.apache.tools.ant.taskdefs.optional.junit.JUnitTestRunner.run(JUnitTestRunner.java:325)
	at org.apache.tools.ant.taskdefs.optional.junit.JUnitTask.executeInVM(JUnitTask.java:848)
	at org.apache.tools.ant.taskdefs.optional.junit.JUnitTask.execute(JUnitTask.java:556)
	at org.apache.tools.ant.taskdefs.optional.junit.JUnitTask.execute(JUnitTask.java:532)
	at org.apache.tools.ant.Task.perform(Task.java:341)
	at org.apache.tools.ant.Target.execute(Target.java:309)
	at org.apache.tools.ant.Target.performTasks(Target.java:336)
	at org.apache.tools.ant.Project.executeTarget(Project.java:1339)
	at org.apache.tools.ant.Project.executeTargets(Project.java:1255)
	at org.apache.tools.ant.Main.runBuild(Main.java:609)
	at org.apache.tools.ant.Main.start(Main.java:196)
	at org.apache.tools.ant.Main.main(Main.java:235)
19548 [main] ERROR KermetaUnit  - Unexpected load error
java.lang.NoClassDefFoundError: fr/irisa/triskell/kermeta/parser/KermetaParserTokenTypes
	at java.lang.ClassLoader.defineClass0(Native Method)
	at java.lang.ClassLoader.defineClass(ClassLoader.java:539)
	at sun.reflect.GeneratedMethodAccessor4.invoke(Unknown Source)
	at sun.reflect.DelegatingMethodAccessorImpl.invoke(DelegatingMethodAccessorImpl.java:25)
	at java.lang.reflect.Method.invoke(Method.java:324)
	at org.apache.tools.ant.AntClassLoader.getClassFromStream(AntClassLoader.java:1002)
	at org.apache.tools.ant.AntClassLoader.findClassInComponents(AntClassLoader.java:1064)
	at org.apache.tools.ant.AntClassLoader.findClass(AntClassLoader.java:1036)
	at org.apache.tools.ant.AntClassLoader.loadClass(AntClassLoader.java:931)
	at java.lang.ClassLoader.loadClass(ClassLoader.java:235)
	at java.lang.ClassLoader.loadClassInternal(ClassLoader.java:302)
	at fr.irisa.triskell.kermeta.loader.kmt.KMTUnit.parse(KMTUnit.java:69)
	at fr.irisa.triskell.kermeta.loader.kmt.KMTUnit.preLoad(KMTUnit.java:111)
	at fr.irisa.triskell.kermeta.loader.KermetaUnit.loadAllImportedUnits(KermetaUnit.java:1060)
	at fr.irisa.triskell.kermeta.loader.KermetaUnit.load(KermetaUnit.java:1037)
	at kermeta_io.typechecker_test.JunitTestSuite.testinvalidFile(JunitTestSuite.java:226)
	at kermeta_io.typechecker_test.JunitTestSuite.testinvalid_ClassSubTypingWithGenericOperations(JunitTestSuite.java:151)
	at sun.reflect.NativeMethodAccessorImpl.invoke0(Native Method)
	at sun.reflect.NativeMethodAccessorImpl.invoke(NativeMethodAccessorImpl.java:39)
	at sun.reflect.DelegatingMethodAccessorImpl.invoke(DelegatingMethodAccessorImpl.java:25)
	at java.lang.reflect.Method.invoke(Method.java:324)
	at junit.framework.TestCase.runTest(TestCase.java:154)
	at junit.framework.TestCase.runBare(TestCase.java:127)
	at junit.framework.TestResult$1.protect(TestResult.java:106)
	at junit.framework.TestResult.runProtected(TestResult.java:124)
	at junit.framework.TestResult.run(TestResult.java:109)
	at junit.framework.TestCase.run(TestCase.java:118)
	at junit.framework.TestSuite.runTest(TestSuite.java:208)
	at junit.framework.TestSuite.run(TestSuite.java:203)
	at org.apache.tools.ant.taskdefs.optional.junit.JUnitTestRunner.run(JUnitTestRunner.java:325)
	at org.apache.tools.ant.taskdefs.optional.junit.JUnitTask.executeInVM(JUnitTask.java:848)
	at org.apache.tools.ant.taskdefs.optional.junit.JUnitTask.execute(JUnitTask.java:556)
	at org.apache.tools.ant.taskdefs.optional.junit.JUnitTask.execute(JUnitTask.java:532)
	at org.apache.tools.ant.Task.perform(Task.java:341)
	at org.apache.tools.ant.Target.execute(Target.java:309)
	at org.apache.tools.ant.Target.performTasks(Target.java:336)
	at org.apache.tools.ant.Project.executeTarget(Project.java:1339)
	at org.apache.tools.ant.Project.executeTargets(Project.java:1255)
	at org.apache.tools.ant.Main.runBuild(Main.java:609)
	at org.apache.tools.ant.Main.start(Main.java:196)
	at org.apache.tools.ant.Main.main(Main.java:235)
ERROR  load, Unexpected load error
java.lang.NoClassDefFoundError: fr/irisa/triskell/kermeta/parser/KermetaParserTokenTypes
	at java.lang.ClassLoader.defineClass0(Native Method)
	at java.lang.ClassLoader.defineClass(ClassLoader.java:539)
	at sun.reflect.GeneratedMethodAccessor4.invoke(Unknown Source)
	at sun.reflect.DelegatingMethodAccessorImpl.invoke(DelegatingMethodAccessorImpl.java:25)
	at java.lang.reflect.Method.invoke(Method.java:324)
	at org.apache.tools.ant.AntClassLoader.getClassFromStream(AntClassLoader.java:1002)
	at org.apache.tools.ant.AntClassLoader.findClassInComponents(AntClassLoader.java:1064)
	at org.apache.tools.ant.AntClassLoader.findClass(AntClassLoader.java:1036)
	at org.apache.tools.ant.AntClassLoader.loadClass(AntClassLoader.java:931)
	at java.lang.ClassLoader.loadClass(ClassLoader.java:235)
	at java.lang.ClassLoader.loadClassInternal(ClassLoader.java:302)
	at fr.irisa.triskell.kermeta.loader.kmt.KMTUnit.parse(KMTUnit.java:69)
	at fr.irisa.triskell.kermeta.loader.kmt.KMTUnit.preLoad(KMTUnit.java:111)
	at fr.irisa.triskell.kermeta.loader.KermetaUnit.loadAllImportedUnits(KermetaUnit.java:1060)
	at fr.irisa.triskell.kermeta.loader.KermetaUnit.load(KermetaUnit.java:1037)
	at kermeta_io.typechecker_test.JunitTestSuite.testinvalidFile(JunitTestSuite.java:226)
	at kermeta_io.typechecker_test.JunitTestSuite.testinvalid_Class_new(JunitTestSuite.java:155)
	at sun.reflect.NativeMethodAccessorImpl.invoke0(Native Method)
	at sun.reflect.NativeMethodAccessorImpl.invoke(NativeMethodAccessorImpl.java:39)
	at sun.reflect.DelegatingMethodAccessorImpl.invoke(DelegatingMethodAccessorImpl.java:25)
	at java.lang.reflect.Method.invoke(Method.java:324)
	at junit.framework.TestCase.runTest(TestCase.java:154)
	at junit.framework.TestCase.runBare(TestCase.java:127)
	at junit.framework.TestResult$1.protect(TestResult.java:106)
	at junit.framework.TestResult.runProtected(TestResult.java:124)
	at junit.framework.TestResult.run(TestResult.java:109)
	at junit.framework.TestCase.run(TestCase.java:118)
	at junit.framework.TestSuite.runTest(TestSuite.java:208)
	at junit.framework.TestSuite.run(TestSuite.java:203)
	at org.apache.tools.ant.taskdefs.optional.junit.JUnitTestRunner.run(JUnitTestRunner.java:325)
	at org.apache.tools.ant.taskdefs.optional.junit.JUnitTask.executeInVM(JUnitTask.java:848)
	at org.apache.tools.ant.taskdefs.optional.junit.JUnitTask.execute(JUnitTask.java:556)
	at org.apache.tools.ant.taskdefs.optional.junit.JUnitTask.execute(JUnitTask.java:532)
	at org.apache.tools.ant.Task.perform(Task.java:341)
	at org.apache.tools.ant.Target.execute(Target.java:309)
	at org.apache.tools.ant.Target.performTasks(Target.java:336)
	at org.apache.tools.ant.Project.executeTarget(Project.java:1339)
	at org.apache.tools.ant.Project.executeTargets(Project.java:1255)
	at org.apache.tools.ant.Main.runBuild(Main.java:609)
	at org.apache.tools.ant.Main.start(Main.java:196)
	at org.apache.tools.ant.Main.main(Main.java:235)
20484 [main] ERROR KermetaUnit  - Unexpected load error
java.lang.NoClassDefFoundError: fr/irisa/triskell/kermeta/parser/KermetaParserTokenTypes
	at java.lang.ClassLoader.defineClass0(Native Method)
	at java.lang.ClassLoader.defineClass(ClassLoader.java:539)
	at sun.reflect.GeneratedMethodAccessor4.invoke(Unknown Source)
	at sun.reflect.DelegatingMethodAccessorImpl.invoke(DelegatingMethodAccessorImpl.java:25)
	at java.lang.reflect.Method.invoke(Method.java:324)
	at org.apache.tools.ant.AntClassLoader.getClassFromStream(AntClassLoader.java:1002)
	at org.apache.tools.ant.AntClassLoader.findClassInComponents(AntClassLoader.java:1064)
	at org.apache.tools.ant.AntClassLoader.findClass(AntClassLoader.java:1036)
	at org.apache.tools.ant.AntClassLoader.loadClass(AntClassLoader.java:931)
	at java.lang.ClassLoader.loadClass(ClassLoader.java:235)
	at java.lang.ClassLoader.loadClassInternal(ClassLoader.java:302)
	at fr.irisa.triskell.kermeta.loader.kmt.KMTUnit.parse(KMTUnit.java:69)
	at fr.irisa.triskell.kermeta.loader.kmt.KMTUnit.preLoad(KMTUnit.java:111)
	at fr.irisa.triskell.kermeta.loader.KermetaUnit.loadAllImportedUnits(KermetaUnit.java:1060)
	at fr.irisa.triskell.kermeta.loader.KermetaUnit.load(KermetaUnit.java:1037)
	at kermeta_io.typechecker_test.JunitTestSuite.testinvalidFile(JunitTestSuite.java:226)
	at kermeta_io.typechecker_test.JunitTestSuite.testinvalid_Class_new(JunitTestSuite.java:155)
	at sun.reflect.NativeMethodAccessorImpl.invoke0(Native Method)
	at sun.reflect.NativeMethodAccessorImpl.invoke(NativeMethodAccessorImpl.java:39)
	at sun.reflect.DelegatingMethodAccessorImpl.invoke(DelegatingMethodAccessorImpl.java:25)
	at java.lang.reflect.Method.invoke(Method.java:324)
	at junit.framework.TestCase.runTest(TestCase.java:154)
	at junit.framework.TestCase.runBare(TestCase.java:127)
	at junit.framework.TestResult$1.protect(TestResult.java:106)
	at junit.framework.TestResult.runProtected(TestResult.java:124)
	at junit.framework.TestResult.run(TestResult.java:109)
	at junit.framework.TestCase.run(TestCase.java:118)
	at junit.framework.TestSuite.runTest(TestSuite.java:208)
	at junit.framework.TestSuite.run(TestSuite.java:203)
	at org.apache.tools.ant.taskdefs.optional.junit.JUnitTestRunner.run(JUnitTestRunner.java:325)
	at org.apache.tools.ant.taskdefs.optional.junit.JUnitTask.executeInVM(JUnitTask.java:848)
	at org.apache.tools.ant.taskdefs.optional.junit.JUnitTask.execute(JUnitTask.java:556)
	at org.apache.tools.ant.taskdefs.optional.junit.JUnitTask.execute(JUnitTask.java:532)
	at org.apache.tools.ant.Task.perform(Task.java:341)
	at org.apache.tools.ant.Target.execute(Target.java:309)
	at org.apache.tools.ant.Target.performTasks(Target.java:336)
	at org.apache.tools.ant.Project.executeTarget(Project.java:1339)
	at org.apache.tools.ant.Project.executeTargets(Project.java:1255)
	at org.apache.tools.ant.Main.runBuild(Main.java:609)
	at org.apache.tools.ant.Main.start(Main.java:196)
	at org.apache.tools.ant.Main.main(Main.java:235)
ERROR  load, Unexpected load error
java.lang.NoClassDefFoundError: fr/irisa/triskell/kermeta/parser/KermetaParserTokenTypes
	at java.lang.ClassLoader.defineClass0(Native Method)
	at java.lang.ClassLoader.defineClass(ClassLoader.java:539)
	at sun.reflect.GeneratedMethodAccessor4.invoke(Unknown Source)
	at sun.reflect.DelegatingMethodAccessorImpl.invoke(DelegatingMethodAccessorImpl.java:25)
	at java.lang.reflect.Method.invoke(Method.java:324)
	at org.apache.tools.ant.AntClassLoader.getClassFromStream(AntClassLoader.java:1002)
	at org.apache.tools.ant.AntClassLoader.findClassInComponents(AntClassLoader.java:1064)
	at org.apache.tools.ant.AntClassLoader.findClass(AntClassLoader.java:1036)
	at org.apache.tools.ant.AntClassLoader.loadClass(AntClassLoader.java:931)
	at java.lang.ClassLoader.loadClass(ClassLoader.java:235)
	at java.lang.ClassLoader.loadClassInternal(ClassLoader.java:302)
	at fr.irisa.triskell.kermeta.loader.kmt.KMTUnit.parse(KMTUnit.java:69)
	at fr.irisa.triskell.kermeta.loader.kmt.KMTUnit.preLoad(KMTUnit.java:111)
	at fr.irisa.triskell.kermeta.loader.KermetaUnit.loadAllImportedUnits(KermetaUnit.java:1060)
	at fr.irisa.triskell.kermeta.loader.KermetaUnit.load(KermetaUnit.java:1037)
	at kermeta_io.typechecker_test.JunitTestSuite.testinvalidFile(JunitTestSuite.java:226)
	at kermeta_io.typechecker_test.JunitTestSuite.testinvalid_Enum(JunitTestSuite.java:159)
	at sun.reflect.NativeMethodAccessorImpl.invoke0(Native Method)
	at sun.reflect.NativeMethodAccessorImpl.invoke(NativeMethodAccessorImpl.java:39)
	at sun.reflect.DelegatingMethodAccessorImpl.invoke(DelegatingMethodAccessorImpl.java:25)
	at java.lang.reflect.Method.invoke(Method.java:324)
	at junit.framework.TestCase.runTest(TestCase.java:154)
	at junit.framework.TestCase.runBare(TestCase.java:127)
	at junit.framework.TestResult$1.protect(TestResult.java:106)
	at junit.framework.TestResult.runProtected(TestResult.java:124)
	at junit.framework.TestResult.run(TestResult.java:109)
	at junit.framework.TestCase.run(TestCase.java:118)
	at junit.framework.TestSuite.runTest(TestSuite.java:208)
	at junit.framework.TestSuite.run(TestSuite.java:203)
	at org.apache.tools.ant.taskdefs.optional.junit.JUnitTestRunner.run(JUnitTestRunner.java:325)
	at org.apache.tools.ant.taskdefs.optional.junit.JUnitTask.executeInVM(JUnitTask.java:848)
	at org.apache.tools.ant.taskdefs.optional.junit.JUnitTask.execute(JUnitTask.java:556)
	at org.apache.tools.ant.taskdefs.optional.junit.JUnitTask.execute(JUnitTask.java:532)
	at org.apache.tools.ant.Task.perform(Task.java:341)
	at org.apache.tools.ant.Target.execute(Target.java:309)
	at org.apache.tools.ant.Target.performTasks(Target.java:336)
	at org.apache.tools.ant.Project.executeTarget(Project.java:1339)
	at org.apache.tools.ant.Project.executeTargets(Project.java:1255)
	at org.apache.tools.ant.Main.runBuild(Main.java:609)
	at org.apache.tools.ant.Main.start(Main.java:196)
	at org.apache.tools.ant.Main.main(Main.java:235)
21586 [main] ERROR KermetaUnit  - Unexpected load error
java.lang.NoClassDefFoundError: fr/irisa/triskell/kermeta/parser/KermetaParserTokenTypes
	at java.lang.ClassLoader.defineClass0(Native Method)
	at java.lang.ClassLoader.defineClass(ClassLoader.java:539)
	at sun.reflect.GeneratedMethodAccessor4.invoke(Unknown Source)
	at sun.reflect.DelegatingMethodAccessorImpl.invoke(DelegatingMethodAccessorImpl.java:25)
	at java.lang.reflect.Method.invoke(Method.java:324)
	at org.apache.tools.ant.AntClassLoader.getClassFromStream(AntClassLoader.java:1002)
	at org.apache.tools.ant.AntClassLoader.findClassInComponents(AntClassLoader.java:1064)
	at org.apache.tools.ant.AntClassLoader.findClass(AntClassLoader.java:1036)
	at org.apache.tools.ant.AntClassLoader.loadClass(AntClassLoader.java:931)
	at java.lang.ClassLoader.loadClass(ClassLoader.java:235)
	at java.lang.ClassLoader.loadClassInternal(ClassLoader.java:302)
	at fr.irisa.triskell.kermeta.loader.kmt.KMTUnit.parse(KMTUnit.java:69)
	at fr.irisa.triskell.kermeta.loader.kmt.KMTUnit.preLoad(KMTUnit.java:111)
	at fr.irisa.triskell.kermeta.loader.KermetaUnit.loadAllImportedUnits(KermetaUnit.java:1060)
	at fr.irisa.triskell.kermeta.loader.KermetaUnit.load(KermetaUnit.java:1037)
	at kermeta_io.typechecker_test.JunitTestSuite.testinvalidFile(JunitTestSuite.java:226)
	at kermeta_io.typechecker_test.JunitTestSuite.testinvalid_Enum(JunitTestSuite.java:159)
	at sun.reflect.NativeMethodAccessorImpl.invoke0(Native Method)
	at sun.reflect.NativeMethodAccessorImpl.invoke(NativeMethodAccessorImpl.java:39)
	at sun.reflect.DelegatingMethodAccessorImpl.invoke(DelegatingMethodAccessorImpl.java:25)
	at java.lang.reflect.Method.invoke(Method.java:324)
	at junit.framework.TestCase.runTest(TestCase.java:154)
	at junit.framework.TestCase.runBare(TestCase.java:127)
	at junit.framework.TestResult$1.protect(TestResult.java:106)
	at junit.framework.TestResult.runProtected(TestResult.java:124)
	at junit.framework.TestResult.run(TestResult.java:109)
	at junit.framework.TestCase.run(TestCase.java:118)
	at junit.framework.TestSuite.runTest(TestSuite.java:208)
	at junit.framework.TestSuite.run(TestSuite.java:203)
	at org.apache.tools.ant.taskdefs.optional.junit.JUnitTestRunner.run(JUnitTestRunner.java:325)
	at org.apache.tools.ant.taskdefs.optional.junit.JUnitTask.executeInVM(JUnitTask.java:848)
	at org.apache.tools.ant.taskdefs.optional.junit.JUnitTask.execute(JUnitTask.java:556)
	at org.apache.tools.ant.taskdefs.optional.junit.JUnitTask.execute(JUnitTask.java:532)
	at org.apache.tools.ant.Task.perform(Task.java:341)
	at org.apache.tools.ant.Target.execute(Target.java:309)
	at org.apache.tools.ant.Target.performTasks(Target.java:336)
	at org.apache.tools.ant.Project.executeTarget(Project.java:1339)
	at org.apache.tools.ant.Project.executeTargets(Project.java:1255)
	at org.apache.tools.ant.Main.runBuild(Main.java:609)
	at org.apache.tools.ant.Main.start(Main.java:196)
	at org.apache.tools.ant.Main.main(Main.java:235)
ERROR  load, Unexpected load error
java.lang.NoClassDefFoundError: fr/irisa/triskell/kermeta/parser/KermetaParserTokenTypes
	at java.lang.ClassLoader.defineClass0(Native Method)
	at java.lang.ClassLoader.defineClass(ClassLoader.java:539)
	at sun.reflect.GeneratedMethodAccessor4.invoke(Unknown Source)
	at sun.reflect.DelegatingMethodAccessorImpl.invoke(DelegatingMethodAccessorImpl.java:25)
	at java.lang.reflect.Method.invoke(Method.java:324)
	at org.apache.tools.ant.AntClassLoader.getClassFromStream(AntClassLoader.java:1002)
	at org.apache.tools.ant.AntClassLoader.findClassInComponents(AntClassLoader.java:1064)
	at org.apache.tools.ant.AntClassLoader.findClass(AntClassLoader.java:1036)
	at org.apache.tools.ant.AntClassLoader.loadClass(AntClassLoader.java:931)
	at java.lang.ClassLoader.loadClass(ClassLoader.java:235)
	at java.lang.ClassLoader.loadClassInternal(ClassLoader.java:302)
	at fr.irisa.triskell.kermeta.loader.kmt.KMTUnit.parse(KMTUnit.java:69)
	at fr.irisa.triskell.kermeta.loader.kmt.KMTUnit.preLoad(KMTUnit.java:111)
	at fr.irisa.triskell.kermeta.loader.KermetaUnit.loadAllImportedUnits(KermetaUnit.java:1060)
	at fr.irisa.triskell.kermeta.loader.KermetaUnit.load(KermetaUnit.java:1037)
	at kermeta_io.typechecker_test.JunitTestSuite.testinvalidFile(JunitTestSuite.java:226)
	at kermeta_io.typechecker_test.JunitTestSuite.testinvalid_GenericOperationCall(JunitTestSuite.java:163)
	at sun.reflect.NativeMethodAccessorImpl.invoke0(Native Method)
	at sun.reflect.NativeMethodAccessorImpl.invoke(NativeMethodAccessorImpl.java:39)
	at sun.reflect.DelegatingMethodAccessorImpl.invoke(DelegatingMethodAccessorImpl.java:25)
	at java.lang.reflect.Method.invoke(Method.java:324)
	at junit.framework.TestCase.runTest(TestCase.java:154)
	at junit.framework.TestCase.runBare(TestCase.java:127)
	at junit.framework.TestResult$1.protect(TestResult.java:106)
	at junit.framework.TestResult.runProtected(TestResult.java:124)
	at junit.framework.TestResult.run(TestResult.java:109)
	at junit.framework.TestCase.run(TestCase.java:118)
	at junit.framework.TestSuite.runTest(TestSuite.java:208)
	at junit.framework.TestSuite.run(TestSuite.java:203)
	at org.apache.tools.ant.taskdefs.optional.junit.JUnitTestRunner.run(JUnitTestRunner.java:325)
	at org.apache.tools.ant.taskdefs.optional.junit.JUnitTask.executeInVM(JUnitTask.java:848)
	at org.apache.tools.ant.taskdefs.optional.junit.JUnitTask.execute(JUnitTask.java:556)
	at org.apache.tools.ant.taskdefs.optional.junit.JUnitTask.execute(JUnitTask.java:532)
	at org.apache.tools.ant.Task.perform(Task.java:341)
	at org.apache.tools.ant.Target.execute(Target.java:309)
	at org.apache.tools.ant.Target.performTasks(Target.java:336)
	at org.apache.tools.ant.Project.executeTarget(Project.java:1339)
	at org.apache.tools.ant.Project.executeTargets(Project.java:1255)
	at org.apache.tools.ant.Main.runBuild(Main.java:609)
	at org.apache.tools.ant.Main.start(Main.java:196)
	at org.apache.tools.ant.Main.main(Main.java:235)
22512 [main] ERROR KermetaUnit  - Unexpected load error
java.lang.NoClassDefFoundError: fr/irisa/triskell/kermeta/parser/KermetaParserTokenTypes
	at java.lang.ClassLoader.defineClass0(Native Method)
	at java.lang.ClassLoader.defineClass(ClassLoader.java:539)
	at sun.reflect.GeneratedMethodAccessor4.invoke(Unknown Source)
	at sun.reflect.DelegatingMethodAccessorImpl.invoke(DelegatingMethodAccessorImpl.java:25)
	at java.lang.reflect.Method.invoke(Method.java:324)
	at org.apache.tools.ant.AntClassLoader.getClassFromStream(AntClassLoader.java:1002)
	at org.apache.tools.ant.AntClassLoader.findClassInComponents(AntClassLoader.java:1064)
	at org.apache.tools.ant.AntClassLoader.findClass(AntClassLoader.java:1036)
	at org.apache.tools.ant.AntClassLoader.loadClass(AntClassLoader.java:931)
	at java.lang.ClassLoader.loadClass(ClassLoader.java:235)
	at java.lang.ClassLoader.loadClassInternal(ClassLoader.java:302)
	at fr.irisa.triskell.kermeta.loader.kmt.KMTUnit.parse(KMTUnit.java:69)
	at fr.irisa.triskell.kermeta.loader.kmt.KMTUnit.preLoad(KMTUnit.java:111)
	at fr.irisa.triskell.kermeta.loader.KermetaUnit.loadAllImportedUnits(KermetaUnit.java:1060)
	at fr.irisa.triskell.kermeta.loader.KermetaUnit.load(KermetaUnit.java:1037)
	at kermeta_io.typechecker_test.JunitTestSuite.testinvalidFile(JunitTestSuite.java:226)
	at kermeta_io.typechecker_test.JunitTestSuite.testinvalid_GenericOperationCall(JunitTestSuite.java:163)
	at sun.reflect.NativeMethodAccessorImpl.invoke0(Native Method)
	at sun.reflect.NativeMethodAccessorImpl.invoke(NativeMethodAccessorImpl.java:39)
	at sun.reflect.DelegatingMethodAccessorImpl.invoke(DelegatingMethodAccessorImpl.java:25)
	at java.lang.reflect.Method.invoke(Method.java:324)
	at junit.framework.TestCase.runTest(TestCase.java:154)
	at junit.framework.TestCase.runBare(TestCase.java:127)
	at junit.framework.TestResult$1.protect(TestResult.java:106)
	at junit.framework.TestResult.runProtected(TestResult.java:124)
	at junit.framework.TestResult.run(TestResult.java:109)
	at junit.framework.TestCase.run(TestCase.java:118)
	at junit.framework.TestSuite.runTest(TestSuite.java:208)
	at junit.framework.TestSuite.run(TestSuite.java:203)
	at org.apache.tools.ant.taskdefs.optional.junit.JUnitTestRunner.run(JUnitTestRunner.java:325)
	at org.apache.tools.ant.taskdefs.optional.junit.JUnitTask.executeInVM(JUnitTask.java:848)
	at org.apache.tools.ant.taskdefs.optional.junit.JUnitTask.execute(JUnitTask.java:556)
	at org.apache.tools.ant.taskdefs.optional.junit.JUnitTask.execute(JUnitTask.java:532)
	at org.apache.tools.ant.Task.perform(Task.java:341)
	at org.apache.tools.ant.Target.execute(Target.java:309)
	at org.apache.tools.ant.Target.performTasks(Target.java:336)
	at org.apache.tools.ant.Project.executeTarget(Project.java:1339)
	at org.apache.tools.ant.Project.executeTargets(Project.java:1255)
	at org.apache.tools.ant.Main.runBuild(Main.java:609)
	at org.apache.tools.ant.Main.start(Main.java:196)
	at org.apache.tools.ant.Main.main(Main.java:235)
ERROR  load, Unexpected load error
java.lang.NoClassDefFoundError: fr/irisa/triskell/kermeta/parser/KermetaParserTokenTypes
	at java.lang.ClassLoader.defineClass0(Native Method)
	at java.lang.ClassLoader.defineClass(ClassLoader.java:539)
	at sun.reflect.GeneratedMethodAccessor4.invoke(Unknown Source)
	at sun.reflect.DelegatingMethodAccessorImpl.invoke(DelegatingMethodAccessorImpl.java:25)
	at java.lang.reflect.Method.invoke(Method.java:324)
	at org.apache.tools.ant.AntClassLoader.getClassFromStream(AntClassLoader.java:1002)
	at org.apache.tools.ant.AntClassLoader.findClassInComponents(AntClassLoader.java:1064)
	at org.apache.tools.ant.AntClassLoader.findClass(AntClassLoader.java:1036)
	at org.apache.tools.ant.AntClassLoader.loadClass(AntClassLoader.java:931)
	at java.lang.ClassLoader.loadClass(ClassLoader.java:235)
	at java.lang.ClassLoader.loadClassInternal(ClassLoader.java:302)
	at fr.irisa.triskell.kermeta.loader.kmt.KMTUnit.parse(KMTUnit.java:69)
	at fr.irisa.triskell.kermeta.loader.kmt.KMTUnit.preLoad(KMTUnit.java:111)
	at fr.irisa.triskell.kermeta.loader.KermetaUnit.loadAllImportedUnits(KermetaUnit.java:1060)
	at fr.irisa.triskell.kermeta.loader.KermetaUnit.load(KermetaUnit.java:1037)
	at kermeta_io.typechecker_test.JunitTestSuite.testinvalidFile(JunitTestSuite.java:226)
	at kermeta_io.typechecker_test.JunitTestSuite.testinvalid_GenericsAndFunctions(JunitTestSuite.java:167)
	at sun.reflect.NativeMethodAccessorImpl.invoke0(Native Method)
	at sun.reflect.NativeMethodAccessorImpl.invoke(NativeMethodAccessorImpl.java:39)
	at sun.reflect.DelegatingMethodAccessorImpl.invoke(DelegatingMethodAccessorImpl.java:25)
	at java.lang.reflect.Method.invoke(Method.java:324)
	at junit.framework.TestCase.runTest(TestCase.java:154)
	at junit.framework.TestCase.runBare(TestCase.java:127)
	at junit.framework.TestResult$1.protect(TestResult.java:106)
	at junit.framework.TestResult.runProtected(TestResult.java:124)
	at junit.framework.TestResult.run(TestResult.java:109)
	at junit.framework.TestCase.run(TestCase.java:118)
	at junit.framework.TestSuite.runTest(TestSuite.java:208)
	at junit.framework.TestSuite.run(TestSuite.java:203)
	at org.apache.tools.ant.taskdefs.optional.junit.JUnitTestRunner.run(JUnitTestRunner.java:325)
	at org.apache.tools.ant.taskdefs.optional.junit.JUnitTask.executeInVM(JUnitTask.java:848)
	at org.apache.tools.ant.taskdefs.optional.junit.JUnitTask.execute(JUnitTask.java:556)
	at org.apache.tools.ant.taskdefs.optional.junit.JUnitTask.execute(JUnitTask.java:532)
	at org.apache.tools.ant.Task.perform(Task.java:341)
	at org.apache.tools.ant.Target.execute(Target.java:309)
	at org.apache.tools.ant.Target.performTasks(Target.java:336)
	at org.apache.tools.ant.Project.executeTarget(Project.java:1339)
	at org.apache.tools.ant.Project.executeTargets(Project.java:1255)
	at org.apache.tools.ant.Main.runBuild(Main.java:609)
	at org.apache.tools.ant.Main.start(Main.java:196)
	at org.apache.tools.ant.Main.main(Main.java:235)
23424 [main] ERROR KermetaUnit  - Unexpected load error
java.lang.NoClassDefFoundError: fr/irisa/triskell/kermeta/parser/KermetaParserTokenTypes
	at java.lang.ClassLoader.defineClass0(Native Method)
	at java.lang.ClassLoader.defineClass(ClassLoader.java:539)
	at sun.reflect.GeneratedMethodAccessor4.invoke(Unknown Source)
	at sun.reflect.DelegatingMethodAccessorImpl.invoke(DelegatingMethodAccessorImpl.java:25)
	at java.lang.reflect.Method.invoke(Method.java:324)
	at org.apache.tools.ant.AntClassLoader.getClassFromStream(AntClassLoader.java:1002)
	at org.apache.tools.ant.AntClassLoader.findClassInComponents(AntClassLoader.java:1064)
	at org.apache.tools.ant.AntClassLoader.findClass(AntClassLoader.java:1036)
	at org.apache.tools.ant.AntClassLoader.loadClass(AntClassLoader.java:931)
	at java.lang.ClassLoader.loadClass(ClassLoader.java:235)
	at java.lang.ClassLoader.loadClassInternal(ClassLoader.java:302)
	at fr.irisa.triskell.kermeta.loader.kmt.KMTUnit.parse(KMTUnit.java:69)
	at fr.irisa.triskell.kermeta.loader.kmt.KMTUnit.preLoad(KMTUnit.java:111)
	at fr.irisa.triskell.kermeta.loader.KermetaUnit.loadAllImportedUnits(KermetaUnit.java:1060)
	at fr.irisa.triskell.kermeta.loader.KermetaUnit.load(KermetaUnit.java:1037)
	at kermeta_io.typechecker_test.JunitTestSuite.testinvalidFile(JunitTestSuite.java:226)
	at kermeta_io.typechecker_test.JunitTestSuite.testinvalid_GenericsAndFunctions(JunitTestSuite.java:167)
	at sun.reflect.NativeMethodAccessorImpl.invoke0(Native Method)
	at sun.reflect.NativeMethodAccessorImpl.invoke(NativeMethodAccessorImpl.java:39)
	at sun.reflect.DelegatingMethodAccessorImpl.invoke(DelegatingMethodAccessorImpl.java:25)
	at java.lang.reflect.Method.invoke(Method.java:324)
	at junit.framework.TestCase.runTest(TestCase.java:154)
	at junit.framework.TestCase.runBare(TestCase.java:127)
	at junit.framework.TestResult$1.protect(TestResult.java:106)
	at junit.framework.TestResult.runProtected(TestResult.java:124)
	at junit.framework.TestResult.run(TestResult.java:109)
	at junit.framework.TestCase.run(TestCase.java:118)
	at junit.framework.TestSuite.runTest(TestSuite.java:208)
	at junit.framework.TestSuite.run(TestSuite.java:203)
	at org.apache.tools.ant.taskdefs.optional.junit.JUnitTestRunner.run(JUnitTestRunner.java:325)
	at org.apache.tools.ant.taskdefs.optional.junit.JUnitTask.executeInVM(JUnitTask.java:848)
	at org.apache.tools.ant.taskdefs.optional.junit.JUnitTask.execute(JUnitTask.java:556)
	at org.apache.tools.ant.taskdefs.optional.junit.JUnitTask.execute(JUnitTask.java:532)
	at org.apache.tools.ant.Task.perform(Task.java:341)
	at org.apache.tools.ant.Target.execute(Target.java:309)
	at org.apache.tools.ant.Target.performTasks(Target.java:336)
	at org.apache.tools.ant.Project.executeTarget(Project.java:1339)
	at org.apache.tools.ant.Project.executeTargets(Project.java:1255)
	at org.apache.tools.ant.Main.runBuild(Main.java:609)
	at org.apache.tools.ant.Main.start(Main.java:196)
	at org.apache.tools.ant.Main.main(Main.java:235)
ERROR  load, Unexpected load error
java.lang.NoClassDefFoundError: fr/irisa/triskell/kermeta/parser/KermetaParserTokenTypes
	at java.lang.ClassLoader.defineClass0(Native Method)
	at java.lang.ClassLoader.defineClass(ClassLoader.java:539)
	at sun.reflect.GeneratedMethodAccessor4.invoke(Unknown Source)
	at sun.reflect.DelegatingMethodAccessorImpl.invoke(DelegatingMethodAccessorImpl.java:25)
	at java.lang.reflect.Method.invoke(Method.java:324)
	at org.apache.tools.ant.AntClassLoader.getClassFromStream(AntClassLoader.java:1002)
	at org.apache.tools.ant.AntClassLoader.findClassInComponents(AntClassLoader.java:1064)
	at org.apache.tools.ant.AntClassLoader.findClass(AntClassLoader.java:1036)
	at org.apache.tools.ant.AntClassLoader.loadClass(AntClassLoader.java:931)
	at java.lang.ClassLoader.loadClass(ClassLoader.java:235)
	at java.lang.ClassLoader.loadClassInternal(ClassLoader.java:302)
	at fr.irisa.triskell.kermeta.loader.kmt.KMTUnit.parse(KMTUnit.java:69)
	at fr.irisa.triskell.kermeta.loader.kmt.KMTUnit.preLoad(KMTUnit.java:111)
	at fr.irisa.triskell.kermeta.loader.KermetaUnit.loadAllImportedUnits(KermetaUnit.java:1060)
	at fr.irisa.triskell.kermeta.loader.KermetaUnit.load(KermetaUnit.java:1037)
	at kermeta_io.typechecker_test.JunitTestSuite.testinvalidFile(JunitTestSuite.java:226)
	at kermeta_io.typechecker_test.JunitTestSuite.testinvalid_ObjectAndVoid(JunitTestSuite.java:171)
	at sun.reflect.NativeMethodAccessorImpl.invoke0(Native Method)
	at sun.reflect.NativeMethodAccessorImpl.invoke(NativeMethodAccessorImpl.java:39)
	at sun.reflect.DelegatingMethodAccessorImpl.invoke(DelegatingMethodAccessorImpl.java:25)
	at java.lang.reflect.Method.invoke(Method.java:324)
	at junit.framework.TestCase.runTest(TestCase.java:154)
	at junit.framework.TestCase.runBare(TestCase.java:127)
	at junit.framework.TestResult$1.protect(TestResult.java:106)
	at junit.framework.TestResult.runProtected(TestResult.java:124)
	at junit.framework.TestResult.run(TestResult.java:109)
	at junit.framework.TestCase.run(TestCase.java:118)
	at junit.framework.TestSuite.runTest(TestSuite.java:208)
	at junit.framework.TestSuite.run(TestSuite.java:203)
	at org.apache.tools.ant.taskdefs.optional.junit.JUnitTestRunner.run(JUnitTestRunner.java:325)
	at org.apache.tools.ant.taskdefs.optional.junit.JUnitTask.executeInVM(JUnitTask.java:848)
	at org.apache.tools.ant.taskdefs.optional.junit.JUnitTask.execute(JUnitTask.java:556)
	at org.apache.tools.ant.taskdefs.optional.junit.JUnitTask.execute(JUnitTask.java:532)
	at org.apache.tools.ant.Task.perform(Task.java:341)
	at org.apache.tools.ant.Target.execute(Target.java:309)
	at org.apache.tools.ant.Target.performTasks(Target.java:336)
	at org.apache.tools.ant.Project.executeTarget(Project.java:1339)
	at org.apache.tools.ant.Project.executeTargets(Project.java:1255)
	at org.apache.tools.ant.Main.runBuild(Main.java:609)
	at org.apache.tools.ant.Main.start(Main.java:196)
	at org.apache.tools.ant.Main.main(Main.java:235)
24342 [main] ERROR KermetaUnit  - Unexpected load error
java.lang.NoClassDefFoundError: fr/irisa/triskell/kermeta/parser/KermetaParserTokenTypes
	at java.lang.ClassLoader.defineClass0(Native Method)
	at java.lang.ClassLoader.defineClass(ClassLoader.java:539)
	at sun.reflect.GeneratedMethodAccessor4.invoke(Unknown Source)
	at sun.reflect.DelegatingMethodAccessorImpl.invoke(DelegatingMethodAccessorImpl.java:25)
	at java.lang.reflect.Method.invoke(Method.java:324)
	at org.apache.tools.ant.AntClassLoader.getClassFromStream(AntClassLoader.java:1002)
	at org.apache.tools.ant.AntClassLoader.findClassInComponents(AntClassLoader.java:1064)
	at org.apache.tools.ant.AntClassLoader.findClass(AntClassLoader.java:1036)
	at org.apache.tools.ant.AntClassLoader.loadClass(AntClassLoader.java:931)
	at java.lang.ClassLoader.loadClass(ClassLoader.java:235)
	at java.lang.ClassLoader.loadClassInternal(ClassLoader.java:302)
	at fr.irisa.triskell.kermeta.loader.kmt.KMTUnit.parse(KMTUnit.java:69)
	at fr.irisa.triskell.kermeta.loader.kmt.KMTUnit.preLoad(KMTUnit.java:111)
	at fr.irisa.triskell.kermeta.loader.KermetaUnit.loadAllImportedUnits(KermetaUnit.java:1060)
	at fr.irisa.triskell.kermeta.loader.KermetaUnit.load(KermetaUnit.java:1037)
	at kermeta_io.typechecker_test.JunitTestSuite.testinvalidFile(JunitTestSuite.java:226)
	at kermeta_io.typechecker_test.JunitTestSuite.testinvalid_ObjectAndVoid(JunitTestSuite.java:171)
	at sun.reflect.NativeMethodAccessorImpl.invoke0(Native Method)
	at sun.reflect.NativeMethodAccessorImpl.invoke(NativeMethodAccessorImpl.java:39)
	at sun.reflect.DelegatingMethodAccessorImpl.invoke(DelegatingMethodAccessorImpl.java:25)
	at java.lang.reflect.Method.invoke(Method.java:324)
	at junit.framework.TestCase.runTest(TestCase.java:154)
	at junit.framework.TestCase.runBare(TestCase.java:127)
	at junit.framework.TestResult$1.protect(TestResult.java:106)
	at junit.framework.TestResult.runProtected(TestResult.java:124)
	at junit.framework.TestResult.run(TestResult.java:109)
	at junit.framework.TestCase.run(TestCase.java:118)
	at junit.framework.TestSuite.runTest(TestSuite.java:208)
	at junit.framework.TestSuite.run(TestSuite.java:203)
	at org.apache.tools.ant.taskdefs.optional.junit.JUnitTestRunner.run(JUnitTestRunner.java:325)
	at org.apache.tools.ant.taskdefs.optional.junit.JUnitTask.executeInVM(JUnitTask.java:848)
	at org.apache.tools.ant.taskdefs.optional.junit.JUnitTask.execute(JUnitTask.java:556)
	at org.apache.tools.ant.taskdefs.optional.junit.JUnitTask.execute(JUnitTask.java:532)
	at org.apache.tools.ant.Task.perform(Task.java:341)
	at org.apache.tools.ant.Target.execute(Target.java:309)
	at org.apache.tools.ant.Target.performTasks(Target.java:336)
	at org.apache.tools.ant.Project.executeTarget(Project.java:1339)
	at org.apache.tools.ant.Project.executeTargets(Project.java:1255)
	at org.apache.tools.ant.Main.runBuild(Main.java:609)
	at org.apache.tools.ant.Main.start(Main.java:196)
	at org.apache.tools.ant.Main.main(Main.java:235)
ERROR  load, Unexpected load error
java.lang.NoClassDefFoundError: fr/irisa/triskell/kermeta/parser/KermetaParserTokenTypes
	at java.lang.ClassLoader.defineClass0(Native Method)
	at java.lang.ClassLoader.defineClass(ClassLoader.java:539)
	at sun.reflect.GeneratedMethodAccessor4.invoke(Unknown Source)
	at sun.reflect.DelegatingMethodAccessorImpl.invoke(DelegatingMethodAccessorImpl.java:25)
	at java.lang.reflect.Method.invoke(Method.java:324)
	at org.apache.tools.ant.AntClassLoader.getClassFromStream(AntClassLoader.java:1002)
	at org.apache.tools.ant.AntClassLoader.findClassInComponents(AntClassLoader.java:1064)
	at org.apache.tools.ant.AntClassLoader.findClass(AntClassLoader.java:1036)
	at org.apache.tools.ant.AntClassLoader.loadClass(AntClassLoader.java:931)
	at java.lang.ClassLoader.loadClass(ClassLoader.java:235)
	at java.lang.ClassLoader.loadClassInternal(ClassLoader.java:302)
	at fr.irisa.triskell.kermeta.loader.kmt.KMTUnit.parse(KMTUnit.java:69)
	at fr.irisa.triskell.kermeta.loader.kmt.KMTUnit.preLoad(KMTUnit.java:111)
	at fr.irisa.triskell.kermeta.loader.KermetaUnit.loadAllImportedUnits(KermetaUnit.java:1060)
	at fr.irisa.triskell.kermeta.loader.KermetaUnit.load(KermetaUnit.java:1037)
	at kermeta_io.typechecker_test.JunitTestSuite.testinvalidFile(JunitTestSuite.java:226)
	at kermeta_io.typechecker_test.JunitTestSuite.testinvalid_SimpleCtrlStructs(JunitTestSuite.java:175)
	at sun.reflect.NativeMethodAccessorImpl.invoke0(Native Method)
	at sun.reflect.NativeMethodAccessorImpl.invoke(NativeMethodAccessorImpl.java:39)
	at sun.reflect.DelegatingMethodAccessorImpl.invoke(DelegatingMethodAccessorImpl.java:25)
	at java.lang.reflect.Method.invoke(Method.java:324)
	at junit.framework.TestCase.runTest(TestCase.java:154)
	at junit.framework.TestCase.runBare(TestCase.java:127)
	at junit.framework.TestResult$1.protect(TestResult.java:106)
	at junit.framework.TestResult.runProtected(TestResult.java:124)
	at junit.framework.TestResult.run(TestResult.java:109)
	at junit.framework.TestCase.run(TestCase.java:118)
	at junit.framework.TestSuite.runTest(TestSuite.java:208)
	at junit.framework.TestSuite.run(TestSuite.java:203)
	at org.apache.tools.ant.taskdefs.optional.junit.JUnitTestRunner.run(JUnitTestRunner.java:325)
	at org.apache.tools.ant.taskdefs.optional.junit.JUnitTask.executeInVM(JUnitTask.java:848)
	at org.apache.tools.ant.taskdefs.optional.junit.JUnitTask.execute(JUnitTask.java:556)
	at org.apache.tools.ant.taskdefs.optional.junit.JUnitTask.execute(JUnitTask.java:532)
	at org.apache.tools.ant.Task.perform(Task.java:341)
	at org.apache.tools.ant.Target.execute(Target.java:309)
	at org.apache.tools.ant.Target.performTasks(Target.java:336)
	at org.apache.tools.ant.Project.executeTarget(Project.java:1339)
	at org.apache.tools.ant.Project.executeTargets(Project.java:1255)
	at org.apache.tools.ant.Main.runBuild(Main.java:609)
	at org.apache.tools.ant.Main.start(Main.java:196)
	at org.apache.tools.ant.Main.main(Main.java:235)
25260 [main] ERROR KermetaUnit  - Unexpected load error
java.lang.NoClassDefFoundError: fr/irisa/triskell/kermeta/parser/KermetaParserTokenTypes
	at java.lang.ClassLoader.defineClass0(Native Method)
	at java.lang.ClassLoader.defineClass(ClassLoader.java:539)
	at sun.reflect.GeneratedMethodAccessor4.invoke(Unknown Source)
	at sun.reflect.DelegatingMethodAccessorImpl.invoke(DelegatingMethodAccessorImpl.java:25)
	at java.lang.reflect.Method.invoke(Method.java:324)
	at org.apache.tools.ant.AntClassLoader.getClassFromStream(AntClassLoader.java:1002)
	at org.apache.tools.ant.AntClassLoader.findClassInComponents(AntClassLoader.java:1064)
	at org.apache.tools.ant.AntClassLoader.findClass(AntClassLoader.java:1036)
	at org.apache.tools.ant.AntClassLoader.loadClass(AntClassLoader.java:931)
	at java.lang.ClassLoader.loadClass(ClassLoader.java:235)
	at java.lang.ClassLoader.loadClassInternal(ClassLoader.java:302)
	at fr.irisa.triskell.kermeta.loader.kmt.KMTUnit.parse(KMTUnit.java:69)
	at fr.irisa.triskell.kermeta.loader.kmt.KMTUnit.preLoad(KMTUnit.java:111)
	at fr.irisa.triskell.kermeta.loader.KermetaUnit.loadAllImportedUnits(KermetaUnit.java:1060)
	at fr.irisa.triskell.kermeta.loader.KermetaUnit.load(KermetaUnit.java:1037)
	at kermeta_io.typechecker_test.JunitTestSuite.testinvalidFile(JunitTestSuite.java:226)
	at kermeta_io.typechecker_test.JunitTestSuite.testinvalid_SimpleCtrlStructs(JunitTestSuite.java:175)
	at sun.reflect.NativeMethodAccessorImpl.invoke0(Native Method)
	at sun.reflect.NativeMethodAccessorImpl.invoke(NativeMethodAccessorImpl.java:39)
	at sun.reflect.DelegatingMethodAccessorImpl.invoke(DelegatingMethodAccessorImpl.java:25)
	at java.lang.reflect.Method.invoke(Method.java:324)
	at junit.framework.TestCase.runTest(TestCase.java:154)
	at junit.framework.TestCase.runBare(TestCase.java:127)
	at junit.framework.TestResult$1.protect(TestResult.java:106)
	at junit.framework.TestResult.runProtected(TestResult.java:124)
	at junit.framework.TestResult.run(TestResult.java:109)
	at junit.framework.TestCase.run(TestCase.java:118)
	at junit.framework.TestSuite.runTest(TestSuite.java:208)
	at junit.framework.TestSuite.run(TestSuite.java:203)
	at org.apache.tools.ant.taskdefs.optional.junit.JUnitTestRunner.run(JUnitTestRunner.java:325)
	at org.apache.tools.ant.taskdefs.optional.junit.JUnitTask.executeInVM(JUnitTask.java:848)
	at org.apache.tools.ant.taskdefs.optional.junit.JUnitTask.execute(JUnitTask.java:556)
	at org.apache.tools.ant.taskdefs.optional.junit.JUnitTask.execute(JUnitTask.java:532)
	at org.apache.tools.ant.Task.perform(Task.java:341)
	at org.apache.tools.ant.Target.execute(Target.java:309)
	at org.apache.tools.ant.Target.performTasks(Target.java:336)
	at org.apache.tools.ant.Project.executeTarget(Project.java:1339)
	at org.apache.tools.ant.Project.executeTargets(Project.java:1255)
	at org.apache.tools.ant.Main.runBuild(Main.java:609)
	at org.apache.tools.ant.Main.start(Main.java:196)
	at org.apache.tools.ant.Main.main(Main.java:235)
ERROR  load, Unexpected load error
java.lang.NoClassDefFoundError: fr/irisa/triskell/kermeta/parser/KermetaParserTokenTypes
	at java.lang.ClassLoader.defineClass0(Native Method)
	at java.lang.ClassLoader.defineClass(ClassLoader.java:539)
	at sun.reflect.GeneratedMethodAccessor4.invoke(Unknown Source)
	at sun.reflect.DelegatingMethodAccessorImpl.invoke(DelegatingMethodAccessorImpl.java:25)
	at java.lang.reflect.Method.invoke(Method.java:324)
	at org.apache.tools.ant.AntClassLoader.getClassFromStream(AntClassLoader.java:1002)
	at org.apache.tools.ant.AntClassLoader.findClassInComponents(AntClassLoader.java:1064)
	at org.apache.tools.ant.AntClassLoader.findClass(AntClassLoader.java:1036)
	at org.apache.tools.ant.AntClassLoader.loadClass(AntClassLoader.java:931)
	at java.lang.ClassLoader.loadClass(ClassLoader.java:235)
	at java.lang.ClassLoader.loadClassInternal(ClassLoader.java:302)
	at fr.irisa.triskell.kermeta.loader.kmt.KMTUnit.parse(KMTUnit.java:69)
	at fr.irisa.triskell.kermeta.loader.kmt.KMTUnit.preLoad(KMTUnit.java:111)
	at fr.irisa.triskell.kermeta.loader.KermetaUnit.loadAllImportedUnits(KermetaUnit.java:1060)
	at fr.irisa.triskell.kermeta.loader.KermetaUnit.load(KermetaUnit.java:1037)
	at kermeta_io.typechecker_test.JunitTestSuite.testinvalidFile(JunitTestSuite.java:226)
	at kermeta_io.typechecker_test.JunitTestSuite.testinvalid_SimpleFunctions(JunitTestSuite.java:179)
	at sun.reflect.NativeMethodAccessorImpl.invoke0(Native Method)
	at sun.reflect.NativeMethodAccessorImpl.invoke(NativeMethodAccessorImpl.java:39)
	at sun.reflect.DelegatingMethodAccessorImpl.invoke(DelegatingMethodAccessorImpl.java:25)
	at java.lang.reflect.Method.invoke(Method.java:324)
	at junit.framework.TestCase.runTest(TestCase.java:154)
	at junit.framework.TestCase.runBare(TestCase.java:127)
	at junit.framework.TestResult$1.protect(TestResult.java:106)
	at junit.framework.TestResult.runProtected(TestResult.java:124)
	at junit.framework.TestResult.run(TestResult.java:109)
	at junit.framework.TestCase.run(TestCase.java:118)
	at junit.framework.TestSuite.runTest(TestSuite.java:208)
	at junit.framework.TestSuite.run(TestSuite.java:203)
	at org.apache.tools.ant.taskdefs.optional.junit.JUnitTestRunner.run(JUnitTestRunner.java:325)
	at org.apache.tools.ant.taskdefs.optional.junit.JUnitTask.executeInVM(JUnitTask.java:848)
	at org.apache.tools.ant.taskdefs.optional.junit.JUnitTask.execute(JUnitTask.java:556)
	at org.apache.tools.ant.taskdefs.optional.junit.JUnitTask.execute(JUnitTask.java:532)
	at org.apache.tools.ant.Task.perform(Task.java:341)
	at org.apache.tools.ant.Target.execute(Target.java:309)
	at org.apache.tools.ant.Target.performTasks(Target.java:336)
	at org.apache.tools.ant.Project.executeTarget(Project.java:1339)
	at org.apache.tools.ant.Project.executeTargets(Project.java:1255)
	at org.apache.tools.ant.Main.runBuild(Main.java:609)
	at org.apache.tools.ant.Main.start(Main.java:196)
	at org.apache.tools.ant.Main.main(Main.java:235)
26357 [main] ERROR KermetaUnit  - Unexpected load error
java.lang.NoClassDefFoundError: fr/irisa/triskell/kermeta/parser/KermetaParserTokenTypes
	at java.lang.ClassLoader.defineClass0(Native Method)
	at java.lang.ClassLoader.defineClass(ClassLoader.java:539)
	at sun.reflect.GeneratedMethodAccessor4.invoke(Unknown Source)
	at sun.reflect.DelegatingMethodAccessorImpl.invoke(DelegatingMethodAccessorImpl.java:25)
	at java.lang.reflect.Method.invoke(Method.java:324)
	at org.apache.tools.ant.AntClassLoader.getClassFromStream(AntClassLoader.java:1002)
	at org.apache.tools.ant.AntClassLoader.findClassInComponents(AntClassLoader.java:1064)
	at org.apache.tools.ant.AntClassLoader.findClass(AntClassLoader.java:1036)
	at org.apache.tools.ant.AntClassLoader.loadClass(AntClassLoader.java:931)
	at java.lang.ClassLoader.loadClass(ClassLoader.java:235)
	at java.lang.ClassLoader.loadClassInternal(ClassLoader.java:302)
	at fr.irisa.triskell.kermeta.loader.kmt.KMTUnit.parse(KMTUnit.java:69)
	at fr.irisa.triskell.kermeta.loader.kmt.KMTUnit.preLoad(KMTUnit.java:111)
	at fr.irisa.triskell.kermeta.loader.KermetaUnit.loadAllImportedUnits(KermetaUnit.java:1060)
	at fr.irisa.triskell.kermeta.loader.KermetaUnit.load(KermetaUnit.java:1037)
	at kermeta_io.typechecker_test.JunitTestSuite.testinvalidFile(JunitTestSuite.java:226)
	at kermeta_io.typechecker_test.JunitTestSuite.testinvalid_SimpleFunctions(JunitTestSuite.java:179)
	at sun.reflect.NativeMethodAccessorImpl.invoke0(Native Method)
	at sun.reflect.NativeMethodAccessorImpl.invoke(NativeMethodAccessorImpl.java:39)
	at sun.reflect.DelegatingMethodAccessorImpl.invoke(DelegatingMethodAccessorImpl.java:25)
	at java.lang.reflect.Method.invoke(Method.java:324)
	at junit.framework.TestCase.runTest(TestCase.java:154)
	at junit.framework.TestCase.runBare(TestCase.java:127)
	at junit.framework.TestResult$1.protect(TestResult.java:106)
	at junit.framework.TestResult.runProtected(TestResult.java:124)
	at junit.framework.TestResult.run(TestResult.java:109)
	at junit.framework.TestCase.run(TestCase.java:118)
	at junit.framework.TestSuite.runTest(TestSuite.java:208)
	at junit.framework.TestSuite.run(TestSuite.java:203)
	at org.apache.tools.ant.taskdefs.optional.junit.JUnitTestRunner.run(JUnitTestRunner.java:325)
	at org.apache.tools.ant.taskdefs.optional.junit.JUnitTask.executeInVM(JUnitTask.java:848)
	at org.apache.tools.ant.taskdefs.optional.junit.JUnitTask.execute(JUnitTask.java:556)
	at org.apache.tools.ant.taskdefs.optional.junit.JUnitTask.execute(JUnitTask.java:532)
	at org.apache.tools.ant.Task.perform(Task.java:341)
	at org.apache.tools.ant.Target.execute(Target.java:309)
	at org.apache.tools.ant.Target.performTasks(Target.java:336)
	at org.apache.tools.ant.Project.executeTarget(Project.java:1339)
	at org.apache.tools.ant.Project.executeTargets(Project.java:1255)
	at org.apache.tools.ant.Main.runBuild(Main.java:609)
	at org.apache.tools.ant.Main.start(Main.java:196)
	at org.apache.tools.ant.Main.main(Main.java:235)
ERROR  load, Unexpected load error
java.lang.NoClassDefFoundError: fr/irisa/triskell/kermeta/parser/KermetaParserTokenTypes
	at java.lang.ClassLoader.defineClass0(Native Method)
	at java.lang.ClassLoader.defineClass(ClassLoader.java:539)
	at sun.reflect.GeneratedMethodAccessor4.invoke(Unknown Source)
	at sun.reflect.DelegatingMethodAccessorImpl.invoke(DelegatingMethodAccessorImpl.java:25)
	at java.lang.reflect.Method.invoke(Method.java:324)
	at org.apache.tools.ant.AntClassLoader.getClassFromStream(AntClassLoader.java:1002)
	at org.apache.tools.ant.AntClassLoader.findClassInComponents(AntClassLoader.java:1064)
	at org.apache.tools.ant.AntClassLoader.findClass(AntClassLoader.java:1036)
	at org.apache.tools.ant.AntClassLoader.loadClass(AntClassLoader.java:931)
	at java.lang.ClassLoader.loadClass(ClassLoader.java:235)
	at java.lang.ClassLoader.loadClassInternal(ClassLoader.java:302)
	at fr.irisa.triskell.kermeta.loader.kmt.KMTUnit.parse(KMTUnit.java:69)
	at fr.irisa.triskell.kermeta.loader.kmt.KMTUnit.preLoad(KMTUnit.java:111)
	at fr.irisa.triskell.kermeta.loader.KermetaUnit.loadAllImportedUnits(KermetaUnit.java:1060)
	at fr.irisa.triskell.kermeta.loader.KermetaUnit.load(KermetaUnit.java:1037)
	at kermeta_io.typechecker_test.JunitTestSuite.testinvalidFile(JunitTestSuite.java:226)
	at kermeta_io.typechecker_test.JunitTestSuite.testinvalid_SimpleOperationCall(JunitTestSuite.java:183)
	at sun.reflect.NativeMethodAccessorImpl.invoke0(Native Method)
	at sun.reflect.NativeMethodAccessorImpl.invoke(NativeMethodAccessorImpl.java:39)
	at sun.reflect.DelegatingMethodAccessorImpl.invoke(DelegatingMethodAccessorImpl.java:25)
	at java.lang.reflect.Method.invoke(Method.java:324)
	at junit.framework.TestCase.runTest(TestCase.java:154)
	at junit.framework.TestCase.runBare(TestCase.java:127)
	at junit.framework.TestResult$1.protect(TestResult.java:106)
	at junit.framework.TestResult.runProtected(TestResult.java:124)
	at junit.framework.TestResult.run(TestResult.java:109)
	at junit.framework.TestCase.run(TestCase.java:118)
	at junit.framework.TestSuite.runTest(TestSuite.java:208)
	at junit.framework.TestSuite.run(TestSuite.java:203)
	at org.apache.tools.ant.taskdefs.optional.junit.JUnitTestRunner.run(JUnitTestRunner.java:325)
	at org.apache.tools.ant.taskdefs.optional.junit.JUnitTask.executeInVM(JUnitTask.java:848)
	at org.apache.tools.ant.taskdefs.optional.junit.JUnitTask.execute(JUnitTask.java:556)
	at org.apache.tools.ant.taskdefs.optional.junit.JUnitTask.execute(JUnitTask.java:532)
	at org.apache.tools.ant.Task.perform(Task.java:341)
	at org.apache.tools.ant.Target.execute(Target.java:309)
	at org.apache.tools.ant.Target.performTasks(Target.java:336)
	at org.apache.tools.ant.Project.executeTarget(Project.java:1339)
	at org.apache.tools.ant.Project.executeTargets(Project.java:1255)
	at org.apache.tools.ant.Main.runBuild(Main.java:609)
	at org.apache.tools.ant.Main.start(Main.java:196)
	at org.apache.tools.ant.Main.main(Main.java:235)
27289 [main] ERROR KermetaUnit  - Unexpected load error
java.lang.NoClassDefFoundError: fr/irisa/triskell/kermeta/parser/KermetaParserTokenTypes
	at java.lang.ClassLoader.defineClass0(Native Method)
	at java.lang.ClassLoader.defineClass(ClassLoader.java:539)
	at sun.reflect.GeneratedMethodAccessor4.invoke(Unknown Source)
	at sun.reflect.DelegatingMethodAccessorImpl.invoke(DelegatingMethodAccessorImpl.java:25)
	at java.lang.reflect.Method.invoke(Method.java:324)
	at org.apache.tools.ant.AntClassLoader.getClassFromStream(AntClassLoader.java:1002)
	at org.apache.tools.ant.AntClassLoader.findClassInComponents(AntClassLoader.java:1064)
	at org.apache.tools.ant.AntClassLoader.findClass(AntClassLoader.java:1036)
	at org.apache.tools.ant.AntClassLoader.loadClass(AntClassLoader.java:931)
	at java.lang.ClassLoader.loadClass(ClassLoader.java:235)
	at java.lang.ClassLoader.loadClassInternal(ClassLoader.java:302)
	at fr.irisa.triskell.kermeta.loader.kmt.KMTUnit.parse(KMTUnit.java:69)
	at fr.irisa.triskell.kermeta.loader.kmt.KMTUnit.preLoad(KMTUnit.java:111)
	at fr.irisa.triskell.kermeta.loader.KermetaUnit.loadAllImportedUnits(KermetaUnit.java:1060)
	at fr.irisa.triskell.kermeta.loader.KermetaUnit.load(KermetaUnit.java:1037)
	at kermeta_io.typechecker_test.JunitTestSuite.testinvalidFile(JunitTestSuite.java:226)
	at kermeta_io.typechecker_test.JunitTestSuite.testinvalid_SimpleOperationCall(JunitTestSuite.java:183)
	at sun.reflect.NativeMethodAccessorImpl.invoke0(Native Method)
	at sun.reflect.NativeMethodAccessorImpl.invoke(NativeMethodAccessorImpl.java:39)
	at sun.reflect.DelegatingMethodAccessorImpl.invoke(DelegatingMethodAccessorImpl.java:25)
	at java.lang.reflect.Method.invoke(Method.java:324)
	at junit.framework.TestCase.runTest(TestCase.java:154)
	at junit.framework.TestCase.runBare(TestCase.java:127)
	at junit.framework.TestResult$1.protect(TestResult.java:106)
	at junit.framework.TestResult.runProtected(TestResult.java:124)
	at junit.framework.TestResult.run(TestResult.java:109)
	at junit.framework.TestCase.run(TestCase.java:118)
	at junit.framework.TestSuite.runTest(TestSuite.java:208)
	at junit.framework.TestSuite.run(TestSuite.java:203)
	at org.apache.tools.ant.taskdefs.optional.junit.JUnitTestRunner.run(JUnitTestRunner.java:325)
	at org.apache.tools.ant.taskdefs.optional.junit.JUnitTask.executeInVM(JUnitTask.java:848)
	at org.apache.tools.ant.taskdefs.optional.junit.JUnitTask.execute(JUnitTask.java:556)
	at org.apache.tools.ant.taskdefs.optional.junit.JUnitTask.execute(JUnitTask.java:532)
	at org.apache.tools.ant.Task.perform(Task.java:341)
	at org.apache.tools.ant.Target.execute(Target.java:309)
	at org.apache.tools.ant.Target.performTasks(Target.java:336)
	at org.apache.tools.ant.Project.executeTarget(Project.java:1339)
	at org.apache.tools.ant.Project.executeTargets(Project.java:1255)
	at org.apache.tools.ant.Main.runBuild(Main.java:609)
	at org.apache.tools.ant.Main.start(Main.java:196)
	at org.apache.tools.ant.Main.main(Main.java:235)
ERROR  load, Unexpected load error
java.lang.NoClassDefFoundError: fr/irisa/triskell/kermeta/parser/KermetaParserTokenTypes
	at java.lang.ClassLoader.defineClass0(Native Method)
	at java.lang.ClassLoader.defineClass(ClassLoader.java:539)
	at sun.reflect.GeneratedMethodAccessor4.invoke(Unknown Source)
	at sun.reflect.DelegatingMethodAccessorImpl.invoke(DelegatingMethodAccessorImpl.java:25)
	at java.lang.reflect.Method.invoke(Method.java:324)
	at org.apache.tools.ant.AntClassLoader.getClassFromStream(AntClassLoader.java:1002)
	at org.apache.tools.ant.AntClassLoader.findClassInComponents(AntClassLoader.java:1064)
	at org.apache.tools.ant.AntClassLoader.findClass(AntClassLoader.java:1036)
	at org.apache.tools.ant.AntClassLoader.loadClass(AntClassLoader.java:931)
	at java.lang.ClassLoader.loadClass(ClassLoader.java:235)
	at java.lang.ClassLoader.loadClassInternal(ClassLoader.java:302)
	at fr.irisa.triskell.kermeta.loader.kmt.KMTUnit.parse(KMTUnit.java:69)
	at fr.irisa.triskell.kermeta.loader.kmt.KMTUnit.preLoad(KMTUnit.java:111)
	at fr.irisa.triskell.kermeta.loader.KermetaUnit.loadAllImportedUnits(KermetaUnit.java:1060)
	at fr.irisa.triskell.kermeta.loader.KermetaUnit.load(KermetaUnit.java:1037)
	at kermeta_io.typechecker_test.JunitTestSuite.testinvalidFile(JunitTestSuite.java:226)
	at kermeta_io.typechecker_test.JunitTestSuite.testinvalid_test_clone(JunitTestSuite.java:187)
	at sun.reflect.NativeMethodAccessorImpl.invoke0(Native Method)
	at sun.reflect.NativeMethodAccessorImpl.invoke(NativeMethodAccessorImpl.java:39)
	at sun.reflect.DelegatingMethodAccessorImpl.invoke(DelegatingMethodAccessorImpl.java:25)
	at java.lang.reflect.Method.invoke(Method.java:324)
	at junit.framework.TestCase.runTest(TestCase.java:154)
	at junit.framework.TestCase.runBare(TestCase.java:127)
	at junit.framework.TestResult$1.protect(TestResult.java:106)
	at junit.framework.TestResult.runProtected(TestResult.java:124)
	at junit.framework.TestResult.run(TestResult.java:109)
	at junit.framework.TestCase.run(TestCase.java:118)
	at junit.framework.TestSuite.runTest(TestSuite.java:208)
	at junit.framework.TestSuite.run(TestSuite.java:203)
	at org.apache.tools.ant.taskdefs.optional.junit.JUnitTestRunner.run(JUnitTestRunner.java:325)
	at org.apache.tools.ant.taskdefs.optional.junit.JUnitTask.executeInVM(JUnitTask.java:848)
	at org.apache.tools.ant.taskdefs.optional.junit.JUnitTask.execute(JUnitTask.java:556)
	at org.apache.tools.ant.taskdefs.optional.junit.JUnitTask.execute(JUnitTask.java:532)
	at org.apache.tools.ant.Task.perform(Task.java:341)
	at org.apache.tools.ant.Target.execute(Target.java:309)
	at org.apache.tools.ant.Target.performTasks(Target.java:336)
	at org.apache.tools.ant.Project.executeTarget(Project.java:1339)
	at org.apache.tools.ant.Project.executeTargets(Project.java:1255)
	at org.apache.tools.ant.Main.runBuild(Main.java:609)
	at org.apache.tools.ant.Main.start(Main.java:196)
	at org.apache.tools.ant.Main.main(Main.java:235)
28228 [main] ERROR KermetaUnit  - Unexpected load error
java.lang.NoClassDefFoundError: fr/irisa/triskell/kermeta/parser/KermetaParserTokenTypes
	at java.lang.ClassLoader.defineClass0(Native Method)
	at java.lang.ClassLoader.defineClass(ClassLoader.java:539)
	at sun.reflect.GeneratedMethodAccessor4.invoke(Unknown Source)
	at sun.reflect.DelegatingMethodAccessorImpl.invoke(DelegatingMethodAccessorImpl.java:25)
	at java.lang.reflect.Method.invoke(Method.java:324)
	at org.apache.tools.ant.AntClassLoader.getClassFromStream(AntClassLoader.java:1002)
	at org.apache.tools.ant.AntClassLoader.findClassInComponents(AntClassLoader.java:1064)
	at org.apache.tools.ant.AntClassLoader.findClass(AntClassLoader.java:1036)
	at org.apache.tools.ant.AntClassLoader.loadClass(AntClassLoader.java:931)
	at java.lang.ClassLoader.loadClass(ClassLoader.java:235)
	at java.lang.ClassLoader.loadClassInternal(ClassLoader.java:302)
	at fr.irisa.triskell.kermeta.loader.kmt.KMTUnit.parse(KMTUnit.java:69)
	at fr.irisa.triskell.kermeta.loader.kmt.KMTUnit.preLoad(KMTUnit.java:111)
	at fr.irisa.triskell.kermeta.loader.KermetaUnit.loadAllImportedUnits(KermetaUnit.java:1060)
	at fr.irisa.triskell.kermeta.loader.KermetaUnit.load(KermetaUnit.java:1037)
	at kermeta_io.typechecker_test.JunitTestSuite.testinvalidFile(JunitTestSuite.java:226)
	at kermeta_io.typechecker_test.JunitTestSuite.testinvalid_test_clone(JunitTestSuite.java:187)
	at sun.reflect.NativeMethodAccessorImpl.invoke0(Native Method)
	at sun.reflect.NativeMethodAccessorImpl.invoke(NativeMethodAccessorImpl.java:39)
	at sun.reflect.DelegatingMethodAccessorImpl.invoke(DelegatingMethodAccessorImpl.java:25)
	at java.lang.reflect.Method.invoke(Method.java:324)
	at junit.framework.TestCase.runTest(TestCase.java:154)
	at junit.framework.TestCase.runBare(TestCase.java:127)
	at junit.framework.TestResult$1.protect(TestResult.java:106)
	at junit.framework.TestResult.runProtected(TestResult.java:124)
	at junit.framework.TestResult.run(TestResult.java:109)
	at junit.framework.TestCase.run(TestCase.java:118)
	at junit.framework.TestSuite.runTest(TestSuite.java:208)
	at junit.framework.TestSuite.run(TestSuite.java:203)
	at org.apache.tools.ant.taskdefs.optional.junit.JUnitTestRunner.run(JUnitTestRunner.java:325)
	at org.apache.tools.ant.taskdefs.optional.junit.JUnitTask.executeInVM(JUnitTask.java:848)
	at org.apache.tools.ant.taskdefs.optional.junit.JUnitTask.execute(JUnitTask.java:556)
	at org.apache.tools.ant.taskdefs.optional.junit.JUnitTask.execute(JUnitTask.java:532)
	at org.apache.tools.ant.Task.perform(Task.java:341)
	at org.apache.tools.ant.Target.execute(Target.java:309)
	at org.apache.tools.ant.Target.performTasks(Target.java:336)
	at org.apache.tools.ant.Project.executeTarget(Project.java:1339)
	at org.apache.tools.ant.Project.executeTargets(Project.java:1255)
	at org.apache.tools.ant.Main.runBuild(Main.java:609)
	at org.apache.tools.ant.Main.start(Main.java:196)
	at org.apache.tools.ant.Main.main(Main.java:235)
------------- ---------------- ---------------

Testcase: testvalid_1_ClassSubTyping_1 took 2.811 sec
	FAILED
INTERNAL ERROR : fr/irisa/triskell/kermeta/parser/KermetaParserTokenTypes
->   file:/tmp/kermeta_build/kermeta_projects/fr.irisa.triskell.kermeta.io/test/typechecher_tests/valid/1_ClassSubTyping_1.kmt

junit.framework.AssertionFailedError: INTERNAL ERROR : fr/irisa/triskell/kermeta/parser/KermetaParserTokenTypes
->   file:/tmp/kermeta_build/kermeta_projects/fr.irisa.triskell.kermeta.io/test/typechecher_tests/valid/1_ClassSubTyping_1.kmt

	at kermeta_io.typechecker_test.JunitTestSuite.testvalidFile(JunitTestSuite.java:207)
	at kermeta_io.typechecker_test.JunitTestSuite.testvalid_1_ClassSubTyping_1(JunitTestSuite.java:83)
	at sun.reflect.NativeMethodAccessorImpl.invoke0(Native Method)
	at sun.reflect.NativeMethodAccessorImpl.invoke(NativeMethodAccessorImpl.java:39)
	at sun.reflect.DelegatingMethodAccessorImpl.invoke(DelegatingMethodAccessorImpl.java:25)

Testcase: testvalid_1_ClassSubTyping_1Testcase: testvalid_2_ClassSubTypingWithGenerics took 1.096 sec
	FAILED
INTERNAL ERROR : fr/irisa/triskell/kermeta/parser/KermetaParserTokenTypes
->   file:/tmp/kermeta_build/kermeta_projects/fr.irisa.triskell.kermeta.io/test/typechecher_tests/valid/2_ClassSubTypingWithGenerics.kmt

junit.framework.AssertionFailedError: INTERNAL ERROR : fr/irisa/triskell/kermeta/parser/KermetaParserTokenTypes
->   file:/tmp/kermeta_build/kermeta_projects/fr.irisa.triskell.kermeta.io/test/typechecher_tests/valid/2_ClassSubTypingWithGenerics.kmt

	at kermeta_io.typechecker_test.JunitTestSuite.testvalidFile(JunitTestSuite.java:207)
	at kermeta_io.typechecker_test.JunitTestSuite.testvalid_2_ClassSubTypingWithGenerics(JunitTestSuite.java:87)
	at sun.reflect.NativeMethodAccessorImpl.invoke0(Native Method)
	at sun.reflect.NativeMethodAccessorImpl.invoke(NativeMethodAccessorImpl.java:39)
	at sun.reflect.DelegatingMethodAccessorImpl.invoke(DelegatingMethodAccessorImpl.java:25)

Testcase: testvalid_2_ClassSubTypingWithGenericsTestcase: testvalid_AliasAndFunctions took 1.002 sec
	FAILED
INTERNAL ERROR : fr/irisa/triskell/kermeta/parser/KermetaParserTokenTypes
->   file:/tmp/kermeta_build/kermeta_projects/fr.irisa.triskell.kermeta.io/test/typechecher_tests/valid/AliasAndFunctions.kmt

junit.framework.AssertionFailedError: INTERNAL ERROR : fr/irisa/triskell/kermeta/parser/KermetaParserTokenTypes
->   file:/tmp/kermeta_build/kermeta_projects/fr.irisa.triskell.kermeta.io/test/typechecher_tests/valid/AliasAndFunctions.kmt

	at kermeta_io.typechecker_test.JunitTestSuite.testvalidFile(JunitTestSuite.java:207)
	at kermeta_io.typechecker_test.JunitTestSuite.testvalid_AliasAndFunctions(JunitTestSuite.java:91)
	at sun.reflect.NativeMethodAccessorImpl.invoke0(Native Method)
	at sun.reflect.NativeMethodAccessorImpl.invoke(NativeMethodAccessorImpl.java:39)
	at sun.reflect.DelegatingMethodAccessorImpl.invoke(DelegatingMethodAccessorImpl.java:25)

Testcase: testvalid_AliasAndFunctionsTestcase: testvalid_ClassSubTypingWithGenericOperations took 0.976 sec
	FAILED
INTERNAL ERROR : fr/irisa/triskell/kermeta/parser/KermetaParserTokenTypes
->   file:/tmp/kermeta_build/kermeta_projects/fr.irisa.triskell.kermeta.io/test/typechecher_tests/valid/ClassSubTypingWithGenericOperations.kmt

junit.framework.AssertionFailedError: INTERNAL ERROR : fr/irisa/triskell/kermeta/parser/KermetaParserTokenTypes
->   file:/tmp/kermeta_build/kermeta_projects/fr.irisa.triskell.kermeta.io/test/typechecher_tests/valid/ClassSubTypingWithGenericOperations.kmt

	at kermeta_io.typechecker_test.JunitTestSuite.testvalidFile(JunitTestSuite.java:207)
	at kermeta_io.typechecker_test.JunitTestSuite.testvalid_ClassSubTypingWithGenericOperations(JunitTestSuite.java:95)
	at sun.reflect.NativeMethodAccessorImpl.invoke0(Native Method)
	at sun.reflect.NativeMethodAccessorImpl.invoke(NativeMethodAccessorImpl.java:39)
	at sun.reflect.DelegatingMethodAccessorImpl.invoke(DelegatingMethodAccessorImpl.java:25)

Testcase: testvalid_ClassSubTypingWithGenericOperationsTestcase: testvalid_Class_new took 0.964 sec
	FAILED
INTERNAL ERROR : fr/irisa/triskell/kermeta/parser/KermetaParserTokenTypes
->   file:/tmp/kermeta_build/kermeta_projects/fr.irisa.triskell.kermeta.io/test/typechecher_tests/valid/Class_new.kmt

junit.framework.AssertionFailedError: INTERNAL ERROR : fr/irisa/triskell/kermeta/parser/KermetaParserTokenTypes
->   file:/tmp/kermeta_build/kermeta_projects/fr.irisa.triskell.kermeta.io/test/typechecher_tests/valid/Class_new.kmt

	at kermeta_io.typechecker_test.JunitTestSuite.testvalidFile(JunitTestSuite.java:207)
	at kermeta_io.typechecker_test.JunitTestSuite.testvalid_Class_new(JunitTestSuite.java:99)
	at sun.reflect.NativeMethodAccessorImpl.invoke0(Native Method)
	at sun.reflect.NativeMethodAccessorImpl.invoke(NativeMethodAccessorImpl.java:39)
	at sun.reflect.DelegatingMethodAccessorImpl.invoke(DelegatingMethodAccessorImpl.java:25)

Testcase: testvalid_Class_newTestcase: testvalid_Enum took 0.962 sec
	FAILED
INTERNAL ERROR : fr/irisa/triskell/kermeta/parser/KermetaParserTokenTypes
->   file:/tmp/kermeta_build/kermeta_projects/fr.irisa.triskell.kermeta.io/test/typechecher_tests/valid/Enum.kmt

junit.framework.AssertionFailedError: INTERNAL ERROR : fr/irisa/triskell/kermeta/parser/KermetaParserTokenTypes
->   file:/tmp/kermeta_build/kermeta_projects/fr.irisa.triskell.kermeta.io/test/typechecher_tests/valid/Enum.kmt

	at kermeta_io.typechecker_test.JunitTestSuite.testvalidFile(JunitTestSuite.java:207)
	at kermeta_io.typechecker_test.JunitTestSuite.testvalid_Enum(JunitTestSuite.java:103)
	at sun.reflect.NativeMethodAccessorImpl.invoke0(Native Method)
	at sun.reflect.NativeMethodAccessorImpl.invoke(NativeMethodAccessorImpl.java:39)
	at sun.reflect.DelegatingMethodAccessorImpl.invoke(DelegatingMethodAccessorImpl.java:25)

Testcase: testvalid_EnumTestcase: testvalid_GenericOperationCall took 0.963 sec
	FAILED
INTERNAL ERROR : fr/irisa/triskell/kermeta/parser/KermetaParserTokenTypes
->   file:/tmp/kermeta_build/kermeta_projects/fr.irisa.triskell.kermeta.io/test/typechecher_tests/valid/GenericOperationCall.kmt

junit.framework.AssertionFailedError: INTERNAL ERROR : fr/irisa/triskell/kermeta/parser/KermetaParserTokenTypes
->   file:/tmp/kermeta_build/kermeta_projects/fr.irisa.triskell.kermeta.io/test/typechecher_tests/valid/GenericOperationCall.kmt

	at kermeta_io.typechecker_test.JunitTestSuite.testvalidFile(JunitTestSuite.java:207)
	at kermeta_io.typechecker_test.JunitTestSuite.testvalid_GenericOperationCall(JunitTestSuite.java:107)
	at sun.reflect.NativeMethodAccessorImpl.invoke0(Native Method)
	at sun.reflect.NativeMethodAccessorImpl.invoke(NativeMethodAccessorImpl.java:39)
	at sun.reflect.DelegatingMethodAccessorImpl.invoke(DelegatingMethodAccessorImpl.java:25)

Testcase: testvalid_GenericOperationCallTestcase: testvalid_GenericsAndFunctions took 0.954 sec
	FAILED
INTERNAL ERROR : fr/irisa/triskell/kermeta/parser/KermetaParserTokenTypes
->   file:/tmp/kermeta_build/kermeta_projects/fr.irisa.triskell.kermeta.io/test/typechecher_tests/valid/GenericsAndFunctions.kmt

junit.framework.AssertionFailedError: INTERNAL ERROR : fr/irisa/triskell/kermeta/parser/KermetaParserTokenTypes
->   file:/tmp/kermeta_build/kermeta_projects/fr.irisa.triskell.kermeta.io/test/typechecher_tests/valid/GenericsAndFunctions.kmt

	at kermeta_io.typechecker_test.JunitTestSuite.testvalidFile(JunitTestSuite.java:207)
	at kermeta_io.typechecker_test.JunitTestSuite.testvalid_GenericsAndFunctions(JunitTestSuite.java:111)
	at sun.reflect.NativeMethodAccessorImpl.invoke0(Native Method)
	at sun.reflect.NativeMethodAccessorImpl.invoke(NativeMethodAccessorImpl.java:39)
	at sun.reflect.DelegatingMethodAccessorImpl.invoke(DelegatingMethodAccessorImpl.java:25)

Testcase: testvalid_GenericsAndFunctionsTestcase: testvalid_GenericVisitor took 1.154 sec
	FAILED
INTERNAL ERROR : fr/irisa/triskell/kermeta/parser/KermetaParserTokenTypes
->   file:/tmp/kermeta_build/kermeta_projects/fr.irisa.triskell.kermeta.io/test/typechecher_tests/valid/GenericVisitor.kmt

junit.framework.AssertionFailedError: INTERNAL ERROR : fr/irisa/triskell/kermeta/parser/KermetaParserTokenTypes
->   file:/tmp/kermeta_build/kermeta_projects/fr.irisa.triskell.kermeta.io/test/typechecher_tests/valid/GenericVisitor.kmt

	at kermeta_io.typechecker_test.JunitTestSuite.testvalidFile(JunitTestSuite.java:207)
	at kermeta_io.typechecker_test.JunitTestSuite.testvalid_GenericVisitor(JunitTestSuite.java:115)
	at sun.reflect.NativeMethodAccessorImpl.invoke0(Native Method)
	at sun.reflect.NativeMethodAccessorImpl.invoke(NativeMethodAccessorImpl.java:39)
	at sun.reflect.DelegatingMethodAccessorImpl.invoke(DelegatingMethodAccessorImpl.java:25)

Testcase: testvalid_GenericVisitorTestcase: testvalid_ObjectAndVoid took 0.928 sec
	FAILED
INTERNAL ERROR : fr/irisa/triskell/kermeta/parser/KermetaParserTokenTypes
->   file:/tmp/kermeta_build/kermeta_projects/fr.irisa.triskell.kermeta.io/test/typechecher_tests/valid/ObjectAndVoid.kmt

junit.framework.AssertionFailedError: INTERNAL ERROR : fr/irisa/triskell/kermeta/parser/KermetaParserTokenTypes
->   file:/tmp/kermeta_build/kermeta_projects/fr.irisa.triskell.kermeta.io/test/typechecher_tests/valid/ObjectAndVoid.kmt

	at kermeta_io.typechecker_test.JunitTestSuite.testvalidFile(JunitTestSuite.java:207)
	at kermeta_io.typechecker_test.JunitTestSuite.testvalid_ObjectAndVoid(JunitTestSuite.java:119)
	at sun.reflect.NativeMethodAccessorImpl.invoke0(Native Method)
	at sun.reflect.NativeMethodAccessorImpl.invoke(NativeMethodAccessorImpl.java:39)
	at sun.reflect.DelegatingMethodAccessorImpl.invoke(DelegatingMethodAccessorImpl.java:25)

Testcase: testvalid_ObjectAndVoidTestcase: testvalid_SimpleCtrlStructs took 0.931 sec
	FAILED
INTERNAL ERROR : fr/irisa/triskell/kermeta/parser/KermetaParserTokenTypes
->   file:/tmp/kermeta_build/kermeta_projects/fr.irisa.triskell.kermeta.io/test/typechecher_tests/valid/SimpleCtrlStructs.kmt

junit.framework.AssertionFailedError: INTERNAL ERROR : fr/irisa/triskell/kermeta/parser/KermetaParserTokenTypes
->   file:/tmp/kermeta_build/kermeta_projects/fr.irisa.triskell.kermeta.io/test/typechecher_tests/valid/SimpleCtrlStructs.kmt

	at kermeta_io.typechecker_test.JunitTestSuite.testvalidFile(JunitTestSuite.java:207)
	at kermeta_io.typechecker_test.JunitTestSuite.testvalid_SimpleCtrlStructs(JunitTestSuite.java:123)
	at sun.reflect.NativeMethodAccessorImpl.invoke0(Native Method)
	at sun.reflect.NativeMethodAccessorImpl.invoke(NativeMethodAccessorImpl.java:39)
	at sun.reflect.DelegatingMethodAccessorImpl.invoke(DelegatingMethodAccessorImpl.java:25)

Testcase: testvalid_SimpleCtrlStructsTestcase: testvalid_SimpleFunctions took 0.927 sec
	FAILED
INTERNAL ERROR : fr/irisa/triskell/kermeta/parser/KermetaParserTokenTypes
->   file:/tmp/kermeta_build/kermeta_projects/fr.irisa.triskell.kermeta.io/test/typechecher_tests/valid/SimpleFunctions.kmt

junit.framework.AssertionFailedError: INTERNAL ERROR : fr/irisa/triskell/kermeta/parser/KermetaParserTokenTypes
->   file:/tmp/kermeta_build/kermeta_projects/fr.irisa.triskell.kermeta.io/test/typechecher_tests/valid/SimpleFunctions.kmt

	at kermeta_io.typechecker_test.JunitTestSuite.testvalidFile(JunitTestSuite.java:207)
	at kermeta_io.typechecker_test.JunitTestSuite.testvalid_SimpleFunctions(JunitTestSuite.java:127)
	at sun.reflect.NativeMethodAccessorImpl.invoke0(Native Method)
	at sun.reflect.NativeMethodAccessorImpl.invoke(NativeMethodAccessorImpl.java:39)
	at sun.reflect.DelegatingMethodAccessorImpl.invoke(DelegatingMethodAccessorImpl.java:25)

Testcase: testvalid_SimpleFunctionsTestcase: testvalid_SimpleOperationCall took 0.918 sec
	FAILED
INTERNAL ERROR : fr/irisa/triskell/kermeta/parser/KermetaParserTokenTypes
->   file:/tmp/kermeta_build/kermeta_projects/fr.irisa.triskell.kermeta.io/test/typechecher_tests/valid/SimpleOperationCall.kmt

junit.framework.AssertionFailedError: INTERNAL ERROR : fr/irisa/triskell/kermeta/parser/KermetaParserTokenTypes
->   file:/tmp/kermeta_build/kermeta_projects/fr.irisa.triskell.kermeta.io/test/typechecher_tests/valid/SimpleOperationCall.kmt

	at kermeta_io.typechecker_test.JunitTestSuite.testvalidFile(JunitTestSuite.java:207)
	at kermeta_io.typechecker_test.JunitTestSuite.testvalid_SimpleOperationCall(JunitTestSuite.java:131)
	at sun.reflect.NativeMethodAccessorImpl.invoke0(Native Method)
	at sun.reflect.NativeMethodAccessorImpl.invoke(NativeMethodAccessorImpl.java:39)
	at sun.reflect.DelegatingMethodAccessorImpl.invoke(DelegatingMethodAccessorImpl.java:25)

Testcase: testvalid_SimpleOperationCallTestcase: testvalid_test_clone took 1.107 sec
	FAILED
INTERNAL ERROR : fr/irisa/triskell/kermeta/parser/KermetaParserTokenTypes
->   file:/tmp/kermeta_build/kermeta_projects/fr.irisa.triskell.kermeta.io/test/typechecher_tests/valid/test_clone.kmt

junit.framework.AssertionFailedError: INTERNAL ERROR : fr/irisa/triskell/kermeta/parser/KermetaParserTokenTypes
->   file:/tmp/kermeta_build/kermeta_projects/fr.irisa.triskell.kermeta.io/test/typechecher_tests/valid/test_clone.kmt

	at kermeta_io.typechecker_test.JunitTestSuite.testvalidFile(JunitTestSuite.java:207)
	at kermeta_io.typechecker_test.JunitTestSuite.testvalid_test_clone(JunitTestSuite.java:135)
	at sun.reflect.NativeMethodAccessorImpl.invoke0(Native Method)
	at sun.reflect.NativeMethodAccessorImpl.invoke(NativeMethodAccessorImpl.java:39)
	at sun.reflect.DelegatingMethodAccessorImpl.invoke(DelegatingMethodAccessorImpl.java:25)

Testcase: testvalid_test_cloneTestcase: testinvalid_013_kermetaSignature took 0.926 sec
	FAILED
INTERNAL ERROR : fr/irisa/triskell/kermeta/parser/KermetaParserTokenTypes
->   file:/tmp/kermeta_build/kermeta_projects/fr.irisa.triskell.kermeta.io/test/typechecher_tests/invalid/013_kermetaSignature.kmt

junit.framework.AssertionFailedError: INTERNAL ERROR : fr/irisa/triskell/kermeta/parser/KermetaParserTokenTypes
->   file:/tmp/kermeta_build/kermeta_projects/fr.irisa.triskell.kermeta.io/test/typechecher_tests/invalid/013_kermetaSignature.kmt

	at kermeta_io.typechecker_test.JunitTestSuite.testinvalidFile(JunitTestSuite.java:230)
	at kermeta_io.typechecker_test.JunitTestSuite.testinvalid_013_kermetaSignature(JunitTestSuite.java:139)
	at sun.reflect.NativeMethodAccessorImpl.invoke0(Native Method)
	at sun.reflect.NativeMethodAccessorImpl.invoke(NativeMethodAccessorImpl.java:39)
	at sun.reflect.DelegatingMethodAccessorImpl.invoke(DelegatingMethodAccessorImpl.java:25)

Testcase: testinvalid_013_kermetaSignatureTestcase: testinvalid_1_ClassSubTyping_1 took 0.929 sec
	FAILED
INTERNAL ERROR : fr/irisa/triskell/kermeta/parser/KermetaParserTokenTypes
->   file:/tmp/kermeta_build/kermeta_projects/fr.irisa.triskell.kermeta.io/test/typechecher_tests/invalid/1_ClassSubTyping_1.kmt

junit.framework.AssertionFailedError: INTERNAL ERROR : fr/irisa/triskell/kermeta/parser/KermetaParserTokenTypes
->   file:/tmp/kermeta_build/kermeta_projects/fr.irisa.triskell.kermeta.io/test/typechecher_tests/invalid/1_ClassSubTyping_1.kmt

	at kermeta_io.typechecker_test.JunitTestSuite.testinvalidFile(JunitTestSuite.java:230)
	at kermeta_io.typechecker_test.JunitTestSuite.testinvalid_1_ClassSubTyping_1(JunitTestSuite.java:143)
	at sun.reflect.NativeMethodAccessorImpl.invoke0(Native Method)
	at sun.reflect.NativeMethodAccessorImpl.invoke(NativeMethodAccessorImpl.java:39)
	at sun.reflect.DelegatingMethodAccessorImpl.invoke(DelegatingMethodAccessorImpl.java:25)

Testcase: testinvalid_1_ClassSubTyping_1Testcase: testinvalid_2_ClassSubTypingWithGenerics took 0.917 sec
	FAILED
INTERNAL ERROR : fr/irisa/triskell/kermeta/parser/KermetaParserTokenTypes
->   file:/tmp/kermeta_build/kermeta_projects/fr.irisa.triskell.kermeta.io/test/typechecher_tests/invalid/2_ClassSubTypingWithGenerics.kmt

junit.framework.AssertionFailedError: INTERNAL ERROR : fr/irisa/triskell/kermeta/parser/KermetaParserTokenTypes
->   file:/tmp/kermeta_build/kermeta_projects/fr.irisa.triskell.kermeta.io/test/typechecher_tests/invalid/2_ClassSubTypingWithGenerics.kmt

	at kermeta_io.typechecker_test.JunitTestSuite.testinvalidFile(JunitTestSuite.java:230)
	at kermeta_io.typechecker_test.JunitTestSuite.testinvalid_2_ClassSubTypingWithGenerics(JunitTestSuite.java:147)
	at sun.reflect.NativeMethodAccessorImpl.invoke0(Native Method)
	at sun.reflect.NativeMethodAccessorImpl.invoke(NativeMethodAccessorImpl.java:39)
	at sun.reflect.DelegatingMethodAccessorImpl.invoke(DelegatingMethodAccessorImpl.java:25)

Testcase: testinvalid_2_ClassSubTypingWithGenericsTestcase: testinvalid_ClassSubTypingWithGenericOperations took 0.926 sec
	FAILED
INTERNAL ERROR : fr/irisa/triskell/kermeta/parser/KermetaParserTokenTypes
->   file:/tmp/kermeta_build/kermeta_projects/fr.irisa.triskell.kermeta.io/test/typechecher_tests/invalid/ClassSubTypingWithGenericOperations.kmt

junit.framework.AssertionFailedError: INTERNAL ERROR : fr/irisa/triskell/kermeta/parser/KermetaParserTokenTypes
->   file:/tmp/kermeta_build/kermeta_projects/fr.irisa.triskell.kermeta.io/test/typechecher_tests/invalid/ClassSubTypingWithGenericOperations.kmt

	at kermeta_io.typechecker_test.JunitTestSuite.testinvalidFile(JunitTestSuite.java:230)
	at kermeta_io.typechecker_test.JunitTestSuite.testinvalid_ClassSubTypingWithGenericOperations(JunitTestSuite.java:151)
	at sun.reflect.NativeMethodAccessorImpl.invoke0(Native Method)
	at sun.reflect.NativeMethodAccessorImpl.invoke(NativeMethodAccessorImpl.java:39)
	at sun.reflect.DelegatingMethodAccessorImpl.invoke(DelegatingMethodAccessorImpl.java:25)

Testcase: testinvalid_ClassSubTypingWithGenericOperationsTestcase: testinvalid_Class_new took 0.931 sec
	FAILED
INTERNAL ERROR : fr/irisa/triskell/kermeta/parser/KermetaParserTokenTypes
->   file:/tmp/kermeta_build/kermeta_projects/fr.irisa.triskell.kermeta.io/test/typechecher_tests/invalid/Class_new.kmt

junit.framework.AssertionFailedError: INTERNAL ERROR : fr/irisa/triskell/kermeta/parser/KermetaParserTokenTypes
->   file:/tmp/kermeta_build/kermeta_projects/fr.irisa.triskell.kermeta.io/test/typechecher_tests/invalid/Class_new.kmt

	at kermeta_io.typechecker_test.JunitTestSuite.testinvalidFile(JunitTestSuite.java:230)
	at kermeta_io.typechecker_test.JunitTestSuite.testinvalid_Class_new(JunitTestSuite.java:155)
	at sun.reflect.NativeMethodAccessorImpl.invoke0(Native Method)
	at sun.reflect.NativeMethodAccessorImpl.invoke(NativeMethodAccessorImpl.java:39)
	at sun.reflect.DelegatingMethodAccessorImpl.invoke(DelegatingMethodAccessorImpl.java:25)

Testcase: testinvalid_Class_newTestcase: testinvalid_Enum took 1.098 sec
	FAILED
INTERNAL ERROR : fr/irisa/triskell/kermeta/parser/KermetaParserTokenTypes
->   file:/tmp/kermeta_build/kermeta_projects/fr.irisa.triskell.kermeta.io/test/typechecher_tests/invalid/Enum.kmt

junit.framework.AssertionFailedError: INTERNAL ERROR : fr/irisa/triskell/kermeta/parser/KermetaParserTokenTypes
->   file:/tmp/kermeta_build/kermeta_projects/fr.irisa.triskell.kermeta.io/test/typechecher_tests/invalid/Enum.kmt

	at kermeta_io.typechecker_test.JunitTestSuite.testinvalidFile(JunitTestSuite.java:230)
	at kermeta_io.typechecker_test.JunitTestSuite.testinvalid_Enum(JunitTestSuite.java:159)
	at sun.reflect.NativeMethodAccessorImpl.invoke0(Native Method)
	at sun.reflect.NativeMethodAccessorImpl.invoke(NativeMethodAccessorImpl.java:39)
	at sun.reflect.DelegatingMethodAccessorImpl.invoke(DelegatingMethodAccessorImpl.java:25)

Testcase: testinvalid_EnumTestcase: testinvalid_GenericOperationCall took 0.925 sec
	FAILED
INTERNAL ERROR : fr/irisa/triskell/kermeta/parser/KermetaParserTokenTypes
->   file:/tmp/kermeta_build/kermeta_projects/fr.irisa.triskell.kermeta.io/test/typechecher_tests/invalid/GenericOperationCall.kmt

junit.framework.AssertionFailedError: INTERNAL ERROR : fr/irisa/triskell/kermeta/parser/KermetaParserTokenTypes
->   file:/tmp/kermeta_build/kermeta_projects/fr.irisa.triskell.kermeta.io/test/typechecher_tests/invalid/GenericOperationCall.kmt

	at kermeta_io.typechecker_test.JunitTestSuite.testinvalidFile(JunitTestSuite.java:230)
	at kermeta_io.typechecker_test.JunitTestSuite.testinvalid_GenericOperationCall(JunitTestSuite.java:163)
	at sun.reflect.NativeMethodAccessorImpl.invoke0(Native Method)
	at sun.reflect.NativeMethodAccessorImpl.invoke(NativeMethodAccessorImpl.java:39)
	at sun.reflect.DelegatingMethodAccessorImpl.invoke(DelegatingMethodAccessorImpl.java:25)

Testcase: testinvalid_GenericOperationCallTestcase: testinvalid_GenericsAndFunctions took 0.91 sec
	FAILED
INTERNAL ERROR : fr/irisa/triskell/kermeta/parser/KermetaParserTokenTypes
->   file:/tmp/kermeta_build/kermeta_projects/fr.irisa.triskell.kermeta.io/test/typechecher_tests/invalid/GenericsAndFunctions.kmt

junit.framework.AssertionFailedError: INTERNAL ERROR : fr/irisa/triskell/kermeta/parser/KermetaParserTokenTypes
->   file:/tmp/kermeta_build/kermeta_projects/fr.irisa.triskell.kermeta.io/test/typechecher_tests/invalid/GenericsAndFunctions.kmt

	at kermeta_io.typechecker_test.JunitTestSuite.testinvalidFile(JunitTestSuite.java:230)
	at kermeta_io.typechecker_test.JunitTestSuite.testinvalid_GenericsAndFunctions(JunitTestSuite.java:167)
	at sun.reflect.NativeMethodAccessorImpl.invoke0(Native Method)
	at sun.reflect.NativeMethodAccessorImpl.invoke(NativeMethodAccessorImpl.java:39)
	at sun.reflect.DelegatingMethodAccessorImpl.invoke(DelegatingMethodAccessorImpl.java:25)

Testcase: testinvalid_GenericsAndFunctionsTestcase: testinvalid_ObjectAndVoid took 0.917 sec
	FAILED
INTERNAL ERROR : fr/irisa/triskell/kermeta/parser/KermetaParserTokenTypes
->   file:/tmp/kermeta_build/kermeta_projects/fr.irisa.triskell.kermeta.io/test/typechecher_tests/invalid/ObjectAndVoid.kmt

junit.framework.AssertionFailedError: INTERNAL ERROR : fr/irisa/triskell/kermeta/parser/KermetaParserTokenTypes
->   file:/tmp/kermeta_build/kermeta_projects/fr.irisa.triskell.kermeta.io/test/typechecher_tests/invalid/ObjectAndVoid.kmt

	at kermeta_io.typechecker_test.JunitTestSuite.testinvalidFile(JunitTestSuite.java:230)
	at kermeta_io.typechecker_test.JunitTestSuite.testinvalid_ObjectAndVoid(JunitTestSuite.java:171)
	at sun.reflect.NativeMethodAccessorImpl.invoke0(Native Method)
	at sun.reflect.NativeMethodAccessorImpl.invoke(NativeMethodAccessorImpl.java:39)
	at sun.reflect.DelegatingMethodAccessorImpl.invoke(DelegatingMethodAccessorImpl.java:25)

Testcase: testinvalid_ObjectAndVoidTestcase: testinvalid_SimpleCtrlStructs took 0.918 sec
	FAILED
INTERNAL ERROR : fr/irisa/triskell/kermeta/parser/KermetaParserTokenTypes
->   file:/tmp/kermeta_build/kermeta_projects/fr.irisa.triskell.kermeta.io/test/typechecher_tests/invalid/SimpleCtrlStructs.kmt

junit.framework.AssertionFailedError: INTERNAL ERROR : fr/irisa/triskell/kermeta/parser/KermetaParserTokenTypes
->   file:/tmp/kermeta_build/kermeta_projects/fr.irisa.triskell.kermeta.io/test/typechecher_tests/invalid/SimpleCtrlStructs.kmt

	at kermeta_io.typechecker_test.JunitTestSuite.testinvalidFile(JunitTestSuite.java:230)
	at kermeta_io.typechecker_test.JunitTestSuite.testinvalid_SimpleCtrlStructs(JunitTestSuite.java:175)
	at sun.reflect.NativeMethodAccessorImpl.invoke0(Native Method)
	at sun.reflect.NativeMethodAccessorImpl.invoke(NativeMethodAccessorImpl.java:39)
	at sun.reflect.DelegatingMethodAccessorImpl.invoke(DelegatingMethodAccessorImpl.java:25)

Testcase: testinvalid_SimpleCtrlStructsTestcase: testinvalid_SimpleFunctions took 1.095 sec
	FAILED
INTERNAL ERROR : fr/irisa/triskell/kermeta/parser/KermetaParserTokenTypes
->   file:/tmp/kermeta_build/kermeta_projects/fr.irisa.triskell.kermeta.io/test/typechecher_tests/invalid/SimpleFunctions.kmt

junit.framework.AssertionFailedError: INTERNAL ERROR : fr/irisa/triskell/kermeta/parser/KermetaParserTokenTypes
->   file:/tmp/kermeta_build/kermeta_projects/fr.irisa.triskell.kermeta.io/test/typechecher_tests/invalid/SimpleFunctions.kmt

	at kermeta_io.typechecker_test.JunitTestSuite.testinvalidFile(JunitTestSuite.java:230)
	at kermeta_io.typechecker_test.JunitTestSuite.testinvalid_SimpleFunctions(JunitTestSuite.java:179)
	at sun.reflect.NativeMethodAccessorImpl.invoke0(Native Method)
	at sun.reflect.NativeMethodAccessorImpl.invoke(NativeMethodAccessorImpl.java:39)
	at sun.reflect.DelegatingMethodAccessorImpl.invoke(DelegatingMethodAccessorImpl.java:25)

Testcase: testinvalid_SimpleFunctionsTestcase: testinvalid_SimpleOperationCall took 0.931 sec
	FAILED
INTERNAL ERROR : fr/irisa/triskell/kermeta/parser/KermetaParserTokenTypes
->   file:/tmp/kermeta_build/kermeta_projects/fr.irisa.triskell.kermeta.io/test/typechecher_tests/invalid/SimpleOperationCall.kmt

junit.framework.AssertionFailedError: INTERNAL ERROR : fr/irisa/triskell/kermeta/parser/KermetaParserTokenTypes
->   file:/tmp/kermeta_build/kermeta_projects/fr.irisa.triskell.kermeta.io/test/typechecher_tests/invalid/SimpleOperationCall.kmt

	at kermeta_io.typechecker_test.JunitTestSuite.testinvalidFile(JunitTestSuite.java:230)
	at kermeta_io.typechecker_test.JunitTestSuite.testinvalid_SimpleOperationCall(JunitTestSuite.java:183)
	at sun.reflect.NativeMethodAccessorImpl.invoke0(Native Method)
	at sun.reflect.NativeMethodAccessorImpl.invoke(NativeMethodAccessorImpl.java:39)
	at sun.reflect.DelegatingMethodAccessorImpl.invoke(DelegatingMethodAccessorImpl.java:25)

Testcase: testinvalid_SimpleOperationCallTestcase: testinvalid_test_clone took 0.936 sec
	FAILED
INTERNAL ERROR : fr/irisa/triskell/kermeta/parser/KermetaParserTokenTypes
->   file:/tmp/kermeta_build/kermeta_projects/fr.irisa.triskell.kermeta.io/test/typechecher_tests/invalid/test_clone.kmt

junit.framework.AssertionFailedError: INTERNAL ERROR : fr/irisa/triskell/kermeta/parser/KermetaParserTokenTypes
->   file:/tmp/kermeta_build/kermeta_projects/fr.irisa.triskell.kermeta.io/test/typechecher_tests/invalid/test_clone.kmt

	at kermeta_io.typechecker_test.JunitTestSuite.testinvalidFile(JunitTestSuite.java:230)
	at kermeta_io.typechecker_test.JunitTestSuite.testinvalid_test_clone(JunitTestSuite.java:187)
	at sun.reflect.NativeMethodAccessorImpl.invoke0(Native Method)
	at sun.reflect.NativeMethodAccessorImpl.invoke(NativeMethodAccessorImpl.java:39)
	at sun.reflect.DelegatingMethodAccessorImpl.invoke(DelegatingMethodAccessorImpl.java:25)

Testcase: testinvalid_test_clone