<?xml version="1.0" encoding="UTF-8" ?>
<testsuite errors="1" failures="7" name="kermeta_io.typechecker_test.JunitTestSuite" tests="62" time="5.227">
  <properties>
[...]
</properties>
  <testcase name="testvalid_021_mandstart_fsm_type" time="0.101"></testcase>
  <testcase name="testvalid_021_multstart_fsm_type" time="0.063"></testcase>
  <testcase name="testvalid_021_basic_fsm_type" time="0.044"></testcase>
  <testcase name="testvalid_023_mt_att_ref_valid_tests" time="0.125"></testcase>
  <testcase name="testvalid_ObjectAndVoid" time="0.076"></testcase>
  <testcase name="testvalid_024_mt_property_order" time="0.051"></testcase>
  <testcase name="testvalid_GenericsAndFunctions" time="0.084"></testcase>
  <testcase name="testvalid_ModelTypesTemp" time="0.175"></testcase>
  <testcase name="testvalid_022_mt_multiplicity" time="0.08"></testcase>
  <testcase name="testvalid_testModelTypesStateMachines" time="0.368"></testcase>
  <testcase name="testvalid_2_ClassSubTypingWithGenerics" time="0.044"></testcase>
  <testcase name="testvalid_Enum" time="0.088"></testcase>
  <testcase name="testvalid_026_weaving_in_kermeta_mixed_base_aspect" time="0.19"></testcase>
  <testcase name="testvalid_021_composite_fsm_type" time="0.032"></testcase>
  <testcase name="testvalid_021_minimization" time="0.269"></testcase>
  <testcase name="testvalid_1_ClassSubTyping_1" time="0.092"></testcase>
  <testcase name="testvalid_SimpleOperationCall" time="0.046"></testcase>
  <testcase name="testvalid_AliasAndFunctions" time="0.047"></testcase>
  <testcase name="testvalid_021_fsm_quicktest" time="0.591"></testcase>
  <testcase name="testvalid_027_weaving_in_kermeta_base" time="0.037"></testcase>
  <testcase name="testvalid_test_clone" time="0.068"></testcase>
  <testcase name="testvalid_GenericVisitor" time="0.04"></testcase>
  <testcase name="testvalid_AllocationUsingVariable_Alias" time="0.044"></testcase>
  <testcase name="testvalid_021_finalstates_fsm_type" time="0.0"></testcase>
  <testcase name="testvalid_VirtualTypeInheritance" time="0.042">
    <error type="java.lang.NullPointerException">java.lang.NullPointerException
	at kermeta_io.typechecker_test.JunitTestSuite.testvalidFile(JunitTestSuite.java:324)
	at kermeta_io.typechecker_test.JunitTestSuite.testvalid_VirtualTypeInheritance(JunitTestSuite.java:161)
	at sun.reflect.NativeMethodAccessorImpl.invoke0(Native Method)
	at sun.reflect.NativeMethodAccessorImpl.invoke(NativeMethodAccessorImpl.java:39)
	at sun.reflect.DelegatingMethodAccessorImpl.invoke(DelegatingMethodAccessorImpl.java:25)
</error>
  </testcase>
  <testcase name="testvalid_027_weaving_in_kermeta_aspect1" time="0.115"></testcase>
  <testcase name="testvalid_022_mt_multiplicity_valid_tests" time="0.143">
    <failure message="Type mt_multiplicity::m0_1T is not a conformant type binding for the variable MT : mt_multiplicity::m0T.
   Model type &apos;m0_1T&apos; does not match model type &apos;m0T&apos;: ambiguous match for required class &apos;A&apos;.
Type mt_multiplicity::m0T is not a conformant type binding for the variable MT : mt_multiplicity::m0T.
   Model type &apos;m0T&apos; does not match model type &apos;m0T&apos;: ambiguous match for required class &apos;A&apos;.
Type mt_multiplicity::m1T is not a conformant type binding for the variable MT : mt_multiplicity::m0T.
   Model type &apos;m1T&apos; does not match model type &apos;m0T&apos;: ambiguous match for required class &apos;A&apos;.
Type mt_multiplicity::m0_nT is not a conformant type binding for the variable MT : mt_multiplicity::m0T.
   Model type &apos;m0_nT&apos; does not match model type &apos;m0T&apos;: ambiguous match for required class &apos;A&apos;.
Type mt_multiplicity::m0_2T is not a conformant type binding for the variable MT : mt_multiplicity::m0T.
   Model type &apos;m0_2T&apos; does not match model type &apos;m0T&apos;: ambiguous match for required class &apos;A&apos;.
Type mt_multiplicity::m1_nT is not a conformant type binding for the variable MT : mt_multiplicity::m0T.
   Model type &apos;m1_nT&apos; does not match model type &apos;m0T&apos;: ambiguous match for required class &apos;A&apos;.
Type mt_multiplicity::m1_2T is not a conformant type binding for the variable MT : mt_multiplicity::m0T.
   Model type &apos;m1_2T&apos; does not match model type &apos;m0T&apos;: ambiguous match for required class &apos;A&apos;.
Type mt_multiplicity::m0_3T is not a conformant type binding for the variable MT : mt_multiplicity::m0T.
   Model type &apos;m0_3T&apos; does not match model type &apos;m0T&apos;: ambiguous match for required class &apos;A&apos;.
" type="junit.framework.AssertionFailedError">junit.framework.AssertionFailedError: Type mt_multiplicity::m0_1T is not a conformant type binding for the variable MT : mt_multiplicity::m0T.
   Model type &apos;m0_1T&apos; does not match model type &apos;m0T&apos;: ambiguous match for required class &apos;A&apos;.
Type mt_multiplicity::m0T is not a conformant type binding for the variable MT : mt_multiplicity::m0T.
   Model type &apos;m0T&apos; does not match model type &apos;m0T&apos;: ambiguous match for required class &apos;A&apos;.
Type mt_multiplicity::m1T is not a conformant type binding for the variable MT : mt_multiplicity::m0T.
   Model type &apos;m1T&apos; does not match model type &apos;m0T&apos;: ambiguous match for required class &apos;A&apos;.
Type mt_multiplicity::m0_nT is not a conformant type binding for the variable MT : mt_multiplicity::m0T.
   Model type &apos;m0_nT&apos; does not match model type &apos;m0T&apos;: ambiguous match for required class &apos;A&apos;.
Type mt_multiplicity::m0_2T is not a conformant type binding for the variable MT : mt_multiplicity::m0T.
   Model type &apos;m0_2T&apos; does not match model type &apos;m0T&apos;: ambiguous match for required class &apos;A&apos;.
Type mt_multiplicity::m1_nT is not a conformant type binding for the variable MT : mt_multiplicity::m0T.
   Model type &apos;m1_nT&apos; does not match model type &apos;m0T&apos;: ambiguous match for required class &apos;A&apos;.
Type mt_multiplicity::m1_2T is not a conformant type binding for the variable MT : mt_multiplicity::m0T.
   Model type &apos;m1_2T&apos; does not match model type &apos;m0T&apos;: ambiguous match for required class &apos;A&apos;.
Type mt_multiplicity::m0_3T is not a conformant type binding for the variable MT : mt_multiplicity::m0T.
   Model type &apos;m0_3T&apos; does not match model type &apos;m0T&apos;: ambiguous match for required class &apos;A&apos;.

	at kermeta_io.typechecker_test.JunitTestSuite.testvalidFile(JunitTestSuite.java:333)
	at kermeta_io.typechecker_test.JunitTestSuite.testvalid_022_mt_multiplicity_valid_tests(JunitTestSuite.java:169)
	at sun.reflect.NativeMethodAccessorImpl.invoke0(Native Method)
	at sun.reflect.NativeMethodAccessorImpl.invoke(NativeMethodAccessorImpl.java:39)
	at sun.reflect.DelegatingMethodAccessorImpl.invoke(DelegatingMethodAccessorImpl.java:25)
</failure>
  </testcase>
  <testcase name="testvalid_GenericOperationCall" time="0.093"></testcase>
  <testcase name="testvalid_ModelTypeOperations" time="0.048"></testcase>
  <testcase name="testvalid_023_mt_att_ref" time="0.0010"></testcase>
  <testcase name="testvalid_basic_fsm_modeltype" time="0.0010"></testcase>
  <testcase name="testvalid_Class_new" time="0.032"></testcase>
  <testcase name="testvalid_024_mt_property_order_valid_tests" time="0.197"></testcase>
  <testcase name="testvalid_025_weaving_in_kermeta_aspect1" time="0.104"></testcase>
  <testcase name="testvalid_025_weaving_in_kermeta_aspect8" time="0.075"></testcase>
  <testcase name="testvalid_SimpleCtrlStructs" time="0.042"></testcase>
  <testcase name="testvalid_GenericsWithSupertypes" time="0.034">
    <failure message="Type Object is not a conformant type binding for the variable T : tctest::OddEven.
Type kermeta::standard::Boolean is not a conformant type binding for the variable T : tctest::OddEven.
Type Object is not a conformant type binding for the variable T : tctest::OddEven.
Type kermeta::standard::String is not a conformant type binding for the variable T : tctest::OddEven.
" type="junit.framework.AssertionFailedError">junit.framework.AssertionFailedError: Type Object is not a conformant type binding for the variable T : tctest::OddEven.
Type kermeta::standard::Boolean is not a conformant type binding for the variable T : tctest::OddEven.
Type Object is not a conformant type binding for the variable T : tctest::OddEven.
Type kermeta::standard::String is not a conformant type binding for the variable T : tctest::OddEven.

	at kermeta_io.typechecker_test.JunitTestSuite.testvalidFile(JunitTestSuite.java:333)
	at kermeta_io.typechecker_test.JunitTestSuite.testvalid_GenericsWithSupertypes(JunitTestSuite.java:209)
	at sun.reflect.NativeMethodAccessorImpl.invoke0(Native Method)
	at sun.reflect.NativeMethodAccessorImpl.invoke(NativeMethodAccessorImpl.java:39)
	at sun.reflect.DelegatingMethodAccessorImpl.invoke(DelegatingMethodAccessorImpl.java:25)
</failure>
  </testcase>
  <testcase name="testvalid_ClassSubTypingWithGenericOperations" time="0.032"></testcase>
  <testcase name="testvalid_SimpleFunctions" time="0.058"></testcase>
  <testcase name="testinvalid_022_mt_multiplicity_invalid_tests" time="0.165"></testcase>
  <testcase name="testinvalid_005_several_superoperations" time="0.032"></testcase>
  <testcase name="testinvalid_ObjectAndVoid" time="0.071"></testcase>
  <testcase name="testinvalid_GenericsAndFunctions" time="0.049">
    <error message="All operations must have at least one error or warning. Type error not found in operations : test2" type="junit.framework.AssertionFailedError">junit.framework.AssertionFailedError: All operations must have at least one error or warning. Type error not found in operations : test2
	at kermeta_io.typechecker_test.JunitTestSuite.testinvalidFile(JunitTestSuite.java:361)
	at kermeta_io.typechecker_test.JunitTestSuite.testinvalid_GenericsAndFunctions(JunitTestSuite.java:233)
	at sun.reflect.NativeMethodAccessorImpl.invoke0(Native Method)
	at sun.reflect.NativeMethodAccessorImpl.invoke(NativeMethodAccessorImpl.java:39)
	at sun.reflect.DelegatingMethodAccessorImpl.invoke(DelegatingMethodAccessorImpl.java:25)
</error>
  </testcase>
  <testcase name="testinvalid_014_scopevisibility" time="0.042"></testcase>
  <testcase name="testinvalid_2_ClassSubTypingWithGenerics" time="0.06">
    <failure message="All operations must have at least one error or warning. Type error not found in operations : test1 test7" type="junit.framework.AssertionFailedError">junit.framework.AssertionFailedError: All operations must have at least one error or warning. Type error not found in operations : test1 test7
	at kermeta_io.typechecker_test.JunitTestSuite.testinvalidFile(JunitTestSuite.java:361)
	at kermeta_io.typechecker_test.JunitTestSuite.testinvalid_2_ClassSubTypingWithGenerics(JunitTestSuite.java:241)
	at sun.reflect.NativeMethodAccessorImpl.invoke0(Native Method)
	at sun.reflect.NativeMethodAccessorImpl.invoke(NativeMethodAccessorImpl.java:39)
	at sun.reflect.DelegatingMethodAccessorImpl.invoke(DelegatingMethodAccessorImpl.java:25)
</failure>
  </testcase>
  <testcase name="testinvalid_Enum" time="0.039"></testcase>
  <testcase name="testinvalid_024_mt_property_order_invalid_tests" time="0.085"></testcase>
  <testcase name="testinvalid_1_ClassSubTyping_1" time="0.031"></testcase>
  <testcase name="testinvalid_SimpleOperationCall" time="0.038"></testcase>
  <testcase name="testinvalid_021_fsm_mustfail" time="0.188"></testcase>
  <testcase name="testinvalid_013_kermetaSignature" time="0.106"></testcase>
  <testcase name="testinvalid_test_clone" time="0.032"></testcase>
  <testcase name="testinvalid_GenericOperationCall" time="0.045">
    <failure message="All operations must have at least one error or warning. Type error not found in operations : test1 test6 test9" type="junit.framework.AssertionFailedError">junit.framework.AssertionFailedError: All operations must have at least one error or warning. Type error not found in operations : test1 test6 test9
	at kermeta_io.typechecker_test.JunitTestSuite.testinvalidFile(JunitTestSuite.java:361)
	at kermeta_io.typechecker_test.JunitTestSuite.testinvalid_GenericOperationCall(JunitTestSuite.java:273)
	at sun.reflect.NativeMethodAccessorImpl.invoke0(Native Method)
	at sun.reflect.NativeMethodAccessorImpl.invoke(NativeMethodAccessorImpl.java:39)
	at sun.reflect.DelegatingMethodAccessorImpl.invoke(DelegatingMethodAccessorImpl.java:25)
</failure>
  </testcase>
  <testcase name="testinvalid_023_mt_att_ref_invalid_tests" time="0.092"></testcase>
  <testcase name="testinvalid_ModelTypeOperations" time="0.043"></testcase>
  <testcase name="testinvalid_CollectionsAttributeReferenceAssignment" time="0.028"></testcase>
  <testcase name="testinvalid_Class_new" time="0.027">
    <failure message="All operations must have at least one error or warning. Type error not found in operations : test1" type="junit.framework.AssertionFailedError">junit.framework.AssertionFailedError: All operations must have at least one error or warning. Type error not found in operations : test1
	at kermeta_io.typechecker_test.JunitTestSuite.testinvalidFile(JunitTestSuite.java:361)
	at kermeta_io.typechecker_test.JunitTestSuite.testinvalid_Class_new(JunitTestSuite.java:289)
	at sun.reflect.NativeMethodAccessorImpl.invoke0(Native Method)
	at sun.reflect.NativeMethodAccessorImpl.invoke(NativeMethodAccessorImpl.java:39)
	at sun.reflect.DelegatingMethodAccessorImpl.invoke(DelegatingMethodAccessorImpl.java:25)
</failure>
  </testcase>
  <testcase name="testinvalid_SimpleCtrlStructs" time="0.034"></testcase>
  <testcase name="testinvalid_GenericsWithSupertypes" time="0.03"></testcase>
  <testcase name="testinvalid_5_failtestExternPackageCall" time="0.025"></testcase>
  <testcase name="testinvalid_ClassSubTypingWithGenericOperations" time="0.032"></testcase>
  <testcase name="testinvalid_SimpleFunctions" time="0.073">
    <failure message="All operations must have at least one error or warning. Type error not found in operations : test4 test52" type="junit.framework.AssertionFailedError">junit.framework.AssertionFailedError: All operations must have at least one error or warning. Type error not found in operations : test4 test52
	at kermeta_io.typechecker_test.JunitTestSuite.testinvalidFile(JunitTestSuite.java:361)
	at kermeta_io.typechecker_test.JunitTestSuite.testinvalid_SimpleFunctions(JunitTestSuite.java:309)
	at sun.reflect.NativeMethodAccessorImpl.invoke0(Native Method)
	at sun.reflect.NativeMethodAccessorImpl.invoke(NativeMethodAccessorImpl.java:39)
	at sun.reflect.DelegatingMethodAccessorImpl.invoke(DelegatingMethodAccessorImpl.java:25)
</failure>
  </testcase>
  <system-out><![CDATA[





















































]]></system-out>
  <system-err><![CDATA[]]></system-err>
</testsuite>
