<?xml version="1.0" encoding="UTF-8" ?>
<testsuite errors="1" failures="7" name="kermeta_io.typechecker_test.JunitTestSuite" tests="62" time="5.227">
  <properties>
    <property name="java.vendor" value="Sun Microsystems Inc."></property>
    <property name="equinox.preferences.jar" value="/local/daily_build/eclipse3.3_with_topcased/eclipse/plugins/org.eclipse.equinox.preferences_3.2.100.v20070522.jar"></property>
    <property name="sun.java.launcher" value="SUN_STANDARD"></property>
    <property name="sun.management.compiler" value="HotSpot Server Compiler"></property>
    <property name="osgi.jar" value="/local/daily_build/eclipse3.3_with_topcased/eclipse/plugins/org.eclipse.osgi_3.3.0.v20070530.jar"></property>
    <property name="os.name" value="Linux"></property>
    <property name="sun.boot.class.path" value="/soft/jdk_hd/Linux/jdk1.5.0_12/jre/lib/rt.jar:/soft/jdk_hd/Linux/jdk1.5.0_12/jre/lib/i18n.jar:/soft/jdk_hd/Linux/jdk1.5.0_12/jre/lib/sunrsasign.jar:/soft/jdk_hd/Linux/jdk1.5.0_12/jre/lib/jsse.jar:/soft/jdk_hd/Linux/jdk1.5.0_12/jre/lib/jce.jar:/soft/jdk_hd/Linux/jdk1.5.0_12/jre/lib/charsets.jar:/soft/jdk_hd/Linux/jdk1.5.0_12/jre/classes"></property>
    <property name="triskell.eclipse.util.jar" value="/tmp/kermeta_build/src/plugins/fr.irisa.triskell.eclipse.util/@dot"></property>
    <property name="java.vm.specification.vendor" value="Sun Microsystems Inc."></property>
    <property name="ant.home" value="/udd/triskell/bin/multiplatform/apache-ant-1.5.4"></property>
    <property name="java.runtime.version" value="1.5.0_12-b04"></property>
    <property name="equinox.common.jar" value="/local/daily_build/eclipse3.3_with_topcased/eclipse/plugins/org.eclipse.equinox.common_3.3.0.v20070426.jar"></property>
    <property name="cobertura.dir" value="/udd/triskell/bin/multiplatform/cobertura-1.7/"></property>
    <property name="user.name" value="dvojtise"></property>
    <property name="core.runtime.jar" value="/local/daily_build/eclipse3.3_with_topcased/eclipse/plugins/org.eclipse.core.runtime_3.3.100.v20070530.jar"></property>
    <property name="ui.workbench.jar" value="/local/daily_build/eclipse3.3_with_topcased/eclipse/plugins/org.eclipse.ui.workbench_3.3.0.I20070608-1100.jar"></property>
    <property name="emfatic-core.jar" value="/tmp/kermeta_build/src/plugins/fr.irisa.triskell.kermeta/lib/thirdparty/emfatic-core.jar"></property>
    <property name="user.language" value="en"></property>
    <property name="sun.boot.library.path" value="/soft/jdk_hd/Linux/jdk1.5.0_12/jre/lib/i386"></property>
    <property name="ant.project.name" value="run interpreter tests"></property>
    <property name="java.version" value="1.5.0_12"></property>
    <property name="build.bin" value="/tmp/kermeta_build/src/plugins/fr.irisa.triskell.kermeta.io/@dot"></property>
    <property name="coverage.html.dir" value="/tmp/kermeta_build/unittestreports/coverage/html"></property>
    <property name="user.timezone" value="Europe/Paris"></property>
    <property name="sun.arch.data.model" value="32"></property>
    <property name="java.endorsed.dirs" value="/soft/jdk_hd/Linux/jdk1.5.0_12/jre/lib/endorsed"></property>
    <property name="sun.cpu.isalist" value=""></property>
    <property name="sun.jnu.encoding" value="ISO-8859-15"></property>
    <property name="file.encoding.pkg" value="sun.io"></property>
    <property name="file.separator" value="/"></property>
    <property name="java.specification.name" value="Java Platform API Specification"></property>
    <property name="java.class.version" value="49.0"></property>
    <property name="src" value="/tmp/kermeta_build/src/plugins/fr.irisa.triskell.kermeta.io/src/java"></property>
    <property name="user.country" value="US"></property>
    <property name="ldt-core.jar" value="/tmp/kermeta_build/src/plugins/fr.irisa.triskell.kermeta/lib/thirdparty/ldt-core.jar"></property>
    <property name="java.home" value="/soft/jdk_hd/Linux/jdk1.5.0_12/jre"></property>
    <property name="java.vm.info" value="mixed mode"></property>
    <property name="ant.file" value="/tmp/kermeta_build/src/plugins/fr.irisa.triskell.kermeta.io/test/junit/test_build.xml"></property>
    <property name="os.version" value="2.6.19-1.2911.6.4.fc6"></property>
    <property name="path.separator" value=":"></property>
    <property name="eclipse.home" value="/local/daily_build/eclipse3.3_with_topcased/eclipse"></property>
    <property name="java.vm.version" value="1.5.0_12-b04"></property>
    <property name="report.dir" value="/tmp/kermeta_build/unittestreports"></property>
    <property name="emf.ecore.jar" value="/local/daily_build/eclipse3.3_with_topcased/eclipse/plugins/org.eclipse.emf.ecore_2.3.0.v200706262000.jar"></property>
    <property name="java.awt.printerjob" value="sun.print.PSPrinterJob"></property>
    <property name="sun.io.unicode.encoding" value="UnicodeLittle"></property>
    <property name="kermeta.model.jar" value="/tmp/kermeta_build/src/plugins/fr.irisa.triskell.kermeta.model/@dot"></property>
    <property name="coverage.dir" value="/tmp/kermeta_build/unittestreports/coverage"></property>
    <property name="user.home" value="/udd/dvojtise"></property>
    <property name="java.specification.vendor" value="Sun Microsystems Inc."></property>
    <property name="coverage.xml.dir" value="/tmp/kermeta_build/unittestreports/coverage/xml"></property>
    <property name="java.library.path" value="/soft/jdk_hd/Linux/jdk1.5.0_12/jre/lib/i386/server:/soft/jdk_hd/Linux/jdk1.5.0_12/jre/lib/i386:/soft/jdk_hd/Linux/jdk1.5.0_12/jre/../lib/i386"></property>
    <property name="java.vendor.url" value="http://java.sun.com/"></property>
    <property name="java.vm.vendor" value="Sun Microsystems Inc."></property>
    <property name="cobertura.lib.dir" value="/udd/triskell/bin/multiplatform/cobertura-1.7/lib"></property>
    <property name="java.runtime.name" value="Java(TM) 2 Runtime Environment, Standard Edition"></property>
    <property name="java.class.path" value="/udd/triskell/bin/multiplatform/apache-ant-1.5.4/lib/xml-apis.jar:/udd/triskell/bin/multiplatform/apache-ant-1.5.4/lib/xercesImpl.jar:/udd/triskell/bin/multiplatform/apache-ant-1.5.4/lib/xalan.jar:/udd/triskell/bin/multiplatform/apache-ant-1.5.4/lib/optional.jar:/udd/triskell/bin/multiplatform/apache-ant-1.5.4/lib/junit.jar:/udd/triskell/bin/multiplatform/apache-ant-1.5.4/lib/ant.jar:/udd/triskell/bin/multiplatform/apache-ant-1.5.4/lib/junit.jar:/udd/triskell/bin/multiplatform/apache-ant-1.5.4/lib/optional.jar:/soft/jdk_hd/Linux/jdk1.5.0_12/lib/tools.jar"></property>
    <property name="ant.version" value="Apache Ant version 1.5.4 compiled on August 12 2003"></property>
    <property name="traceability.jar" value="/tmp/kermeta_build/src/plugins/fr.irisa.triskell.traceability.model/@dot"></property>
    <property name="swt.jar" value="/local/daily_build/eclipse3.3_with_topcased/eclipse/plugins/org.eclipse.swt.gtk.linux.x86_3.3.0.v3346.jar"></property>
    <property name="emf.common.jar" value="/local/daily_build/eclipse3.3_with_topcased/eclipse/plugins/org.eclipse.emf.common_2.3.0.v200706262000.jar"></property>
    <property name="java.vm.specification.name" value="Java Virtual Machine Specification"></property>
    <property name="java.vm.specification.version" value="1.0"></property>
    <property name="sun.cpu.endian" value="little"></property>
    <property name="sun.os.patch.level" value="unknown"></property>
    <property name="log4j.jar" value="/tmp/kermeta_build/src/plugins/fr.irisa.triskell.kermeta/lib/thirdparty/log4j.jar"></property>
    <property name="java.io.tmpdir" value="/tmp"></property>
    <property name="test.src" value="/tmp/kermeta_build/src/plugins/fr.irisa.triskell.kermeta.io/test/junit"></property>
    <property name="java.vendor.url.bug" value="http://java.sun.com/cgi-bin/bugreport.cgi"></property>
    <property name="emf.ecore.xmi.jar" value="/local/daily_build/eclipse3.3_with_topcased/eclipse/plugins/org.eclipse.emf.ecore.xmi_2.3.0.v200706262000.jar"></property>
    <property name="instrumented.dir" value="/tmp/kermeta_build/src/plugins/fr.irisa.triskell.kermeta.io/test/junit/instrumented"></property>
    <property name="java.awt.graphicsenv" value="sun.awt.X11GraphicsEnvironment"></property>
    <property name="os.arch" value="i386"></property>
    <property name="kermeta.io.class" value="/tmp/kermeta_build/src/plugins/fr.irisa.triskell.kermeta.io/@dot"></property>
    <property name="java.ext.dirs" value="/soft/jdk_hd/Linux/jdk1.5.0_12/jre/lib/ext"></property>
    <property name="user.dir" value="/tmp/kermeta_build/src/plugins/fr.irisa.triskell.kermeta.io"></property>
    <property name="equinox.registry.jar" value="/local/daily_build/eclipse3.3_with_topcased/eclipse/plugins/org.eclipse.equinox.registry_3.3.0.v20070522.jar"></property>
    <property name="line.separator" value="
"></property>
    <property name="java.vm.name" value="Java HotSpot(TM) Server VM"></property>
    <property name="jface.jar" value="/local/daily_build/eclipse3.3_with_topcased/eclipse/plugins/org.eclipse.jface_3.3.0.I20070606-0010.jar"></property>
    <property name="basedir" value="/tmp/kermeta_build/src/plugins/fr.irisa.triskell.kermeta.io/test/junit"></property>
    <property name="ant.java.version" value="1.4"></property>
    <property name="file.encoding" value="ISO-8859-15"></property>
    <property name="antlr.jar" value="/tmp/kermeta_build/src/plugins/fr.irisa.triskell.kermeta.io/lib/thirdparty/antlr.jar"></property>
    <property name="java.specification.version" value="1.5"></property>
  </properties>
  <testcase name="testvalid_021_mandstart_fsm_type" time="0.101"></testcase>
  <testcase name="testvalid_021_multstart_fsm_type" time="0.063"></testcase>
  <testcase name="testvalid_021_basic_fsm_type" time="0.044"></testcase>
  <testcase name="testvalid_023_mt_att_ref_valid_tests" time="0.125"></testcase>
  <testcase name="testvalid_ObjectAndVoid" time="0.076"></testcase>
  <testcase name="testvalid_024_mt_property_order" time="0.051"></testcase>
  <testcase name="testvalid_GenericsAndFunctions" time="0.084"></testcase>
  <testcase name="testvalid_ModelTypesTemp" time="0.175"></testcase>
  <testcase name="testvalid_022_mt_multiplicity" time="0.08"></testcase>
  <testcase name="testvalid_testModelTypesStateMachines" time="0.368"></testcase>
  <testcase name="testvalid_2_ClassSubTypingWithGenerics" time="0.044"></testcase>
  <testcase name="testvalid_Enum" time="0.088"></testcase>
  <testcase name="testvalid_026_weaving_in_kermeta_mixed_base_aspect" time="0.19"></testcase>
  <testcase name="testvalid_021_composite_fsm_type" time="0.032"></testcase>
  <testcase name="testvalid_021_minimization" time="0.269"></testcase>
  <testcase name="testvalid_1_ClassSubTyping_1" time="0.092"></testcase>
  <testcase name="testvalid_SimpleOperationCall" time="0.046"></testcase>
  <testcase name="testvalid_AliasAndFunctions" time="0.047"></testcase>
  <testcase name="testvalid_021_fsm_quicktest" time="0.591"></testcase>
  <testcase name="testvalid_027_weaving_in_kermeta_base" time="0.037"></testcase>
  <testcase name="testvalid_test_clone" time="0.068"></testcase>
  <testcase name="testvalid_GenericVisitor" time="0.04"></testcase>
  <testcase name="testvalid_AllocationUsingVariable_Alias" time="0.044"></testcase>
  <testcase name="testvalid_021_finalstates_fsm_type" time="0.0"></testcase>
  <testcase name="testvalid_VirtualTypeInheritance" time="0.042">
    <error type="java.lang.NullPointerException">java.lang.NullPointerException
	at kermeta_io.typechecker_test.JunitTestSuite.testvalidFile(JunitTestSuite.java:324)
	at kermeta_io.typechecker_test.JunitTestSuite.testvalid_VirtualTypeInheritance(JunitTestSuite.java:161)
	at sun.reflect.NativeMethodAccessorImpl.invoke0(Native Method)
	at sun.reflect.NativeMethodAccessorImpl.invoke(NativeMethodAccessorImpl.java:39)
	at sun.reflect.DelegatingMethodAccessorImpl.invoke(DelegatingMethodAccessorImpl.java:25)
</error>
  </testcase>
  <testcase name="testvalid_027_weaving_in_kermeta_aspect1" time="0.115"></testcase>
  <testcase name="testvalid_022_mt_multiplicity_valid_tests" time="0.143">
    <failure message="Type mt_multiplicity::m0_1T is not a conformant type binding for the variable MT : mt_multiplicity::m0T.
   Model type &apos;m0_1T&apos; does not match model type &apos;m0T&apos;: ambiguous match for required class &apos;A&apos;.
Type mt_multiplicity::m0T is not a conformant type binding for the variable MT : mt_multiplicity::m0T.
   Model type &apos;m0T&apos; does not match model type &apos;m0T&apos;: ambiguous match for required class &apos;A&apos;.
Type mt_multiplicity::m1T is not a conformant type binding for the variable MT : mt_multiplicity::m0T.
   Model type &apos;m1T&apos; does not match model type &apos;m0T&apos;: ambiguous match for required class &apos;A&apos;.
Type mt_multiplicity::m0_nT is not a conformant type binding for the variable MT : mt_multiplicity::m0T.
   Model type &apos;m0_nT&apos; does not match model type &apos;m0T&apos;: ambiguous match for required class &apos;A&apos;.
Type mt_multiplicity::m0_2T is not a conformant type binding for the variable MT : mt_multiplicity::m0T.
   Model type &apos;m0_2T&apos; does not match model type &apos;m0T&apos;: ambiguous match for required class &apos;A&apos;.
Type mt_multiplicity::m1_nT is not a conformant type binding for the variable MT : mt_multiplicity::m0T.
   Model type &apos;m1_nT&apos; does not match model type &apos;m0T&apos;: ambiguous match for required class &apos;A&apos;.
Type mt_multiplicity::m1_2T is not a conformant type binding for the variable MT : mt_multiplicity::m0T.
   Model type &apos;m1_2T&apos; does not match model type &apos;m0T&apos;: ambiguous match for required class &apos;A&apos;.
Type mt_multiplicity::m0_3T is not a conformant type binding for the variable MT : mt_multiplicity::m0T.
   Model type &apos;m0_3T&apos; does not match model type &apos;m0T&apos;: ambiguous match for required class &apos;A&apos;.
" type="junit.framework.AssertionFailedError">junit.framework.AssertionFailedError: Type mt_multiplicity::m0_1T is not a conformant type binding for the variable MT : mt_multiplicity::m0T.
   Model type &apos;m0_1T&apos; does not match model type &apos;m0T&apos;: ambiguous match for required class &apos;A&apos;.
Type mt_multiplicity::m0T is not a conformant type binding for the variable MT : mt_multiplicity::m0T.
   Model type &apos;m0T&apos; does not match model type &apos;m0T&apos;: ambiguous match for required class &apos;A&apos;.
Type mt_multiplicity::m1T is not a conformant type binding for the variable MT : mt_multiplicity::m0T.
   Model type &apos;m1T&apos; does not match model type &apos;m0T&apos;: ambiguous match for required class &apos;A&apos;.
Type mt_multiplicity::m0_nT is not a conformant type binding for the variable MT : mt_multiplicity::m0T.
   Model type &apos;m0_nT&apos; does not match model type &apos;m0T&apos;: ambiguous match for required class &apos;A&apos;.
Type mt_multiplicity::m0_2T is not a conformant type binding for the variable MT : mt_multiplicity::m0T.
   Model type &apos;m0_2T&apos; does not match model type &apos;m0T&apos;: ambiguous match for required class &apos;A&apos;.
Type mt_multiplicity::m1_nT is not a conformant type binding for the variable MT : mt_multiplicity::m0T.
   Model type &apos;m1_nT&apos; does not match model type &apos;m0T&apos;: ambiguous match for required class &apos;A&apos;.
Type mt_multiplicity::m1_2T is not a conformant type binding for the variable MT : mt_multiplicity::m0T.
   Model type &apos;m1_2T&apos; does not match model type &apos;m0T&apos;: ambiguous match for required class &apos;A&apos;.
Type mt_multiplicity::m0_3T is not a conformant type binding for the variable MT : mt_multiplicity::m0T.
   Model type &apos;m0_3T&apos; does not match model type &apos;m0T&apos;: ambiguous match for required class &apos;A&apos;.

	at kermeta_io.typechecker_test.JunitTestSuite.testvalidFile(JunitTestSuite.java:333)
	at kermeta_io.typechecker_test.JunitTestSuite.testvalid_022_mt_multiplicity_valid_tests(JunitTestSuite.java:169)
	at sun.reflect.NativeMethodAccessorImpl.invoke0(Native Method)
	at sun.reflect.NativeMethodAccessorImpl.invoke(NativeMethodAccessorImpl.java:39)
	at sun.reflect.DelegatingMethodAccessorImpl.invoke(DelegatingMethodAccessorImpl.java:25)
</failure>
  </testcase>
  <testcase name="testvalid_GenericOperationCall" time="0.093"></testcase>
  <testcase name="testvalid_ModelTypeOperations" time="0.048"></testcase>
  <testcase name="testvalid_023_mt_att_ref" time="0.0010"></testcase>
  <testcase name="testvalid_basic_fsm_modeltype" time="0.0010"></testcase>
  <testcase name="testvalid_Class_new" time="0.032"></testcase>
  <testcase name="testvalid_024_mt_property_order_valid_tests" time="0.197"></testcase>
  <testcase name="testvalid_025_weaving_in_kermeta_aspect1" time="0.104"></testcase>
  <testcase name="testvalid_025_weaving_in_kermeta_aspect8" time="0.075"></testcase>
  <testcase name="testvalid_SimpleCtrlStructs" time="0.042"></testcase>
  <testcase name="testvalid_GenericsWithSupertypes" time="0.034">
    <failure message="Type Object is not a conformant type binding for the variable T : tctest::OddEven.
Type kermeta::standard::Boolean is not a conformant type binding for the variable T : tctest::OddEven.
Type Object is not a conformant type binding for the variable T : tctest::OddEven.
Type kermeta::standard::String is not a conformant type binding for the variable T : tctest::OddEven.
" type="junit.framework.AssertionFailedError">junit.framework.AssertionFailedError: Type Object is not a conformant type binding for the variable T : tctest::OddEven.
Type kermeta::standard::Boolean is not a conformant type binding for the variable T : tctest::OddEven.
Type Object is not a conformant type binding for the variable T : tctest::OddEven.
Type kermeta::standard::String is not a conformant type binding for the variable T : tctest::OddEven.

	at kermeta_io.typechecker_test.JunitTestSuite.testvalidFile(JunitTestSuite.java:333)
	at kermeta_io.typechecker_test.JunitTestSuite.testvalid_GenericsWithSupertypes(JunitTestSuite.java:209)
	at sun.reflect.NativeMethodAccessorImpl.invoke0(Native Method)
	at sun.reflect.NativeMethodAccessorImpl.invoke(NativeMethodAccessorImpl.java:39)
	at sun.reflect.DelegatingMethodAccessorImpl.invoke(DelegatingMethodAccessorImpl.java:25)
</failure>
  </testcase>
  <testcase name="testvalid_ClassSubTypingWithGenericOperations" time="0.032"></testcase>
  <testcase name="testvalid_SimpleFunctions" time="0.058"></testcase>
  <testcase name="testinvalid_022_mt_multiplicity_invalid_tests" time="0.165"></testcase>
  <testcase name="testinvalid_005_several_superoperations" time="0.032"></testcase>
  <testcase name="testinvalid_ObjectAndVoid" time="0.071"></testcase>
  <testcase name="testinvalid_GenericsAndFunctions" time="0.049">
    <error message="All operations must have at least one error or warning. Type error not found in operations : test2" type="junit.framework.AssertionFailedError">junit.framework.AssertionFailedError: All operations must have at least one error or warning. Type error not found in operations : test2
	at kermeta_io.typechecker_test.JunitTestSuite.testinvalidFile(JunitTestSuite.java:361)
	at kermeta_io.typechecker_test.JunitTestSuite.testinvalid_GenericsAndFunctions(JunitTestSuite.java:233)
	at sun.reflect.NativeMethodAccessorImpl.invoke0(Native Method)
	at sun.reflect.NativeMethodAccessorImpl.invoke(NativeMethodAccessorImpl.java:39)
	at sun.reflect.DelegatingMethodAccessorImpl.invoke(DelegatingMethodAccessorImpl.java:25)
</error>
  </testcase>
  <testcase name="testinvalid_014_scopevisibility" time="0.042"></testcase>
  <testcase name="testinvalid_2_ClassSubTypingWithGenerics" time="0.06">
    <failure message="All operations must have at least one error or warning. Type error not found in operations : test1 test7" type="junit.framework.AssertionFailedError">junit.framework.AssertionFailedError: All operations must have at least one error or warning. Type error not found in operations : test1 test7
	at kermeta_io.typechecker_test.JunitTestSuite.testinvalidFile(JunitTestSuite.java:361)
	at kermeta_io.typechecker_test.JunitTestSuite.testinvalid_2_ClassSubTypingWithGenerics(JunitTestSuite.java:241)
	at sun.reflect.NativeMethodAccessorImpl.invoke0(Native Method)
	at sun.reflect.NativeMethodAccessorImpl.invoke(NativeMethodAccessorImpl.java:39)
	at sun.reflect.DelegatingMethodAccessorImpl.invoke(DelegatingMethodAccessorImpl.java:25)
</failure>
  </testcase>
  <testcase name="testinvalid_Enum" time="0.039"></testcase>
  <testcase name="testinvalid_024_mt_property_order_invalid_tests" time="0.085"></testcase>
  <testcase name="testinvalid_1_ClassSubTyping_1" time="0.031"></testcase>
  <testcase name="testinvalid_SimpleOperationCall" time="0.038"></testcase>
  <testcase name="testinvalid_021_fsm_mustfail" time="0.188"></testcase>
  <testcase name="testinvalid_013_kermetaSignature" time="0.106"></testcase>
  <testcase name="testinvalid_test_clone" time="0.032"></testcase>
  <testcase name="testinvalid_GenericOperationCall" time="0.045">
    <failure message="All operations must have at least one error or warning. Type error not found in operations : test1 test6 test9" type="junit.framework.AssertionFailedError">junit.framework.AssertionFailedError: All operations must have at least one error or warning. Type error not found in operations : test1 test6 test9
	at kermeta_io.typechecker_test.JunitTestSuite.testinvalidFile(JunitTestSuite.java:361)
	at kermeta_io.typechecker_test.JunitTestSuite.testinvalid_GenericOperationCall(JunitTestSuite.java:273)
	at sun.reflect.NativeMethodAccessorImpl.invoke0(Native Method)
	at sun.reflect.NativeMethodAccessorImpl.invoke(NativeMethodAccessorImpl.java:39)
	at sun.reflect.DelegatingMethodAccessorImpl.invoke(DelegatingMethodAccessorImpl.java:25)
</failure>
  </testcase>
  <testcase name="testinvalid_023_mt_att_ref_invalid_tests" time="0.092"></testcase>
  <testcase name="testinvalid_ModelTypeOperations" time="0.043"></testcase>
  <testcase name="testinvalid_CollectionsAttributeReferenceAssignment" time="0.028"></testcase>
  <testcase name="testinvalid_Class_new" time="0.027">
    <failure message="All operations must have at least one error or warning. Type error not found in operations : test1" type="junit.framework.AssertionFailedError">junit.framework.AssertionFailedError: All operations must have at least one error or warning. Type error not found in operations : test1
	at kermeta_io.typechecker_test.JunitTestSuite.testinvalidFile(JunitTestSuite.java:361)
	at kermeta_io.typechecker_test.JunitTestSuite.testinvalid_Class_new(JunitTestSuite.java:289)
	at sun.reflect.NativeMethodAccessorImpl.invoke0(Native Method)
	at sun.reflect.NativeMethodAccessorImpl.invoke(NativeMethodAccessorImpl.java:39)
	at sun.reflect.DelegatingMethodAccessorImpl.invoke(DelegatingMethodAccessorImpl.java:25)
</failure>
  </testcase>
  <testcase name="testinvalid_SimpleCtrlStructs" time="0.034"></testcase>
  <testcase name="testinvalid_GenericsWithSupertypes" time="0.03"></testcase>
  <testcase name="testinvalid_5_failtestExternPackageCall" time="0.025"></testcase>
  <testcase name="testinvalid_ClassSubTypingWithGenericOperations" time="0.032"></testcase>
  <testcase name="testinvalid_SimpleFunctions" time="0.073">
    <failure message="All operations must have at least one error or warning. Type error not found in operations : test4 test52" type="junit.framework.AssertionFailedError">junit.framework.AssertionFailedError: All operations must have at least one error or warning. Type error not found in operations : test4 test52
	at kermeta_io.typechecker_test.JunitTestSuite.testinvalidFile(JunitTestSuite.java:361)
	at kermeta_io.typechecker_test.JunitTestSuite.testinvalid_SimpleFunctions(JunitTestSuite.java:309)
	at sun.reflect.NativeMethodAccessorImpl.invoke0(Native Method)
	at sun.reflect.NativeMethodAccessorImpl.invoke(NativeMethodAccessorImpl.java:39)
	at sun.reflect.DelegatingMethodAccessorImpl.invoke(DelegatingMethodAccessorImpl.java:25)
</failure>
  </testcase>
  <system-out><![CDATA[





















































]]></system-out>
  <system-err><![CDATA[]]></system-err>
</testsuite>
