Testsuite: kermeta_io.constraintchecker_test.JunitTestSuite
Tests run: 11, Failures: 11, Errors: 0, Time elapsed: 12.485 sec
------------- Standard Output ---------------
ERROR  load, Unexpected load error
java.lang.NoClassDefFoundError: fr/irisa/triskell/kermeta/parser/KermetaParserTokenTypes
	at java.lang.ClassLoader.defineClass0(Native Method)
	at java.lang.ClassLoader.defineClass(ClassLoader.java:539)
	at sun.reflect.GeneratedMethodAccessor4.invoke(Unknown Source)
	at sun.reflect.DelegatingMethodAccessorImpl.invoke(DelegatingMethodAccessorImpl.java:25)
	at java.lang.reflect.Method.invoke(Method.java:324)
	at org.apache.tools.ant.AntClassLoader.getClassFromStream(AntClassLoader.java:1002)
	at org.apache.tools.ant.AntClassLoader.findClassInComponents(AntClassLoader.java:1064)
	at org.apache.tools.ant.AntClassLoader.findClass(AntClassLoader.java:1036)
	at org.apache.tools.ant.AntClassLoader.loadClass(AntClassLoader.java:931)
	at java.lang.ClassLoader.loadClass(ClassLoader.java:235)
	at java.lang.ClassLoader.loadClassInternal(ClassLoader.java:302)
	at fr.irisa.triskell.kermeta.loader.kmt.KMTUnit.parse(KMTUnit.java:69)
	at fr.irisa.triskell.kermeta.loader.kmt.KMTUnit.preLoad(KMTUnit.java:111)
	at fr.irisa.triskell.kermeta.loader.KermetaUnit.loadAllImportedUnits(KermetaUnit.java:1060)
	at fr.irisa.triskell.kermeta.loader.KermetaUnit.load(KermetaUnit.java:1037)
	at kermeta_io.constraintchecker_test.JunitTestSuite.testvalidFile(JunitTestSuite.java:111)
	at kermeta_io.constraintchecker_test.JunitTestSuite.testvalid_003_associations(JunitTestSuite.java:55)
	at sun.reflect.NativeMethodAccessorImpl.invoke0(Native Method)
	at sun.reflect.NativeMethodAccessorImpl.invoke(NativeMethodAccessorImpl.java:39)
	at sun.reflect.DelegatingMethodAccessorImpl.invoke(DelegatingMethodAccessorImpl.java:25)
	at java.lang.reflect.Method.invoke(Method.java:324)
	at junit.framework.TestCase.runTest(TestCase.java:154)
	at junit.framework.TestCase.runBare(TestCase.java:127)
	at junit.framework.TestResult$1.protect(TestResult.java:106)
	at junit.framework.TestResult.runProtected(TestResult.java:124)
	at junit.framework.TestResult.run(TestResult.java:109)
	at junit.framework.TestCase.run(TestCase.java:118)
	at junit.framework.TestSuite.runTest(TestSuite.java:208)
	at junit.framework.TestSuite.run(TestSuite.java:203)
	at org.apache.tools.ant.taskdefs.optional.junit.JUnitTestRunner.run(JUnitTestRunner.java:325)
	at org.apache.tools.ant.taskdefs.optional.junit.JUnitTask.executeInVM(JUnitTask.java:848)
	at org.apache.tools.ant.taskdefs.optional.junit.JUnitTask.execute(JUnitTask.java:556)
	at org.apache.tools.ant.taskdefs.optional.junit.JUnitTask.execute(JUnitTask.java:532)
	at org.apache.tools.ant.Task.perform(Task.java:341)
	at org.apache.tools.ant.Target.execute(Target.java:309)
	at org.apache.tools.ant.Target.performTasks(Target.java:336)
	at org.apache.tools.ant.Project.executeTarget(Project.java:1339)
	at org.apache.tools.ant.Project.executeTargets(Project.java:1255)
	at org.apache.tools.ant.Main.runBuild(Main.java:609)
	at org.apache.tools.ant.Main.start(Main.java:196)
	at org.apache.tools.ant.Main.main(Main.java:235)
2234 [main] ERROR KermetaUnit  - Unexpected load error
java.lang.NoClassDefFoundError: fr/irisa/triskell/kermeta/parser/KermetaParserTokenTypes
	at java.lang.ClassLoader.defineClass0(Native Method)
	at java.lang.ClassLoader.defineClass(ClassLoader.java:539)
	at sun.reflect.GeneratedMethodAccessor4.invoke(Unknown Source)
	at sun.reflect.DelegatingMethodAccessorImpl.invoke(DelegatingMethodAccessorImpl.java:25)
	at java.lang.reflect.Method.invoke(Method.java:324)
	at org.apache.tools.ant.AntClassLoader.getClassFromStream(AntClassLoader.java:1002)
	at org.apache.tools.ant.AntClassLoader.findClassInComponents(AntClassLoader.java:1064)
	at org.apache.tools.ant.AntClassLoader.findClass(AntClassLoader.java:1036)
	at org.apache.tools.ant.AntClassLoader.loadClass(AntClassLoader.java:931)
	at java.lang.ClassLoader.loadClass(ClassLoader.java:235)
	at java.lang.ClassLoader.loadClassInternal(ClassLoader.java:302)
	at fr.irisa.triskell.kermeta.loader.kmt.KMTUnit.parse(KMTUnit.java:69)
	at fr.irisa.triskell.kermeta.loader.kmt.KMTUnit.preLoad(KMTUnit.java:111)
	at fr.irisa.triskell.kermeta.loader.KermetaUnit.loadAllImportedUnits(KermetaUnit.java:1060)
	at fr.irisa.triskell.kermeta.loader.KermetaUnit.load(KermetaUnit.java:1037)
	at kermeta_io.constraintchecker_test.JunitTestSuite.testvalidFile(JunitTestSuite.java:111)
	at kermeta_io.constraintchecker_test.JunitTestSuite.testvalid_003_associations(JunitTestSuite.java:55)
	at sun.reflect.NativeMethodAccessorImpl.invoke0(Native Method)
	at sun.reflect.NativeMethodAccessorImpl.invoke(NativeMethodAccessorImpl.java:39)
	at sun.reflect.DelegatingMethodAccessorImpl.invoke(DelegatingMethodAccessorImpl.java:25)
	at java.lang.reflect.Method.invoke(Method.java:324)
	at junit.framework.TestCase.runTest(TestCase.java:154)
	at junit.framework.TestCase.runBare(TestCase.java:127)
	at junit.framework.TestResult$1.protect(TestResult.java:106)
	at junit.framework.TestResult.runProtected(TestResult.java:124)
	at junit.framework.TestResult.run(TestResult.java:109)
	at junit.framework.TestCase.run(TestCase.java:118)
	at junit.framework.TestSuite.runTest(TestSuite.java:208)
	at junit.framework.TestSuite.run(TestSuite.java:203)
	at org.apache.tools.ant.taskdefs.optional.junit.JUnitTestRunner.run(JUnitTestRunner.java:325)
	at org.apache.tools.ant.taskdefs.optional.junit.JUnitTask.executeInVM(JUnitTask.java:848)
	at org.apache.tools.ant.taskdefs.optional.junit.JUnitTask.execute(JUnitTask.java:556)
	at org.apache.tools.ant.taskdefs.optional.junit.JUnitTask.execute(JUnitTask.java:532)
	at org.apache.tools.ant.Task.perform(Task.java:341)
	at org.apache.tools.ant.Target.execute(Target.java:309)
	at org.apache.tools.ant.Target.performTasks(Target.java:336)
	at org.apache.tools.ant.Project.executeTarget(Project.java:1339)
	at org.apache.tools.ant.Project.executeTargets(Project.java:1255)
	at org.apache.tools.ant.Main.runBuild(Main.java:609)
	at org.apache.tools.ant.Main.start(Main.java:196)
	at org.apache.tools.ant.Main.main(Main.java:235)
ERROR  load, Unexpected load error
java.lang.NoClassDefFoundError: fr/irisa/triskell/kermeta/parser/KermetaParserTokenTypes
	at java.lang.ClassLoader.defineClass0(Native Method)
	at java.lang.ClassLoader.defineClass(ClassLoader.java:539)
	at sun.reflect.GeneratedMethodAccessor4.invoke(Unknown Source)
	at sun.reflect.DelegatingMethodAccessorImpl.invoke(DelegatingMethodAccessorImpl.java:25)
	at java.lang.reflect.Method.invoke(Method.java:324)
	at org.apache.tools.ant.AntClassLoader.getClassFromStream(AntClassLoader.java:1002)
	at org.apache.tools.ant.AntClassLoader.findClassInComponents(AntClassLoader.java:1064)
	at org.apache.tools.ant.AntClassLoader.findClass(AntClassLoader.java:1036)
	at org.apache.tools.ant.AntClassLoader.loadClass(AntClassLoader.java:931)
	at java.lang.ClassLoader.loadClass(ClassLoader.java:235)
	at java.lang.ClassLoader.loadClassInternal(ClassLoader.java:302)
	at fr.irisa.triskell.kermeta.loader.kmt.KMTUnit.parse(KMTUnit.java:69)
	at fr.irisa.triskell.kermeta.loader.kmt.KMTUnit.preLoad(KMTUnit.java:111)
	at fr.irisa.triskell.kermeta.loader.KermetaUnit.loadAllImportedUnits(KermetaUnit.java:1060)
	at fr.irisa.triskell.kermeta.loader.KermetaUnit.load(KermetaUnit.java:1037)
	at kermeta_io.constraintchecker_test.JunitTestSuite.testinvalidFile(JunitTestSuite.java:137)
	at kermeta_io.constraintchecker_test.JunitTestSuite.testinvalid_001_cyclicinheritance_01(JunitTestSuite.java:59)
	at sun.reflect.NativeMethodAccessorImpl.invoke0(Native Method)
	at sun.reflect.NativeMethodAccessorImpl.invoke(NativeMethodAccessorImpl.java:39)
	at sun.reflect.DelegatingMethodAccessorImpl.invoke(DelegatingMethodAccessorImpl.java:25)
	at java.lang.reflect.Method.invoke(Method.java:324)
	at junit.framework.TestCase.runTest(TestCase.java:154)
	at junit.framework.TestCase.runBare(TestCase.java:127)
	at junit.framework.TestResult$1.protect(TestResult.java:106)
	at junit.framework.TestResult.runProtected(TestResult.java:124)
	at junit.framework.TestResult.run(TestResult.java:109)
	at junit.framework.TestCase.run(TestCase.java:118)
	at junit.framework.TestSuite.runTest(TestSuite.java:208)
	at junit.framework.TestSuite.run(TestSuite.java:203)
	at org.apache.tools.ant.taskdefs.optional.junit.JUnitTestRunner.run(JUnitTestRunner.java:325)
	at org.apache.tools.ant.taskdefs.optional.junit.JUnitTask.executeInVM(JUnitTask.java:848)
	at org.apache.tools.ant.taskdefs.optional.junit.JUnitTask.execute(JUnitTask.java:556)
	at org.apache.tools.ant.taskdefs.optional.junit.JUnitTask.execute(JUnitTask.java:532)
	at org.apache.tools.ant.Task.perform(Task.java:341)
	at org.apache.tools.ant.Target.execute(Target.java:309)
	at org.apache.tools.ant.Target.performTasks(Target.java:336)
	at org.apache.tools.ant.Project.executeTarget(Project.java:1339)
	at org.apache.tools.ant.Project.executeTargets(Project.java:1255)
	at org.apache.tools.ant.Main.runBuild(Main.java:609)
	at org.apache.tools.ant.Main.start(Main.java:196)
	at org.apache.tools.ant.Main.main(Main.java:235)
3538 [main] ERROR KermetaUnit  - Unexpected load error
java.lang.NoClassDefFoundError: fr/irisa/triskell/kermeta/parser/KermetaParserTokenTypes
	at java.lang.ClassLoader.defineClass0(Native Method)
	at java.lang.ClassLoader.defineClass(ClassLoader.java:539)
	at sun.reflect.GeneratedMethodAccessor4.invoke(Unknown Source)
	at sun.reflect.DelegatingMethodAccessorImpl.invoke(DelegatingMethodAccessorImpl.java:25)
	at java.lang.reflect.Method.invoke(Method.java:324)
	at org.apache.tools.ant.AntClassLoader.getClassFromStream(AntClassLoader.java:1002)
	at org.apache.tools.ant.AntClassLoader.findClassInComponents(AntClassLoader.java:1064)
	at org.apache.tools.ant.AntClassLoader.findClass(AntClassLoader.java:1036)
	at org.apache.tools.ant.AntClassLoader.loadClass(AntClassLoader.java:931)
	at java.lang.ClassLoader.loadClass(ClassLoader.java:235)
	at java.lang.ClassLoader.loadClassInternal(ClassLoader.java:302)
	at fr.irisa.triskell.kermeta.loader.kmt.KMTUnit.parse(KMTUnit.java:69)
	at fr.irisa.triskell.kermeta.loader.kmt.KMTUnit.preLoad(KMTUnit.java:111)
	at fr.irisa.triskell.kermeta.loader.KermetaUnit.loadAllImportedUnits(KermetaUnit.java:1060)
	at fr.irisa.triskell.kermeta.loader.KermetaUnit.load(KermetaUnit.java:1037)
	at kermeta_io.constraintchecker_test.JunitTestSuite.testinvalidFile(JunitTestSuite.java:137)
	at kermeta_io.constraintchecker_test.JunitTestSuite.testinvalid_001_cyclicinheritance_01(JunitTestSuite.java:59)
	at sun.reflect.NativeMethodAccessorImpl.invoke0(Native Method)
	at sun.reflect.NativeMethodAccessorImpl.invoke(NativeMethodAccessorImpl.java:39)
	at sun.reflect.DelegatingMethodAccessorImpl.invoke(DelegatingMethodAccessorImpl.java:25)
	at java.lang.reflect.Method.invoke(Method.java:324)
	at junit.framework.TestCase.runTest(TestCase.java:154)
	at junit.framework.TestCase.runBare(TestCase.java:127)
	at junit.framework.TestResult$1.protect(TestResult.java:106)
	at junit.framework.TestResult.runProtected(TestResult.java:124)
	at junit.framework.TestResult.run(TestResult.java:109)
	at junit.framework.TestCase.run(TestCase.java:118)
	at junit.framework.TestSuite.runTest(TestSuite.java:208)
	at junit.framework.TestSuite.run(TestSuite.java:203)
	at org.apache.tools.ant.taskdefs.optional.junit.JUnitTestRunner.run(JUnitTestRunner.java:325)
	at org.apache.tools.ant.taskdefs.optional.junit.JUnitTask.executeInVM(JUnitTask.java:848)
	at org.apache.tools.ant.taskdefs.optional.junit.JUnitTask.execute(JUnitTask.java:556)
	at org.apache.tools.ant.taskdefs.optional.junit.JUnitTask.execute(JUnitTask.java:532)
	at org.apache.tools.ant.Task.perform(Task.java:341)
	at org.apache.tools.ant.Target.execute(Target.java:309)
	at org.apache.tools.ant.Target.performTasks(Target.java:336)
	at org.apache.tools.ant.Project.executeTarget(Project.java:1339)
	at org.apache.tools.ant.Project.executeTargets(Project.java:1255)
	at org.apache.tools.ant.Main.runBuild(Main.java:609)
	at org.apache.tools.ant.Main.start(Main.java:196)
	at org.apache.tools.ant.Main.main(Main.java:235)
ERROR  load, Unexpected load error
java.lang.NoClassDefFoundError: fr/irisa/triskell/kermeta/parser/KermetaParserTokenTypes
	at java.lang.ClassLoader.defineClass0(Native Method)
	at java.lang.ClassLoader.defineClass(ClassLoader.java:539)
	at sun.reflect.GeneratedMethodAccessor4.invoke(Unknown Source)
	at sun.reflect.DelegatingMethodAccessorImpl.invoke(DelegatingMethodAccessorImpl.java:25)
	at java.lang.reflect.Method.invoke(Method.java:324)
	at org.apache.tools.ant.AntClassLoader.getClassFromStream(AntClassLoader.java:1002)
	at org.apache.tools.ant.AntClassLoader.findClassInComponents(AntClassLoader.java:1064)
	at org.apache.tools.ant.AntClassLoader.findClass(AntClassLoader.java:1036)
	at org.apache.tools.ant.AntClassLoader.loadClass(AntClassLoader.java:931)
	at java.lang.ClassLoader.loadClass(ClassLoader.java:235)
	at java.lang.ClassLoader.loadClassInternal(ClassLoader.java:302)
	at fr.irisa.triskell.kermeta.loader.kmt.KMTUnit.parse(KMTUnit.java:69)
	at fr.irisa.triskell.kermeta.loader.kmt.KMTUnit.preLoad(KMTUnit.java:111)
	at fr.irisa.triskell.kermeta.loader.KermetaUnit.loadAllImportedUnits(KermetaUnit.java:1060)
	at fr.irisa.triskell.kermeta.loader.KermetaUnit.load(KermetaUnit.java:1037)
	at kermeta_io.constraintchecker_test.JunitTestSuite.testinvalidFile(JunitTestSuite.java:137)
	at kermeta_io.constraintchecker_test.JunitTestSuite.testinvalid_001_cyclicinheritance_02(JunitTestSuite.java:63)
	at sun.reflect.NativeMethodAccessorImpl.invoke0(Native Method)
	at sun.reflect.NativeMethodAccessorImpl.invoke(NativeMethodAccessorImpl.java:39)
	at sun.reflect.DelegatingMethodAccessorImpl.invoke(DelegatingMethodAccessorImpl.java:25)
	at java.lang.reflect.Method.invoke(Method.java:324)
	at junit.framework.TestCase.runTest(TestCase.java:154)
	at junit.framework.TestCase.runBare(TestCase.java:127)
	at junit.framework.TestResult$1.protect(TestResult.java:106)
	at junit.framework.TestResult.runProtected(TestResult.java:124)
	at junit.framework.TestResult.run(TestResult.java:109)
	at junit.framework.TestCase.run(TestCase.java:118)
	at junit.framework.TestSuite.runTest(TestSuite.java:208)
	at junit.framework.TestSuite.run(TestSuite.java:203)
	at org.apache.tools.ant.taskdefs.optional.junit.JUnitTestRunner.run(JUnitTestRunner.java:325)
	at org.apache.tools.ant.taskdefs.optional.junit.JUnitTask.executeInVM(JUnitTask.java:848)
	at org.apache.tools.ant.taskdefs.optional.junit.JUnitTask.execute(JUnitTask.java:556)
	at org.apache.tools.ant.taskdefs.optional.junit.JUnitTask.execute(JUnitTask.java:532)
	at org.apache.tools.ant.Task.perform(Task.java:341)
	at org.apache.tools.ant.Target.execute(Target.java:309)
	at org.apache.tools.ant.Target.performTasks(Target.java:336)
	at org.apache.tools.ant.Project.executeTarget(Project.java:1339)
	at org.apache.tools.ant.Project.executeTargets(Project.java:1255)
	at org.apache.tools.ant.Main.runBuild(Main.java:609)
	at org.apache.tools.ant.Main.start(Main.java:196)
	at org.apache.tools.ant.Main.main(Main.java:235)
4535 [main] ERROR KermetaUnit  - Unexpected load error
java.lang.NoClassDefFoundError: fr/irisa/triskell/kermeta/parser/KermetaParserTokenTypes
	at java.lang.ClassLoader.defineClass0(Native Method)
	at java.lang.ClassLoader.defineClass(ClassLoader.java:539)
	at sun.reflect.GeneratedMethodAccessor4.invoke(Unknown Source)
	at sun.reflect.DelegatingMethodAccessorImpl.invoke(DelegatingMethodAccessorImpl.java:25)
	at java.lang.reflect.Method.invoke(Method.java:324)
	at org.apache.tools.ant.AntClassLoader.getClassFromStream(AntClassLoader.java:1002)
	at org.apache.tools.ant.AntClassLoader.findClassInComponents(AntClassLoader.java:1064)
	at org.apache.tools.ant.AntClassLoader.findClass(AntClassLoader.java:1036)
	at org.apache.tools.ant.AntClassLoader.loadClass(AntClassLoader.java:931)
	at java.lang.ClassLoader.loadClass(ClassLoader.java:235)
	at java.lang.ClassLoader.loadClassInternal(ClassLoader.java:302)
	at fr.irisa.triskell.kermeta.loader.kmt.KMTUnit.parse(KMTUnit.java:69)
	at fr.irisa.triskell.kermeta.loader.kmt.KMTUnit.preLoad(KMTUnit.java:111)
	at fr.irisa.triskell.kermeta.loader.KermetaUnit.loadAllImportedUnits(KermetaUnit.java:1060)
	at fr.irisa.triskell.kermeta.loader.KermetaUnit.load(KermetaUnit.java:1037)
	at kermeta_io.constraintchecker_test.JunitTestSuite.testinvalidFile(JunitTestSuite.java:137)
	at kermeta_io.constraintchecker_test.JunitTestSuite.testinvalid_001_cyclicinheritance_02(JunitTestSuite.java:63)
	at sun.reflect.NativeMethodAccessorImpl.invoke0(Native Method)
	at sun.reflect.NativeMethodAccessorImpl.invoke(NativeMethodAccessorImpl.java:39)
	at sun.reflect.DelegatingMethodAccessorImpl.invoke(DelegatingMethodAccessorImpl.java:25)
	at java.lang.reflect.Method.invoke(Method.java:324)
	at junit.framework.TestCase.runTest(TestCase.java:154)
	at junit.framework.TestCase.runBare(TestCase.java:127)
	at junit.framework.TestResult$1.protect(TestResult.java:106)
	at junit.framework.TestResult.runProtected(TestResult.java:124)
	at junit.framework.TestResult.run(TestResult.java:109)
	at junit.framework.TestCase.run(TestCase.java:118)
	at junit.framework.TestSuite.runTest(TestSuite.java:208)
	at junit.framework.TestSuite.run(TestSuite.java:203)
	at org.apache.tools.ant.taskdefs.optional.junit.JUnitTestRunner.run(JUnitTestRunner.java:325)
	at org.apache.tools.ant.taskdefs.optional.junit.JUnitTask.executeInVM(JUnitTask.java:848)
	at org.apache.tools.ant.taskdefs.optional.junit.JUnitTask.execute(JUnitTask.java:556)
	at org.apache.tools.ant.taskdefs.optional.junit.JUnitTask.execute(JUnitTask.java:532)
	at org.apache.tools.ant.Task.perform(Task.java:341)
	at org.apache.tools.ant.Target.execute(Target.java:309)
	at org.apache.tools.ant.Target.performTasks(Target.java:336)
	at org.apache.tools.ant.Project.executeTarget(Project.java:1339)
	at org.apache.tools.ant.Project.executeTargets(Project.java:1255)
	at org.apache.tools.ant.Main.runBuild(Main.java:609)
	at org.apache.tools.ant.Main.start(Main.java:196)
	at org.apache.tools.ant.Main.main(Main.java:235)
ERROR  load, Unexpected load error
java.lang.NoClassDefFoundError: fr/irisa/triskell/kermeta/parser/KermetaParserTokenTypes
	at java.lang.ClassLoader.defineClass0(Native Method)
	at java.lang.ClassLoader.defineClass(ClassLoader.java:539)
	at sun.reflect.GeneratedMethodAccessor4.invoke(Unknown Source)
	at sun.reflect.DelegatingMethodAccessorImpl.invoke(DelegatingMethodAccessorImpl.java:25)
	at java.lang.reflect.Method.invoke(Method.java:324)
	at org.apache.tools.ant.AntClassLoader.getClassFromStream(AntClassLoader.java:1002)
	at org.apache.tools.ant.AntClassLoader.findClassInComponents(AntClassLoader.java:1064)
	at org.apache.tools.ant.AntClassLoader.findClass(AntClassLoader.java:1036)
	at org.apache.tools.ant.AntClassLoader.loadClass(AntClassLoader.java:931)
	at java.lang.ClassLoader.loadClass(ClassLoader.java:235)
	at java.lang.ClassLoader.loadClassInternal(ClassLoader.java:302)
	at fr.irisa.triskell.kermeta.loader.kmt.KMTUnit.parse(KMTUnit.java:69)
	at fr.irisa.triskell.kermeta.loader.kmt.KMTUnit.preLoad(KMTUnit.java:111)
	at fr.irisa.triskell.kermeta.loader.KermetaUnit.loadAllImportedUnits(KermetaUnit.java:1060)
	at fr.irisa.triskell.kermeta.loader.KermetaUnit.load(KermetaUnit.java:1037)
	at kermeta_io.constraintchecker_test.JunitTestSuite.testinvalidFile(JunitTestSuite.java:137)
	at kermeta_io.constraintchecker_test.JunitTestSuite.testinvalid_001_cyclicinheritance_03(JunitTestSuite.java:67)
	at sun.reflect.NativeMethodAccessorImpl.invoke0(Native Method)
	at sun.reflect.NativeMethodAccessorImpl.invoke(NativeMethodAccessorImpl.java:39)
	at sun.reflect.DelegatingMethodAccessorImpl.invoke(DelegatingMethodAccessorImpl.java:25)
	at java.lang.reflect.Method.invoke(Method.java:324)
	at junit.framework.TestCase.runTest(TestCase.java:154)
	at junit.framework.TestCase.runBare(TestCase.java:127)
	at junit.framework.TestResult$1.protect(TestResult.java:106)
	at junit.framework.TestResult.runProtected(TestResult.java:124)
	at junit.framework.TestResult.run(TestResult.java:109)
	at junit.framework.TestCase.run(TestCase.java:118)
	at junit.framework.TestSuite.runTest(TestSuite.java:208)
	at junit.framework.TestSuite.run(TestSuite.java:203)
	at org.apache.tools.ant.taskdefs.optional.junit.JUnitTestRunner.run(JUnitTestRunner.java:325)
	at org.apache.tools.ant.taskdefs.optional.junit.JUnitTask.executeInVM(JUnitTask.java:848)
	at org.apache.tools.ant.taskdefs.optional.junit.JUnitTask.execute(JUnitTask.java:556)
	at org.apache.tools.ant.taskdefs.optional.junit.JUnitTask.execute(JUnitTask.java:532)
	at org.apache.tools.ant.Task.perform(Task.java:341)
	at org.apache.tools.ant.Target.execute(Target.java:309)
	at org.apache.tools.ant.Target.performTasks(Target.java:336)
	at org.apache.tools.ant.Project.executeTarget(Project.java:1339)
	at org.apache.tools.ant.Project.executeTargets(Project.java:1255)
	at org.apache.tools.ant.Main.runBuild(Main.java:609)
	at org.apache.tools.ant.Main.start(Main.java:196)
	at org.apache.tools.ant.Main.main(Main.java:235)
5512 [main] ERROR KermetaUnit  - Unexpected load error
java.lang.NoClassDefFoundError: fr/irisa/triskell/kermeta/parser/KermetaParserTokenTypes
	at java.lang.ClassLoader.defineClass0(Native Method)
	at java.lang.ClassLoader.defineClass(ClassLoader.java:539)
	at sun.reflect.GeneratedMethodAccessor4.invoke(Unknown Source)
	at sun.reflect.DelegatingMethodAccessorImpl.invoke(DelegatingMethodAccessorImpl.java:25)
	at java.lang.reflect.Method.invoke(Method.java:324)
	at org.apache.tools.ant.AntClassLoader.getClassFromStream(AntClassLoader.java:1002)
	at org.apache.tools.ant.AntClassLoader.findClassInComponents(AntClassLoader.java:1064)
	at org.apache.tools.ant.AntClassLoader.findClass(AntClassLoader.java:1036)
	at org.apache.tools.ant.AntClassLoader.loadClass(AntClassLoader.java:931)
	at java.lang.ClassLoader.loadClass(ClassLoader.java:235)
	at java.lang.ClassLoader.loadClassInternal(ClassLoader.java:302)
	at fr.irisa.triskell.kermeta.loader.kmt.KMTUnit.parse(KMTUnit.java:69)
	at fr.irisa.triskell.kermeta.loader.kmt.KMTUnit.preLoad(KMTUnit.java:111)
	at fr.irisa.triskell.kermeta.loader.KermetaUnit.loadAllImportedUnits(KermetaUnit.java:1060)
	at fr.irisa.triskell.kermeta.loader.KermetaUnit.load(KermetaUnit.java:1037)
	at kermeta_io.constraintchecker_test.JunitTestSuite.testinvalidFile(JunitTestSuite.java:137)
	at kermeta_io.constraintchecker_test.JunitTestSuite.testinvalid_001_cyclicinheritance_03(JunitTestSuite.java:67)
	at sun.reflect.NativeMethodAccessorImpl.invoke0(Native Method)
	at sun.reflect.NativeMethodAccessorImpl.invoke(NativeMethodAccessorImpl.java:39)
	at sun.reflect.DelegatingMethodAccessorImpl.invoke(DelegatingMethodAccessorImpl.java:25)
	at java.lang.reflect.Method.invoke(Method.java:324)
	at junit.framework.TestCase.runTest(TestCase.java:154)
	at junit.framework.TestCase.runBare(TestCase.java:127)
	at junit.framework.TestResult$1.protect(TestResult.java:106)
	at junit.framework.TestResult.runProtected(TestResult.java:124)
	at junit.framework.TestResult.run(TestResult.java:109)
	at junit.framework.TestCase.run(TestCase.java:118)
	at junit.framework.TestSuite.runTest(TestSuite.java:208)
	at junit.framework.TestSuite.run(TestSuite.java:203)
	at org.apache.tools.ant.taskdefs.optional.junit.JUnitTestRunner.run(JUnitTestRunner.java:325)
	at org.apache.tools.ant.taskdefs.optional.junit.JUnitTask.executeInVM(JUnitTask.java:848)
	at org.apache.tools.ant.taskdefs.optional.junit.JUnitTask.execute(JUnitTask.java:556)
	at org.apache.tools.ant.taskdefs.optional.junit.JUnitTask.execute(JUnitTask.java:532)
	at org.apache.tools.ant.Task.perform(Task.java:341)
	at org.apache.tools.ant.Target.execute(Target.java:309)
	at org.apache.tools.ant.Target.performTasks(Target.java:336)
	at org.apache.tools.ant.Project.executeTarget(Project.java:1339)
	at org.apache.tools.ant.Project.executeTargets(Project.java:1255)
	at org.apache.tools.ant.Main.runBuild(Main.java:609)
	at org.apache.tools.ant.Main.start(Main.java:196)
	at org.apache.tools.ant.Main.main(Main.java:235)
ERROR  load, Unexpected load error
java.lang.NoClassDefFoundError: fr/irisa/triskell/kermeta/parser/KermetaParserTokenTypes
	at java.lang.ClassLoader.defineClass0(Native Method)
	at java.lang.ClassLoader.defineClass(ClassLoader.java:539)
	at sun.reflect.GeneratedMethodAccessor4.invoke(Unknown Source)
	at sun.reflect.DelegatingMethodAccessorImpl.invoke(DelegatingMethodAccessorImpl.java:25)
	at java.lang.reflect.Method.invoke(Method.java:324)
	at org.apache.tools.ant.AntClassLoader.getClassFromStream(AntClassLoader.java:1002)
	at org.apache.tools.ant.AntClassLoader.findClassInComponents(AntClassLoader.java:1064)
	at org.apache.tools.ant.AntClassLoader.findClass(AntClassLoader.java:1036)
	at org.apache.tools.ant.AntClassLoader.loadClass(AntClassLoader.java:931)
	at java.lang.ClassLoader.loadClass(ClassLoader.java:235)
	at java.lang.ClassLoader.loadClassInternal(ClassLoader.java:302)
	at fr.irisa.triskell.kermeta.loader.kmt.KMTUnit.parse(KMTUnit.java:69)
	at fr.irisa.triskell.kermeta.loader.kmt.KMTUnit.preLoad(KMTUnit.java:111)
	at fr.irisa.triskell.kermeta.loader.KermetaUnit.loadAllImportedUnits(KermetaUnit.java:1060)
	at fr.irisa.triskell.kermeta.loader.KermetaUnit.load(KermetaUnit.java:1037)
	at kermeta_io.constraintchecker_test.JunitTestSuite.testinvalidFile(JunitTestSuite.java:137)
	at kermeta_io.constraintchecker_test.JunitTestSuite.testinvalid_003_associations_01(JunitTestSuite.java:71)
	at sun.reflect.NativeMethodAccessorImpl.invoke0(Native Method)
	at sun.reflect.NativeMethodAccessorImpl.invoke(NativeMethodAccessorImpl.java:39)
	at sun.reflect.DelegatingMethodAccessorImpl.invoke(DelegatingMethodAccessorImpl.java:25)
	at java.lang.reflect.Method.invoke(Method.java:324)
	at junit.framework.TestCase.runTest(TestCase.java:154)
	at junit.framework.TestCase.runBare(TestCase.java:127)
	at junit.framework.TestResult$1.protect(TestResult.java:106)
	at junit.framework.TestResult.runProtected(TestResult.java:124)
	at junit.framework.TestResult.run(TestResult.java:109)
	at junit.framework.TestCase.run(TestCase.java:118)
	at junit.framework.TestSuite.runTest(TestSuite.java:208)
	at junit.framework.TestSuite.run(TestSuite.java:203)
	at org.apache.tools.ant.taskdefs.optional.junit.JUnitTestRunner.run(JUnitTestRunner.java:325)
	at org.apache.tools.ant.taskdefs.optional.junit.JUnitTask.executeInVM(JUnitTask.java:848)
	at org.apache.tools.ant.taskdefs.optional.junit.JUnitTask.execute(JUnitTask.java:556)
	at org.apache.tools.ant.taskdefs.optional.junit.JUnitTask.execute(JUnitTask.java:532)
	at org.apache.tools.ant.Task.perform(Task.java:341)
	at org.apache.tools.ant.Target.execute(Target.java:309)
	at org.apache.tools.ant.Target.performTasks(Target.java:336)
	at org.apache.tools.ant.Project.executeTarget(Project.java:1339)
	at org.apache.tools.ant.Project.executeTargets(Project.java:1255)
	at org.apache.tools.ant.Main.runBuild(Main.java:609)
	at org.apache.tools.ant.Main.start(Main.java:196)
	at org.apache.tools.ant.Main.main(Main.java:235)
6479 [main] ERROR KermetaUnit  - Unexpected load error
java.lang.NoClassDefFoundError: fr/irisa/triskell/kermeta/parser/KermetaParserTokenTypes
	at java.lang.ClassLoader.defineClass0(Native Method)
	at java.lang.ClassLoader.defineClass(ClassLoader.java:539)
	at sun.reflect.GeneratedMethodAccessor4.invoke(Unknown Source)
	at sun.reflect.DelegatingMethodAccessorImpl.invoke(DelegatingMethodAccessorImpl.java:25)
	at java.lang.reflect.Method.invoke(Method.java:324)
	at org.apache.tools.ant.AntClassLoader.getClassFromStream(AntClassLoader.java:1002)
	at org.apache.tools.ant.AntClassLoader.findClassInComponents(AntClassLoader.java:1064)
	at org.apache.tools.ant.AntClassLoader.findClass(AntClassLoader.java:1036)
	at org.apache.tools.ant.AntClassLoader.loadClass(AntClassLoader.java:931)
	at java.lang.ClassLoader.loadClass(ClassLoader.java:235)
	at java.lang.ClassLoader.loadClassInternal(ClassLoader.java:302)
	at fr.irisa.triskell.kermeta.loader.kmt.KMTUnit.parse(KMTUnit.java:69)
	at fr.irisa.triskell.kermeta.loader.kmt.KMTUnit.preLoad(KMTUnit.java:111)
	at fr.irisa.triskell.kermeta.loader.KermetaUnit.loadAllImportedUnits(KermetaUnit.java:1060)
	at fr.irisa.triskell.kermeta.loader.KermetaUnit.load(KermetaUnit.java:1037)
	at kermeta_io.constraintchecker_test.JunitTestSuite.testinvalidFile(JunitTestSuite.java:137)
	at kermeta_io.constraintchecker_test.JunitTestSuite.testinvalid_003_associations_01(JunitTestSuite.java:71)
	at sun.reflect.NativeMethodAccessorImpl.invoke0(Native Method)
	at sun.reflect.NativeMethodAccessorImpl.invoke(NativeMethodAccessorImpl.java:39)
	at sun.reflect.DelegatingMethodAccessorImpl.invoke(DelegatingMethodAccessorImpl.java:25)
	at java.lang.reflect.Method.invoke(Method.java:324)
	at junit.framework.TestCase.runTest(TestCase.java:154)
	at junit.framework.TestCase.runBare(TestCase.java:127)
	at junit.framework.TestResult$1.protect(TestResult.java:106)
	at junit.framework.TestResult.runProtected(TestResult.java:124)
	at junit.framework.TestResult.run(TestResult.java:109)
	at junit.framework.TestCase.run(TestCase.java:118)
	at junit.framework.TestSuite.runTest(TestSuite.java:208)
	at junit.framework.TestSuite.run(TestSuite.java:203)
	at org.apache.tools.ant.taskdefs.optional.junit.JUnitTestRunner.run(JUnitTestRunner.java:325)
	at org.apache.tools.ant.taskdefs.optional.junit.JUnitTask.executeInVM(JUnitTask.java:848)
	at org.apache.tools.ant.taskdefs.optional.junit.JUnitTask.execute(JUnitTask.java:556)
	at org.apache.tools.ant.taskdefs.optional.junit.JUnitTask.execute(JUnitTask.java:532)
	at org.apache.tools.ant.Task.perform(Task.java:341)
	at org.apache.tools.ant.Target.execute(Target.java:309)
	at org.apache.tools.ant.Target.performTasks(Target.java:336)
	at org.apache.tools.ant.Project.executeTarget(Project.java:1339)
	at org.apache.tools.ant.Project.executeTargets(Project.java:1255)
	at org.apache.tools.ant.Main.runBuild(Main.java:609)
	at org.apache.tools.ant.Main.start(Main.java:196)
	at org.apache.tools.ant.Main.main(Main.java:235)
ERROR  load, Unexpected load error
java.lang.NoClassDefFoundError: fr/irisa/triskell/kermeta/parser/KermetaParserTokenTypes
	at java.lang.ClassLoader.defineClass0(Native Method)
	at java.lang.ClassLoader.defineClass(ClassLoader.java:539)
	at sun.reflect.GeneratedMethodAccessor4.invoke(Unknown Source)
	at sun.reflect.DelegatingMethodAccessorImpl.invoke(DelegatingMethodAccessorImpl.java:25)
	at java.lang.reflect.Method.invoke(Method.java:324)
	at org.apache.tools.ant.AntClassLoader.getClassFromStream(AntClassLoader.java:1002)
	at org.apache.tools.ant.AntClassLoader.findClassInComponents(AntClassLoader.java:1064)
	at org.apache.tools.ant.AntClassLoader.findClass(AntClassLoader.java:1036)
	at org.apache.tools.ant.AntClassLoader.loadClass(AntClassLoader.java:931)
	at java.lang.ClassLoader.loadClass(ClassLoader.java:235)
	at java.lang.ClassLoader.loadClassInternal(ClassLoader.java:302)
	at fr.irisa.triskell.kermeta.loader.kmt.KMTUnit.parse(KMTUnit.java:69)
	at fr.irisa.triskell.kermeta.loader.kmt.KMTUnit.preLoad(KMTUnit.java:111)
	at fr.irisa.triskell.kermeta.loader.KermetaUnit.loadAllImportedUnits(KermetaUnit.java:1060)
	at fr.irisa.triskell.kermeta.loader.KermetaUnit.load(KermetaUnit.java:1037)
	at kermeta_io.constraintchecker_test.JunitTestSuite.testinvalidFile(JunitTestSuite.java:137)
	at kermeta_io.constraintchecker_test.JunitTestSuite.testinvalid_003_associations_02(JunitTestSuite.java:75)
	at sun.reflect.NativeMethodAccessorImpl.invoke0(Native Method)
	at sun.reflect.NativeMethodAccessorImpl.invoke(NativeMethodAccessorImpl.java:39)
	at sun.reflect.DelegatingMethodAccessorImpl.invoke(DelegatingMethodAccessorImpl.java:25)
	at java.lang.reflect.Method.invoke(Method.java:324)
	at junit.framework.TestCase.runTest(TestCase.java:154)
	at junit.framework.TestCase.runBare(TestCase.java:127)
	at junit.framework.TestResult$1.protect(TestResult.java:106)
	at junit.framework.TestResult.runProtected(TestResult.java:124)
	at junit.framework.TestResult.run(TestResult.java:109)
	at junit.framework.TestCase.run(TestCase.java:118)
	at junit.framework.TestSuite.runTest(TestSuite.java:208)
	at junit.framework.TestSuite.run(TestSuite.java:203)
	at org.apache.tools.ant.taskdefs.optional.junit.JUnitTestRunner.run(JUnitTestRunner.java:325)
	at org.apache.tools.ant.taskdefs.optional.junit.JUnitTask.executeInVM(JUnitTask.java:848)
	at org.apache.tools.ant.taskdefs.optional.junit.JUnitTask.execute(JUnitTask.java:556)
	at org.apache.tools.ant.taskdefs.optional.junit.JUnitTask.execute(JUnitTask.java:532)
	at org.apache.tools.ant.Task.perform(Task.java:341)
	at org.apache.tools.ant.Target.execute(Target.java:309)
	at org.apache.tools.ant.Target.performTasks(Target.java:336)
	at org.apache.tools.ant.Project.executeTarget(Project.java:1339)
	at org.apache.tools.ant.Project.executeTargets(Project.java:1255)
	at org.apache.tools.ant.Main.runBuild(Main.java:609)
	at org.apache.tools.ant.Main.start(Main.java:196)
	at org.apache.tools.ant.Main.main(Main.java:235)
7430 [main] ERROR KermetaUnit  - Unexpected load error
java.lang.NoClassDefFoundError: fr/irisa/triskell/kermeta/parser/KermetaParserTokenTypes
	at java.lang.ClassLoader.defineClass0(Native Method)
	at java.lang.ClassLoader.defineClass(ClassLoader.java:539)
	at sun.reflect.GeneratedMethodAccessor4.invoke(Unknown Source)
	at sun.reflect.DelegatingMethodAccessorImpl.invoke(DelegatingMethodAccessorImpl.java:25)
	at java.lang.reflect.Method.invoke(Method.java:324)
	at org.apache.tools.ant.AntClassLoader.getClassFromStream(AntClassLoader.java:1002)
	at org.apache.tools.ant.AntClassLoader.findClassInComponents(AntClassLoader.java:1064)
	at org.apache.tools.ant.AntClassLoader.findClass(AntClassLoader.java:1036)
	at org.apache.tools.ant.AntClassLoader.loadClass(AntClassLoader.java:931)
	at java.lang.ClassLoader.loadClass(ClassLoader.java:235)
	at java.lang.ClassLoader.loadClassInternal(ClassLoader.java:302)
	at fr.irisa.triskell.kermeta.loader.kmt.KMTUnit.parse(KMTUnit.java:69)
	at fr.irisa.triskell.kermeta.loader.kmt.KMTUnit.preLoad(KMTUnit.java:111)
	at fr.irisa.triskell.kermeta.loader.KermetaUnit.loadAllImportedUnits(KermetaUnit.java:1060)
	at fr.irisa.triskell.kermeta.loader.KermetaUnit.load(KermetaUnit.java:1037)
	at kermeta_io.constraintchecker_test.JunitTestSuite.testinvalidFile(JunitTestSuite.java:137)
	at kermeta_io.constraintchecker_test.JunitTestSuite.testinvalid_003_associations_02(JunitTestSuite.java:75)
	at sun.reflect.NativeMethodAccessorImpl.invoke0(Native Method)
	at sun.reflect.NativeMethodAccessorImpl.invoke(NativeMethodAccessorImpl.java:39)
	at sun.reflect.DelegatingMethodAccessorImpl.invoke(DelegatingMethodAccessorImpl.java:25)
	at java.lang.reflect.Method.invoke(Method.java:324)
	at junit.framework.TestCase.runTest(TestCase.java:154)
	at junit.framework.TestCase.runBare(TestCase.java:127)
	at junit.framework.TestResult$1.protect(TestResult.java:106)
	at junit.framework.TestResult.runProtected(TestResult.java:124)
	at junit.framework.TestResult.run(TestResult.java:109)
	at junit.framework.TestCase.run(TestCase.java:118)
	at junit.framework.TestSuite.runTest(TestSuite.java:208)
	at junit.framework.TestSuite.run(TestSuite.java:203)
	at org.apache.tools.ant.taskdefs.optional.junit.JUnitTestRunner.run(JUnitTestRunner.java:325)
	at org.apache.tools.ant.taskdefs.optional.junit.JUnitTask.executeInVM(JUnitTask.java:848)
	at org.apache.tools.ant.taskdefs.optional.junit.JUnitTask.execute(JUnitTask.java:556)
	at org.apache.tools.ant.taskdefs.optional.junit.JUnitTask.execute(JUnitTask.java:532)
	at org.apache.tools.ant.Task.perform(Task.java:341)
	at org.apache.tools.ant.Target.execute(Target.java:309)
	at org.apache.tools.ant.Target.performTasks(Target.java:336)
	at org.apache.tools.ant.Project.executeTarget(Project.java:1339)
	at org.apache.tools.ant.Project.executeTargets(Project.java:1255)
	at org.apache.tools.ant.Main.runBuild(Main.java:609)
	at org.apache.tools.ant.Main.start(Main.java:196)
	at org.apache.tools.ant.Main.main(Main.java:235)
ERROR  load, Unexpected load error
java.lang.NoClassDefFoundError: fr/irisa/triskell/kermeta/parser/KermetaParserTokenTypes
	at java.lang.ClassLoader.defineClass0(Native Method)
	at java.lang.ClassLoader.defineClass(ClassLoader.java:539)
	at sun.reflect.GeneratedMethodAccessor4.invoke(Unknown Source)
	at sun.reflect.DelegatingMethodAccessorImpl.invoke(DelegatingMethodAccessorImpl.java:25)
	at java.lang.reflect.Method.invoke(Method.java:324)
	at org.apache.tools.ant.AntClassLoader.getClassFromStream(AntClassLoader.java:1002)
	at org.apache.tools.ant.AntClassLoader.findClassInComponents(AntClassLoader.java:1064)
	at org.apache.tools.ant.AntClassLoader.findClass(AntClassLoader.java:1036)
	at org.apache.tools.ant.AntClassLoader.loadClass(AntClassLoader.java:931)
	at java.lang.ClassLoader.loadClass(ClassLoader.java:235)
	at java.lang.ClassLoader.loadClassInternal(ClassLoader.java:302)
	at fr.irisa.triskell.kermeta.loader.kmt.KMTUnit.parse(KMTUnit.java:69)
	at fr.irisa.triskell.kermeta.loader.kmt.KMTUnit.preLoad(KMTUnit.java:111)
	at fr.irisa.triskell.kermeta.loader.KermetaUnit.loadAllImportedUnits(KermetaUnit.java:1060)
	at fr.irisa.triskell.kermeta.loader.KermetaUnit.load(KermetaUnit.java:1037)
	at kermeta_io.constraintchecker_test.JunitTestSuite.testinvalidFile(JunitTestSuite.java:137)
	at kermeta_io.constraintchecker_test.JunitTestSuite.testinvalid_003_associations_03(JunitTestSuite.java:79)
	at sun.reflect.NativeMethodAccessorImpl.invoke0(Native Method)
	at sun.reflect.NativeMethodAccessorImpl.invoke(NativeMethodAccessorImpl.java:39)
	at sun.reflect.DelegatingMethodAccessorImpl.invoke(DelegatingMethodAccessorImpl.java:25)
	at java.lang.reflect.Method.invoke(Method.java:324)
	at junit.framework.TestCase.runTest(TestCase.java:154)
	at junit.framework.TestCase.runBare(TestCase.java:127)
	at junit.framework.TestResult$1.protect(TestResult.java:106)
	at junit.framework.TestResult.runProtected(TestResult.java:124)
	at junit.framework.TestResult.run(TestResult.java:109)
	at junit.framework.TestCase.run(TestCase.java:118)
	at junit.framework.TestSuite.runTest(TestSuite.java:208)
	at junit.framework.TestSuite.run(TestSuite.java:203)
	at org.apache.tools.ant.taskdefs.optional.junit.JUnitTestRunner.run(JUnitTestRunner.java:325)
	at org.apache.tools.ant.taskdefs.optional.junit.JUnitTask.executeInVM(JUnitTask.java:848)
	at org.apache.tools.ant.taskdefs.optional.junit.JUnitTask.execute(JUnitTask.java:556)
	at org.apache.tools.ant.taskdefs.optional.junit.JUnitTask.execute(JUnitTask.java:532)
	at org.apache.tools.ant.Task.perform(Task.java:341)
	at org.apache.tools.ant.Target.execute(Target.java:309)
	at org.apache.tools.ant.Target.performTasks(Target.java:336)
	at org.apache.tools.ant.Project.executeTarget(Project.java:1339)
	at org.apache.tools.ant.Project.executeTargets(Project.java:1255)
	at org.apache.tools.ant.Main.runBuild(Main.java:609)
	at org.apache.tools.ant.Main.start(Main.java:196)
	at org.apache.tools.ant.Main.main(Main.java:235)
8397 [main] ERROR KermetaUnit  - Unexpected load error
java.lang.NoClassDefFoundError: fr/irisa/triskell/kermeta/parser/KermetaParserTokenTypes
	at java.lang.ClassLoader.defineClass0(Native Method)
	at java.lang.ClassLoader.defineClass(ClassLoader.java:539)
	at sun.reflect.GeneratedMethodAccessor4.invoke(Unknown Source)
	at sun.reflect.DelegatingMethodAccessorImpl.invoke(DelegatingMethodAccessorImpl.java:25)
	at java.lang.reflect.Method.invoke(Method.java:324)
	at org.apache.tools.ant.AntClassLoader.getClassFromStream(AntClassLoader.java:1002)
	at org.apache.tools.ant.AntClassLoader.findClassInComponents(AntClassLoader.java:1064)
	at org.apache.tools.ant.AntClassLoader.findClass(AntClassLoader.java:1036)
	at org.apache.tools.ant.AntClassLoader.loadClass(AntClassLoader.java:931)
	at java.lang.ClassLoader.loadClass(ClassLoader.java:235)
	at java.lang.ClassLoader.loadClassInternal(ClassLoader.java:302)
	at fr.irisa.triskell.kermeta.loader.kmt.KMTUnit.parse(KMTUnit.java:69)
	at fr.irisa.triskell.kermeta.loader.kmt.KMTUnit.preLoad(KMTUnit.java:111)
	at fr.irisa.triskell.kermeta.loader.KermetaUnit.loadAllImportedUnits(KermetaUnit.java:1060)
	at fr.irisa.triskell.kermeta.loader.KermetaUnit.load(KermetaUnit.java:1037)
	at kermeta_io.constraintchecker_test.JunitTestSuite.testinvalidFile(JunitTestSuite.java:137)
	at kermeta_io.constraintchecker_test.JunitTestSuite.testinvalid_003_associations_03(JunitTestSuite.java:79)
	at sun.reflect.NativeMethodAccessorImpl.invoke0(Native Method)
	at sun.reflect.NativeMethodAccessorImpl.invoke(NativeMethodAccessorImpl.java:39)
	at sun.reflect.DelegatingMethodAccessorImpl.invoke(DelegatingMethodAccessorImpl.java:25)
	at java.lang.reflect.Method.invoke(Method.java:324)
	at junit.framework.TestCase.runTest(TestCase.java:154)
	at junit.framework.TestCase.runBare(TestCase.java:127)
	at junit.framework.TestResult$1.protect(TestResult.java:106)
	at junit.framework.TestResult.runProtected(TestResult.java:124)
	at junit.framework.TestResult.run(TestResult.java:109)
	at junit.framework.TestCase.run(TestCase.java:118)
	at junit.framework.TestSuite.runTest(TestSuite.java:208)
	at junit.framework.TestSuite.run(TestSuite.java:203)
	at org.apache.tools.ant.taskdefs.optional.junit.JUnitTestRunner.run(JUnitTestRunner.java:325)
	at org.apache.tools.ant.taskdefs.optional.junit.JUnitTask.executeInVM(JUnitTask.java:848)
	at org.apache.tools.ant.taskdefs.optional.junit.JUnitTask.execute(JUnitTask.java:556)
	at org.apache.tools.ant.taskdefs.optional.junit.JUnitTask.execute(JUnitTask.java:532)
	at org.apache.tools.ant.Task.perform(Task.java:341)
	at org.apache.tools.ant.Target.execute(Target.java:309)
	at org.apache.tools.ant.Target.performTasks(Target.java:336)
	at org.apache.tools.ant.Project.executeTarget(Project.java:1339)
	at org.apache.tools.ant.Project.executeTargets(Project.java:1255)
	at org.apache.tools.ant.Main.runBuild(Main.java:609)
	at org.apache.tools.ant.Main.start(Main.java:196)
	at org.apache.tools.ant.Main.main(Main.java:235)
ERROR  load, Unexpected load error
java.lang.NoClassDefFoundError: fr/irisa/triskell/kermeta/parser/KermetaParserTokenTypes
	at java.lang.ClassLoader.defineClass0(Native Method)
	at java.lang.ClassLoader.defineClass(ClassLoader.java:539)
	at sun.reflect.GeneratedMethodAccessor4.invoke(Unknown Source)
	at sun.reflect.DelegatingMethodAccessorImpl.invoke(DelegatingMethodAccessorImpl.java:25)
	at java.lang.reflect.Method.invoke(Method.java:324)
	at org.apache.tools.ant.AntClassLoader.getClassFromStream(AntClassLoader.java:1002)
	at org.apache.tools.ant.AntClassLoader.findClassInComponents(AntClassLoader.java:1064)
	at org.apache.tools.ant.AntClassLoader.findClass(AntClassLoader.java:1036)
	at org.apache.tools.ant.AntClassLoader.loadClass(AntClassLoader.java:931)
	at java.lang.ClassLoader.loadClass(ClassLoader.java:235)
	at java.lang.ClassLoader.loadClassInternal(ClassLoader.java:302)
	at fr.irisa.triskell.kermeta.loader.kmt.KMTUnit.parse(KMTUnit.java:69)
	at fr.irisa.triskell.kermeta.loader.kmt.KMTUnit.preLoad(KMTUnit.java:111)
	at fr.irisa.triskell.kermeta.loader.KermetaUnit.loadAllImportedUnits(KermetaUnit.java:1060)
	at fr.irisa.triskell.kermeta.loader.KermetaUnit.load(KermetaUnit.java:1037)
	at kermeta_io.constraintchecker_test.JunitTestSuite.testinvalidFile(JunitTestSuite.java:137)
	at kermeta_io.constraintchecker_test.JunitTestSuite.testinvalid_003_associations_04(JunitTestSuite.java:83)
	at sun.reflect.NativeMethodAccessorImpl.invoke0(Native Method)
	at sun.reflect.NativeMethodAccessorImpl.invoke(NativeMethodAccessorImpl.java:39)
	at sun.reflect.DelegatingMethodAccessorImpl.invoke(DelegatingMethodAccessorImpl.java:25)
	at java.lang.reflect.Method.invoke(Method.java:324)
	at junit.framework.TestCase.runTest(TestCase.java:154)
	at junit.framework.TestCase.runBare(TestCase.java:127)
	at junit.framework.TestResult$1.protect(TestResult.java:106)
	at junit.framework.TestResult.runProtected(TestResult.java:124)
	at junit.framework.TestResult.run(TestResult.java:109)
	at junit.framework.TestCase.run(TestCase.java:118)
	at junit.framework.TestSuite.runTest(TestSuite.java:208)
	at junit.framework.TestSuite.run(TestSuite.java:203)
	at org.apache.tools.ant.taskdefs.optional.junit.JUnitTestRunner.run(JUnitTestRunner.java:325)
	at org.apache.tools.ant.taskdefs.optional.junit.JUnitTask.executeInVM(JUnitTask.java:848)
	at org.apache.tools.ant.taskdefs.optional.junit.JUnitTask.execute(JUnitTask.java:556)
	at org.apache.tools.ant.taskdefs.optional.junit.JUnitTask.execute(JUnitTask.java:532)
	at org.apache.tools.ant.Task.perform(Task.java:341)
	at org.apache.tools.ant.Target.execute(Target.java:309)
	at org.apache.tools.ant.Target.performTasks(Target.java:336)
	at org.apache.tools.ant.Project.executeTarget(Project.java:1339)
	at org.apache.tools.ant.Project.executeTargets(Project.java:1255)
	at org.apache.tools.ant.Main.runBuild(Main.java:609)
	at org.apache.tools.ant.Main.start(Main.java:196)
	at org.apache.tools.ant.Main.main(Main.java:235)
9610 [main] ERROR KermetaUnit  - Unexpected load error
java.lang.NoClassDefFoundError: fr/irisa/triskell/kermeta/parser/KermetaParserTokenTypes
	at java.lang.ClassLoader.defineClass0(Native Method)
	at java.lang.ClassLoader.defineClass(ClassLoader.java:539)
	at sun.reflect.GeneratedMethodAccessor4.invoke(Unknown Source)
	at sun.reflect.DelegatingMethodAccessorImpl.invoke(DelegatingMethodAccessorImpl.java:25)
	at java.lang.reflect.Method.invoke(Method.java:324)
	at org.apache.tools.ant.AntClassLoader.getClassFromStream(AntClassLoader.java:1002)
	at org.apache.tools.ant.AntClassLoader.findClassInComponents(AntClassLoader.java:1064)
	at org.apache.tools.ant.AntClassLoader.findClass(AntClassLoader.java:1036)
	at org.apache.tools.ant.AntClassLoader.loadClass(AntClassLoader.java:931)
	at java.lang.ClassLoader.loadClass(ClassLoader.java:235)
	at java.lang.ClassLoader.loadClassInternal(ClassLoader.java:302)
	at fr.irisa.triskell.kermeta.loader.kmt.KMTUnit.parse(KMTUnit.java:69)
	at fr.irisa.triskell.kermeta.loader.kmt.KMTUnit.preLoad(KMTUnit.java:111)
	at fr.irisa.triskell.kermeta.loader.KermetaUnit.loadAllImportedUnits(KermetaUnit.java:1060)
	at fr.irisa.triskell.kermeta.loader.KermetaUnit.load(KermetaUnit.java:1037)
	at kermeta_io.constraintchecker_test.JunitTestSuite.testinvalidFile(JunitTestSuite.java:137)
	at kermeta_io.constraintchecker_test.JunitTestSuite.testinvalid_003_associations_04(JunitTestSuite.java:83)
	at sun.reflect.NativeMethodAccessorImpl.invoke0(Native Method)
	at sun.reflect.NativeMethodAccessorImpl.invoke(NativeMethodAccessorImpl.java:39)
	at sun.reflect.DelegatingMethodAccessorImpl.invoke(DelegatingMethodAccessorImpl.java:25)
	at java.lang.reflect.Method.invoke(Method.java:324)
	at junit.framework.TestCase.runTest(TestCase.java:154)
	at junit.framework.TestCase.runBare(TestCase.java:127)
	at junit.framework.TestResult$1.protect(TestResult.java:106)
	at junit.framework.TestResult.runProtected(TestResult.java:124)
	at junit.framework.TestResult.run(TestResult.java:109)
	at junit.framework.TestCase.run(TestCase.java:118)
	at junit.framework.TestSuite.runTest(TestSuite.java:208)
	at junit.framework.TestSuite.run(TestSuite.java:203)
	at org.apache.tools.ant.taskdefs.optional.junit.JUnitTestRunner.run(JUnitTestRunner.java:325)
	at org.apache.tools.ant.taskdefs.optional.junit.JUnitTask.executeInVM(JUnitTask.java:848)
	at org.apache.tools.ant.taskdefs.optional.junit.JUnitTask.execute(JUnitTask.java:556)
	at org.apache.tools.ant.taskdefs.optional.junit.JUnitTask.execute(JUnitTask.java:532)
	at org.apache.tools.ant.Task.perform(Task.java:341)
	at org.apache.tools.ant.Target.execute(Target.java:309)
	at org.apache.tools.ant.Target.performTasks(Target.java:336)
	at org.apache.tools.ant.Project.executeTarget(Project.java:1339)
	at org.apache.tools.ant.Project.executeTargets(Project.java:1255)
	at org.apache.tools.ant.Main.runBuild(Main.java:609)
	at org.apache.tools.ant.Main.start(Main.java:196)
	at org.apache.tools.ant.Main.main(Main.java:235)
ERROR  load, Unexpected load error
java.lang.NoClassDefFoundError: fr/irisa/triskell/kermeta/parser/KermetaParserTokenTypes
	at java.lang.ClassLoader.defineClass0(Native Method)
	at java.lang.ClassLoader.defineClass(ClassLoader.java:539)
	at sun.reflect.GeneratedMethodAccessor4.invoke(Unknown Source)
	at sun.reflect.DelegatingMethodAccessorImpl.invoke(DelegatingMethodAccessorImpl.java:25)
	at java.lang.reflect.Method.invoke(Method.java:324)
	at org.apache.tools.ant.AntClassLoader.getClassFromStream(AntClassLoader.java:1002)
	at org.apache.tools.ant.AntClassLoader.findClassInComponents(AntClassLoader.java:1064)
	at org.apache.tools.ant.AntClassLoader.findClass(AntClassLoader.java:1036)
	at org.apache.tools.ant.AntClassLoader.loadClass(AntClassLoader.java:931)
	at java.lang.ClassLoader.loadClass(ClassLoader.java:235)
	at java.lang.ClassLoader.loadClassInternal(ClassLoader.java:302)
	at fr.irisa.triskell.kermeta.loader.kmt.KMTUnit.parse(KMTUnit.java:69)
	at fr.irisa.triskell.kermeta.loader.kmt.KMTUnit.preLoad(KMTUnit.java:111)
	at fr.irisa.triskell.kermeta.loader.KermetaUnit.loadAllImportedUnits(KermetaUnit.java:1060)
	at fr.irisa.triskell.kermeta.loader.KermetaUnit.load(KermetaUnit.java:1037)
	at kermeta_io.constraintchecker_test.JunitTestSuite.testinvalidFile(JunitTestSuite.java:137)
	at kermeta_io.constraintchecker_test.JunitTestSuite.testinvalid_003_associations_05(JunitTestSuite.java:87)
	at sun.reflect.NativeMethodAccessorImpl.invoke0(Native Method)
	at sun.reflect.NativeMethodAccessorImpl.invoke(NativeMethodAccessorImpl.java:39)
	at sun.reflect.DelegatingMethodAccessorImpl.invoke(DelegatingMethodAccessorImpl.java:25)
	at java.lang.reflect.Method.invoke(Method.java:324)
	at junit.framework.TestCase.runTest(TestCase.java:154)
	at junit.framework.TestCase.runBare(TestCase.java:127)
	at junit.framework.TestResult$1.protect(TestResult.java:106)
	at junit.framework.TestResult.runProtected(TestResult.java:124)
	at junit.framework.TestResult.run(TestResult.java:109)
	at junit.framework.TestCase.run(TestCase.java:118)
	at junit.framework.TestSuite.runTest(TestSuite.java:208)
	at junit.framework.TestSuite.run(TestSuite.java:203)
	at org.apache.tools.ant.taskdefs.optional.junit.JUnitTestRunner.run(JUnitTestRunner.java:325)
	at org.apache.tools.ant.taskdefs.optional.junit.JUnitTask.executeInVM(JUnitTask.java:848)
	at org.apache.tools.ant.taskdefs.optional.junit.JUnitTask.execute(JUnitTask.java:556)
	at org.apache.tools.ant.taskdefs.optional.junit.JUnitTask.execute(JUnitTask.java:532)
	at org.apache.tools.ant.Task.perform(Task.java:341)
	at org.apache.tools.ant.Target.execute(Target.java:309)
	at org.apache.tools.ant.Target.performTasks(Target.java:336)
	at org.apache.tools.ant.Project.executeTarget(Project.java:1339)
	at org.apache.tools.ant.Project.executeTargets(Project.java:1255)
	at org.apache.tools.ant.Main.runBuild(Main.java:609)
	at org.apache.tools.ant.Main.start(Main.java:196)
	at org.apache.tools.ant.Main.main(Main.java:235)
10573 [main] ERROR KermetaUnit  - Unexpected load error
java.lang.NoClassDefFoundError: fr/irisa/triskell/kermeta/parser/KermetaParserTokenTypes
	at java.lang.ClassLoader.defineClass0(Native Method)
	at java.lang.ClassLoader.defineClass(ClassLoader.java:539)
	at sun.reflect.GeneratedMethodAccessor4.invoke(Unknown Source)
	at sun.reflect.DelegatingMethodAccessorImpl.invoke(DelegatingMethodAccessorImpl.java:25)
	at java.lang.reflect.Method.invoke(Method.java:324)
	at org.apache.tools.ant.AntClassLoader.getClassFromStream(AntClassLoader.java:1002)
	at org.apache.tools.ant.AntClassLoader.findClassInComponents(AntClassLoader.java:1064)
	at org.apache.tools.ant.AntClassLoader.findClass(AntClassLoader.java:1036)
	at org.apache.tools.ant.AntClassLoader.loadClass(AntClassLoader.java:931)
	at java.lang.ClassLoader.loadClass(ClassLoader.java:235)
	at java.lang.ClassLoader.loadClassInternal(ClassLoader.java:302)
	at fr.irisa.triskell.kermeta.loader.kmt.KMTUnit.parse(KMTUnit.java:69)
	at fr.irisa.triskell.kermeta.loader.kmt.KMTUnit.preLoad(KMTUnit.java:111)
	at fr.irisa.triskell.kermeta.loader.KermetaUnit.loadAllImportedUnits(KermetaUnit.java:1060)
	at fr.irisa.triskell.kermeta.loader.KermetaUnit.load(KermetaUnit.java:1037)
	at kermeta_io.constraintchecker_test.JunitTestSuite.testinvalidFile(JunitTestSuite.java:137)
	at kermeta_io.constraintchecker_test.JunitTestSuite.testinvalid_003_associations_05(JunitTestSuite.java:87)
	at sun.reflect.NativeMethodAccessorImpl.invoke0(Native Method)
	at sun.reflect.NativeMethodAccessorImpl.invoke(NativeMethodAccessorImpl.java:39)
	at sun.reflect.DelegatingMethodAccessorImpl.invoke(DelegatingMethodAccessorImpl.java:25)
	at java.lang.reflect.Method.invoke(Method.java:324)
	at junit.framework.TestCase.runTest(TestCase.java:154)
	at junit.framework.TestCase.runBare(TestCase.java:127)
	at junit.framework.TestResult$1.protect(TestResult.java:106)
	at junit.framework.TestResult.runProtected(TestResult.java:124)
	at junit.framework.TestResult.run(TestResult.java:109)
	at junit.framework.TestCase.run(TestCase.java:118)
	at junit.framework.TestSuite.runTest(TestSuite.java:208)
	at junit.framework.TestSuite.run(TestSuite.java:203)
	at org.apache.tools.ant.taskdefs.optional.junit.JUnitTestRunner.run(JUnitTestRunner.java:325)
	at org.apache.tools.ant.taskdefs.optional.junit.JUnitTask.executeInVM(JUnitTask.java:848)
	at org.apache.tools.ant.taskdefs.optional.junit.JUnitTask.execute(JUnitTask.java:556)
	at org.apache.tools.ant.taskdefs.optional.junit.JUnitTask.execute(JUnitTask.java:532)
	at org.apache.tools.ant.Task.perform(Task.java:341)
	at org.apache.tools.ant.Target.execute(Target.java:309)
	at org.apache.tools.ant.Target.performTasks(Target.java:336)
	at org.apache.tools.ant.Project.executeTarget(Project.java:1339)
	at org.apache.tools.ant.Project.executeTargets(Project.java:1255)
	at org.apache.tools.ant.Main.runBuild(Main.java:609)
	at org.apache.tools.ant.Main.start(Main.java:196)
	at org.apache.tools.ant.Main.main(Main.java:235)
ERROR  load, Unexpected load error
java.lang.NoClassDefFoundError: fr/irisa/triskell/kermeta/parser/KermetaParserTokenTypes
	at java.lang.ClassLoader.defineClass0(Native Method)
	at java.lang.ClassLoader.defineClass(ClassLoader.java:539)
	at sun.reflect.GeneratedMethodAccessor4.invoke(Unknown Source)
	at sun.reflect.DelegatingMethodAccessorImpl.invoke(DelegatingMethodAccessorImpl.java:25)
	at java.lang.reflect.Method.invoke(Method.java:324)
	at org.apache.tools.ant.AntClassLoader.getClassFromStream(AntClassLoader.java:1002)
	at org.apache.tools.ant.AntClassLoader.findClassInComponents(AntClassLoader.java:1064)
	at org.apache.tools.ant.AntClassLoader.findClass(AntClassLoader.java:1036)
	at org.apache.tools.ant.AntClassLoader.loadClass(AntClassLoader.java:931)
	at java.lang.ClassLoader.loadClass(ClassLoader.java:235)
	at java.lang.ClassLoader.loadClassInternal(ClassLoader.java:302)
	at fr.irisa.triskell.kermeta.loader.kmt.KMTUnit.parse(KMTUnit.java:69)
	at fr.irisa.triskell.kermeta.loader.kmt.KMTUnit.preLoad(KMTUnit.java:111)
	at fr.irisa.triskell.kermeta.loader.KermetaUnit.loadAllImportedUnits(KermetaUnit.java:1060)
	at fr.irisa.triskell.kermeta.loader.KermetaUnit.load(KermetaUnit.java:1037)
	at kermeta_io.constraintchecker_test.JunitTestSuite.testinvalidFile(JunitTestSuite.java:137)
	at kermeta_io.constraintchecker_test.JunitTestSuite.testinvalid_004_cyclicCompositions_01(JunitTestSuite.java:91)
	at sun.reflect.NativeMethodAccessorImpl.invoke0(Native Method)
	at sun.reflect.NativeMethodAccessorImpl.invoke(NativeMethodAccessorImpl.java:39)
	at sun.reflect.DelegatingMethodAccessorImpl.invoke(DelegatingMethodAccessorImpl.java:25)
	at java.lang.reflect.Method.invoke(Method.java:324)
	at junit.framework.TestCase.runTest(TestCase.java:154)
	at junit.framework.TestCase.runBare(TestCase.java:127)
	at junit.framework.TestResult$1.protect(TestResult.java:106)
	at junit.framework.TestResult.runProtected(TestResult.java:124)
	at junit.framework.TestResult.run(TestResult.java:109)
	at junit.framework.TestCase.run(TestCase.java:118)
	at junit.framework.TestSuite.runTest(TestSuite.java:208)
	at junit.framework.TestSuite.run(TestSuite.java:203)
	at org.apache.tools.ant.taskdefs.optional.junit.JUnitTestRunner.run(JUnitTestRunner.java:325)
	at org.apache.tools.ant.taskdefs.optional.junit.JUnitTask.executeInVM(JUnitTask.java:848)
	at org.apache.tools.ant.taskdefs.optional.junit.JUnitTask.execute(JUnitTask.java:556)
	at org.apache.tools.ant.taskdefs.optional.junit.JUnitTask.execute(JUnitTask.java:532)
	at org.apache.tools.ant.Task.perform(Task.java:341)
	at org.apache.tools.ant.Target.execute(Target.java:309)
	at org.apache.tools.ant.Target.performTasks(Target.java:336)
	at org.apache.tools.ant.Project.executeTarget(Project.java:1339)
	at org.apache.tools.ant.Project.executeTargets(Project.java:1255)
	at org.apache.tools.ant.Main.runBuild(Main.java:609)
	at org.apache.tools.ant.Main.start(Main.java:196)
	at org.apache.tools.ant.Main.main(Main.java:235)
11534 [main] ERROR KermetaUnit  - Unexpected load error
java.lang.NoClassDefFoundError: fr/irisa/triskell/kermeta/parser/KermetaParserTokenTypes
	at java.lang.ClassLoader.defineClass0(Native Method)
	at java.lang.ClassLoader.defineClass(ClassLoader.java:539)
	at sun.reflect.GeneratedMethodAccessor4.invoke(Unknown Source)
	at sun.reflect.DelegatingMethodAccessorImpl.invoke(DelegatingMethodAccessorImpl.java:25)
	at java.lang.reflect.Method.invoke(Method.java:324)
	at org.apache.tools.ant.AntClassLoader.getClassFromStream(AntClassLoader.java:1002)
	at org.apache.tools.ant.AntClassLoader.findClassInComponents(AntClassLoader.java:1064)
	at org.apache.tools.ant.AntClassLoader.findClass(AntClassLoader.java:1036)
	at org.apache.tools.ant.AntClassLoader.loadClass(AntClassLoader.java:931)
	at java.lang.ClassLoader.loadClass(ClassLoader.java:235)
	at java.lang.ClassLoader.loadClassInternal(ClassLoader.java:302)
	at fr.irisa.triskell.kermeta.loader.kmt.KMTUnit.parse(KMTUnit.java:69)
	at fr.irisa.triskell.kermeta.loader.kmt.KMTUnit.preLoad(KMTUnit.java:111)
	at fr.irisa.triskell.kermeta.loader.KermetaUnit.loadAllImportedUnits(KermetaUnit.java:1060)
	at fr.irisa.triskell.kermeta.loader.KermetaUnit.load(KermetaUnit.java:1037)
	at kermeta_io.constraintchecker_test.JunitTestSuite.testinvalidFile(JunitTestSuite.java:137)
	at kermeta_io.constraintchecker_test.JunitTestSuite.testinvalid_004_cyclicCompositions_01(JunitTestSuite.java:91)
	at sun.reflect.NativeMethodAccessorImpl.invoke0(Native Method)
	at sun.reflect.NativeMethodAccessorImpl.invoke(NativeMethodAccessorImpl.java:39)
	at sun.reflect.DelegatingMethodAccessorImpl.invoke(DelegatingMethodAccessorImpl.java:25)
	at java.lang.reflect.Method.invoke(Method.java:324)
	at junit.framework.TestCase.runTest(TestCase.java:154)
	at junit.framework.TestCase.runBare(TestCase.java:127)
	at junit.framework.TestResult$1.protect(TestResult.java:106)
	at junit.framework.TestResult.runProtected(TestResult.java:124)
	at junit.framework.TestResult.run(TestResult.java:109)
	at junit.framework.TestCase.run(TestCase.java:118)
	at junit.framework.TestSuite.runTest(TestSuite.java:208)
	at junit.framework.TestSuite.run(TestSuite.java:203)
	at org.apache.tools.ant.taskdefs.optional.junit.JUnitTestRunner.run(JUnitTestRunner.java:325)
	at org.apache.tools.ant.taskdefs.optional.junit.JUnitTask.executeInVM(JUnitTask.java:848)
	at org.apache.tools.ant.taskdefs.optional.junit.JUnitTask.execute(JUnitTask.java:556)
	at org.apache.tools.ant.taskdefs.optional.junit.JUnitTask.execute(JUnitTask.java:532)
	at org.apache.tools.ant.Task.perform(Task.java:341)
	at org.apache.tools.ant.Target.execute(Target.java:309)
	at org.apache.tools.ant.Target.performTasks(Target.java:336)
	at org.apache.tools.ant.Project.executeTarget(Project.java:1339)
	at org.apache.tools.ant.Project.executeTargets(Project.java:1255)
	at org.apache.tools.ant.Main.runBuild(Main.java:609)
	at org.apache.tools.ant.Main.start(Main.java:196)
	at org.apache.tools.ant.Main.main(Main.java:235)
ERROR  load, Unexpected load error
java.lang.NoClassDefFoundError: fr/irisa/triskell/kermeta/parser/KermetaParserTokenTypes
	at java.lang.ClassLoader.defineClass0(Native Method)
	at java.lang.ClassLoader.defineClass(ClassLoader.java:539)
	at sun.reflect.GeneratedMethodAccessor4.invoke(Unknown Source)
	at sun.reflect.DelegatingMethodAccessorImpl.invoke(DelegatingMethodAccessorImpl.java:25)
	at java.lang.reflect.Method.invoke(Method.java:324)
	at org.apache.tools.ant.AntClassLoader.getClassFromStream(AntClassLoader.java:1002)
	at org.apache.tools.ant.AntClassLoader.findClassInComponents(AntClassLoader.java:1064)
	at org.apache.tools.ant.AntClassLoader.findClass(AntClassLoader.java:1036)
	at org.apache.tools.ant.AntClassLoader.loadClass(AntClassLoader.java:931)
	at java.lang.ClassLoader.loadClass(ClassLoader.java:235)
	at java.lang.ClassLoader.loadClassInternal(ClassLoader.java:302)
	at fr.irisa.triskell.kermeta.loader.kmt.KMTUnit.parse(KMTUnit.java:69)
	at fr.irisa.triskell.kermeta.loader.kmt.KMTUnit.preLoad(KMTUnit.java:111)
	at fr.irisa.triskell.kermeta.loader.KermetaUnit.loadAllImportedUnits(KermetaUnit.java:1060)
	at fr.irisa.triskell.kermeta.loader.KermetaUnit.load(KermetaUnit.java:1037)
	at kermeta_io.constraintchecker_test.JunitTestSuite.testinvalidFile(JunitTestSuite.java:137)
	at kermeta_io.constraintchecker_test.JunitTestSuite.testinvalid_004_cyclicCompositions_02(JunitTestSuite.java:95)
	at sun.reflect.NativeMethodAccessorImpl.invoke0(Native Method)
	at sun.reflect.NativeMethodAccessorImpl.invoke(NativeMethodAccessorImpl.java:39)
	at sun.reflect.DelegatingMethodAccessorImpl.invoke(DelegatingMethodAccessorImpl.java:25)
	at java.lang.reflect.Method.invoke(Method.java:324)
	at junit.framework.TestCase.runTest(TestCase.java:154)
	at junit.framework.TestCase.runBare(TestCase.java:127)
	at junit.framework.TestResult$1.protect(TestResult.java:106)
	at junit.framework.TestResult.runProtected(TestResult.java:124)
	at junit.framework.TestResult.run(TestResult.java:109)
	at junit.framework.TestCase.run(TestCase.java:118)
	at junit.framework.TestSuite.runTest(TestSuite.java:208)
	at junit.framework.TestSuite.run(TestSuite.java:203)
	at org.apache.tools.ant.taskdefs.optional.junit.JUnitTestRunner.run(JUnitTestRunner.java:325)
	at org.apache.tools.ant.taskdefs.optional.junit.JUnitTask.executeInVM(JUnitTask.java:848)
	at org.apache.tools.ant.taskdefs.optional.junit.JUnitTask.execute(JUnitTask.java:556)
	at org.apache.tools.ant.taskdefs.optional.junit.JUnitTask.execute(JUnitTask.java:532)
	at org.apache.tools.ant.Task.perform(Task.java:341)
	at org.apache.tools.ant.Target.execute(Target.java:309)
	at org.apache.tools.ant.Target.performTasks(Target.java:336)
	at org.apache.tools.ant.Project.executeTarget(Project.java:1339)
	at org.apache.tools.ant.Project.executeTargets(Project.java:1255)
	at org.apache.tools.ant.Main.runBuild(Main.java:609)
	at org.apache.tools.ant.Main.start(Main.java:196)
	at org.apache.tools.ant.Main.main(Main.java:235)
12494 [main] ERROR KermetaUnit  - Unexpected load error
java.lang.NoClassDefFoundError: fr/irisa/triskell/kermeta/parser/KermetaParserTokenTypes
	at java.lang.ClassLoader.defineClass0(Native Method)
	at java.lang.ClassLoader.defineClass(ClassLoader.java:539)
	at sun.reflect.GeneratedMethodAccessor4.invoke(Unknown Source)
	at sun.reflect.DelegatingMethodAccessorImpl.invoke(DelegatingMethodAccessorImpl.java:25)
	at java.lang.reflect.Method.invoke(Method.java:324)
	at org.apache.tools.ant.AntClassLoader.getClassFromStream(AntClassLoader.java:1002)
	at org.apache.tools.ant.AntClassLoader.findClassInComponents(AntClassLoader.java:1064)
	at org.apache.tools.ant.AntClassLoader.findClass(AntClassLoader.java:1036)
	at org.apache.tools.ant.AntClassLoader.loadClass(AntClassLoader.java:931)
	at java.lang.ClassLoader.loadClass(ClassLoader.java:235)
	at java.lang.ClassLoader.loadClassInternal(ClassLoader.java:302)
	at fr.irisa.triskell.kermeta.loader.kmt.KMTUnit.parse(KMTUnit.java:69)
	at fr.irisa.triskell.kermeta.loader.kmt.KMTUnit.preLoad(KMTUnit.java:111)
	at fr.irisa.triskell.kermeta.loader.KermetaUnit.loadAllImportedUnits(KermetaUnit.java:1060)
	at fr.irisa.triskell.kermeta.loader.KermetaUnit.load(KermetaUnit.java:1037)
	at kermeta_io.constraintchecker_test.JunitTestSuite.testinvalidFile(JunitTestSuite.java:137)
	at kermeta_io.constraintchecker_test.JunitTestSuite.testinvalid_004_cyclicCompositions_02(JunitTestSuite.java:95)
	at sun.reflect.NativeMethodAccessorImpl.invoke0(Native Method)
	at sun.reflect.NativeMethodAccessorImpl.invoke(NativeMethodAccessorImpl.java:39)
	at sun.reflect.DelegatingMethodAccessorImpl.invoke(DelegatingMethodAccessorImpl.java:25)
	at java.lang.reflect.Method.invoke(Method.java:324)
	at junit.framework.TestCase.runTest(TestCase.java:154)
	at junit.framework.TestCase.runBare(TestCase.java:127)
	at junit.framework.TestResult$1.protect(TestResult.java:106)
	at junit.framework.TestResult.runProtected(TestResult.java:124)
	at junit.framework.TestResult.run(TestResult.java:109)
	at junit.framework.TestCase.run(TestCase.java:118)
	at junit.framework.TestSuite.runTest(TestSuite.java:208)
	at junit.framework.TestSuite.run(TestSuite.java:203)
	at org.apache.tools.ant.taskdefs.optional.junit.JUnitTestRunner.run(JUnitTestRunner.java:325)
	at org.apache.tools.ant.taskdefs.optional.junit.JUnitTask.executeInVM(JUnitTask.java:848)
	at org.apache.tools.ant.taskdefs.optional.junit.JUnitTask.execute(JUnitTask.java:556)
	at org.apache.tools.ant.taskdefs.optional.junit.JUnitTask.execute(JUnitTask.java:532)
	at org.apache.tools.ant.Task.perform(Task.java:341)
	at org.apache.tools.ant.Target.execute(Target.java:309)
	at org.apache.tools.ant.Target.performTasks(Target.java:336)
	at org.apache.tools.ant.Project.executeTarget(Project.java:1339)
	at org.apache.tools.ant.Project.executeTargets(Project.java:1255)
	at org.apache.tools.ant.Main.runBuild(Main.java:609)
	at org.apache.tools.ant.Main.start(Main.java:196)
	at org.apache.tools.ant.Main.main(Main.java:235)
------------- ---------------- ---------------

Testcase: testvalid_003_associations took 2.213 sec
	FAILED
INTERNAL ERROR : fr/irisa/triskell/kermeta/parser/KermetaParserTokenTypes
->   file:/tmp/kermeta_build/kermeta_projects/fr.irisa.triskell.kermeta.io/test/constraintchecker_tests/valid/003_associations.kmt

junit.framework.AssertionFailedError: INTERNAL ERROR : fr/irisa/triskell/kermeta/parser/KermetaParserTokenTypes
->   file:/tmp/kermeta_build/kermeta_projects/fr.irisa.triskell.kermeta.io/test/constraintchecker_tests/valid/003_associations.kmt

	at kermeta_io.constraintchecker_test.JunitTestSuite.testvalidFile(JunitTestSuite.java:115)
	at kermeta_io.constraintchecker_test.JunitTestSuite.testvalid_003_associations(JunitTestSuite.java:55)
	at sun.reflect.NativeMethodAccessorImpl.invoke0(Native Method)
	at sun.reflect.NativeMethodAccessorImpl.invoke(NativeMethodAccessorImpl.java:39)
	at sun.reflect.DelegatingMethodAccessorImpl.invoke(DelegatingMethodAccessorImpl.java:25)

Testcase: testvalid_003_associationsTestcase: testinvalid_001_cyclicinheritance_01 took 1.301 sec
	FAILED
INTERNAL ERROR : fr/irisa/triskell/kermeta/parser/KermetaParserTokenTypes
->   file:/tmp/kermeta_build/kermeta_projects/fr.irisa.triskell.kermeta.io/test/constraintchecker_tests/invalid/001_cyclicinheritance_01.kmt

junit.framework.AssertionFailedError: INTERNAL ERROR : fr/irisa/triskell/kermeta/parser/KermetaParserTokenTypes
->   file:/tmp/kermeta_build/kermeta_projects/fr.irisa.triskell.kermeta.io/test/constraintchecker_tests/invalid/001_cyclicinheritance_01.kmt

	at kermeta_io.constraintchecker_test.JunitTestSuite.testinvalidFile(JunitTestSuite.java:141)
	at kermeta_io.constraintchecker_test.JunitTestSuite.testinvalid_001_cyclicinheritance_01(JunitTestSuite.java:59)
	at sun.reflect.NativeMethodAccessorImpl.invoke0(Native Method)
	at sun.reflect.NativeMethodAccessorImpl.invoke(NativeMethodAccessorImpl.java:39)
	at sun.reflect.DelegatingMethodAccessorImpl.invoke(DelegatingMethodAccessorImpl.java:25)

Testcase: testinvalid_001_cyclicinheritance_01Testcase: testinvalid_001_cyclicinheritance_02 took 0.996 sec
	FAILED
INTERNAL ERROR : fr/irisa/triskell/kermeta/parser/KermetaParserTokenTypes
->   file:/tmp/kermeta_build/kermeta_projects/fr.irisa.triskell.kermeta.io/test/constraintchecker_tests/invalid/001_cyclicinheritance_02.kmt

junit.framework.AssertionFailedError: INTERNAL ERROR : fr/irisa/triskell/kermeta/parser/KermetaParserTokenTypes
->   file:/tmp/kermeta_build/kermeta_projects/fr.irisa.triskell.kermeta.io/test/constraintchecker_tests/invalid/001_cyclicinheritance_02.kmt

	at kermeta_io.constraintchecker_test.JunitTestSuite.testinvalidFile(JunitTestSuite.java:141)
	at kermeta_io.constraintchecker_test.JunitTestSuite.testinvalid_001_cyclicinheritance_02(JunitTestSuite.java:63)
	at sun.reflect.NativeMethodAccessorImpl.invoke0(Native Method)
	at sun.reflect.NativeMethodAccessorImpl.invoke(NativeMethodAccessorImpl.java:39)
	at sun.reflect.DelegatingMethodAccessorImpl.invoke(DelegatingMethodAccessorImpl.java:25)

Testcase: testinvalid_001_cyclicinheritance_02Testcase: testinvalid_001_cyclicinheritance_03 took 0.977 sec
	FAILED
INTERNAL ERROR : fr/irisa/triskell/kermeta/parser/KermetaParserTokenTypes
->   file:/tmp/kermeta_build/kermeta_projects/fr.irisa.triskell.kermeta.io/test/constraintchecker_tests/invalid/001_cyclicinheritance_03.kmt

junit.framework.AssertionFailedError: INTERNAL ERROR : fr/irisa/triskell/kermeta/parser/KermetaParserTokenTypes
->   file:/tmp/kermeta_build/kermeta_projects/fr.irisa.triskell.kermeta.io/test/constraintchecker_tests/invalid/001_cyclicinheritance_03.kmt

	at kermeta_io.constraintchecker_test.JunitTestSuite.testinvalidFile(JunitTestSuite.java:141)
	at kermeta_io.constraintchecker_test.JunitTestSuite.testinvalid_001_cyclicinheritance_03(JunitTestSuite.java:67)
	at sun.reflect.NativeMethodAccessorImpl.invoke0(Native Method)
	at sun.reflect.NativeMethodAccessorImpl.invoke(NativeMethodAccessorImpl.java:39)
	at sun.reflect.DelegatingMethodAccessorImpl.invoke(DelegatingMethodAccessorImpl.java:25)

Testcase: testinvalid_001_cyclicinheritance_03Testcase: testinvalid_003_associations_01 took 0.962 sec
	FAILED
INTERNAL ERROR : fr/irisa/triskell/kermeta/parser/KermetaParserTokenTypes
->   file:/tmp/kermeta_build/kermeta_projects/fr.irisa.triskell.kermeta.io/test/constraintchecker_tests/invalid/003_associations_01.kmt

junit.framework.AssertionFailedError: INTERNAL ERROR : fr/irisa/triskell/kermeta/parser/KermetaParserTokenTypes
->   file:/tmp/kermeta_build/kermeta_projects/fr.irisa.triskell.kermeta.io/test/constraintchecker_tests/invalid/003_associations_01.kmt

	at kermeta_io.constraintchecker_test.JunitTestSuite.testinvalidFile(JunitTestSuite.java:141)
	at kermeta_io.constraintchecker_test.JunitTestSuite.testinvalid_003_associations_01(JunitTestSuite.java:71)
	at sun.reflect.NativeMethodAccessorImpl.invoke0(Native Method)
	at sun.reflect.NativeMethodAccessorImpl.invoke(NativeMethodAccessorImpl.java:39)
	at sun.reflect.DelegatingMethodAccessorImpl.invoke(DelegatingMethodAccessorImpl.java:25)

Testcase: testinvalid_003_associations_01Testcase: testinvalid_003_associations_02 took 0.949 sec
	FAILED
INTERNAL ERROR : fr/irisa/triskell/kermeta/parser/KermetaParserTokenTypes
->   file:/tmp/kermeta_build/kermeta_projects/fr.irisa.triskell.kermeta.io/test/constraintchecker_tests/invalid/003_associations_02.kmt

junit.framework.AssertionFailedError: INTERNAL ERROR : fr/irisa/triskell/kermeta/parser/KermetaParserTokenTypes
->   file:/tmp/kermeta_build/kermeta_projects/fr.irisa.triskell.kermeta.io/test/constraintchecker_tests/invalid/003_associations_02.kmt

	at kermeta_io.constraintchecker_test.JunitTestSuite.testinvalidFile(JunitTestSuite.java:141)
	at kermeta_io.constraintchecker_test.JunitTestSuite.testinvalid_003_associations_02(JunitTestSuite.java:75)
	at sun.reflect.NativeMethodAccessorImpl.invoke0(Native Method)
	at sun.reflect.NativeMethodAccessorImpl.invoke(NativeMethodAccessorImpl.java:39)
	at sun.reflect.DelegatingMethodAccessorImpl.invoke(DelegatingMethodAccessorImpl.java:25)

Testcase: testinvalid_003_associations_02Testcase: testinvalid_003_associations_03 took 0.966 sec
	FAILED
INTERNAL ERROR : fr/irisa/triskell/kermeta/parser/KermetaParserTokenTypes
->   file:/tmp/kermeta_build/kermeta_projects/fr.irisa.triskell.kermeta.io/test/constraintchecker_tests/invalid/003_associations_03.kmt

junit.framework.AssertionFailedError: INTERNAL ERROR : fr/irisa/triskell/kermeta/parser/KermetaParserTokenTypes
->   file:/tmp/kermeta_build/kermeta_projects/fr.irisa.triskell.kermeta.io/test/constraintchecker_tests/invalid/003_associations_03.kmt

	at kermeta_io.constraintchecker_test.JunitTestSuite.testinvalidFile(JunitTestSuite.java:141)
	at kermeta_io.constraintchecker_test.JunitTestSuite.testinvalid_003_associations_03(JunitTestSuite.java:79)
	at sun.reflect.NativeMethodAccessorImpl.invoke0(Native Method)
	at sun.reflect.NativeMethodAccessorImpl.invoke(NativeMethodAccessorImpl.java:39)
	at sun.reflect.DelegatingMethodAccessorImpl.invoke(DelegatingMethodAccessorImpl.java:25)

Testcase: testinvalid_003_associations_03Testcase: testinvalid_003_associations_04 took 1.211 sec
	FAILED
INTERNAL ERROR : fr/irisa/triskell/kermeta/parser/KermetaParserTokenTypes
->   file:/tmp/kermeta_build/kermeta_projects/fr.irisa.triskell.kermeta.io/test/constraintchecker_tests/invalid/003_associations_04.kmt

junit.framework.AssertionFailedError: INTERNAL ERROR : fr/irisa/triskell/kermeta/parser/KermetaParserTokenTypes
->   file:/tmp/kermeta_build/kermeta_projects/fr.irisa.triskell.kermeta.io/test/constraintchecker_tests/invalid/003_associations_04.kmt

	at kermeta_io.constraintchecker_test.JunitTestSuite.testinvalidFile(JunitTestSuite.java:141)
	at kermeta_io.constraintchecker_test.JunitTestSuite.testinvalid_003_associations_04(JunitTestSuite.java:83)
	at sun.reflect.NativeMethodAccessorImpl.invoke0(Native Method)
	at sun.reflect.NativeMethodAccessorImpl.invoke(NativeMethodAccessorImpl.java:39)
	at sun.reflect.DelegatingMethodAccessorImpl.invoke(DelegatingMethodAccessorImpl.java:25)

Testcase: testinvalid_003_associations_04Testcase: testinvalid_003_associations_05 took 0.962 sec
	FAILED
INTERNAL ERROR : fr/irisa/triskell/kermeta/parser/KermetaParserTokenTypes
->   file:/tmp/kermeta_build/kermeta_projects/fr.irisa.triskell.kermeta.io/test/constraintchecker_tests/invalid/003_associations_05.kmt

junit.framework.AssertionFailedError: INTERNAL ERROR : fr/irisa/triskell/kermeta/parser/KermetaParserTokenTypes
->   file:/tmp/kermeta_build/kermeta_projects/fr.irisa.triskell.kermeta.io/test/constraintchecker_tests/invalid/003_associations_05.kmt

	at kermeta_io.constraintchecker_test.JunitTestSuite.testinvalidFile(JunitTestSuite.java:141)
	at kermeta_io.constraintchecker_test.JunitTestSuite.testinvalid_003_associations_05(JunitTestSuite.java:87)
	at sun.reflect.NativeMethodAccessorImpl.invoke0(Native Method)
	at sun.reflect.NativeMethodAccessorImpl.invoke(NativeMethodAccessorImpl.java:39)
	at sun.reflect.DelegatingMethodAccessorImpl.invoke(DelegatingMethodAccessorImpl.java:25)

Testcase: testinvalid_003_associations_05Testcase: testinvalid_004_cyclicCompositions_01 took 0.959 sec
	FAILED
INTERNAL ERROR : fr/irisa/triskell/kermeta/parser/KermetaParserTokenTypes
->   file:/tmp/kermeta_build/kermeta_projects/fr.irisa.triskell.kermeta.io/test/constraintchecker_tests/invalid/004_cyclicCompositions_01.kmt

junit.framework.AssertionFailedError: INTERNAL ERROR : fr/irisa/triskell/kermeta/parser/KermetaParserTokenTypes
->   file:/tmp/kermeta_build/kermeta_projects/fr.irisa.triskell.kermeta.io/test/constraintchecker_tests/invalid/004_cyclicCompositions_01.kmt

	at kermeta_io.constraintchecker_test.JunitTestSuite.testinvalidFile(JunitTestSuite.java:141)
	at kermeta_io.constraintchecker_test.JunitTestSuite.testinvalid_004_cyclicCompositions_01(JunitTestSuite.java:91)
	at sun.reflect.NativeMethodAccessorImpl.invoke0(Native Method)
	at sun.reflect.NativeMethodAccessorImpl.invoke(NativeMethodAccessorImpl.java:39)
	at sun.reflect.DelegatingMethodAccessorImpl.invoke(DelegatingMethodAccessorImpl.java:25)

Testcase: testinvalid_004_cyclicCompositions_01Testcase: testinvalid_004_cyclicCompositions_02 took 0.958 sec
	FAILED
INTERNAL ERROR : fr/irisa/triskell/kermeta/parser/KermetaParserTokenTypes
->   file:/tmp/kermeta_build/kermeta_projects/fr.irisa.triskell.kermeta.io/test/constraintchecker_tests/invalid/004_cyclicCompositions_02.kmt

junit.framework.AssertionFailedError: INTERNAL ERROR : fr/irisa/triskell/kermeta/parser/KermetaParserTokenTypes
->   file:/tmp/kermeta_build/kermeta_projects/fr.irisa.triskell.kermeta.io/test/constraintchecker_tests/invalid/004_cyclicCompositions_02.kmt

	at kermeta_io.constraintchecker_test.JunitTestSuite.testinvalidFile(JunitTestSuite.java:141)
	at kermeta_io.constraintchecker_test.JunitTestSuite.testinvalid_004_cyclicCompositions_02(JunitTestSuite.java:95)
	at sun.reflect.NativeMethodAccessorImpl.invoke0(Native Method)
	at sun.reflect.NativeMethodAccessorImpl.invoke(NativeMethodAccessorImpl.java:39)
	at sun.reflect.DelegatingMethodAccessorImpl.invoke(DelegatingMethodAccessorImpl.java:25)

Testcase: testinvalid_004_cyclicCompositions_02