<?xml version="1.0" encoding="UTF-8" ?>
<testsuites>
  <testsuite errors="3" failures="0" name="JunitTestSuite" package="kermeta_interpreter.jar_test" tests="3" time="1.024">
  
    <properties>
[...]
</properties>

      <testcase name="testRequireJavaRT::testRequireJava.testmain" time="0.911">
    
      <error message="kermeta exception : [kermeta::exceptions::RuntimeError : 966]" type="fr.irisa.triskell.kermeta.interpreter.KermetaRaisedException">fr.irisa.triskell.kermeta.interpreter.KermetaRaisedException: kermeta exception : [kermeta::exceptions::RuntimeError : 966]
Problem calling java operation or constructor initialize_File
Trace: 
  -&gt; file &apos;platform:/plugin/fr.irisa.triskell.kermeta.interpreter/test/jar_testcases/kermeta/001_requireJava_rt_io.main.kmt&apos;, line 35, in &apos;[java::io::FileWriter : 951].initialize_File&apos; ( java::io::FileWriter.new.initialize_File(f) )
 -&gt; file &apos;platform:/plugin/fr.irisa.triskell.kermeta.interpreter/test/jar_testcases/kermeta/001_requireJava_rt_io.main.kmt&apos;, line 31, in &apos;[testRequireJavaRT::testRequireJava : 934].testmain&apos; ( operation testmain() : Void is (...) )
------------END OF STACK TRACE------------

Underlying java exception cause : null
	at fr.irisa.triskell.kermeta.interpreter.KermetaRaisedException.createKermetaException(KermetaRaisedException.java:230)
	at fr.irisa.triskell.kermeta.interpreter.KermetaRaisedException.createKermetaException(KermetaRaisedException.java:252)
	at fr.irisa.triskell.kermeta.interpreter.ExpressionInterpreter.invokeOperationOnProxy(ExpressionInterpreter.java:1043)
	at fr.irisa.triskell.kermeta.interpreter.ExpressionInterpreter.visitCallFeature(ExpressionInterpreter.java:871)
	at fr.irisa.triskell.kermeta.visitor.CallFeatureAcceptCommand.accept(KermetaOptimizedVisitor.java:425)
	at fr.irisa.triskell.kermeta.visitor.KermetaOptimizedVisitor.accept(KermetaOptimizedVisitor.java:171)
	at fr.irisa.triskell.kermeta.interpreter.ExpressionInterpreter.visitVariableDecl(ExpressionInterpreter.java:171)
	at fr.irisa.triskell.kermeta.visitor.VariableDeclAcceptCommand.accept(KermetaOptimizedVisitor.java:527)
	at fr.irisa.triskell.kermeta.visitor.KermetaOptimizedVisitor.accept(KermetaOptimizedVisitor.java:171)
	at fr.irisa.triskell.kermeta.interpreter.ExpressionInterpreter.visitStatementList(ExpressionInterpreter.java:1441)
	at fr.irisa.triskell.kermeta.interpreter.ExpressionInterpreter.visitBlock(ExpressionInterpreter.java:569)
	at fr.irisa.triskell.kermeta.visitor.BlockAcceptCommand.accept(KermetaOptimizedVisitor.java:455)
	at fr.irisa.triskell.kermeta.visitor.KermetaOptimizedVisitor.accept(KermetaOptimizedVisitor.java:171)
	at fr.irisa.triskell.kermeta.interpreter.ExpressionInterpreter.visitOperation(ExpressionInterpreter.java:745)
	at fr.irisa.triskell.kermeta.visitor.OperationAcceptCommand.accept(KermetaOptimizedVisitor.java:557)
	at fr.irisa.triskell.kermeta.visitor.KermetaOptimizedVisitor.accept(KermetaOptimizedVisitor.java:171)
	at fr.irisa.triskell.kermeta.interpreter.ExpressionInterpreter.invoke(ExpressionInterpreter.java:144)
	at fr.irisa.triskell.kermeta.launcher.KermetaInterpreter.launch(KermetaInterpreter.java:279)
	at fr.irisa.triskell.kermeta.launcher.RunTestCase.runTest(RunTestCase.java:115)
Caused by: java.lang.reflect.InvocationTargetException
	at sun.reflect.NativeConstructorAccessorImpl.newInstance0(Native Method)
	at sun.reflect.NativeConstructorAccessorImpl.newInstance(NativeConstructorAccessorImpl.java:39)
	at sun.reflect.DelegatingConstructorAccessorImpl.newInstance(DelegatingConstructorAccessorImpl.java:27)
	at java.lang.reflect.Constructor.newInstance(Constructor.java:494)
	at fr.irisa.triskell.kermeta.interpreter.ExpressionInterpreter.invokeOperationOnProxy(ExpressionInterpreter.java:1004)
	... 39 more
Caused by: java.io.FileNotFoundException: c:/temp/test.txt (No such file or directory)
	at java.io.FileOutputStream.open(Native Method)
	at java.io.FileOutputStream.&lt;init&gt;(FileOutputStream.java:179)
	at java.io.FileOutputStream.&lt;init&gt;(FileOutputStream.java:131)
	at java.io.FileWriter.&lt;init&gt;(FileWriter.java:73)
	... 44 more
</error>

      </testcase>

      <testcase name="Unit platform:/plugin/fr.irisa.triskell.kermeta.interpreter/test/jar_testcases/kermeta/002_requireJava_rt_awt.main.kmt contains errors (ie. didn&apos;t load or typecheck correctly)" time="0.0020">
    
      <error message="In file://soft/jdk_hd/Linux/jdk1.5.0_12/jre/lib/rt.jar : A type definition for &apos;java::io::CharArrayReader&apos; already exists. In file://soft/jdk_hd/Linux/jdk1.5.0_12/jre/lib/rt.jar : A type definition for &apos;java::io::FilterWriter&apos; already exists. In file://soft/jdk_hd/Linux/jdk1.5.0_12/jre/lib/rt.jar : A type definition for &apos;java::io::LineNumberInputStream&apos; already exists. In file://soft/jdk_hd/Linux/jdk1.5.0_12/jre/lib/rt.jar : A type definition for &apos;java::io::LineNumberReader&apos; already exists. In file://soft/jdk_hd/Linux/jdk1.5.0_12/jre/lib/rt.jar : A type definition for &apos;java::io::NotActiveException&apos; already exists. In file://soft/jdk_hd/Linux/jdk1.5.0_12/jre/lib/rt.jar : A type definition for &apos;java::io::PipedInputStream&apos; already exists. In file://soft/jdk_hd/Linux/jdk1.5.0_12/jre/lib/rt.jar : A type definition for &apos;java::io::PipedOutputStream&apos; already exists. In file://soft/jdk_hd/Linux/jdk1.5.0_12/jre/lib/rt.jar : A type definition for &apos;java::io::PipedReader&apos; already exists. In file://soft/jdk_hd/Linux/jdk1.5.0_12/jre/lib/rt.jar : A type definition for &apos;java::io::PipedWriter&apos; already exists. In file://soft/jdk_hd/Linux/jdk1.5.0_12/jre/lib/rt.jar : A type definition for &apos;java::io::PushbackReader&apos; already exists. In file://soft/jdk_hd/Linux/jdk1.5.0_12/jre/lib/rt.jar : A type definition for &apos;java::io::SequenceInputStream&apos; already exists. In file://soft/jdk_hd/Linux/jdk1.5.0_12/jre/lib/rt.jar : A type definition for &apos;java::io::SerializablePermission&apos; already exists. In file://soft/jdk_hd/Linux/jdk1.5.0_12/jre/lib/rt.jar : A type definition for &apos;java::io::StreamCorruptedException&apos; already exists. In file://soft/jdk_hd/Linux/jdk1.5.0_12/jre/lib/rt.jar : A type definition for &apos;java::io::StringBufferInputStream&apos; already exists. In file://soft/jdk_hd/Linux/jdk1.5.0_12/jre/lib/rt.jar : A type definition for &apos;java::io::UTFDataFormatException&apos; already exists. In file://soft/jdk_hd/Linux/jdk1.5.0_12/jre/lib/rt.jar : A type definition for &apos;java::io::WriteAbortedException&apos; already exists. In file://soft/jdk_hd/Linux/jdk1.5.0_12/jre/lib/rt.jar : A type definition for &apos;java::io::OptionalDataException&apos; already exists. In file://soft/jdk_hd/Linux/jdk1.5.0_12/jre/lib/rt.jar : A type definition for &apos;java::io::CharArrayWriter&apos; already exists. In file://soft/jdk_hd/Linux/jdk1.5.0_12/jre/lib/rt.jar : A type definition for &apos;java::io::CharConversionException&apos; already exists. In file://soft/jdk_hd/Linux/jdk1.5.0_12/jre/lib/rt.jar : A type definition for &apos;java::io::ObjectInputValidation&apos; already exists. In file://soft/jdk_hd/Linux/jdk1.5.0_12/jre/lib/rt.jar : A type definition for &apos;java::io::SyncFailedException&apos; already exists. In file://soft/jdk_hd/Linux/jdk1.5.0_12/jre/lib/rt.jar : A type definition for &apos;java::io::NotSerializableException&apos; already exists. In file://soft/jdk_hd/Linux/jdk1.5.0_12/jre/lib/rt.jar : A type definition for &apos;java::io::InvalidObjectException&apos; already exists. In file://soft/jdk_hd/Linux/jdk1.5.0_12/jre/lib/rt.jar : A type definition for &apos;java::io::FileFilter&apos; already exists. In file://soft/jdk_hd/Linux/jdk1.5.0_12/jre/lib/rt.jar : A type definition for &apos;java::io::InvalidClassException&apos; already exists. In file://soft/jdk_hd/Linux/jdk1.5.0_12/jre/lib/rt.jar : A type definition for &apos;java::io::ObjectStreamException&apos; already exists. In file://soft/jdk_hd/Linux/jdk1.5.0_12/jre/lib/rt.jar : A type definition for &apos;java::io::DataOutputStream&apos; already exists. In file://soft/jdk_hd/Linux/jdk1.5.0_12/jre/lib/rt.jar : A type definition for &apos;java::io::Bits&apos; already exists. In file://soft/jdk_hd/Linux/jdk1.5.0_12/jre/lib/rt.jar : A type definition for &apos;java::io::InterruptedIOException&apos; already exists. In file://soft/jdk_hd/Linux/jdk1.5.0_12/jre/lib/rt.jar : A type definition for &apos;java::io::PushbackInputStream&apos; already exists. In file://soft/jdk_hd/Linux/jdk1.5.0_12/jre/lib/rt.jar : A type definition for &apos;java::io::UnsupportedEncodingException&apos; already exists. In file://soft/jdk_hd/Linux/jdk1.5.0_12/jre/lib/rt.jar : A type definition for &apos;java::io::StringWriter&apos; already exists. In file://soft/jdk_hd/Linux/jdk1.5.0_12/jre/lib/rt.jar : A type definition for &apos;java::io::EOFException&apos; already exists. In file://soft/jdk_hd/Linux/jdk1.5.0_12/jre/lib/rt.jar : A type definition for &apos;java::io::Externalizable&apos; already exists. In file://soft/jdk_hd/Linux/jdk1.5.0_12/jre/lib/rt.jar : A type definition for &apos;java::io::FilterReader&apos; already exists. In file://soft/jdk_hd/Linux/jdk1.5.0_12/jre/lib/rt.jar : A type definition for &apos;java::io::StringReader&apos; already exists. In file://soft/jdk_hd/Linux/jdk1.5.0_12/jre/lib/rt.jar : A type definition for &apos;java::io::ObjectInputStream&apos; already exists. In file://soft/jdk_hd/Linux/jdk1.5.0_12/jre/lib/rt.jar : A type definition for &apos;java::io::ObjectInput&apos; already exists. In file://soft/jdk_hd/Linux/jdk1.5.0_12/jre/lib/rt.jar : A type definition for &apos;java::io::PrintWriter&apos; already exists. In file://soft/jdk_hd/Linux/jdk1.5.0_12/jre/lib/rt.jar : A type definition for &apos;java::io::ObjectOutputStream&apos; already exists. In file://soft/jdk_hd/Linux/jdk1.5.0_12/jre/lib/rt.jar : A type definition for &apos;java::io::ObjectStreamConstants&apos; already exists. In file://soft/jdk_hd/Linux/jdk1.5.0_12/jre/lib/rt.jar : A type definition for &apos;java::io::ObjectOutput&apos; already exists. In file://soft/jdk_hd/Linux/jdk1.5.0_12/jre/lib/rt.jar : A type definition for &apos;java::io::RandomAccessFile&apos; already exists. In file://soft/jdk_hd/Linux/jdk1.5.0_12/jre/lib/rt.jar : A type definition for &apos;java::io::DataOutput&apos; already exists. In file://soft/jdk_hd/Linux/jdk1.5.0_12/jre/lib/rt.jar : A type definition for &apos;java::io::StreamTokenizer&apos; already exists. In file://soft/jdk_hd/Linux/jdk1.5.0_12/jre/lib/rt.jar : A type definition for &apos;java::io::FilenameFilter&apos; already exists. In file://soft/jdk_hd/Linux/jdk1.5.0_12/jre/lib/rt.jar : A type definition for &apos;java::io::FileWriter&apos; already exists. In file://soft/jdk_hd/Linux/jdk1.5.0_12/jre/lib/rt.jar : A type definition for &apos;java::io::FileReader&apos; already exists. In file://soft/jdk_hd/Linux/jdk1.5.0_12/jre/lib/rt.jar : A type definition for &apos;java::io::BufferedReader&apos; already exists. In file://soft/jdk_hd/Linux/jdk1.5.0_12/jre/lib/rt.jar : A type definition for &apos;java::io::InputStreamReader&apos; already exists. In file://soft/jdk_hd/Linux/jdk1.5.0_12/jre/lib/rt.jar : A type definition for &apos;java::io::Reader&apos; already exists. In file://soft/jdk_hd/Linux/jdk1.5.0_12/jre/lib/rt.jar : A type definition for &apos;java::io::FilePermissionCollection&apos; already exists. In file://soft/jdk_hd/Linux/jdk1.5.0_12/jre/lib/rt.jar : A type definition for &apos;java::io::FilePermission&apos; already exists. In file://soft/jdk_hd/Linux/jdk1.5.0_12/jre/lib/rt.jar : A type definition for &apos;java::io::FileNotFoundException&apos; already exists. In file://soft/jdk_hd/Linux/jdk1.5.0_12/jre/lib/rt.jar : A type definition for &apos;java::io::IOException&apos; already exists. In file://soft/jdk_hd/Linux/jdk1.5.0_12/jre/lib/rt.jar : A type definition for &apos;java::io::ByteArrayOutputStream&apos; already exists. In file://soft/jdk_hd/Linux/jdk1.5.0_12/jre/lib/rt.jar : A type definition for &apos;java::io::ByteArrayInputStream&apos; already exists. In file://soft/jdk_hd/Linux/jdk1.5.0_12/jre/lib/rt.jar : A type definition for &apos;java::io::DataInputStream&apos; already exists. In file://soft/jdk_hd/Linux/jdk1.5.0_12/jre/lib/rt.jar : A type definition for &apos;java::io::DataInput&apos; already exists. In file://soft/jdk_hd/Linux/jdk1.5.0_12/jre/lib/rt.jar : A type definition for &apos;java::io::ExpiringCache&apos; already exists. In file://soft/jdk_hd/Linux/jdk1.5.0_12/jre/lib/rt.jar : A type definition for &apos;java::io::UnixFileSystem&apos; already exists. In file://soft/jdk_hd/Linux/jdk1.5.0_12/jre/lib/rt.jar : A type definition for &apos;java::io::FileSystem&apos; already exists. In file://soft/jdk_hd/Linux/jdk1.5.0_12/jre/lib/rt.jar : A type definition for &apos;java::io::File&apos; already exists. In file://soft/jdk_hd/Linux/jdk1.5.0_12/jre/lib/rt.jar : A type definition for &apos;java::io::BufferedWriter&apos; already exists. In file://soft/jdk_hd/Linux/jdk1.5.0_12/jre/lib/rt.jar : A type definition for &apos;java::io::OutputStreamWriter&apos; already exists. In file://soft/jdk_hd/Linux/jdk1.5.0_12/jre/lib/rt.jar : A type definition for &apos;java::io::Writer&apos; already exists. In file://soft/jdk_hd/Linux/jdk1.5.0_12/jre/lib/rt.jar : A type definition for &apos;java::io::BufferedOutputStream&apos; already exists. In file://soft/jdk_hd/Linux/jdk1.5.0_12/jre/lib/rt.jar : A type definition for &apos;java::io::PrintStream&apos; already exists. In file://soft/jdk_hd/Linux/jdk1.5.0_12/jre/lib/rt.jar : A type definition for &apos;java::io::FilterOutputStream&apos; already exists. In file://soft/jdk_hd/Linux/jdk1.5.0_12/jre/lib/rt.jar : A type definition for &apos;java::io::BufferedInputStream&apos; already exists. In file://soft/jdk_hd/Linux/jdk1.5.0_12/jre/lib/rt.jar : A type definition for &apos;java::io::FilterInputStream&apos; already exists. In file://soft/jdk_hd/Linux/jdk1.5.0_12/jre/lib/rt.jar : A type definition for &apos;java::io::FileOutputStream&apos; already exists. In file://soft/jdk_hd/Linux/jdk1.5.0_12/jre/lib/rt.jar : A type definition for &apos;java::io::OutputStream&apos; already exists. In file://soft/jdk_hd/Linux/jdk1.5.0_12/jre/lib/rt.jar : A type definition for &apos;java::io::Flushable&apos; already exists. In file://soft/jdk_hd/Linux/jdk1.5.0_12/jre/lib/rt.jar : A type definition for &apos;java::io::FileDescriptor&apos; already exists. In file://soft/jdk_hd/Linux/jdk1.5.0_12/jre/lib/rt.jar : A type definition for &apos;java::io::FileInputStream&apos; already exists. In file://soft/jdk_hd/Linux/jdk1.5.0_12/jre/lib/rt.jar : A type definition for &apos;java::io::InputStream&apos; already exists. In file://soft/jdk_hd/Linux/jdk1.5.0_12/jre/lib/rt.jar : A type definition for &apos;java::io::Closeable&apos; already exists. In file://soft/jdk_hd/Linux/jdk1.5.0_12/jre/lib/rt.jar : A type definition for &apos;java::io::ObjectStreamClass&apos; already exists. In file://soft/jdk_hd/Linux/jdk1.5.0_12/jre/lib/rt.jar : A type definition for &apos;java::io::ObjectStreamField&apos; already exists. In file://soft/jdk_hd/Linux/jdk1.5.0_12/jre/lib/rt.jar : A type definition for &apos;java::io::Serializable&apos; already exists. " type="java.lang.Exception">java.lang.Exception: In file://soft/jdk_hd/Linux/jdk1.5.0_12/jre/lib/rt.jar : A type definition for &apos;java::io::CharArrayReader&apos; already exists.
In file://soft/jdk_hd/Linux/jdk1.5.0_12/jre/lib/rt.jar : A type definition for &apos;java::io::FilterWriter&apos; already exists.
In file://soft/jdk_hd/Linux/jdk1.5.0_12/jre/lib/rt.jar : A type definition for &apos;java::io::LineNumberInputStream&apos; already exists.
In file://soft/jdk_hd/Linux/jdk1.5.0_12/jre/lib/rt.jar : A type definition for &apos;java::io::LineNumberReader&apos; already exists.
In file://soft/jdk_hd/Linux/jdk1.5.0_12/jre/lib/rt.jar : A type definition for &apos;java::io::NotActiveException&apos; already exists.
In file://soft/jdk_hd/Linux/jdk1.5.0_12/jre/lib/rt.jar : A type definition for &apos;java::io::PipedInputStream&apos; already exists.
In file://soft/jdk_hd/Linux/jdk1.5.0_12/jre/lib/rt.jar : A type definition for &apos;java::io::PipedOutputStream&apos; already exists.
In file://soft/jdk_hd/Linux/jdk1.5.0_12/jre/lib/rt.jar : A type definition for &apos;java::io::PipedReader&apos; already exists.
In file://soft/jdk_hd/Linux/jdk1.5.0_12/jre/lib/rt.jar : A type definition for &apos;java::io::PipedWriter&apos; already exists.
In file://soft/jdk_hd/Linux/jdk1.5.0_12/jre/lib/rt.jar : A type definition for &apos;java::io::PushbackReader&apos; already exists.
In file://soft/jdk_hd/Linux/jdk1.5.0_12/jre/lib/rt.jar : A type definition for &apos;java::io::SequenceInputStream&apos; already exists.
In file://soft/jdk_hd/Linux/jdk1.5.0_12/jre/lib/rt.jar : A type definition for &apos;java::io::SerializablePermission&apos; already exists.
In file://soft/jdk_hd/Linux/jdk1.5.0_12/jre/lib/rt.jar : A type definition for &apos;java::io::StreamCorruptedException&apos; already exists.
In file://soft/jdk_hd/Linux/jdk1.5.0_12/jre/lib/rt.jar : A type definition for &apos;java::io::StringBufferInputStream&apos; already exists.
In file://soft/jdk_hd/Linux/jdk1.5.0_12/jre/lib/rt.jar : A type definition for &apos;java::io::UTFDataFormatException&apos; already exists.
In file://soft/jdk_hd/Linux/jdk1.5.0_12/jre/lib/rt.jar : A type definition for &apos;java::io::WriteAbortedException&apos; already exists.
In file://soft/jdk_hd/Linux/jdk1.5.0_12/jre/lib/rt.jar : A type definition for &apos;java::io::OptionalDataException&apos; already exists.
In file://soft/jdk_hd/Linux/jdk1.5.0_12/jre/lib/rt.jar : A type definition for &apos;java::io::CharArrayWriter&apos; already exists.
In file://soft/jdk_hd/Linux/jdk1.5.0_12/jre/lib/rt.jar : A type definition for &apos;java::io::CharConversionException&apos; already exists.
In file://soft/jdk_hd/Linux/jdk1.5.0_12/jre/lib/rt.jar : A type definition for &apos;java::io::ObjectInputValidation&apos; already exists.
In file://soft/jdk_hd/Linux/jdk1.5.0_12/jre/lib/rt.jar : A type definition for &apos;java::io::SyncFailedException&apos; already exists.
In file://soft/jdk_hd/Linux/jdk1.5.0_12/jre/lib/rt.jar : A type definition for &apos;java::io::NotSerializableException&apos; already exists.
In file://soft/jdk_hd/Linux/jdk1.5.0_12/jre/lib/rt.jar : A type definition for &apos;java::io::InvalidObjectException&apos; already exists.
In file://soft/jdk_hd/Linux/jdk1.5.0_12/jre/lib/rt.jar : A type definition for &apos;java::io::FileFilter&apos; already exists.
In file://soft/jdk_hd/Linux/jdk1.5.0_12/jre/lib/rt.jar : A type definition for &apos;java::io::InvalidClassException&apos; already exists.
In file://soft/jdk_hd/Linux/jdk1.5.0_12/jre/lib/rt.jar : A type definition for &apos;java::io::ObjectStreamException&apos; already exists.
In file://soft/jdk_hd/Linux/jdk1.5.0_12/jre/lib/rt.jar : A type definition for &apos;java::io::DataOutputStream&apos; already exists.
In file://soft/jdk_hd/Linux/jdk1.5.0_12/jre/lib/rt.jar : A type definition for &apos;java::io::Bits&apos; already exists.
In file://soft/jdk_hd/Linux/jdk1.5.0_12/jre/lib/rt.jar : A type definition for &apos;java::io::InterruptedIOException&apos; already exists.
In file://soft/jdk_hd/Linux/jdk1.5.0_12/jre/lib/rt.jar : A type definition for &apos;java::io::PushbackInputStream&apos; already exists.
In file://soft/jdk_hd/Linux/jdk1.5.0_12/jre/lib/rt.jar : A type definition for &apos;java::io::UnsupportedEncodingException&apos; already exists.
In file://soft/jdk_hd/Linux/jdk1.5.0_12/jre/lib/rt.jar : A type definition for &apos;java::io::StringWriter&apos; already exists.
In file://soft/jdk_hd/Linux/jdk1.5.0_12/jre/lib/rt.jar : A type definition for &apos;java::io::EOFException&apos; already exists.
In file://soft/jdk_hd/Linux/jdk1.5.0_12/jre/lib/rt.jar : A type definition for &apos;java::io::Externalizable&apos; already exists.
In file://soft/jdk_hd/Linux/jdk1.5.0_12/jre/lib/rt.jar : A type definition for &apos;java::io::FilterReader&apos; already exists.
In file://soft/jdk_hd/Linux/jdk1.5.0_12/jre/lib/rt.jar : A type definition for &apos;java::io::StringReader&apos; already exists.
In file://soft/jdk_hd/Linux/jdk1.5.0_12/jre/lib/rt.jar : A type definition for &apos;java::io::ObjectInputStream&apos; already exists.
In file://soft/jdk_hd/Linux/jdk1.5.0_12/jre/lib/rt.jar : A type definition for &apos;java::io::ObjectInput&apos; already exists.
In file://soft/jdk_hd/Linux/jdk1.5.0_12/jre/lib/rt.jar : A type definition for &apos;java::io::PrintWriter&apos; already exists.
In file://soft/jdk_hd/Linux/jdk1.5.0_12/jre/lib/rt.jar : A type definition for &apos;java::io::ObjectOutputStream&apos; already exists.
In file://soft/jdk_hd/Linux/jdk1.5.0_12/jre/lib/rt.jar : A type definition for &apos;java::io::ObjectStreamConstants&apos; already exists.
In file://soft/jdk_hd/Linux/jdk1.5.0_12/jre/lib/rt.jar : A type definition for &apos;java::io::ObjectOutput&apos; already exists.
In file://soft/jdk_hd/Linux/jdk1.5.0_12/jre/lib/rt.jar : A type definition for &apos;java::io::RandomAccessFile&apos; already exists.
In file://soft/jdk_hd/Linux/jdk1.5.0_12/jre/lib/rt.jar : A type definition for &apos;java::io::DataOutput&apos; already exists.
In file://soft/jdk_hd/Linux/jdk1.5.0_12/jre/lib/rt.jar : A type definition for &apos;java::io::StreamTokenizer&apos; already exists.
In file://soft/jdk_hd/Linux/jdk1.5.0_12/jre/lib/rt.jar : A type definition for &apos;java::io::FilenameFilter&apos; already exists.
In file://soft/jdk_hd/Linux/jdk1.5.0_12/jre/lib/rt.jar : A type definition for &apos;java::io::FileWriter&apos; already exists.
In file://soft/jdk_hd/Linux/jdk1.5.0_12/jre/lib/rt.jar : A type definition for &apos;java::io::FileReader&apos; already exists.
In file://soft/jdk_hd/Linux/jdk1.5.0_12/jre/lib/rt.jar : A type definition for &apos;java::io::BufferedReader&apos; already exists.
In file://soft/jdk_hd/Linux/jdk1.5.0_12/jre/lib/rt.jar : A type definition for &apos;java::io::InputStreamReader&apos; already exists.
In file://soft/jdk_hd/Linux/jdk1.5.0_12/jre/lib/rt.jar : A type definition for &apos;java::io::Reader&apos; already exists.
In file://soft/jdk_hd/Linux/jdk1.5.0_12/jre/lib/rt.jar : A type definition for &apos;java::io::FilePermissionCollection&apos; already exists.
In file://soft/jdk_hd/Linux/jdk1.5.0_12/jre/lib/rt.jar : A type definition for &apos;java::io::FilePermission&apos; already exists.
In file://soft/jdk_hd/Linux/jdk1.5.0_12/jre/lib/rt.jar : A type definition for &apos;java::io::FileNotFoundException&apos; already exists.
In file://soft/jdk_hd/Linux/jdk1.5.0_12/jre/lib/rt.jar : A type definition for &apos;java::io::IOException&apos; already exists.
In file://soft/jdk_hd/Linux/jdk1.5.0_12/jre/lib/rt.jar : A type definition for &apos;java::io::ByteArrayOutputStream&apos; already exists.
In file://soft/jdk_hd/Linux/jdk1.5.0_12/jre/lib/rt.jar : A type definition for &apos;java::io::ByteArrayInputStream&apos; already exists.
In file://soft/jdk_hd/Linux/jdk1.5.0_12/jre/lib/rt.jar : A type definition for &apos;java::io::DataInputStream&apos; already exists.
In file://soft/jdk_hd/Linux/jdk1.5.0_12/jre/lib/rt.jar : A type definition for &apos;java::io::DataInput&apos; already exists.
In file://soft/jdk_hd/Linux/jdk1.5.0_12/jre/lib/rt.jar : A type definition for &apos;java::io::ExpiringCache&apos; already exists.
In file://soft/jdk_hd/Linux/jdk1.5.0_12/jre/lib/rt.jar : A type definition for &apos;java::io::UnixFileSystem&apos; already exists.
In file://soft/jdk_hd/Linux/jdk1.5.0_12/jre/lib/rt.jar : A type definition for &apos;java::io::FileSystem&apos; already exists.
In file://soft/jdk_hd/Linux/jdk1.5.0_12/jre/lib/rt.jar : A type definition for &apos;java::io::File&apos; already exists.
In file://soft/jdk_hd/Linux/jdk1.5.0_12/jre/lib/rt.jar : A type definition for &apos;java::io::BufferedWriter&apos; already exists.
In file://soft/jdk_hd/Linux/jdk1.5.0_12/jre/lib/rt.jar : A type definition for &apos;java::io::OutputStreamWriter&apos; already exists.
In file://soft/jdk_hd/Linux/jdk1.5.0_12/jre/lib/rt.jar : A type definition for &apos;java::io::Writer&apos; already exists.
In file://soft/jdk_hd/Linux/jdk1.5.0_12/jre/lib/rt.jar : A type definition for &apos;java::io::BufferedOutputStream&apos; already exists.
In file://soft/jdk_hd/Linux/jdk1.5.0_12/jre/lib/rt.jar : A type definition for &apos;java::io::PrintStream&apos; already exists.
In file://soft/jdk_hd/Linux/jdk1.5.0_12/jre/lib/rt.jar : A type definition for &apos;java::io::FilterOutputStream&apos; already exists.
In file://soft/jdk_hd/Linux/jdk1.5.0_12/jre/lib/rt.jar : A type definition for &apos;java::io::BufferedInputStream&apos; already exists.
In file://soft/jdk_hd/Linux/jdk1.5.0_12/jre/lib/rt.jar : A type definition for &apos;java::io::FilterInputStream&apos; already exists.
In file://soft/jdk_hd/Linux/jdk1.5.0_12/jre/lib/rt.jar : A type definition for &apos;java::io::FileOutputStream&apos; already exists.
In file://soft/jdk_hd/Linux/jdk1.5.0_12/jre/lib/rt.jar : A type definition for &apos;java::io::OutputStream&apos; already exists.
In file://soft/jdk_hd/Linux/jdk1.5.0_12/jre/lib/rt.jar : A type definition for &apos;java::io::Flushable&apos; already exists.
In file://soft/jdk_hd/Linux/jdk1.5.0_12/jre/lib/rt.jar : A type definition for &apos;java::io::FileDescriptor&apos; already exists.
In file://soft/jdk_hd/Linux/jdk1.5.0_12/jre/lib/rt.jar : A type definition for &apos;java::io::FileInputStream&apos; already exists.
In file://soft/jdk_hd/Linux/jdk1.5.0_12/jre/lib/rt.jar : A type definition for &apos;java::io::InputStream&apos; already exists.
In file://soft/jdk_hd/Linux/jdk1.5.0_12/jre/lib/rt.jar : A type definition for &apos;java::io::Closeable&apos; already exists.
In file://soft/jdk_hd/Linux/jdk1.5.0_12/jre/lib/rt.jar : A type definition for &apos;java::io::ObjectStreamClass&apos; already exists.
In file://soft/jdk_hd/Linux/jdk1.5.0_12/jre/lib/rt.jar : A type definition for &apos;java::io::ObjectStreamField&apos; already exists.
In file://soft/jdk_hd/Linux/jdk1.5.0_12/jre/lib/rt.jar : A type definition for &apos;java::io::Serializable&apos; already exists.

	at fr.irisa.triskell.kermeta.launcher.RunJunitFactory.addTestsForUnit(RunJunitFactory.java:89)
	at fr.irisa.triskell.kermeta.launcher.RunJunitFactory.addTestsForUnit(RunJunitFactory.java:60)
	at kermeta_interpreter.jar_test.JunitTestSuite.testWithFile(JunitTestSuite.java:85)
	at kermeta_interpreter.jar_test.JunitTestSuite.&lt;init&gt;(JunitTestSuite.java:64)
	at sun.reflect.NativeConstructorAccessorImpl.newInstance0(Native Method)
	at sun.reflect.NativeConstructorAccessorImpl.newInstance(NativeConstructorAccessorImpl.java:39)
	at sun.reflect.DelegatingConstructorAccessorImpl.newInstance(DelegatingConstructorAccessorImpl.java:27)
	at java.lang.reflect.Constructor.newInstance(Constructor.java:494)
</error>

      </testcase>

      <testcase name="Unit platform:/plugin/fr.irisa.triskell.kermeta.interpreter/test/jar_testcases/kermeta/003_requireJava_rt_math.main.kmt contains errors (ie. didn&apos;t load or typecheck correctly)" time="0.031">
    
      <error message="In file://soft/jdk_hd/Linux/jdk1.5.0_12/jre/lib/rt.jar : A type definition for &apos;java::io::CharArrayReader&apos; already exists. In file://soft/jdk_hd/Linux/jdk1.5.0_12/jre/lib/rt.jar : A type definition for &apos;java::io::FilterWriter&apos; already exists. In file://soft/jdk_hd/Linux/jdk1.5.0_12/jre/lib/rt.jar : A type definition for &apos;java::io::LineNumberInputStream&apos; already exists. In file://soft/jdk_hd/Linux/jdk1.5.0_12/jre/lib/rt.jar : A type definition for &apos;java::io::LineNumberReader&apos; already exists. In file://soft/jdk_hd/Linux/jdk1.5.0_12/jre/lib/rt.jar : A type definition for &apos;java::io::NotActiveException&apos; already exists. In file://soft/jdk_hd/Linux/jdk1.5.0_12/jre/lib/rt.jar : A type definition for &apos;java::io::PipedInputStream&apos; already exists. In file://soft/jdk_hd/Linux/jdk1.5.0_12/jre/lib/rt.jar : A type definition for &apos;java::io::PipedOutputStream&apos; already exists. In file://soft/jdk_hd/Linux/jdk1.5.0_12/jre/lib/rt.jar : A type definition for &apos;java::io::PipedReader&apos; already exists. In file://soft/jdk_hd/Linux/jdk1.5.0_12/jre/lib/rt.jar : A type definition for &apos;java::io::PipedWriter&apos; already exists. In file://soft/jdk_hd/Linux/jdk1.5.0_12/jre/lib/rt.jar : A type definition for &apos;java::io::PushbackReader&apos; already exists. In file://soft/jdk_hd/Linux/jdk1.5.0_12/jre/lib/rt.jar : A type definition for &apos;java::io::SequenceInputStream&apos; already exists. In file://soft/jdk_hd/Linux/jdk1.5.0_12/jre/lib/rt.jar : A type definition for &apos;java::io::SerializablePermission&apos; already exists. In file://soft/jdk_hd/Linux/jdk1.5.0_12/jre/lib/rt.jar : A type definition for &apos;java::io::StreamCorruptedException&apos; already exists. In file://soft/jdk_hd/Linux/jdk1.5.0_12/jre/lib/rt.jar : A type definition for &apos;java::io::StringBufferInputStream&apos; already exists. In file://soft/jdk_hd/Linux/jdk1.5.0_12/jre/lib/rt.jar : A type definition for &apos;java::io::UTFDataFormatException&apos; already exists. In file://soft/jdk_hd/Linux/jdk1.5.0_12/jre/lib/rt.jar : A type definition for &apos;java::io::WriteAbortedException&apos; already exists. In file://soft/jdk_hd/Linux/jdk1.5.0_12/jre/lib/rt.jar : A type definition for &apos;java::io::OptionalDataException&apos; already exists. In file://soft/jdk_hd/Linux/jdk1.5.0_12/jre/lib/rt.jar : A type definition for &apos;java::io::CharArrayWriter&apos; already exists. In file://soft/jdk_hd/Linux/jdk1.5.0_12/jre/lib/rt.jar : A type definition for &apos;java::io::CharConversionException&apos; already exists. In file://soft/jdk_hd/Linux/jdk1.5.0_12/jre/lib/rt.jar : A type definition for &apos;java::io::ObjectInputValidation&apos; already exists. In file://soft/jdk_hd/Linux/jdk1.5.0_12/jre/lib/rt.jar : A type definition for &apos;java::io::SyncFailedException&apos; already exists. In file://soft/jdk_hd/Linux/jdk1.5.0_12/jre/lib/rt.jar : A type definition for &apos;java::io::NotSerializableException&apos; already exists. In file://soft/jdk_hd/Linux/jdk1.5.0_12/jre/lib/rt.jar : A type definition for &apos;java::io::InvalidObjectException&apos; already exists. In file://soft/jdk_hd/Linux/jdk1.5.0_12/jre/lib/rt.jar : A type definition for &apos;java::io::FileFilter&apos; already exists. In file://soft/jdk_hd/Linux/jdk1.5.0_12/jre/lib/rt.jar : A type definition for &apos;java::io::InvalidClassException&apos; already exists. In file://soft/jdk_hd/Linux/jdk1.5.0_12/jre/lib/rt.jar : A type definition for &apos;java::io::ObjectStreamException&apos; already exists. In file://soft/jdk_hd/Linux/jdk1.5.0_12/jre/lib/rt.jar : A type definition for &apos;java::io::DataOutputStream&apos; already exists. In file://soft/jdk_hd/Linux/jdk1.5.0_12/jre/lib/rt.jar : A type definition for &apos;java::io::Bits&apos; already exists. In file://soft/jdk_hd/Linux/jdk1.5.0_12/jre/lib/rt.jar : A type definition for &apos;java::io::InterruptedIOException&apos; already exists. In file://soft/jdk_hd/Linux/jdk1.5.0_12/jre/lib/rt.jar : A type definition for &apos;java::io::PushbackInputStream&apos; already exists. In file://soft/jdk_hd/Linux/jdk1.5.0_12/jre/lib/rt.jar : A type definition for &apos;java::io::UnsupportedEncodingException&apos; already exists. In file://soft/jdk_hd/Linux/jdk1.5.0_12/jre/lib/rt.jar : A type definition for &apos;java::io::StringWriter&apos; already exists. In file://soft/jdk_hd/Linux/jdk1.5.0_12/jre/lib/rt.jar : A type definition for &apos;java::io::EOFException&apos; already exists. In file://soft/jdk_hd/Linux/jdk1.5.0_12/jre/lib/rt.jar : A type definition for &apos;java::io::Externalizable&apos; already exists. In file://soft/jdk_hd/Linux/jdk1.5.0_12/jre/lib/rt.jar : A type definition for &apos;java::io::FilterReader&apos; already exists. In file://soft/jdk_hd/Linux/jdk1.5.0_12/jre/lib/rt.jar : A type definition for &apos;java::io::StringReader&apos; already exists. In file://soft/jdk_hd/Linux/jdk1.5.0_12/jre/lib/rt.jar : A type definition for &apos;java::io::ObjectInputStream&apos; already exists. In file://soft/jdk_hd/Linux/jdk1.5.0_12/jre/lib/rt.jar : A type definition for &apos;java::io::ObjectInput&apos; already exists. In file://soft/jdk_hd/Linux/jdk1.5.0_12/jre/lib/rt.jar : A type definition for &apos;java::io::PrintWriter&apos; already exists. In file://soft/jdk_hd/Linux/jdk1.5.0_12/jre/lib/rt.jar : A type definition for &apos;java::io::ObjectOutputStream&apos; already exists. In file://soft/jdk_hd/Linux/jdk1.5.0_12/jre/lib/rt.jar : A type definition for &apos;java::io::ObjectStreamConstants&apos; already exists. In file://soft/jdk_hd/Linux/jdk1.5.0_12/jre/lib/rt.jar : A type definition for &apos;java::io::ObjectOutput&apos; already exists. In file://soft/jdk_hd/Linux/jdk1.5.0_12/jre/lib/rt.jar : A type definition for &apos;java::io::RandomAccessFile&apos; already exists. In file://soft/jdk_hd/Linux/jdk1.5.0_12/jre/lib/rt.jar : A type definition for &apos;java::io::DataOutput&apos; already exists. In file://soft/jdk_hd/Linux/jdk1.5.0_12/jre/lib/rt.jar : A type definition for &apos;java::io::StreamTokenizer&apos; already exists. In file://soft/jdk_hd/Linux/jdk1.5.0_12/jre/lib/rt.jar : A type definition for &apos;java::io::FilenameFilter&apos; already exists. In file://soft/jdk_hd/Linux/jdk1.5.0_12/jre/lib/rt.jar : A type definition for &apos;java::io::FileWriter&apos; already exists. In file://soft/jdk_hd/Linux/jdk1.5.0_12/jre/lib/rt.jar : A type definition for &apos;java::io::FileReader&apos; already exists. In file://soft/jdk_hd/Linux/jdk1.5.0_12/jre/lib/rt.jar : A type definition for &apos;java::io::BufferedReader&apos; already exists. In file://soft/jdk_hd/Linux/jdk1.5.0_12/jre/lib/rt.jar : A type definition for &apos;java::io::InputStreamReader&apos; already exists. In file://soft/jdk_hd/Linux/jdk1.5.0_12/jre/lib/rt.jar : A type definition for &apos;java::io::Reader&apos; already exists. In file://soft/jdk_hd/Linux/jdk1.5.0_12/jre/lib/rt.jar : A type definition for &apos;java::io::FilePermissionCollection&apos; already exists. In file://soft/jdk_hd/Linux/jdk1.5.0_12/jre/lib/rt.jar : A type definition for &apos;java::io::FilePermission&apos; already exists. In file://soft/jdk_hd/Linux/jdk1.5.0_12/jre/lib/rt.jar : A type definition for &apos;java::io::FileNotFoundException&apos; already exists. In file://soft/jdk_hd/Linux/jdk1.5.0_12/jre/lib/rt.jar : A type definition for &apos;java::io::IOException&apos; already exists. In file://soft/jdk_hd/Linux/jdk1.5.0_12/jre/lib/rt.jar : A type definition for &apos;java::io::ByteArrayOutputStream&apos; already exists. In file://soft/jdk_hd/Linux/jdk1.5.0_12/jre/lib/rt.jar : A type definition for &apos;java::io::ByteArrayInputStream&apos; already exists. In file://soft/jdk_hd/Linux/jdk1.5.0_12/jre/lib/rt.jar : A type definition for &apos;java::io::DataInputStream&apos; already exists. In file://soft/jdk_hd/Linux/jdk1.5.0_12/jre/lib/rt.jar : A type definition for &apos;java::io::DataInput&apos; already exists. In file://soft/jdk_hd/Linux/jdk1.5.0_12/jre/lib/rt.jar : A type definition for &apos;java::io::ExpiringCache&apos; already exists. In file://soft/jdk_hd/Linux/jdk1.5.0_12/jre/lib/rt.jar : A type definition for &apos;java::io::UnixFileSystem&apos; already exists. In file://soft/jdk_hd/Linux/jdk1.5.0_12/jre/lib/rt.jar : A type definition for &apos;java::io::FileSystem&apos; already exists. In file://soft/jdk_hd/Linux/jdk1.5.0_12/jre/lib/rt.jar : A type definition for &apos;java::io::File&apos; already exists. In file://soft/jdk_hd/Linux/jdk1.5.0_12/jre/lib/rt.jar : A type definition for &apos;java::io::BufferedWriter&apos; already exists. In file://soft/jdk_hd/Linux/jdk1.5.0_12/jre/lib/rt.jar : A type definition for &apos;java::io::OutputStreamWriter&apos; already exists. In file://soft/jdk_hd/Linux/jdk1.5.0_12/jre/lib/rt.jar : A type definition for &apos;java::io::Writer&apos; already exists. In file://soft/jdk_hd/Linux/jdk1.5.0_12/jre/lib/rt.jar : A type definition for &apos;java::io::BufferedOutputStream&apos; already exists. In file://soft/jdk_hd/Linux/jdk1.5.0_12/jre/lib/rt.jar : A type definition for &apos;java::io::PrintStream&apos; already exists. In file://soft/jdk_hd/Linux/jdk1.5.0_12/jre/lib/rt.jar : A type definition for &apos;java::io::FilterOutputStream&apos; already exists. In file://soft/jdk_hd/Linux/jdk1.5.0_12/jre/lib/rt.jar : A type definition for &apos;java::io::BufferedInputStream&apos; already exists. In file://soft/jdk_hd/Linux/jdk1.5.0_12/jre/lib/rt.jar : A type definition for &apos;java::io::FilterInputStream&apos; already exists. In file://soft/jdk_hd/Linux/jdk1.5.0_12/jre/lib/rt.jar : A type definition for &apos;java::io::FileOutputStream&apos; already exists. In file://soft/jdk_hd/Linux/jdk1.5.0_12/jre/lib/rt.jar : A type definition for &apos;java::io::OutputStream&apos; already exists. In file://soft/jdk_hd/Linux/jdk1.5.0_12/jre/lib/rt.jar : A type definition for &apos;java::io::Flushable&apos; already exists. In file://soft/jdk_hd/Linux/jdk1.5.0_12/jre/lib/rt.jar : A type definition for &apos;java::io::FileDescriptor&apos; already exists. In file://soft/jdk_hd/Linux/jdk1.5.0_12/jre/lib/rt.jar : A type definition for &apos;java::io::FileInputStream&apos; already exists. In file://soft/jdk_hd/Linux/jdk1.5.0_12/jre/lib/rt.jar : A type definition for &apos;java::io::InputStream&apos; already exists. In file://soft/jdk_hd/Linux/jdk1.5.0_12/jre/lib/rt.jar : A type definition for &apos;java::io::Closeable&apos; already exists. In file://soft/jdk_hd/Linux/jdk1.5.0_12/jre/lib/rt.jar : A type definition for &apos;java::io::ObjectStreamClass&apos; already exists. In file://soft/jdk_hd/Linux/jdk1.5.0_12/jre/lib/rt.jar : A type definition for &apos;java::io::ObjectStreamField&apos; already exists. In file://soft/jdk_hd/Linux/jdk1.5.0_12/jre/lib/rt.jar : A type definition for &apos;java::io::Serializable&apos; already exists. In file://soft/jdk_hd/Linux/jdk1.5.0_12/jre/lib/rt.jar : A type definition for &apos;java::awt::AttributeValue&apos; already exists. In file://soft/jdk_hd/Linux/jdk1.5.0_12/jre/lib/rt.jar : A type definition for &apos;java::awt::Button&apos; already exists. In file://soft/jdk_hd/Linux/jdk1.5.0_12/jre/lib/rt.jar : A type definition for &apos;java::awt::Checkbox&apos; already exists. In file://soft/jdk_hd/Linux/jdk1.5.0_12/jre/lib/rt.jar : A type definition for &apos;java::awt::CheckboxGroup&apos; already exists. In file://soft/jdk_hd/Linux/jdk1.5.0_12/jre/lib/rt.jar : A type definition for &apos;java::awt::CheckboxMenuItem&apos; already exists. In file://soft/jdk_hd/Linux/jdk1.5.0_12/jre/lib/rt.jar : A type definition for &apos;java::awt::Choice&apos; already exists. In file://soft/jdk_hd/Linux/jdk1.5.0_12/jre/lib/rt.jar : A type definition for &apos;java::awt::ColorPaintContext&apos; already exists. In file://soft/jdk_hd/Linux/jdk1.5.0_12/jre/lib/rt.jar : A type definition for &apos;java::awt::CompositeContext&apos; already exists. In file://soft/jdk_hd/Linux/jdk1.5.0_12/jre/lib/rt.jar : A type definition for &apos;java::awt::DisplayMode&apos; already exists. In file://soft/jdk_hd/Linux/jdk1.5.0_12/jre/lib/rt.jar : A type definition for &apos;java::awt::FileDialog&apos; already exists. In file://soft/jdk_hd/Linux/jdk1.5.0_12/jre/lib/rt.jar : A type definition for &apos;java::awt::FocusManager&apos; already exists. In file://soft/jdk_hd/Linux/jdk1.5.0_12/jre/lib/rt.jar : A type definition for &apos;java::awt::GradientPaint&apos; already exists. In file://soft/jdk_hd/Linux/jdk1.5.0_12/jre/lib/rt.jar : A type definition for &apos;java::awt::GradientPaintContext&apos; already exists. In file://soft/jdk_hd/Linux/jdk1.5.0_12/jre/lib/rt.jar : A type definition for &apos;java::awt::GraphicsConfigTemplate&apos; already exists. In file://soft/jdk_hd/Linux/jdk1.5.0_12/jre/lib/rt.jar : A type definition for &apos;java::awt::GridBagConstraints&apos; already exists. In file://soft/jdk_hd/Linux/jdk1.5.0_12/jre/lib/rt.jar : A type definition for &apos;java::awt::GridBagLayout&apos; already exists. In file://soft/jdk_hd/Linux/jdk1.5.0_12/jre/lib/rt.jar : A type definition for &apos;java::awt::GridBagLayoutInfo&apos; already exists. In file://soft/jdk_hd/Linux/jdk1.5.0_12/jre/lib/rt.jar : A type definition for &apos;java::awt::IllegalComponentStateException&apos; already exists. In file://soft/jdk_hd/Linux/jdk1.5.0_12/jre/lib/rt.jar : A type definition for &apos;java::awt::Label&apos; already exists. In file://soft/jdk_hd/Linux/jdk1.5.0_12/jre/lib/rt.jar : A type definition for &apos;java::awt::List&apos; already exists. In file://soft/jdk_hd/Linux/jdk1.5.0_12/jre/lib/rt.jar : A type definition for &apos;java::awt::MenuShortcut&apos; already exists. In file://soft/jdk_hd/Linux/jdk1.5.0_12/jre/lib/rt.jar : A type definition for &apos;java::awt::MouseInfo&apos; already exists. In file://soft/jdk_hd/Linux/jdk1.5.0_12/jre/lib/rt.jar : A type definition for &apos;java::awt::PaintContext&apos; already exists. In file://soft/jdk_hd/Linux/jdk1.5.0_12/jre/lib/rt.jar : A type definition for &apos;java::awt::PeerFixer&apos; already exists. In file://soft/jdk_hd/Linux/jdk1.5.0_12/jre/lib/rt.jar : A type definition for &apos;java::awt::Polygon&apos; already exists. In file://soft/jdk_hd/Linux/jdk1.5.0_12/jre/lib/rt.jar : A type definition for &apos;java::awt::Robot&apos; already exists. In file://soft/jdk_hd/Linux/jdk1.5.0_12/jre/lib/rt.jar : A type definition for &apos;java::awt::ScrollPane&apos; already exists. In file://soft/jdk_hd/Linux/jdk1.5.0_12/jre/lib/rt.jar : A type definition for &apos;java::awt::ScrollPaneAdjustable&apos; already exists. In file://soft/jdk_hd/Linux/jdk1.5.0_12/jre/lib/rt.jar : A type definition for &apos;java::awt::Scrollbar&apos; already exists. In file://soft/jdk_hd/Linux/jdk1.5.0_12/jre/lib/rt.jar : A type definition for &apos;java::awt::TextArea&apos; already exists. In file://soft/jdk_hd/Linux/jdk1.5.0_12/jre/lib/rt.jar : A type definition for &apos;java::awt::TextComponent&apos; already exists. In file://soft/jdk_hd/Linux/jdk1.5.0_12/jre/lib/rt.jar : A type definition for &apos;java::awt::TextField&apos; already exists. In file://soft/jdk_hd/Linux/jdk1.5.0_12/jre/lib/rt.jar : A type definition for &apos;java::awt::TexturePaint&apos; already exists. In file://soft/jdk_hd/Linux/jdk1.5.0_12/jre/lib/rt.jar : A type definition for &apos;java::awt::TexturePaintContext&apos; already exists. In file://soft/jdk_hd/Linux/jdk1.5.0_12/jre/lib/rt.jar : A type definition for &apos;java::awt::color::CMMException&apos; already exists. In file://soft/jdk_hd/Linux/jdk1.5.0_12/jre/lib/rt.jar : A type definition for &apos;java::awt::color::ICC_ProfileGray&apos; already exists. In file://soft/jdk_hd/Linux/jdk1.5.0_12/jre/lib/rt.jar : A type definition for &apos;java::awt::color::ProfileDataException&apos; already exists. In file://soft/jdk_hd/Linux/jdk1.5.0_12/jre/lib/rt.jar : A type definition for &apos;java::awt::datatransfer::FlavorEvent&apos; already exists. In file://soft/jdk_hd/Linux/jdk1.5.0_12/jre/lib/rt.jar : A type definition for &apos;java::awt::datatransfer::FlavorListener&apos; already exists. In file://soft/jdk_hd/Linux/jdk1.5.0_12/jre/lib/rt.jar : A type definition for &apos;java::awt::datatransfer::MimeTypeParseException&apos; already exists. In file://soft/jdk_hd/Linux/jdk1.5.0_12/jre/lib/rt.jar : A type definition for &apos;java::awt::datatransfer::StringSelection&apos; already exists. In file://soft/jdk_hd/Linux/jdk1.5.0_12/jre/lib/rt.jar : A type definition for &apos;java::awt::datatransfer::UnsupportedFlavorException&apos; already exists. In file://soft/jdk_hd/Linux/jdk1.5.0_12/jre/lib/rt.jar : A type definition for &apos;java::awt::dnd::Autoscroll&apos; already exists. In file://soft/jdk_hd/Linux/jdk1.5.0_12/jre/lib/rt.jar : A type definition for &apos;java::awt::dnd::DnDConstants&apos; already exists. In file://soft/jdk_hd/Linux/jdk1.5.0_12/jre/lib/rt.jar : A type definition for &apos;java::awt::dnd::DnDEventMulticaster&apos; already exists. In file://soft/jdk_hd/Linux/jdk1.5.0_12/jre/lib/rt.jar : A type definition for &apos;java::awt::dnd::DragSourceAdapter&apos; already exists. In file://soft/jdk_hd/Linux/jdk1.5.0_12/jre/lib/rt.jar : A type definition for &apos;java::awt::dnd::DragSourceContext&apos; already exists. In file://soft/jdk_hd/Linux/jdk1.5.0_12/jre/lib/rt.jar : A type definition for &apos;java::awt::dnd::DragSourceDragEvent&apos; already exists. In file://soft/jdk_hd/Linux/jdk1.5.0_12/jre/lib/rt.jar : A type definition for &apos;java::awt::dnd::DragSourceDropEvent&apos; already exists. In file://soft/jdk_hd/Linux/jdk1.5.0_12/jre/lib/rt.jar : A type definition for &apos;java::awt::dnd::DragSourceEvent&apos; already exists. In file://soft/jdk_hd/Linux/jdk1.5.0_12/jre/lib/rt.jar : A type definition for &apos;java::awt::dnd::DragSourceListener&apos; already exists. In file://soft/jdk_hd/Linux/jdk1.5.0_12/jre/lib/rt.jar : A type definition for &apos;java::awt::dnd::DragSourceMotionListener&apos; already exists. In file://soft/jdk_hd/Linux/jdk1.5.0_12/jre/lib/rt.jar : A type definition for &apos;java::awt::dnd::DropTargetAdapter&apos; already exists. In file://soft/jdk_hd/Linux/jdk1.5.0_12/jre/lib/rt.jar : A type definition for &apos;java::awt::dnd::DropTargetDragEvent&apos; already exists. In file://soft/jdk_hd/Linux/jdk1.5.0_12/jre/lib/rt.jar : A type definition for &apos;java::awt::dnd::DropTargetDropEvent&apos; already exists. In file://soft/jdk_hd/Linux/jdk1.5.0_12/jre/lib/rt.jar : A type definition for &apos;java::awt::dnd::DropTargetEvent&apos; already exists. In file://soft/jdk_hd/Linux/jdk1.5.0_12/jre/lib/rt.jar : A type definition for &apos;java::awt::dnd::MouseDragGestureRecognizer&apos; already exists. In file://soft/jdk_hd/Linux/jdk1.5.0_12/jre/lib/rt.jar : A type definition for &apos;java::awt::dnd::SerializationTester&apos; already exists. In file://soft/jdk_hd/Linux/jdk1.5.0_12/jre/lib/rt.jar : A type definition for &apos;java::awt::event::ContainerAdapter&apos; already exists. In file://soft/jdk_hd/Linux/jdk1.5.0_12/jre/lib/rt.jar : A type definition for &apos;java::awt::event::HierarchyBoundsAdapter&apos; already exists. In file://soft/jdk_hd/Linux/jdk1.5.0_12/jre/lib/rt.jar : A type definition for &apos;java::awt::event::TextEvent&apos; already exists. In file://soft/jdk_hd/Linux/jdk1.5.0_12/jre/lib/rt.jar : A type definition for &apos;java::awt::font::CharArrayIterator&apos; already exists. In file://soft/jdk_hd/Linux/jdk1.5.0_12/jre/lib/rt.jar : A type definition for &apos;java::awt::font::GlyphJustificationInfo&apos; already exists. In file://soft/jdk_hd/Linux/jdk1.5.0_12/jre/lib/rt.jar : A type definition for &apos;java::awt::font::GlyphMetrics&apos; already exists. In file://soft/jdk_hd/Linux/jdk1.5.0_12/jre/lib/rt.jar : A type definition for &apos;java::awt::font::GraphicAttribute&apos; already exists. In file://soft/jdk_hd/Linux/jdk1.5.0_12/jre/lib/rt.jar : A type definition for &apos;java::awt::font::ImageGraphicAttribute&apos; already exists. In file://soft/jdk_hd/Linux/jdk1.5.0_12/jre/lib/rt.jar : A type definition for &apos;java::awt::font::LineBreakMeasurer&apos; already exists. In file://soft/jdk_hd/Linux/jdk1.5.0_12/jre/lib/rt.jar : A type definition for &apos;java::awt::font::MultipleMaster&apos; already exists. In file://soft/jdk_hd/Linux/jdk1.5.0_12/jre/lib/rt.jar : A type definition for &apos;java::awt::font::NumericShaper&apos; already exists. In file://soft/jdk_hd/Linux/jdk1.5.0_12/jre/lib/rt.jar : A type definition for &apos;java::awt::font::OpenType&apos; already exists. In file://soft/jdk_hd/Linux/jdk1.5.0_12/jre/lib/rt.jar : A type definition for &apos;java::awt::font::ShapeGraphicAttribute&apos; already exists. In file://soft/jdk_hd/Linux/jdk1.5.0_12/jre/lib/rt.jar : A type definition for &apos;java::awt::font::StyledParagraph&apos; already exists. In file://soft/jdk_hd/Linux/jdk1.5.0_12/jre/lib/rt.jar : A type definition for &apos;java::awt::font::TextHitInfo&apos; already exists. In file://soft/jdk_hd/Linux/jdk1.5.0_12/jre/lib/rt.jar : A type definition for &apos;java::awt::font::TextJustifier&apos; already exists. In file://soft/jdk_hd/Linux/jdk1.5.0_12/jre/lib/rt.jar : A type definition for &apos;java::awt::font::TextLayout&apos; already exists. In file://soft/jdk_hd/Linux/jdk1.5.0_12/jre/lib/rt.jar : A type definition for &apos;java::awt::font::TextLine&apos; already exists. In file://soft/jdk_hd/Linux/jdk1.5.0_12/jre/lib/rt.jar : A type definition for &apos;java::awt::font::TextMeasurer&apos; already exists. In file://soft/jdk_hd/Linux/jdk1.5.0_12/jre/lib/rt.jar : A type definition for &apos;java::awt::geom::Arc2D&apos; already exists. In file://soft/jdk_hd/Linux/jdk1.5.0_12/jre/lib/rt.jar : A type definition for &apos;java::awt::geom::ArcIterator&apos; already exists. In file://soft/jdk_hd/Linux/jdk1.5.0_12/jre/lib/rt.jar : A type definition for &apos;java::awt::geom::Area&apos; already exists. In file://soft/jdk_hd/Linux/jdk1.5.0_12/jre/lib/rt.jar : A type definition for &apos;java::awt::geom::AreaIterator&apos; already exists. In file://soft/jdk_hd/Linux/jdk1.5.0_12/jre/lib/rt.jar : A type definition for &apos;java::awt::geom::CubicCurve2D&apos; already exists. In file://soft/jdk_hd/Linux/jdk1.5.0_12/jre/lib/rt.jar : A type definition for &apos;java::awt::geom::CubicIterator&apos; already exists. In file://soft/jdk_hd/Linux/jdk1.5.0_12/jre/lib/rt.jar : A type definition for &apos;java::awt::geom::Ellipse2D&apos; already exists. In file://soft/jdk_hd/Linux/jdk1.5.0_12/jre/lib/rt.jar : A type definition for &apos;java::awt::geom::EllipseIterator&apos; already exists. In file://soft/jdk_hd/Linux/jdk1.5.0_12/jre/lib/rt.jar : A type definition for &apos;java::awt::geom::FlatteningPathIterator&apos; already exists. In file://soft/jdk_hd/Linux/jdk1.5.0_12/jre/lib/rt.jar : A type definition for &apos;java::awt::geom::GeneralPathIterator&apos; already exists. In file://soft/jdk_hd/Linux/jdk1.5.0_12/jre/lib/rt.jar : A type definition for &apos;java::awt::geom::IllegalPathStateException&apos; already exists. In file://soft/jdk_hd/Linux/jdk1.5.0_12/jre/lib/rt.jar : A type definition for &apos;java::awt::geom::Line2D&apos; already exists. In file://soft/jdk_hd/Linux/jdk1.5.0_12/jre/lib/rt.jar : A type definition for &apos;java::awt::geom::LineIterator&apos; already exists. In file://soft/jdk_hd/Linux/jdk1.5.0_12/jre/lib/rt.jar : A type definition for &apos;java::awt::geom::NoninvertibleTransformException&apos; already exists. In file://soft/jdk_hd/Linux/jdk1.5.0_12/jre/lib/rt.jar : A type definition for &apos;java::awt::geom::PathIterator&apos; already exists. In file://soft/jdk_hd/Linux/jdk1.5.0_12/jre/lib/rt.jar : A type definition for &apos;java::awt::geom::QuadCurve2D&apos; already exists. In file://soft/jdk_hd/Linux/jdk1.5.0_12/jre/lib/rt.jar : A type definition for &apos;java::awt::geom::QuadIterator&apos; already exists. In file://soft/jdk_hd/Linux/jdk1.5.0_12/jre/lib/rt.jar : A type definition for &apos;java::awt::geom::RectIterator&apos; already exists. In file://soft/jdk_hd/Linux/jdk1.5.0_12/jre/lib/rt.jar : A type definition for &apos;java::awt::geom::RoundRectIterator&apos; already exists. In file://soft/jdk_hd/Linux/jdk1.5.0_12/jre/lib/rt.jar : A type definition for &apos;java::awt::geom::RoundRectangle2D&apos; already exists. In file://soft/jdk_hd/Linux/jdk1.5.0_12/jre/lib/rt.jar : A type definition for &apos;java::awt::im::InputSubset&apos; already exists. In file://soft/jdk_hd/Linux/jdk1.5.0_12/jre/lib/rt.jar : A type definition for &apos;java::awt::image::AffineTransformOp&apos; already exists. In file://soft/jdk_hd/Linux/jdk1.5.0_12/jre/lib/rt.jar : A type definition for &apos;java::awt::image::AreaAveragingScaleFilter&apos; already exists. In file://soft/jdk_hd/Linux/jdk1.5.0_12/jre/lib/rt.jar : A type definition for &apos;java::awt::image::BandCombineOp&apos; already exists. In file://soft/jdk_hd/Linux/jdk1.5.0_12/jre/lib/rt.jar : A type definition for &apos;java::awt::image::BandedSampleModel&apos; already exists. In file://soft/jdk_hd/Linux/jdk1.5.0_12/jre/lib/rt.jar : A type definition for &apos;java::awt::image::BufferedImageFilter&apos; already exists. In file://soft/jdk_hd/Linux/jdk1.5.0_12/jre/lib/rt.jar : A type definition for &apos;java::awt::image::BufferedImageOp&apos; already exists. In file://soft/jdk_hd/Linux/jdk1.5.0_12/jre/lib/rt.jar : A type definition for &apos;java::awt::image::ByteLookupTable&apos; already exists. In file://soft/jdk_hd/Linux/jdk1.5.0_12/jre/lib/rt.jar : A type definition for &apos;java::awt::image::ColorConvertOp&apos; already exists. In file://soft/jdk_hd/Linux/jdk1.5.0_12/jre/lib/rt.jar : A type definition for &apos;java::awt::image::ComponentColorModel&apos; already exists. In file://soft/jdk_hd/Linux/jdk1.5.0_12/jre/lib/rt.jar : A type definition for &apos;java::awt::image::ConvolveOp&apos; already exists. In file://soft/jdk_hd/Linux/jdk1.5.0_12/jre/lib/rt.jar : A type definition for &apos;java::awt::image::CropImageFilter&apos; already exists. In file://soft/jdk_hd/Linux/jdk1.5.0_12/jre/lib/rt.jar : A type definition for &apos;java::awt::image::DataBufferDouble&apos; already exists. In file://soft/jdk_hd/Linux/jdk1.5.0_12/jre/lib/rt.jar : A type definition for &apos;java::awt::image::DataBufferFloat&apos; already exists. In file://soft/jdk_hd/Linux/jdk1.5.0_12/jre/lib/rt.jar : A type definition for &apos;java::awt::image::DataBufferShort&apos; already exists. In file://soft/jdk_hd/Linux/jdk1.5.0_12/jre/lib/rt.jar : A type definition for &apos;java::awt::image::DataBufferUShort&apos; already exists. In file://soft/jdk_hd/Linux/jdk1.5.0_12/jre/lib/rt.jar : A type definition for &apos;java::awt::image::ImagingOpException&apos; already exists. In file://soft/jdk_hd/Linux/jdk1.5.0_12/jre/lib/rt.jar : A type definition for &apos;java::awt::image::Kernel&apos; already exists. In file://soft/jdk_hd/Linux/jdk1.5.0_12/jre/lib/rt.jar : A type definition for &apos;java::awt::image::LookupOp&apos; already exists. In file://soft/jdk_hd/Linux/jdk1.5.0_12/jre/lib/rt.jar : A type definition for &apos;java::awt::image::LookupTable&apos; already exists. In file://soft/jdk_hd/Linux/jdk1.5.0_12/jre/lib/rt.jar : A type definition for &apos;java::awt::image::MemoryImageSource&apos; already exists. In file://soft/jdk_hd/Linux/jdk1.5.0_12/jre/lib/rt.jar : A type definition for &apos;java::awt::image::MultiPixelPackedSampleModel&apos; already exists. In file://soft/jdk_hd/Linux/jdk1.5.0_12/jre/lib/rt.jar : A type definition for &apos;java::awt::image::PixelGrabber&apos; already exists. In file://soft/jdk_hd/Linux/jdk1.5.0_12/jre/lib/rt.jar : A type definition for &apos;java::awt::image::RasterFormatException&apos; already exists. In file://soft/jdk_hd/Linux/jdk1.5.0_12/jre/lib/rt.jar : A type definition for &apos;java::awt::image::RasterOp&apos; already exists. In file://soft/jdk_hd/Linux/jdk1.5.0_12/jre/lib/rt.jar : A type definition for &apos;java::awt::image::ReplicateScaleFilter&apos; already exists. In file://soft/jdk_hd/Linux/jdk1.5.0_12/jre/lib/rt.jar : A type definition for &apos;java::awt::image::RescaleOp&apos; already exists. In file://soft/jdk_hd/Linux/jdk1.5.0_12/jre/lib/rt.jar : A type definition for &apos;java::awt::image::ShortLookupTable&apos; already exists. In file://soft/jdk_hd/Linux/jdk1.5.0_12/jre/lib/rt.jar : A type definition for &apos;java::awt::image::TileObserver&apos; already exists. In file://soft/jdk_hd/Linux/jdk1.5.0_12/jre/lib/rt.jar : A type definition for &apos;java::awt::image::renderable::ContextualRenderedImageFactory&apos; already exists. In file://soft/jdk_hd/Linux/jdk1.5.0_12/jre/lib/rt.jar : A type definition for &apos;java::awt::image::renderable::ParameterBlock&apos; already exists. In file://soft/jdk_hd/Linux/jdk1.5.0_12/jre/lib/rt.jar : A type definition for &apos;java::awt::image::renderable::RenderContext&apos; already exists. In file://soft/jdk_hd/Linux/jdk1.5.0_12/jre/lib/rt.jar : A type definition for &apos;java::awt::image::renderable::RenderableImage&apos; already exists. In file://soft/jdk_hd/Linux/jdk1.5.0_12/jre/lib/rt.jar : A type definition for &apos;java::awt::image::renderable::RenderableImageOp&apos; already exists. In file://soft/jdk_hd/Linux/jdk1.5.0_12/jre/lib/rt.jar : A type definition for &apos;java::awt::image::renderable::RenderableImageProducer&apos; already exists. In file://soft/jdk_hd/Linux/jdk1.5.0_12/jre/lib/rt.jar : A type definition for &apos;java::awt::image::renderable::RenderedImageFactory&apos; already exists. In file://soft/jdk_hd/Linux/jdk1.5.0_12/jre/lib/rt.jar : A type definition for &apos;java::awt::peer::ButtonPeer&apos; already exists. In file://soft/jdk_hd/Linux/jdk1.5.0_12/jre/lib/rt.jar : A type definition for &apos;java::awt::peer::CheckboxMenuItemPeer&apos; already exists. In file://soft/jdk_hd/Linux/jdk1.5.0_12/jre/lib/rt.jar : A type definition for &apos;java::awt::peer::CheckboxPeer&apos; already exists. In file://soft/jdk_hd/Linux/jdk1.5.0_12/jre/lib/rt.jar : A type definition for &apos;java::awt::peer::ChoicePeer&apos; already exists. In file://soft/jdk_hd/Linux/jdk1.5.0_12/jre/lib/rt.jar : A type definition for &apos;java::awt::peer::DialogPeer&apos; already exists. In file://soft/jdk_hd/Linux/jdk1.5.0_12/jre/lib/rt.jar : A type definition for &apos;java::awt::peer::FileDialogPeer&apos; already exists. In file://soft/jdk_hd/Linux/jdk1.5.0_12/jre/lib/rt.jar : A type definition for &apos;java::awt::peer::FontPeer&apos; already exists. In file://soft/jdk_hd/Linux/jdk1.5.0_12/jre/lib/rt.jar : A type definition for &apos;java::awt::peer::LabelPeer&apos; already exists. In file://soft/jdk_hd/Linux/jdk1.5.0_12/jre/lib/rt.jar : A type definition for &apos;java::awt::peer::ListPeer&apos; already exists. In file://soft/jdk_hd/Linux/jdk1.5.0_12/jre/lib/rt.jar : A type definition for &apos;java::awt::peer::MenuBarPeer&apos; already exists. In file://soft/jdk_hd/Linux/jdk1.5.0_12/jre/lib/rt.jar : A type definition for &apos;java::awt::peer::MenuItemPeer&apos; already exists. In file://soft/jdk_hd/Linux/jdk1.5.0_12/jre/lib/rt.jar : A type definition for &apos;java::awt::peer::MenuPeer&apos; already exists. In file://soft/jdk_hd/Linux/jdk1.5.0_12/jre/lib/rt.jar : A type definition for &apos;java::awt::peer::MouseInfoPeer&apos; already exists. In file://soft/jdk_hd/Linux/jdk1.5.0_12/jre/lib/rt.jar : A type definition for &apos;java::awt::peer::PopupMenuPeer&apos; already exists. In file://soft/jdk_hd/Linux/jdk1.5.0_12/jre/lib/rt.jar : A type definition for &apos;java::awt::peer::RobotPeer&apos; already exists. In file://soft/jdk_hd/Linux/jdk1.5.0_12/jre/lib/rt.jar : A type definition for &apos;java::awt::peer::ScrollPanePeer&apos; already exists. In file://soft/jdk_hd/Linux/jdk1.5.0_12/jre/lib/rt.jar : A type definition for &apos;java::awt::peer::ScrollbarPeer&apos; already exists. In file://soft/jdk_hd/Linux/jdk1.5.0_12/jre/lib/rt.jar : A type definition for &apos;java::awt::peer::TextAreaPeer&apos; already exists. In file://soft/jdk_hd/Linux/jdk1.5.0_12/jre/lib/rt.jar : A type definition for &apos;java::awt::peer::TextComponentPeer&apos; already exists. In file://soft/jdk_hd/Linux/jdk1.5.0_12/jre/lib/rt.jar : A type definition for &apos;java::awt::peer::TextFieldPeer&apos; already exists. In file://soft/jdk_hd/Linux/jdk1.5.0_12/jre/lib/rt.jar : A type definition for &apos;java::awt::print::Book&apos; already exists. In file://soft/jdk_hd/Linux/jdk1.5.0_12/jre/lib/rt.jar : A type definition for &apos;java::awt::print::Pageable&apos; already exists. In file://soft/jdk_hd/Linux/jdk1.5.0_12/jre/lib/rt.jar : A type definition for &apos;java::awt::print::Paper&apos; already exists. In file://soft/jdk_hd/Linux/jdk1.5.0_12/jre/lib/rt.jar : A type definition for &apos;java::awt::print::Printable&apos; already exists. In file://soft/jdk_hd/Linux/jdk1.5.0_12/jre/lib/rt.jar : A type definition for &apos;java::awt::print::PrinterIOException&apos; already exists. In file://soft/jdk_hd/Linux/jdk1.5.0_12/jre/lib/rt.jar : A type definition for &apos;java::io::CharArrayReader&apos; already exists. In file://soft/jdk_hd/Linux/jdk1.5.0_12/jre/lib/rt.jar : A type definition for &apos;java::io::FilterWriter&apos; already exists. In file://soft/jdk_hd/Linux/jdk1.5.0_12/jre/lib/rt.jar : A type definition for &apos;java::io::LineNumberInputStream&apos; already exists. In file://soft/jdk_hd/Linux/jdk1.5.0_12/jre/lib/rt.jar : A type definition for &apos;java::io::LineNumberReader&apos; already exists. In file://soft/jdk_hd/Linux/jdk1.5.0_12/jre/lib/rt.jar : A type definition for &apos;java::io::NotActiveException&apos; already exists. In file://soft/jdk_hd/Linux/jdk1.5.0_12/jre/lib/rt.jar : A type definition for &apos;java::io::PipedInputStream&apos; already exists. In file://soft/jdk_hd/Linux/jdk1.5.0_12/jre/lib/rt.jar : A type definition for &apos;java::io::PipedOutputStream&apos; already exists. In file://soft/jdk_hd/Linux/jdk1.5.0_12/jre/lib/rt.jar : A type definition for &apos;java::io::PipedReader&apos; already exists. In file://soft/jdk_hd/Linux/jdk1.5.0_12/jre/lib/rt.jar : A type definition for &apos;java::io::PipedWriter&apos; already exists. In file://soft/jdk_hd/Linux/jdk1.5.0_12/jre/lib/rt.jar : A type definition for &apos;java::io::PushbackReader&apos; already exists. In file://soft/jdk_hd/Linux/jdk1.5.0_12/jre/lib/rt.jar : A type definition for &apos;java::io::SequenceInputStream&apos; already exists. In file://soft/jdk_hd/Linux/jdk1.5.0_12/jre/lib/rt.jar : A type definition for &apos;java::io::SerializablePermission&apos; already exists. In file://soft/jdk_hd/Linux/jdk1.5.0_12/jre/lib/rt.jar : A type definition for &apos;java::io::StreamCorruptedException&apos; already exists. In file://soft/jdk_hd/Linux/jdk1.5.0_12/jre/lib/rt.jar : A type definition for &apos;java::io::StringBufferInputStream&apos; already exists. In file://soft/jdk_hd/Linux/jdk1.5.0_12/jre/lib/rt.jar : A type definition for &apos;java::io::UTFDataFormatException&apos; already exists. In file://soft/jdk_hd/Linux/jdk1.5.0_12/jre/lib/rt.jar : A type definition for &apos;java::io::WriteAbortedException&apos; already exists. In file://soft/jdk_hd/Linux/jdk1.5.0_12/jre/lib/rt.jar : A type definition for &apos;java::awt::AWTError&apos; already exists. In file://soft/jdk_hd/Linux/jdk1.5.0_12/jre/lib/rt.jar : A type definition for &apos;java::awt::print::PageFormat&apos; already exists. In file://soft/jdk_hd/Linux/jdk1.5.0_12/jre/lib/rt.jar : A type definition for &apos;java::awt::AWTPermission&apos; already exists. In file://soft/jdk_hd/Linux/jdk1.5.0_12/jre/lib/rt.jar : A type definition for &apos;java::awt::print::PrinterJob&apos; already exists. In file://soft/jdk_hd/Linux/jdk1.5.0_12/jre/lib/rt.jar : A type definition for &apos;java::awt::print::PrinterAbortException&apos; already exists. In file://soft/jdk_hd/Linux/jdk1.5.0_12/jre/lib/rt.jar : A type definition for &apos;java::awt::print::PrinterException&apos; already exists. In file://soft/jdk_hd/Linux/jdk1.5.0_12/jre/lib/rt.jar : A type definition for &apos;java::io::OptionalDataException&apos; already exists. In file://soft/jdk_hd/Linux/jdk1.5.0_12/jre/lib/rt.jar : A type definition for &apos;java::io::CharArrayWriter&apos; already exists. In file://soft/jdk_hd/Linux/jdk1.5.0_12/jre/lib/rt.jar : A type definition for &apos;java::io::CharConversionException&apos; already exists. In file://soft/jdk_hd/Linux/jdk1.5.0_12/jre/lib/rt.jar : A type definition for &apos;java::awt::GraphicsCallback&apos; already exists. In file://soft/jdk_hd/Linux/jdk1.5.0_12/jre/lib/rt.jar : A type definition for &apos;java::io::ObjectInputValidation&apos; already exists. In file://soft/jdk_hd/Linux/jdk1.5.0_12/jre/lib/rt.jar : A type definition for &apos;java::io::SyncFailedException&apos; already exists. In file://soft/jdk_hd/Linux/jdk1.5.0_12/jre/lib/rt.jar : A type definition for &apos;java::io::NotSerializableException&apos; already exists. In file://soft/jdk_hd/Linux/jdk1.5.0_12/jre/lib/rt.jar : A type definition for &apos;java::io::InvalidObjectException&apos; already exists. In file://soft/jdk_hd/Linux/jdk1.5.0_12/jre/lib/rt.jar : A type definition for &apos;java::io::FileFilter&apos; already exists. In file://soft/jdk_hd/Linux/jdk1.5.0_12/jre/lib/rt.jar : A type definition for &apos;java::awt::im::spi::InputMethod&apos; already exists. In file://soft/jdk_hd/Linux/jdk1.5.0_12/jre/lib/rt.jar : A type definition for &apos;java::awt::SentEvent&apos; already exists. In file://soft/jdk_hd/Linux/jdk1.5.0_12/jre/lib/rt.jar : A type definition for &apos;java::awt::dnd::peer::DropTargetContextPeer&apos; already exists. In file://soft/jdk_hd/Linux/jdk1.5.0_12/jre/lib/rt.jar : A type definition for &apos;java::io::InvalidClassException&apos; already exists. In file://soft/jdk_hd/Linux/jdk1.5.0_12/jre/lib/rt.jar : A type definition for &apos;java::io::ObjectStreamException&apos; already exists. In file://soft/jdk_hd/Linux/jdk1.5.0_12/jre/lib/rt.jar : A type definition for &apos;java::io::DataOutputStream&apos; already exists. In file://soft/jdk_hd/Linux/jdk1.5.0_12/jre/lib/rt.jar : A type definition for &apos;java::io::Bits&apos; already exists. In file://soft/jdk_hd/Linux/jdk1.5.0_12/jre/lib/rt.jar : A type definition for &apos;java::awt::FontFormatException&apos; already exists. In file://soft/jdk_hd/Linux/jdk1.5.0_12/jre/lib/rt.jar : A type definition for &apos;java::io::InterruptedIOException&apos; already exists. In file://soft/jdk_hd/Linux/jdk1.5.0_12/jre/lib/rt.jar : A type definition for &apos;java::awt::event::ItemEvent&apos; already exists. In file://soft/jdk_hd/Linux/jdk1.5.0_12/jre/lib/rt.jar : A type definition for &apos;java::awt::GridLayout&apos; already exists. In file://soft/jdk_hd/Linux/jdk1.5.0_12/jre/lib/rt.jar : A type definition for &apos;java::awt::image::FilteredImageSource&apos; already exists. In file://soft/jdk_hd/Linux/jdk1.5.0_12/jre/lib/rt.jar : A type definition for &apos;java::awt::image::RGBImageFilter&apos; already exists. In file://soft/jdk_hd/Linux/jdk1.5.0_12/jre/lib/rt.jar : A type definition for &apos;java::awt::image::ImageFilter&apos; already exists. In file://soft/jdk_hd/Linux/jdk1.5.0_12/jre/lib/rt.jar : A type definition for &apos;java::awt::PrintGraphics&apos; already exists. In file://soft/jdk_hd/Linux/jdk1.5.0_12/jre/lib/rt.jar : A type definition for &apos;java::awt::print::PrinterGraphics&apos; already exists. In file://soft/jdk_hd/Linux/jdk1.5.0_12/jre/lib/rt.jar : A type definition for &apos;java::io::PushbackInputStream&apos; already exists. In file://soft/jdk_hd/Linux/jdk1.5.0_12/jre/lib/rt.jar : A type definition for &apos;java::io::UnsupportedEncodingException&apos; already exists. In file://soft/jdk_hd/Linux/jdk1.5.0_12/jre/lib/rt.jar : A type definition for &apos;java::io::StringWriter&apos; already exists. In file://soft/jdk_hd/Linux/jdk1.5.0_12/jre/lib/rt.jar : A type definition for &apos;java::awt::SequencedEvent&apos; already exists. In file://soft/jdk_hd/Linux/jdk1.5.0_12/jre/lib/rt.jar : A type definition for &apos;java::awt::event::WindowEvent&apos; already exists. In file://soft/jdk_hd/Linux/jdk1.5.0_12/jre/lib/rt.jar : A type definition for &apos;java::awt::MenuBar&apos; already exists. In file://soft/jdk_hd/Linux/jdk1.5.0_12/jre/lib/rt.jar : A type definition for &apos;java::awt::event::AdjustmentEvent&apos; already exists. In file://soft/jdk_hd/Linux/jdk1.5.0_12/jre/lib/rt.jar : A type definition for &apos;java::awt::im::spi::InputMethodDescriptor&apos; already exists. In file://soft/jdk_hd/Linux/jdk1.5.0_12/jre/lib/rt.jar : A type definition for &apos;java::awt::im::spi::InputMethodContext&apos; already exists. In file://soft/jdk_hd/Linux/jdk1.5.0_12/jre/lib/rt.jar : A type definition for &apos;java::awt::Panel&apos; already exists. In file://soft/jdk_hd/Linux/jdk1.5.0_12/jre/lib/rt.jar : A type definition for &apos;java::awt::datatransfer::ClipboardOwner&apos; already exists. In file://soft/jdk_hd/Linux/jdk1.5.0_12/jre/lib/rt.jar : A type definition for &apos;java::awt::event::ComponentAdapter&apos; already exists. In file://soft/jdk_hd/Linux/jdk1.5.0_12/jre/lib/rt.jar : A type definition for &apos;java::awt::dnd::DropTargetContext&apos; already exists. In file://soft/jdk_hd/Linux/jdk1.5.0_12/jre/lib/rt.jar : A type definition for &apos;java::awt::font::LineMetrics&apos; already exists. In file://soft/jdk_hd/Linux/jdk1.5.0_12/jre/lib/rt.jar : A type definition for &apos;java::awt::font::GlyphVector&apos; already exists. In file://soft/jdk_hd/Linux/jdk1.5.0_12/jre/lib/rt.jar : A type definition for &apos;java::awt::RenderingHints&apos; already exists. In file://soft/jdk_hd/Linux/jdk1.5.0_12/jre/lib/rt.jar : A type definition for &apos;java::awt::Adjustable&apos; already exists. In file://soft/jdk_hd/Linux/jdk1.5.0_12/jre/lib/rt.jar : A type definition for &apos;java::awt::event::WindowAdapter&apos; already exists. In file://soft/jdk_hd/Linux/jdk1.5.0_12/jre/lib/rt.jar : A type definition for &apos;java::awt::event::FocusAdapter&apos; already exists. In file://soft/jdk_hd/Linux/jdk1.5.0_12/jre/lib/rt.jar : A type definition for &apos;java::awt::event::AWTEventListenerProxy&apos; already exists. In file://soft/jdk_hd/Linux/jdk1.5.0_12/jre/lib/rt.jar : A type definition for &apos;java::awt::event::ContainerEvent&apos; already exists. In file://soft/jdk_hd/Linux/jdk1.5.0_12/jre/lib/rt.jar : A type definition for &apos;java::awt::CardLayout&apos; already exists. In file://soft/jdk_hd/Linux/jdk1.5.0_12/jre/lib/rt.jar : A type definition for &apos;java::awt::AWTEventMulticaster&apos; already exists. In file://soft/jdk_hd/Linux/jdk1.5.0_12/jre/lib/rt.jar : A type definition for &apos;java::awt::event::TextListener&apos; already exists. In file://soft/jdk_hd/Linux/jdk1.5.0_12/jre/lib/rt.jar : A type definition for &apos;java::awt::event::AdjustmentListener&apos; already exists. In file://soft/jdk_hd/Linux/jdk1.5.0_12/jre/lib/rt.jar : A type definition for &apos;java::awt::event::WindowStateListener&apos; already exists. In file://soft/jdk_hd/Linux/jdk1.5.0_12/jre/lib/rt.jar : A type definition for &apos;java::awt::event::WindowFocusListener&apos; already exists. In file://soft/jdk_hd/Linux/jdk1.5.0_12/jre/lib/rt.jar : A type definition for &apos;java::awt::event::ItemListener&apos; already exists. In file://soft/jdk_hd/Linux/jdk1.5.0_12/jre/lib/rt.jar : A type definition for &apos;java::awt::VKCollection&apos; already exists. In file://soft/jdk_hd/Linux/jdk1.5.0_12/jre/lib/rt.jar : A type definition for &apos;java::awt::FlowLayout&apos; already exists. In file://soft/jdk_hd/Linux/jdk1.5.0_12/jre/lib/rt.jar : A type definition for &apos;java::awt::event::MouseMotionAdapter&apos; already exists. In file://soft/jdk_hd/Linux/jdk1.5.0_12/jre/lib/rt.jar : A type definition for &apos;java::awt::event::MouseAdapter&apos; already exists. In file://soft/jdk_hd/Linux/jdk1.5.0_12/jre/lib/rt.jar : A type definition for &apos;java::awt::event::ActionListener&apos; already exists. In file://soft/jdk_hd/Linux/jdk1.5.0_12/jre/lib/rt.jar : A type definition for &apos;java::io::EOFException&apos; already exists. In file://soft/jdk_hd/Linux/jdk1.5.0_12/jre/lib/rt.jar : A type definition for &apos;java::awt::datatransfer::Transferable&apos; already exists. In file://soft/jdk_hd/Linux/jdk1.5.0_12/jre/lib/rt.jar : A type definition for &apos;java::awt::datatransfer::DataFlavor&apos; already exists. In file://soft/jdk_hd/Linux/jdk1.5.0_12/jre/lib/rt.jar : A type definition for &apos;java::awt::datatransfer::MimeTypeParameterList&apos; already exists. In file://soft/jdk_hd/Linux/jdk1.5.0_12/jre/lib/rt.jar : A type definition for &apos;java::awt::datatransfer::MimeType&apos; already exists. In file://soft/jdk_hd/Linux/jdk1.5.0_12/jre/lib/rt.jar : A type definition for &apos;java::io::Externalizable&apos; already exists. In file://soft/jdk_hd/Linux/jdk1.5.0_12/jre/lib/rt.jar : A type definition for &apos;java::awt::datatransfer::SystemFlavorMap&apos; already exists. In file://soft/jdk_hd/Linux/jdk1.5.0_12/jre/lib/rt.jar : A type definition for &apos;java::awt::datatransfer::FlavorTable&apos; already exists. In file://soft/jdk_hd/Linux/jdk1.5.0_12/jre/lib/rt.jar : A type definition for &apos;java::awt::datatransfer::FlavorMap&apos; already exists. In file://soft/jdk_hd/Linux/jdk1.5.0_12/jre/lib/rt.jar : A type definition for &apos;java::io::FilterReader&apos; already exists. In file://soft/jdk_hd/Linux/jdk1.5.0_12/jre/lib/rt.jar : A type definition for &apos;java::io::StringReader&apos; already exists. In file://soft/jdk_hd/Linux/jdk1.5.0_12/jre/lib/rt.jar : A type definition for &apos;java::awt::image::SinglePixelPackedSampleModel&apos; already exists. In file://soft/jdk_hd/Linux/jdk1.5.0_12/jre/lib/rt.jar : A type definition for &apos;java::awt::image::DataBufferInt&apos; already exists. In file://soft/jdk_hd/Linux/jdk1.5.0_12/jre/lib/rt.jar : A type definition for &apos;java::awt::event::ActionEvent&apos; already exists. In file://soft/jdk_hd/Linux/jdk1.5.0_12/jre/lib/rt.jar : A type definition for &apos;java::awt::EventQueueItem&apos; already exists. In file://soft/jdk_hd/Linux/jdk1.5.0_12/jre/lib/rt.jar : A type definition for &apos;java::awt::event::InvocationEvent&apos; already exists. In file://soft/jdk_hd/Linux/jdk1.5.0_12/jre/lib/rt.jar : A type definition for &apos;java::awt::ActiveEvent&apos; already exists. In file://soft/jdk_hd/Linux/jdk1.5.0_12/jre/lib/rt.jar : A type definition for &apos;java::awt::Conditional&apos; already exists. In file://soft/jdk_hd/Linux/jdk1.5.0_12/jre/lib/rt.jar : A type definition for &apos;java::awt::event::PaintEvent&apos; already exists. In file://soft/jdk_hd/Linux/jdk1.5.0_12/jre/lib/rt.jar : A type definition for &apos;java::awt::Dialog&apos; already exists. In file://soft/jdk_hd/Linux/jdk1.5.0_12/jre/lib/rt.jar : A type definition for &apos;java::awt::peer::LightweightPeer&apos; already exists. In file://soft/jdk_hd/Linux/jdk1.5.0_12/jre/lib/rt.jar : A type definition for &apos;java::awt::peer::MenuComponentPeer&apos; already exists. In file://soft/jdk_hd/Linux/jdk1.5.0_12/jre/lib/rt.jar : A type definition for &apos;java::awt::BasicStroke&apos; already exists. In file://soft/jdk_hd/Linux/jdk1.5.0_12/jre/lib/rt.jar : A type definition for &apos;java::awt::Stroke&apos; already exists. In file://soft/jdk_hd/Linux/jdk1.5.0_12/jre/lib/rt.jar : A type definition for &apos;java::awt::AlphaComposite&apos; already exists. In file://soft/jdk_hd/Linux/jdk1.5.0_12/jre/lib/rt.jar : A type definition for &apos;java::awt::Graphics2D&apos; already exists. In file://soft/jdk_hd/Linux/jdk1.5.0_12/jre/lib/rt.jar : A type definition for &apos;java::awt::Composite&apos; already exists. In file://soft/jdk_hd/Linux/jdk1.5.0_12/jre/lib/rt.jar : A type definition for &apos;java::awt::event::InputMethodEvent&apos; already exists. In file://soft/jdk_hd/Linux/jdk1.5.0_12/jre/lib/rt.jar : A type definition for &apos;java::awt::event::HierarchyEvent&apos; already exists. In file://soft/jdk_hd/Linux/jdk1.5.0_12/jre/lib/rt.jar : A type definition for &apos;java::awt::event::FocusEvent&apos; already exists. In file://soft/jdk_hd/Linux/jdk1.5.0_12/jre/lib/rt.jar : A type definition for &apos;java::awt::im::InputMethodRequests&apos; already exists. In file://soft/jdk_hd/Linux/jdk1.5.0_12/jre/lib/rt.jar : A type definition for &apos;java::awt::im::InputContext&apos; already exists. In file://soft/jdk_hd/Linux/jdk1.5.0_12/jre/lib/rt.jar : A type definition for &apos;java::awt::PointerInfo&apos; already exists. In file://soft/jdk_hd/Linux/jdk1.5.0_12/jre/lib/rt.jar : A type definition for &apos;java::awt::image::VolatileImage&apos; already exists. In file://soft/jdk_hd/Linux/jdk1.5.0_12/jre/lib/rt.jar : A type definition for &apos;java::awt::AWTException&apos; already exists. In file://soft/jdk_hd/Linux/jdk1.5.0_12/jre/lib/rt.jar : A type definition for &apos;java::awt::BufferCapabilities&apos; already exists. In file://soft/jdk_hd/Linux/jdk1.5.0_12/jre/lib/rt.jar : A type definition for &apos;java::awt::event::MouseWheelEvent&apos; already exists. In file://soft/jdk_hd/Linux/jdk1.5.0_12/jre/lib/rt.jar : A type definition for &apos;java::awt::event::MouseEvent&apos; already exists. In file://soft/jdk_hd/Linux/jdk1.5.0_12/jre/lib/rt.jar : A type definition for &apos;java::awt::Event&apos; already exists. In file://soft/jdk_hd/Linux/jdk1.5.0_12/jre/lib/rt.jar : A type definition for &apos;java::io::ObjectInputStream&apos; already exists. In file://soft/jdk_hd/Linux/jdk1.5.0_12/jre/lib/rt.jar : A type definition for &apos;java::io::ObjectInput&apos; already exists. In file://soft/jdk_hd/Linux/jdk1.5.0_12/jre/lib/rt.jar : A type definition for &apos;java::awt::Graphics&apos; already exists. In file://soft/jdk_hd/Linux/jdk1.5.0_12/jre/lib/rt.jar : A type definition for &apos;java::io::PrintWriter&apos; already exists. In file://soft/jdk_hd/Linux/jdk1.5.0_12/jre/lib/rt.jar : A type definition for &apos;java::io::ObjectOutputStream&apos; already exists. In file://soft/jdk_hd/Linux/jdk1.5.0_12/jre/lib/rt.jar : A type definition for &apos;java::io::ObjectStreamConstants&apos; already exists. In file://soft/jdk_hd/Linux/jdk1.5.0_12/jre/lib/rt.jar : A type definition for &apos;java::io::ObjectOutput&apos; already exists. In file://soft/jdk_hd/Linux/jdk1.5.0_12/jre/lib/rt.jar : A type definition for &apos;java::awt::PopupMenu&apos; already exists. In file://soft/jdk_hd/Linux/jdk1.5.0_12/jre/lib/rt.jar : A type definition for &apos;java::awt::Menu&apos; already exists. In file://soft/jdk_hd/Linux/jdk1.5.0_12/jre/lib/rt.jar : A type definition for &apos;java::awt::MenuItem&apos; already exists. In file://soft/jdk_hd/Linux/jdk1.5.0_12/jre/lib/rt.jar : A type definition for &apos;java::awt::MenuComponent&apos; already exists. In file://soft/jdk_hd/Linux/jdk1.5.0_12/jre/lib/rt.jar : A type definition for &apos;java::awt::event::ContainerListener&apos; already exists. In file://soft/jdk_hd/Linux/jdk1.5.0_12/jre/lib/rt.jar : A type definition for &apos;java::awt::event::InputMethodListener&apos; already exists. In file://soft/jdk_hd/Linux/jdk1.5.0_12/jre/lib/rt.jar : A type definition for &apos;java::awt::event::MouseWheelListener&apos; already exists. In file://soft/jdk_hd/Linux/jdk1.5.0_12/jre/lib/rt.jar : A type definition for &apos;java::awt::event::MouseMotionListener&apos; already exists. In file://soft/jdk_hd/Linux/jdk1.5.0_12/jre/lib/rt.jar : A type definition for &apos;java::awt::event::MouseListener&apos; already exists. In file://soft/jdk_hd/Linux/jdk1.5.0_12/jre/lib/rt.jar : A type definition for &apos;java::awt::event::HierarchyBoundsListener&apos; already exists. In file://soft/jdk_hd/Linux/jdk1.5.0_12/jre/lib/rt.jar : A type definition for &apos;java::awt::event::HierarchyListener&apos; already exists. In file://soft/jdk_hd/Linux/jdk1.5.0_12/jre/lib/rt.jar : A type definition for &apos;java::awt::event::FocusListener&apos; already exists. In file://soft/jdk_hd/Linux/jdk1.5.0_12/jre/lib/rt.jar : A type definition for &apos;java::awt::event::ComponentListener&apos; already exists. In file://soft/jdk_hd/Linux/jdk1.5.0_12/jre/lib/rt.jar : A type definition for &apos;java::awt::dnd::DropTarget&apos; already exists. In file://soft/jdk_hd/Linux/jdk1.5.0_12/jre/lib/rt.jar : A type definition for &apos;java::awt::dnd::DropTargetListener&apos; already exists. In file://soft/jdk_hd/Linux/jdk1.5.0_12/jre/lib/rt.jar : A type definition for &apos;java::awt::image::BufferStrategy&apos; already exists. In file://soft/jdk_hd/Linux/jdk1.5.0_12/jre/lib/rt.jar : A type definition for &apos;java::awt::dnd::peer::DropTargetPeer&apos; already exists. In file://soft/jdk_hd/Linux/jdk1.5.0_12/jre/lib/rt.jar : A type definition for &apos;java::awt::peer::CanvasPeer&apos; already exists. In file://soft/jdk_hd/Linux/jdk1.5.0_12/jre/lib/rt.jar : A type definition for &apos;java::awt::peer::PanelPeer&apos; already exists. In file://soft/jdk_hd/Linux/jdk1.5.0_12/jre/lib/rt.jar : A type definition for &apos;java::awt::peer::FramePeer&apos; already exists. In file://soft/jdk_hd/Linux/jdk1.5.0_12/jre/lib/rt.jar : A type definition for &apos;java::awt::peer::WindowPeer&apos; already exists. In file://soft/jdk_hd/Linux/jd
[...]
pass 2 : file:platform:/resource/fr.irisa.triskell.kermeta.io/src/kermeta/io/file_io.km
pass 2 : file:platform:/resource/fr.irisa.triskell.kermeta.io/src/kermeta/language/behavior.km
pass 2 : http://www.eclipse.org/emf/2002/Ecore
INPUT : 
package testAlias;

require ""
alias Alias : kermeta::language::structure::Object;
class A
{
	attribute s : Alias

}

------------------------ OUTPUT : ------------------ 
package testAlias;

require ""
alias Alias : kermeta::language::structure::Object;
class A
{
	attribute s : Alias

}

pass 1 : platform:/plugin/fr.irisa.triskell.kermeta.io/test/roundtrip_testcases/kmt/006_PropertyWithEcoreTypes.main.kmt
pass 1 : platform:/plugin/fr.irisa.triskell.kermeta.io/src/kermeta/Standard.km
pass 1 : file:platform:/resource/fr.irisa.triskell.kermeta.io/src/kermeta/persistence/resource.km
pass 1 : file:platform:/resource/fr.irisa.triskell.kermeta.io/src/kermeta/language/dynamic_expression.km
pass 1 : file:platform:/resource/fr.irisa.triskell.kermeta.io/src/kermeta/standard/collections.km
pass 1 : file:platform:/resource/fr.irisa.triskell.kermeta.io/src/kermeta/kunit/assert.km
pass 1 : file:platform:/resource/fr.irisa.triskell.kermeta.io/src/kermeta/language/reflective_collections.km
pass 1 : file:platform:/resource/fr.irisa.triskell.kermeta.io/src/kermeta/kunit/kunit.km
pass 1 : file:platform:/resource/fr.irisa.triskell.kermeta.io/src/kermeta/utils/hashtable.km
pass 1 : file:platform:/resource/fr.irisa.triskell.kermeta.io/src/kermeta/standard/primitive_types.km
pass 1 : file:platform:/resource/fr.irisa.triskell.kermeta.io/src/kermeta/io/std_io.km
pass 1 : file:platform:/resource/fr.irisa.triskell.kermeta.io/src/kermeta/utils/stack.km
pass 1 : file:platform:/resource/fr.irisa.triskell.kermeta.io/src/kermeta/exceptions/exceptions.km
pass 1 : file:platform:/resource/fr.irisa.triskell.kermeta.io/src/kermeta/language/structure.km
pass 1 : file:platform:/resource/fr.irisa.triskell.kermeta.io/src/kermeta/reflection/reflection.km
pass 1 : file:platform:/resource/fr.irisa.triskell.kermeta.io/src/kermeta/standard/java.km
pass 1 : file:platform:/resource/fr.irisa.triskell.kermeta.io/src/kermeta/io/file_io.km
pass 1 : file:platform:/resource/fr.irisa.triskell.kermeta.io/src/kermeta/language/behavior.km
pass 1 : http://www.eclipse.org/emf/2002/Ecore
pass 1 : platform:/plugin/fr.irisa.triskell.kermeta/lib/ecore.kmt
pass 2 : platform:/plugin/fr.irisa.triskell.kermeta.io/test/roundtrip_testcases/kmt/006_PropertyWithEcoreTypes.main.kmt
pass 2 : platform:/plugin/fr.irisa.triskell.kermeta.io/src/kermeta/Standard.km
pass 2 : file:platform:/resource/fr.irisa.triskell.kermeta.io/src/kermeta/persistence/resource.km
pass 2 : file:platform:/resource/fr.irisa.triskell.kermeta.io/src/kermeta/language/dynamic_expression.km
pass 2 : file:platform:/resource/fr.irisa.triskell.kermeta.io/src/kermeta/standard/collections.km
pass 2 : file:platform:/resource/fr.irisa.triskell.kermeta.io/src/kermeta/kunit/assert.km
pass 2 : file:platform:/resource/fr.irisa.triskell.kermeta.io/src/kermeta/language/reflective_collections.km
pass 2 : file:platform:/resource/fr.irisa.triskell.kermeta.io/src/kermeta/kunit/kunit.km
pass 2 : file:platform:/resource/fr.irisa.triskell.kermeta.io/src/kermeta/utils/hashtable.km
pass 2 : file:platform:/resource/fr.irisa.triskell.kermeta.io/src/kermeta/standard/primitive_types.km
pass 2 : file:platform:/resource/fr.irisa.triskell.kermeta.io/src/kermeta/io/std_io.km
pass 2 : file:platform:/resource/fr.irisa.triskell.kermeta.io/src/kermeta/utils/stack.km
pass 2 : file:platform:/resource/fr.irisa.triskell.kermeta.io/src/kermeta/exceptions/exceptions.km
pass 2 : file:platform:/resource/fr.irisa.triskell.kermeta.io/src/kermeta/language/structure.km
pass 2 : file:platform:/resource/fr.irisa.triskell.kermeta.io/src/kermeta/reflection/reflection.km
pass 2 : file:platform:/resource/fr.irisa.triskell.kermeta.io/src/kermeta/standard/java.km
pass 2 : file:platform:/resource/fr.irisa.triskell.kermeta.io/src/kermeta/io/file_io.km
pass 2 : file:platform:/resource/fr.irisa.triskell.kermeta.io/src/kermeta/language/behavior.km
pass 2 : http://www.eclipse.org/emf/2002/Ecore
pass 2 : platform:/plugin/fr.irisa.triskell.kermeta/lib/ecore.kmt
pass 1 : platform:/plugin/fr.irisa.triskell.kermeta.io/test/roundtrip_testcases/kmt/004_OperationBody.main.kmt
pass 1 : platform:/plugin/fr.irisa.triskell.kermeta.io/src/kermeta/Standard.km
pass 1 : file:platform:/resource/fr.irisa.triskell.kermeta.io/src/kermeta/persistence/resource.km
pass 1 : file:platform:/resource/fr.irisa.triskell.kermeta.io/src/kermeta/language/dynamic_expression.km
pass 1 : file:platform:/resource/fr.irisa.triskell.kermeta.io/src/kermeta/standard/collections.km
pass 1 : file:platform:/resource/fr.irisa.triskell.kermeta.io/src/kermeta/kunit/assert.km
pass 1 : file:platform:/resource/fr.irisa.triskell.kermeta.io/src/kermeta/language/reflective_collections.km
pass 1 : file:platform:/resource/fr.irisa.triskell.kermeta.io/src/kermeta/kunit/kunit.km
pass 1 : file:platform:/resource/fr.irisa.triskell.kermeta.io/src/kermeta/utils/hashtable.km
pass 1 : file:platform:/resource/fr.irisa.triskell.kermeta.io/src/kermeta/standard/primitive_types.km
pass 1 : file:platform:/resource/fr.irisa.triskell.kermeta.io/src/kermeta/io/std_io.km
pass 1 : file:platform:/resource/fr.irisa.triskell.kermeta.io/src/kermeta/utils/stack.km
pass 1 : file:platform:/resource/fr.irisa.triskell.kermeta.io/src/kermeta/exceptions/exceptions.km
pass 1 : file:platform:/resource/fr.irisa.triskell.kermeta.io/src/kermeta/language/structure.km
pass 1 : file:platform:/resource/fr.irisa.triskell.kermeta.io/src/kermeta/reflection/reflection.km
pass 1 : file:platform:/resource/fr.irisa.triskell.kermeta.io/src/kermeta/standard/java.km
pass 1 : file:platform:/resource/fr.irisa.triskell.kermeta.io/src/kermeta/io/file_io.km
pass 1 : file:platform:/resource/fr.irisa.triskell.kermeta.io/src/kermeta/language/behavior.km
pass 1 : http://www.eclipse.org/emf/2002/Ecore
pass 2 : platform:/plugin/fr.irisa.triskell.kermeta.io/test/roundtrip_testcases/kmt/004_OperationBody.main.kmt
pass 2 : platform:/plugin/fr.irisa.triskell.kermeta.io/src/kermeta/Standard.km
pass 2 : file:platform:/resource/fr.irisa.triskell.kermeta.io/src/kermeta/persistence/resource.km
pass 2 : file:platform:/resource/fr.irisa.triskell.kermeta.io/src/kermeta/language/dynamic_expression.km
pass 2 : file:platform:/resource/fr.irisa.triskell.kermeta.io/src/kermeta/standard/collections.km
pass 2 : file:platform:/resource/fr.irisa.triskell.kermeta.io/src/kermeta/kunit/assert.km
pass 2 : file:platform:/resource/fr.irisa.triskell.kermeta.io/src/kermeta/language/reflective_collections.km
pass 2 : file:platform:/resource/fr.irisa.triskell.kermeta.io/src/kermeta/kunit/kunit.km
pass 2 : file:platform:/resource/fr.irisa.triskell.kermeta.io/src/kermeta/utils/hashtable.km
pass 2 : file:platform:/resource/fr.irisa.triskell.kermeta.io/src/kermeta/standard/primitive_types.km
pass 2 : file:platform:/resource/fr.irisa.triskell.kermeta.io/src/kermeta/io/std_io.km
pass 2 : file:platform:/resource/fr.irisa.triskell.kermeta.io/src/kermeta/utils/stack.km
pass 2 : file:platform:/resource/fr.irisa.triskell.kermeta.io/src/kermeta/exceptions/exceptions.km
pass 2 : file:platform:/resource/fr.irisa.triskell.kermeta.io/src/kermeta/language/structure.km
pass 2 : file:platform:/resource/fr.irisa.triskell.kermeta.io/src/kermeta/reflection/reflection.km
pass 2 : file:platform:/resource/fr.irisa.triskell.kermeta.io/src/kermeta/standard/java.km
pass 2 : file:platform:/resource/fr.irisa.triskell.kermeta.io/src/kermeta/io/file_io.km
pass 2 : file:platform:/resource/fr.irisa.triskell.kermeta.io/src/kermeta/language/behavior.km
pass 2 : http://www.eclipse.org/emf/2002/Ecore
INPUT : 
package operationBody;

require ""
class Main
{
	operation testParam0() : Void is
		do
			stdio.writeln("Coucou")
		end

	operation testParam1(a : A) : Void is
		do
			do
				var a : A init A.new
			end
		end

}
class A
{
}

------------------------ OUTPUT : ------------------ 
package operationBody;

require ""
class Main
{
	operation testParam0() : Void is
		do
			stdio.writeln("Coucou")
		end

	operation testParam1(a : A) : Void is
		do
			do
				var a : A init A.new
			end
		end

}
class A
{
}

pass 1 : platform:/plugin/fr.irisa.triskell.kermeta.io/test/roundtrip_testcases/kmt/008_testAlias.main.kmt
pass 1 : platform:/plugin/fr.irisa.triskell.kermeta.io/src/kermeta/Standard.km
pass 1 : file:platform:/resource/fr.irisa.triskell.kermeta.io/src/kermeta/persistence/resource.km
pass 1 : file:platform:/resource/fr.irisa.triskell.kermeta.io/src/kermeta/language/dynamic_expression.km
pass 1 : file:platform:/resource/fr.irisa.triskell.kermeta.io/src/kermeta/standard/collections.km
pass 1 : file:platform:/resource/fr.irisa.triskell.kermeta.io/src/kermeta/kunit/assert.km
pass 1 : file:platform:/resource/fr.irisa.triskell.kermeta.io/src/kermeta/language/reflective_collections.km
pass 1 : file:platform:/resource/fr.irisa.triskell.kermeta.io/src/kermeta/kunit/kunit.km
pass 1 : file:platform:/resource/fr.irisa.triskell.kermeta.io/src/kermeta/utils/hashtable.km
pass 1 : file:platform:/resource/fr.irisa.triskell.kermeta.io/src/kermeta/standard/primitive_types.km
pass 1 : file:platform:/resource/fr.irisa.triskell.kermeta.io/src/kermeta/io/std_io.km
pass 1 : file:platform:/resource/fr.irisa.triskell.kermeta.io/src/kermeta/utils/stack.km
pass 1 : file:platform:/resource/fr.irisa.triskell.kermeta.io/src/kermeta/exceptions/exceptions.km
pass 1 : file:platform:/resource/fr.irisa.triskell.kermeta.io/src/kermeta/language/structure.km
pass 1 : file:platform:/resource/fr.irisa.triskell.kermeta.io/src/kermeta/reflection/reflection.km
pass 1 : file:platform:/resource/fr.irisa.triskell.kermeta.io/src/kermeta/standard/java.km
pass 1 : file:platform:/resource/fr.irisa.triskell.kermeta.io/src/kermeta/io/file_io.km
pass 1 : file:platform:/resource/fr.irisa.triskell.kermeta.io/src/kermeta/language/behavior.km
pass 1 : http://www.eclipse.org/emf/2002/Ecore
pass 2 : platform:/plugin/fr.irisa.triskell.kermeta.io/test/roundtrip_testcases/kmt/008_testAlias.main.kmt
pass 2 : platform:/plugin/fr.irisa.triskell.kermeta.io/src/kermeta/Standard.km
pass 2 : file:platform:/resource/fr.irisa.triskell.kermeta.io/src/kermeta/persistence/resource.km
pass 2 : file:platform:/resource/fr.irisa.triskell.kermeta.io/src/kermeta/language/dynamic_expression.km
pass 2 : file:platform:/resource/fr.irisa.triskell.kermeta.io/src/kermeta/standard/collections.km
pass 2 : file:platform:/resource/fr.irisa.triskell.kermeta.io/src/kermeta/kunit/assert.km
pass 2 : file:platform:/resource/fr.irisa.triskell.kermeta.io/src/kermeta/language/reflective_collections.km
pass 2 : file:platform:/resource/fr.irisa.triskell.kermeta.io/src/kermeta/kunit/kunit.km
pass 2 : file:platform:/resource/fr.irisa.triskell.kermeta.io/src/kermeta/utils/hashtable.km
pass 2 : file:platform:/resource/fr.irisa.triskell.kermeta.io/src/kermeta/standard/primitive_types.km
pass 2 : file:platform:/resource/fr.irisa.triskell.kermeta.io/src/kermeta/io/std_io.km
pass 2 : file:platform:/resource/fr.irisa.triskell.kermeta.io/src/kermeta/utils/stack.km
pass 2 : file:platform:/resource/fr.irisa.triskell.kermeta.io/src/kermeta/exceptions/exceptions.km
pass 2 : file:platform:/resource/fr.irisa.triskell.kermeta.io/src/kermeta/language/structure.km
pass 2 : file:platform:/resource/fr.irisa.triskell.kermeta.io/src/kermeta/reflection/reflection.km
pass 2 : file:platform:/resource/fr.irisa.triskell.kermeta.io/src/kermeta/standard/java.km
pass 2 : file:platform:/resource/fr.irisa.triskell.kermeta.io/src/kermeta/io/file_io.km
pass 2 : file:platform:/resource/fr.irisa.triskell.kermeta.io/src/kermeta/language/behavior.km
pass 2 : http://www.eclipse.org/emf/2002/Ecore
INPUT : 
package testAlias;

require ""
using kermeta::standard
alias String : kermeta::language::structure::String;
class A
{
	reference s : String

}

------------------------ OUTPUT : ------------------ 
package testAlias;

require ""
using kermeta::standard
alias String : kermeta::language::structure::String;
class A
{
	reference s : String

}

pass 1 : platform:/plugin/fr.irisa.triskell.kermeta.io/test/roundtrip_testcases/kmt/011_testPropertyConversionInEcore.main.kmt
pass 1 : platform:/plugin/fr.irisa.triskell.kermeta.io/src/kermeta/Standard.km
pass 1 : file:platform:/resource/fr.irisa.triskell.kermeta.io/src/kermeta/persistence/resource.km
pass 1 : file:platform:/resource/fr.irisa.triskell.kermeta.io/src/kermeta/language/dynamic_expression.km
pass 1 : file:platform:/resource/fr.irisa.triskell.kermeta.io/src/kermeta/standard/collections.km
pass 1 : file:platform:/resource/fr.irisa.triskell.kermeta.io/src/kermeta/kunit/assert.km
pass 1 : file:platform:/resource/fr.irisa.triskell.kermeta.io/src/kermeta/language/reflective_collections.km
pass 1 : file:platform:/resource/fr.irisa.triskell.kermeta.io/src/kermeta/kunit/kunit.km
pass 1 : file:platform:/resource/fr.irisa.triskell.kermeta.io/src/kermeta/utils/hashtable.km
pass 1 : file:platform:/resource/fr.irisa.triskell.kermeta.io/src/kermeta/standard/primitive_types.km
pass 1 : file:platform:/resource/fr.irisa.triskell.kermeta.io/src/kermeta/io/std_io.km
pass 1 : file:platform:/resource/fr.irisa.triskell.kermeta.io/src/kermeta/utils/stack.km
pass 1 : file:platform:/resource/fr.irisa.triskell.kermeta.io/src/kermeta/exceptions/exceptions.km
pass 1 : file:platform:/resource/fr.irisa.triskell.kermeta.io/src/kermeta/language/structure.km
pass 1 : file:platform:/resource/fr.irisa.triskell.kermeta.io/src/kermeta/reflection/reflection.km
pass 1 : file:platform:/resource/fr.irisa.triskell.kermeta.io/src/kermeta/standard/java.km
pass 1 : file:platform:/resource/fr.irisa.triskell.kermeta.io/src/kermeta/io/file_io.km
pass 1 : file:platform:/resource/fr.irisa.triskell.kermeta.io/src/kermeta/language/behavior.km
pass 1 : http://www.eclipse.org/emf/2002/Ecore
pass 1 : platform:/plugin/fr.irisa.triskell.kermeta.io/test/roundtrip_testcases/kmt/011b_testStringConversionInEcore.kmt
pass 2 : platform:/plugin/fr.irisa.triskell.kermeta.io/test/roundtrip_testcases/kmt/011_testPropertyConversionInEcore.main.kmt
pass 2 : platform:/plugin/fr.irisa.triskell.kermeta.io/src/kermeta/Standard.km
pass 2 : file:platform:/resource/fr.irisa.triskell.kermeta.io/src/kermeta/persistence/resource.km
pass 2 : file:platform:/resource/fr.irisa.triskell.kermeta.io/src/kermeta/language/dynamic_expression.km
pass 2 : file:platform:/resource/fr.irisa.triskell.kermeta.io/src/kermeta/standard/collections.km
pass 2 : file:platform:/resource/fr.irisa.triskell.kermeta.io/src/kermeta/kunit/assert.km
pass 2 : file:platform:/resource/fr.irisa.triskell.kermeta.io/src/kermeta/language/reflective_collections.km
pass 2 : file:platform:/resource/fr.irisa.triskell.kermeta.io/src/kermeta/kunit/kunit.km
pass 2 : file:platform:/resource/fr.irisa.triskell.kermeta.io/src/kermeta/utils/hashtable.km
pass 2 : file:platform:/resource/fr.irisa.triskell.kermeta.io/src/kermeta/standard/primitive_types.km
pass 2 : file:platform:/resource/fr.irisa.triskell.kermeta.io/src/kermeta/io/std_io.km
pass 2 : file:platform:/resource/fr.irisa.triskell.kermeta.io/src/kermeta/utils/stack.km
pass 2 : file:platform:/resource/fr.irisa.triskell.kermeta.io/src/kermeta/exceptions/exceptions.km
pass 2 : file:platform:/resource/fr.irisa.triskell.kermeta.io/src/kermeta/language/structure.km
pass 2 : file:platform:/resource/fr.irisa.triskell.kermeta.io/src/kermeta/reflection/reflection.km
pass 2 : file:platform:/resource/fr.irisa.triskell.kermeta.io/src/kermeta/standard/java.km
pass 2 : file:platform:/resource/fr.irisa.triskell.kermeta.io/src/kermeta/io/file_io.km
pass 2 : file:platform:/resource/fr.irisa.triskell.kermeta.io/src/kermeta/language/behavior.km
pass 2 : http://www.eclipse.org/emf/2002/Ecore
pass 2 : platform:/plugin/fr.irisa.triskell.kermeta.io/test/roundtrip_testcases/kmt/011b_testStringConversionInEcore.kmt
pass 1 : platform:/plugin/fr.irisa.triskell.kermeta.io/test/roundtrip_testcases/kmt/012_testCommentAnnotations.main.kmt
pass 1 : platform:/plugin/fr.irisa.triskell.kermeta.io/src/kermeta/Standard.km
pass 1 : file:platform:/resource/fr.irisa.triskell.kermeta.io/src/kermeta/persistence/resource.km
pass 1 : file:platform:/resource/fr.irisa.triskell.kermeta.io/src/kermeta/language/dynamic_expression.km
pass 1 : file:platform:/resource/fr.irisa.triskell.kermeta.io/src/kermeta/standard/collections.km
pass 1 : file:platform:/resource/fr.irisa.triskell.kermeta.io/src/kermeta/kunit/assert.km
pass 1 : file:platform:/resource/fr.irisa.triskell.kermeta.io/src/kermeta/language/reflective_collections.km
pass 1 : file:platform:/resource/fr.irisa.triskell.kermeta.io/src/kermeta/kunit/kunit.km
pass 1 : file:platform:/resource/fr.irisa.triskell.kermeta.io/src/kermeta/utils/hashtable.km
pass 1 : file:platform:/resource/fr.irisa.triskell.kermeta.io/src/kermeta/standard/primitive_types.km
pass 1 : file:platform:/resource/fr.irisa.triskell.kermeta.io/src/kermeta/io/std_io.km
pass 1 : file:platform:/resource/fr.irisa.triskell.kermeta.io/src/kermeta/utils/stack.km
pass 1 : file:platform:/resource/fr.irisa.triskell.kermeta.io/src/kermeta/exceptions/exceptions.km
pass 1 : file:platform:/resource/fr.irisa.triskell.kermeta.io/src/kermeta/language/structure.km
pass 1 : file:platform:/resource/fr.irisa.triskell.kermeta.io/src/kermeta/reflection/reflection.km
pass 1 : file:platform:/resource/fr.irisa.triskell.kermeta.io/src/kermeta/standard/java.km
pass 1 : file:platform:/resource/fr.irisa.triskell.kermeta.io/src/kermeta/io/file_io.km
pass 1 : file:platform:/resource/fr.irisa.triskell.kermeta.io/src/kermeta/language/behavior.km
pass 1 : http://www.eclipse.org/emf/2002/Ecore
pass 2 : platform:/plugin/fr.irisa.triskell.kermeta.io/test/roundtrip_testcases/kmt/012_testCommentAnnotations.main.kmt
pass 2 : platform:/plugin/fr.irisa.triskell.kermeta.io/src/kermeta/Standard.km
pass 2 : file:platform:/resource/fr.irisa.triskell.kermeta.io/src/kermeta/persistence/resource.km
pass 2 : file:platform:/resource/fr.irisa.triskell.kermeta.io/src/kermeta/language/dynamic_expression.km
pass 2 : file:platform:/resource/fr.irisa.triskell.kermeta.io/src/kermeta/standard/collections.km
pass 2 : file:platform:/resource/fr.irisa.triskell.kermeta.io/src/kermeta/kunit/assert.km
pass 2 : file:platform:/resource/fr.irisa.triskell.kermeta.io/src/kermeta/language/reflective_collections.km
pass 2 : file:platform:/resource/fr.irisa.triskell.kermeta.io/src/kermeta/kunit/kunit.km
pass 2 : file:platform:/resource/fr.irisa.triskell.kermeta.io/src/kermeta/utils/hashtable.km
pass 2 : file:platform:/resource/fr.irisa.triskell.kermeta.io/src/kermeta/standard/primitive_types.km
pass 2 : file:platform:/resource/fr.irisa.triskell.kermeta.io/src/kermeta/io/std_io.km
pass 2 : file:platform:/resource/fr.irisa.triskell.kermeta.io/src/kermeta/utils/stack.km
pass 2 : file:platform:/resource/fr.irisa.triskell.kermeta.io/src/kermeta/exceptions/exceptions.km
pass 2 : file:platform:/resource/fr.irisa.triskell.kermeta.io/src/kermeta/language/structure.km
pass 2 : file:platform:/resource/fr.irisa.triskell.kermeta.io/src/kermeta/reflection/reflection.km
pass 2 : file:platform:/resource/fr.irisa.triskell.kermeta.io/src/kermeta/standard/java.km
pass 2 : file:platform:/resource/fr.irisa.triskell.kermeta.io/src/kermeta/io/file_io.km
pass 2 : file:platform:/resource/fr.irisa.triskell.kermeta.io/src/kermeta/language/behavior.km
pass 2 : http://www.eclipse.org/emf/2002/Ecore
INPUT : 
package testCommentAnnotations;

require ""
/** This is an annotation for 'class A' */
class A
{
	/** This is an annotation for 'reference s'*/
	reference s : kermeta::standard::String

}

------------------------ OUTPUT : ------------------ 
package testCommentAnnotations;

require ""
/** This is an annotation for 'class A' */
class A
{
	/** This is an annotation for 'reference s'*/
	reference s : kermeta::standard::String

}

]]></system-out>

      <system-err></system-err>

  </testsuite>
</testsuites>
