<?xml version="1.0" encoding="UTF-8" ?>
<testsuite errors="0" failures="8" name="kermeta_io.roundtrip_test.JunitTestSuite" tests="26" time="19.711">
  <properties>
[...]
</properties>
  <testcase name="testecore_001_puzzle" time="3.684"></testcase>
  <testcase name="testecore_002_Simple" time="0.721"></testcase>
  <testcase name="testecore_003_UML2" time="3.208">
    <failure type="junit.framework.AssertionFailedError">junit.framework.AssertionFailedError
	at kermeta_io.roundtrip_test.JunitTestSuite.assertKMFilesEquality(JunitTestSuite.java:494)
	at kermeta_io.roundtrip_test.JunitTestSuite.assertEcoreFilesEquality(JunitTestSuite.java:461)
	at kermeta_io.roundtrip_test.JunitTestSuite.testecoreFile(JunitTestSuite.java:250)
	at kermeta_io.roundtrip_test.JunitTestSuite.testecore_003_UML2(JunitTestSuite.java:97)
	at sun.reflect.NativeMethodAccessorImpl.invoke0(Native Method)
	at sun.reflect.NativeMethodAccessorImpl.invoke(NativeMethodAccessorImpl.java:39)
	at sun.reflect.DelegatingMethodAccessorImpl.invoke(DelegatingMethodAccessorImpl.java:25)
</failure>
  </testcase>
  <testcase name="testecore_004_Enum" time="0.354"></testcase>
  <testcase name="testecore_005_Property" time="0.352"></testcase>
  <testcase name="testecore_006_PropertyWithEcoreTypes" time="0.561"></testcase>
  <testcase name="testecore_007_PropertyWithDataTypes" time="0.579"></testcase>
  <testcase name="testecore_009_Operation" time="0.41"></testcase>
  <testcase name="testecore_010_twopackages" time="0.349"></testcase>
  <testcase name="testkmt_001_Simple" time="0.489">
    <failure type="junit.framework.AssertionFailedError">junit.framework.AssertionFailedError
	at kermeta_io.roundtrip_test.JunitTestSuite.assertKMFilesEquality(JunitTestSuite.java:494)
	at kermeta_io.roundtrip_test.JunitTestSuite.testkermetaFile(JunitTestSuite.java:318)
	at kermeta_io.roundtrip_test.JunitTestSuite.testkmtFile(JunitTestSuite.java:336)
	at kermeta_io.roundtrip_test.JunitTestSuite.testkmt_001_Simple(JunitTestSuite.java:125)
	at sun.reflect.NativeMethodAccessorImpl.invoke0(Native Method)
	at sun.reflect.NativeMethodAccessorImpl.invoke(NativeMethodAccessorImpl.java:39)
	at sun.reflect.DelegatingMethodAccessorImpl.invoke(DelegatingMethodAccessorImpl.java:25)
</failure>
  </testcase>
  <testcase name="testkmt_002_RequireEcore" time="0.863">
    <failure type="junit.framework.AssertionFailedError">junit.framework.AssertionFailedError
	at kermeta_io.roundtrip_test.JunitTestSuite.assertKMFilesEquality(JunitTestSuite.java:494)
	at kermeta_io.roundtrip_test.JunitTestSuite.testkermetaFile(JunitTestSuite.java:318)
	at kermeta_io.roundtrip_test.JunitTestSuite.testkmtFile(JunitTestSuite.java:336)
	at kermeta_io.roundtrip_test.JunitTestSuite.testkmt_002_RequireEcore(JunitTestSuite.java:129)
	at sun.reflect.NativeMethodAccessorImpl.invoke0(Native Method)
	at sun.reflect.NativeMethodAccessorImpl.invoke(NativeMethodAccessorImpl.java:39)
	at sun.reflect.DelegatingMethodAccessorImpl.invoke(DelegatingMethodAccessorImpl.java:25)
</failure>
  </testcase>
  <testcase name="testkmt_003_ComplexTest_rdl" time="0.16">
    <failure message="PASS 3 : Wrong using - package &apos;fr::irisa::triskell::rdl::models::ucs&apos; does not exist
  -&gt;   file:/tmp/kermeta_build/src/plugins/fr.irisa.triskell.kermeta.io/test/roundtrip_testcases/kmt/003_ComplexTest_rdl.main.kmt
Unresolved type &apos;Model&apos;. (missing using ?)
  -&gt;   file:/tmp/kermeta_build/src/plugins/fr.irisa.triskell.kermeta.io/test/roundtrip_testcases/kmt/003_ComplexTest_rdl.main.kmt
PASS 3 : Class &apos;RdlModel&apos; - A class can only inherit from classes and/or virtual types (null is neither).
  -&gt;   file:/tmp/kermeta_build/src/plugins/fr.irisa.triskell.kermeta.io/test/roundtrip_testcases/kmt/003_ComplexTest_rdl.main.kmt
Unresolved type &apos;ModelElement&apos;. (missing using ?)
  -&gt;   file:/tmp/kermeta_build/src/plugins/fr.irisa.triskell.kermeta.io/test/roundtrip_testcases/kmt/003_ComplexTest_rdl.main.kmt
PASS 3 : Class &apos;Type&apos; - A class can only inherit from classes and/or virtual types (null is neither).
  -&gt;   file:/tmp/kermeta_build/src/plugins/fr.irisa.triskell.kermeta.io/test/roundtrip_testcases/kmt/003_ComplexTest_rdl.main.kmt
Unresolved type &apos;ModelElement&apos;. (missing using ?)
  -&gt;   file:/tmp/kermeta_build/src/plugins/fr.irisa.triskell.kermeta.io/test/roundtrip_testcases/kmt/003_ComplexTest_rdl.main.kmt
PASS 3 : Class &apos;RequirementGroup&apos; - A class can only inherit from classes and/or virtual types (null is neither).
  -&gt;   file:/tmp/kermeta_build/src/plugins/fr.irisa.triskell.kermeta.io/test/roundtrip_testcases/kmt/003_ComplexTest_rdl.main.kmt
Unresolved type &apos;ModelElement&apos;. (missing using ?)
  -&gt;   file:/tmp/kermeta_build/src/plugins/fr.irisa.triskell.kermeta.io/test/roundtrip_testcases/kmt/003_ComplexTest_rdl.main.kmt
PASS 3 : Class &apos;Requirement&apos; - A class can only inherit from classes and/or virtual types (null is neither).
  -&gt;   file:/tmp/kermeta_build/src/plugins/fr.irisa.triskell.kermeta.io/test/roundtrip_testcases/kmt/003_ComplexTest_rdl.main.kmt
Unresolved type &apos;ModelElement&apos;. (missing using ?)
  -&gt;   file:/tmp/kermeta_build/src/plugins/fr.irisa.triskell.kermeta.io/test/roundtrip_testcases/kmt/003_ComplexTest_rdl.main.kmt
PASS 3 : Class &apos;ObservableValue&apos; - A class can only inherit from classes and/or virtual types (null is neither).
  -&gt;   file:/tmp/kermeta_build/src/plugins/fr.irisa.triskell.kermeta.io/test/roundtrip_testcases/kmt/003_ComplexTest_rdl.main.kmt
Unresolved type &apos;ModelElement&apos;. (missing using ?)
  -&gt;   file:/tmp/kermeta_build/src/plugins/fr.irisa.triskell.kermeta.io/test/roundtrip_testcases/kmt/003_ComplexTest_rdl.main.kmt
PASS 3 : Class &apos;ObjectReference&apos; - A class can only inherit from classes and/or virtual types (null is neither).
  -&gt;   file:/tmp/kermeta_build/src/plugins/fr.irisa.triskell.kermeta.io/test/roundtrip_testcases/kmt/003_ComplexTest_rdl.main.kmt
Cannot create UNIT file:/tmp/kermeta_build/src/plugins/fr.irisa.triskell.kermeta.io/test/roundtrip_testcases/kmt/general.kmt (file not found)
  -&gt;   file:/tmp/kermeta_build/src/plugins/fr.irisa.triskell.kermeta.io/test/roundtrip_testcases/kmt/general.kmt
" type="junit.framework.AssertionFailedError">junit.framework.AssertionFailedError: PASS 3 : Wrong using - package &apos;fr::irisa::triskell::rdl::models::ucs&apos; does not exist
  -&gt;   file:/tmp/kermeta_build/src/plugins/fr.irisa.triskell.kermeta.io/test/roundtrip_testcases/kmt/003_ComplexTest_rdl.main.kmt
Unresolved type &apos;Model&apos;. (missing using ?)
  -&gt;   file:/tmp/kermeta_build/src/plugins/fr.irisa.triskell.kermeta.io/test/roundtrip_testcases/kmt/003_ComplexTest_rdl.main.kmt
PASS 3 : Class &apos;RdlModel&apos; - A class can only inherit from classes and/or virtual types (null is neither).
  -&gt;   file:/tmp/kermeta_build/src/plugins/fr.irisa.triskell.kermeta.io/test/roundtrip_testcases/kmt/003_ComplexTest_rdl.main.kmt
Unresolved type &apos;ModelElement&apos;. (missing using ?)
  -&gt;   file:/tmp/kermeta_build/src/plugins/fr.irisa.triskell.kermeta.io/test/roundtrip_testcases/kmt/003_ComplexTest_rdl.main.kmt
PASS 3 : Class &apos;Type&apos; - A class can only inherit from classes and/or virtual types (null is neither).
  -&gt;   file:/tmp/kermeta_build/src/plugins/fr.irisa.triskell.kermeta.io/test/roundtrip_testcases/kmt/003_ComplexTest_rdl.main.kmt
Unresolved type &apos;ModelElement&apos;. (missing using ?)
  -&gt;   file:/tmp/kermeta_build/src/plugins/fr.irisa.triskell.kermeta.io/test/roundtrip_testcases/kmt/003_ComplexTest_rdl.main.kmt
PASS 3 : Class &apos;RequirementGroup&apos; - A class can only inherit from classes and/or virtual types (null is neither).
  -&gt;   file:/tmp/kermeta_build/src/plugins/fr.irisa.triskell.kermeta.io/test/roundtrip_testcases/kmt/003_ComplexTest_rdl.main.kmt
Unresolved type &apos;ModelElement&apos;. (missing using ?)
  -&gt;   file:/tmp/kermeta_build/src/plugins/fr.irisa.triskell.kermeta.io/test/roundtrip_testcases/kmt/003_ComplexTest_rdl.main.kmt
PASS 3 : Class &apos;Requirement&apos; - A class can only inherit from classes and/or virtual types (null is neither).
  -&gt;   file:/tmp/kermeta_build/src/plugins/fr.irisa.triskell.kermeta.io/test/roundtrip_testcases/kmt/003_ComplexTest_rdl.main.kmt
Unresolved type &apos;ModelElement&apos;. (missing using ?)
  -&gt;   file:/tmp/kermeta_build/src/plugins/fr.irisa.triskell.kermeta.io/test/roundtrip_testcases/kmt/003_ComplexTest_rdl.main.kmt
PASS 3 : Class &apos;ObservableValue&apos; - A class can only inherit from classes and/or virtual types (null is neither).
  -&gt;   file:/tmp/kermeta_build/src/plugins/fr.irisa.triskell.kermeta.io/test/roundtrip_testcases/kmt/003_ComplexTest_rdl.main.kmt
Unresolved type &apos;ModelElement&apos;. (missing using ?)
  -&gt;   file:/tmp/kermeta_build/src/plugins/fr.irisa.triskell.kermeta.io/test/roundtrip_testcases/kmt/003_ComplexTest_rdl.main.kmt
PASS 3 : Class &apos;ObjectReference&apos; - A class can only inherit from classes and/or virtual types (null is neither).
  -&gt;   file:/tmp/kermeta_build/src/plugins/fr.irisa.triskell.kermeta.io/test/roundtrip_testcases/kmt/003_ComplexTest_rdl.main.kmt
Cannot create UNIT file:/tmp/kermeta_build/src/plugins/fr.irisa.triskell.kermeta.io/test/roundtrip_testcases/kmt/general.kmt (file not found)
  -&gt;   file:/tmp/kermeta_build/src/plugins/fr.irisa.triskell.kermeta.io/test/roundtrip_testcases/kmt/general.kmt

	at kermeta_io.roundtrip_test.JunitTestSuite.testkermetaFile(JunitTestSuite.java:277)
	at kermeta_io.roundtrip_test.JunitTestSuite.testkmtFile(JunitTestSuite.java:336)
	at kermeta_io.roundtrip_test.JunitTestSuite.testkmt_003_ComplexTest_rdl(JunitTestSuite.java:133)
	at sun.reflect.NativeMethodAccessorImpl.invoke0(Native Method)
	at sun.reflect.NativeMethodAccessorImpl.invoke(NativeMethodAccessorImpl.java:39)
	at sun.reflect.DelegatingMethodAccessorImpl.invoke(DelegatingMethodAccessorImpl.java:25)
</failure>
  </testcase>
  <testcase name="testkmt_004_OperationBody" time="0.799"></testcase>
  <testcase name="testkmt_005_DerivedPropertyBody" time="0.757"></testcase>
  <testcase name="testkmt_006_PropertyWithEcoreTypes" time="1.382"></testcase>
  <testcase name="testkmt_007_testAlias" time="0.481"></testcase>
  <testcase name="testkmt_008_testAlias" time="0.431"></testcase>
  <testcase name="testkmt_009_testRequireFramework" time="0.48">
    <failure type="junit.framework.AssertionFailedError">junit.framework.AssertionFailedError
	at kermeta_io.roundtrip_test.JunitTestSuite.assertKMFilesEquality(JunitTestSuite.java:494)
	at kermeta_io.roundtrip_test.JunitTestSuite.testkermetaFile(JunitTestSuite.java:318)
	at kermeta_io.roundtrip_test.JunitTestSuite.testkmtFile(JunitTestSuite.java:336)
	at kermeta_io.roundtrip_test.JunitTestSuite.testkmt_009_testRequireFramework(JunitTestSuite.java:157)
	at sun.reflect.NativeMethodAccessorImpl.invoke0(Native Method)
	at sun.reflect.NativeMethodAccessorImpl.invoke(NativeMethodAccessorImpl.java:39)
	at sun.reflect.DelegatingMethodAccessorImpl.invoke(DelegatingMethodAccessorImpl.java:25)
</failure>
  </testcase>
  <testcase name="testkmt_010_testAliasInOperationBody" time="0.433"></testcase>
  <testcase name="testkmt_011_testPropertyConversionInEcore" time="0.092">
    <failure message="Cannot create UNIT file:/tmp/kermeta_build/src/plugins/fr.irisa.triskell.kermeta.io/test/roundtrip_testcases/km/framework.main.km (file not found)
  -&gt;   file:/tmp/kermeta_build/src/plugins/fr.irisa.triskell.kermeta.io/test/roundtrip_testcases/km/framework.main.km
" type="junit.framework.AssertionFailedError">junit.framework.AssertionFailedError: Cannot create UNIT file:/tmp/kermeta_build/src/plugins/fr.irisa.triskell.kermeta.io/test/roundtrip_testcases/km/framework.main.km (file not found)
  -&gt;   file:/tmp/kermeta_build/src/plugins/fr.irisa.triskell.kermeta.io/test/roundtrip_testcases/km/framework.main.km

	at kermeta_io.roundtrip_test.JunitTestSuite.testkermetaFile(JunitTestSuite.java:277)
	at kermeta_io.roundtrip_test.JunitTestSuite.testkmtFile(JunitTestSuite.java:336)
	at kermeta_io.roundtrip_test.JunitTestSuite.testkmt_011_testPropertyConversionInEcore(JunitTestSuite.java:165)
	at sun.reflect.NativeMethodAccessorImpl.invoke0(Native Method)
	at sun.reflect.NativeMethodAccessorImpl.invoke(NativeMethodAccessorImpl.java:39)
	at sun.reflect.DelegatingMethodAccessorImpl.invoke(DelegatingMethodAccessorImpl.java:25)
</failure>
  </testcase>
  <testcase name="testkmt_011_testRequireFramework" time="0.479">
    <failure type="junit.framework.AssertionFailedError">junit.framework.AssertionFailedError
	at kermeta_io.roundtrip_test.JunitTestSuite.assertKMFilesEquality(JunitTestSuite.java:494)
	at kermeta_io.roundtrip_test.JunitTestSuite.testkermetaFile(JunitTestSuite.java:318)
	at kermeta_io.roundtrip_test.JunitTestSuite.testkmtFile(JunitTestSuite.java:336)
	at kermeta_io.roundtrip_test.JunitTestSuite.testkmt_011_testRequireFramework(JunitTestSuite.java:169)
	at sun.reflect.NativeMethodAccessorImpl.invoke0(Native Method)
	at sun.reflect.NativeMethodAccessorImpl.invoke(NativeMethodAccessorImpl.java:39)
	at sun.reflect.DelegatingMethodAccessorImpl.invoke(DelegatingMethodAccessorImpl.java:25)
</failure>
  </testcase>
  <testcase name="testkmt_012_testCommentAnnotations" time="0.431">
    <failure type="junit.framework.AssertionFailedError">junit.framework.AssertionFailedError
	at kermeta_io.roundtrip_test.JunitTestSuite.assertKMFilesEquality(JunitTestSuite.java:494)
	at kermeta_io.roundtrip_test.JunitTestSuite.testkermetaFile(JunitTestSuite.java:318)
	at kermeta_io.roundtrip_test.JunitTestSuite.testkmtFile(JunitTestSuite.java:336)
	at kermeta_io.roundtrip_test.JunitTestSuite.testkmt_012_testCommentAnnotations(JunitTestSuite.java:173)
	at sun.reflect.NativeMethodAccessorImpl.invoke0(Native Method)
	at sun.reflect.NativeMethodAccessorImpl.invoke(NativeMethodAccessorImpl.java:39)
	at sun.reflect.DelegatingMethodAccessorImpl.invoke(DelegatingMethodAccessorImpl.java:25)
</failure>
  </testcase>
  <testcase name="testkmt_013_testRedefinedOperations" time="0.439"></testcase>
  <testcase name="testkmt_014_testParameterizedClass" time="0.48"></testcase>
  <testcase name="testkmt_015_testEnumerationAsProperty" time="0.432"></testcase>
  <testcase name="testkmt_016_testTypeVariableTypes" time="0.698"></testcase>
  <system-out><![CDATA[free memory before running gc(): 76471096
free memory after running gc(): 92112152
creating directory test/roundtrip_testcases/ecore/output ...
Write kmt output : /tmp/kermeta_build/src/plugins/fr.irisa.triskell.kermeta.io/test/roundtrip_testcases/ecore/output/001_puzzle.main.kmt
PACKAGE



package puzzle;


PACKAGE



package ecore;


output written
Write ecore output :/tmp/kermeta_build/src/plugins/fr.irisa.triskell.kermeta.io/test/roundtrip_testcases/ecore/output/001_puzzle.main.ecore, from generated ecore : /tmp/kermeta_build/src/plugins/fr.irisa.triskell.kermeta.io/test/roundtrip_testcases/ecore/output/001_puzzle.main.kmt
free memory before running gc(): 78349320
free memory after running gc(): 91137448
ecore output written
free memory before running gc(): 82697432
free memory after running gc(): 91063304
free memory before running gc(): 88973880
free memory after running gc(): 90780416
INPUT : 
package puzzle;

abstract class Service
{
	attribute name : ecore::EString[1..1]

	@overloadable "true"
	operation call() : kermeta::standard::~Void is
		raise kermeta::exceptions::NotImplementedException.new

}
class RequiredService inherits Service
{
	reference provider : Connector[0..*]#source

	reference customer : Component[1..1]#requiredService

}
class ProvidedService inherits Service
{
	reference customer : Connector[0..*]#target

	reference provider : Component[1..1]#providedService

}
class Connector
{
	reference target : ProvidedService#customer

	reference source : RequiredService#provider

	attribute name : ecore::EString[1..1]

	@overloadable "true"
	operation deleguate() : kermeta::standard::~Void is
		raise kermeta::exceptions::NotImplementedException.new

}
abstract class Component
{
	attribute name : ecore::EString[1..1]

	attribute providedService : ProvidedService[1..*]#provider

	attribute requiredService : RequiredService[0..*]#customer

	reference owner : CompositeComponent#subComponent

	@overloadable "true"
	operation execute(service : ecore::EString) : kermeta::standard::~Void is
		raise kermeta::exceptions::NotImplementedException.new

}
class PrimtiveComponent inherits Component
{
}
class CompositeComponent inherits Component
{
	attribute subComponent : Component[1..*]#owner

}

------------------------ OUTPUT : ------------------ 
package puzzle;

abstract class Service
{
	attribute name : ecore::EString[1..1]

	@overloadable "true"
	operation call() : kermeta::standard::~Void is
		raise kermeta::exceptions::NotImplementedException.new

}
class RequiredService inherits Service
{
	reference provider : Connector[0..*]#source

	reference customer : Component[1..1]#requiredService

}
class ProvidedService inherits Service
{
	reference customer : Connector[0..*]#target

	reference provider : Component[1..1]#providedService

}
class Connector
{
	reference target : ProvidedService#customer

	reference source : RequiredService#provider

	attribute name : ecore::EString[1..1]

	@overloadable "true"
	operation deleguate() : kermeta::standard::~Void is
		raise kermeta::exceptions::NotImplementedException.new

}
abstract class Component
{
	attribute name : ecore::EString[1..1]

	attribute providedService : ProvidedService[1..*]#provider

	attribute requiredService : RequiredService[0..*]#customer

	reference owner : CompositeComponent#subComponent

	@overloadable "true"
	operation execute(service : ecore::EString) : kermeta::standard::~Void is
		raise kermeta::exceptions::NotImplementedException.new

}
class PrimtiveComponent inherits Component
{
}
class CompositeComponent inherits Component
{
	attribute subComponent : Component[1..*]#owner

}

free memory before running gc(): 87646056
free memory after running gc(): 91089440
Write kmt output : /tmp/kermeta_build/src/plugins/fr.irisa.triskell.kermeta.io/test/roundtrip_testcases/ecore/output/002_Simple.main.kmt
PACKAGE



package aPackage;


PACKAGE



package ecore;


output written
Write ecore output :/tmp/kermeta_build/src/plugins/fr.irisa.triskell.kermeta.io/test/roundtrip_testcases/ecore/output/002_Simple.main.ecore, from generated ecore : /tmp/kermeta_build/src/plugins/fr.irisa.triskell.kermeta.io/test/roundtrip_testcases/ecore/output/002_Simple.main.kmt
free memory before running gc(): 83679288
free memory after running gc(): 90848920
ecore output written
free memory before running gc(): 84580088
free memory after running gc(): 91174608
free memory before running gc(): 90129872
free memory after running gc(): 91228800
INPUT : 
package aPackage;

class aClass
{
	attribute anAttribute : ecore::EBoolean

	reference aReference : aClass[0..*]

	@overloadable "true"
	operation anOperation(aParameter : ecore::EIntegerObject) : anEnum is
		raise kermeta::exceptions::NotImplementedException.new

}
alias aDataType : kermeta::standard::Object;
enumeration anEnum
{
	aEnemLiteral;
	anotherEnumLiteral;
}

------------------------ OUTPUT : ------------------ 
package aPackage;

class aClass
{
	attribute anAttribute : ecore::EBoolean

	reference aReference : aClass[0..*]

	@overloadable "true"
	operation anOperation(aParameter : ecore::EIntegerObject) : anEnum is
		raise kermeta::exceptions::NotImplementedException.new

}
alias aDataType : kermeta::standard::Object;
enumeration anEnum
{
	aEnemLiteral;
	anotherEnumLiteral;
}

free memory before running gc(): 88094392
free memory after running gc(): 90113264
Write kmt output : /tmp/kermeta_build/src/plugins/fr.irisa.triskell.kermeta.io/test/roundtrip_testcases/ecore/output/003_UML2.main.kmt
PACKAGE



package uml2;


PACKAGE



package ecore;


output written
Write ecore output :/tmp/kermeta_build/src/plugins/fr.irisa.triskell.kermeta.io/test/roundtrip_testcases/ecore/output/003_UML2.main.ecore, from generated ecore : /tmp/kermeta_build/src/plugins/fr.irisa.triskell.kermeta.io/test/roundtrip_testcases/ecore/output/003_UML2.main.kmt
free memory before running gc(): 112207024
free memory after running gc(): 131586920
ecore output written
free memory before running gc(): 85707640
free memory after running gc(): 127447440
free memory before running gc(): 74246120
free memory after running gc(): 130679976
INPUT : 
package uml2;

alias Integer : kermeta::standard::Integer;
alias Boolean : kermeta::standard::Boolean;
alias String : kermeta::standard::String;
alias UnlimitedNatural : kermeta::standard::Integer;
alias Sequence : kermeta::language::structure::Object;
alias Set : kermeta::language::structure::Object;
/**Element is an abstract metaclass with no superclass. It is used as the common superclass for all metaclasses in the infrastructure library. Element has a derived composition association to itself to support the general capability for elements to own other elements. */
abstract class Element inherits ecore::EModelElement
{
	/**The Elements owned by this element. This is a derived union.*/
	@overloadable "true"
	property ownedElement : set Element[0..*]#owner
		getter is raise kermeta::exceptions::NotImplementedException.new
		setter is raise kermeta::exceptions::NotImplementedException.new

	/**The Element that owns this element. This is a derived union.*/
	@overloadable "true"
	property owner : Element#ownedElement
		getter is raise kermeta::exceptions::NotImplementedException.new
		setter is raise kermeta::exceptions::NotImplementedException.new

	/**The Comments owned by this element. Subsets Element::ownedElement.*/
	attribute ownedComment : set Comment[0..*]

	@overloadable "true"
	/**An invariant constraint based on the following OCL expression:
<code>
not self.allOwnedElements()->includes(self)
</code>*/
	operation not_own_self(diagnostics : ecore::EDiagnosticChain, context : ecore::EMap) : Boolean is
		raise kermeta::exceptions::NotImplementedException.new

	@overloadable "true"
	/**An invariant constraint based on the following OCL expression:
<code>
self.mustBeOwned() implies owner->notEmpty()
</code>*/
	operation has_owner(diagnostics : ecore::EDiagnosticChain, context : ecore::EMap) : Boolean is
		raise kermeta::exceptions::NotImplementedException.new

	@overloadable "true"
	/**A query based on the following OCL expression:
<code>
ownedElement->union(ownedElement->collect(e | e.allOwnedElements()))
</code>*/
	operation allOwnedElements() : Set is
		raise kermeta::exceptions::NotImplementedException.new

	@overloadable "true"
	/**A query based on the following OCL expression:
<code>
true
</code>*/
	operation mustBeOwned() : Boolean is
		raise kermeta::exceptions::NotImplementedException.new

}
/**A MultiplicityElement is an abstract metaclass which includes optional attributes for defining the bounds of a multiplicity. A MultiplicityElement also includes specifications of whether the values in an instantiation of this element must be unique or ordered. */
abstract class MultiplicityElement inherits Element
{
	/**For a multivalued multiplicity, this attribute specifies whether the values in an instantiation of this element are sequentially ordered. Default is false.*/
	attribute isOrdered : Boolean

	/**For a multivalued multiplicity, this attributes specifies whether the values in an instantiation of this element are unique. Default is true.*/
	attribute isUnique : Boolean

	/**Specifies the lower bound of the multiplicity interval, if it is expressed as an integer.*/
	@overloadable "true"
	property lower : Integer
		getter is raise kermeta::exceptions::NotImplementedException.new
		setter is raise kermeta::exceptions::NotImplementedException.new

	/**Specifies the upper bound of the multiplicity interval, if it is expressed as an unlimited natural.*/
	@overloadable "true"
	property upper : UnlimitedNatural
		getter is raise kermeta::exceptions::NotImplementedException.new
		setter is raise kermeta::exceptions::NotImplementedException.new

	/**The specification of the upper bound for this multiplicity. Subsets Element::ownedElement.*/
	attribute upperValue : ValueSpecification

	/**The specification of the lower bound for this multiplicity. Subsets Element::ownedElement.*/
	attribute lowerValue : ValueSpecification

	@overloadable "true"
	/**A query based on the following OCL expression:
<code>
if lowerValue->isEmpty() then 1 else lowerValue.integerValue() endif
</code>*/
	operation lowerBound() : Integer is
		raise kermeta::exceptions::NotImplementedException.new

	@overloadable "true"
	/**A query based on the following OCL expression:
<code>
if upperValue->isEmpty() then 1 else upperValue.unlimitedValue() endif
</code>*/
	operation upperBound() : UnlimitedNatural is
		raise kermeta::exceptions::NotImplementedException.new

	@overloadable "true"
	/**A query based on the following OCL expression:
<code>
upperBound() > 1
</code>*/
	operation isMultivalued() : Boolean is
		raise kermeta::exceptions::NotImplementedException.new

	@overloadable "true"
	/**A query based on the following OCL expression:
<code>
(lowerBound() <= C) and (upperBound() >= C)

</code>*/
	operation includesCardinality(C : Integer) : Boolean is
		raise kermeta::exceptions::NotImplementedException.new

	@overloadable "true"
	/**A query based on the following OCL expression:
<code>
(self.lowerBound() <= M.lowerBound()) and (self.upperBound() >= M.upperBound())
</code>*/
	operation includesMultiplicity(M : MultiplicityElement) : Boolean is
		raise kermeta::exceptions::NotImplementedException.new

	@overloadable "true"
	/**An invariant constraint based on the following OCL expression:
<code>
upperBound()->notEmpty() implies upperBound() > 0
</code>*/
	operation upper_gt_0(diagnostics : ecore::EDiagnosticChain, context : ecore::EMap) : Boolean is
		raise kermeta::exceptions::NotImplementedException.new

	@overloadable "true"
	/**An invariant constraint based on the following OCL expression:
<code>
lowerBound()->notEmpty() implies lowerBound() >= 0
</code>*/
	operation lower_ge_0(diagnostics : ecore::EDiagnosticChain, context : ecore::EMap) : Boolean is
		raise kermeta::exceptions::NotImplementedException.new

	@overloadable "true"
	/**An invariant constraint based on the following OCL expression:
<code>
(upperBound()->notEmpty() and lowerBound()->notEmpty()) implies upperBound() >= lowerBound()
</code>*/
	operation upper_ge_lower(diagnostics : ecore::EDiagnosticChain, context : ecore::EMap) : Boolean is
		raise kermeta::exceptions::NotImplementedException.new

	@overloadable "true"
	/**An invariant constraint based on the following OCL expression:
<code>
lower=lowerBound()
</code>*/
	operation lower_eq_lowerbound(diagnostics : ecore::EDiagnosticChain, context : ecore::EMap) : Boolean is
		raise kermeta::exceptions::NotImplementedException.new

	@overloadable "true"
	/**An invariant constraint based on the following OCL expression:
<code>
upper = upperBound()
</code>*/
	operation upper_eq_upperbound(diagnostics : ecore::EDiagnosticChain, context : ecore::EMap) : Boolean is
		raise kermeta::exceptions::NotImplementedException.new

	@overloadable "true"
	/**A query based on the following OCL expression:
<code>
lowerBound()
</code>*/
	operation op_lower() : Integer is
		raise kermeta::exceptions::NotImplementedException.new

	@overloadable "true"
	/**A query based on the following OCL expression:
<code>
upperBound()
</code>*/
	operation op_upper() : UnlimitedNatural is
		raise kermeta::exceptions::NotImplementedException.new

}
/**A named element represents elements that may have a name. The name is used for identification of the named element within the namespace in which it is defined. A named element also has a qualified name that allows it to be unambiguously identified within a hierarchy of nested namespaces. NamedElement is an abstract metaclass. */
abstract class NamedElement inherits TemplateableElement
{
	/**The name of the NamedElement.*/
	attribute name : String

	/**A name which allows the NamedElement to be identified within a hierarchy of nested Namespaces. It is constructed from the names of the containing namespaces starting at the root of the hierarchy and ending with the name of the NamedElement itself. This is a derived attribute.*/
	@overloadable "true"
	property qualifiedName : String
		getter is raise kermeta::exceptions::NotImplementedException.new
		setter is raise kermeta::exceptions::NotImplementedException.new

	/**Determines the visibility of the NamedElement within different Namespaces within the overall model. Package Dependencies (?Dependencies? on page 94)*/
	attribute visibility : VisibilityKind

	reference clientDependency : set Dependency[0..*]#client

	/**The expression used to define the name of this named element.*/
	attribute nameExpression : StringExpression

	@overloadable "true"
	/**An invariant constraint based on the following OCL expression:
<code>
self.name->isEmpty() or self.allNamespaces()->select(ns | ns.name->isEmpty())->notEmpty()
	implies self.qualifiedName->isEmpty()
</code>*/
	operation no_name(diagnostics : ecore::EDiagnosticChain, context : ecore::EMap) : Boolean is
		raise kermeta::exceptions::NotImplementedException.new

	@overloadable "true"
	/**An invariant constraint based on the following OCL expression:
<code>
(self.name->notEmpty() and self.allNamespaces()->select(ns | ns.name->isEmpty())->isEmpty()) implies
self.qualifiedName =
 self.allNamespaces()->iterate( ns : Namespace; result: String = self.name |
		ns.name->union(self.separator())->union(result))
</code>*/
	operation qualified_name(diagnostics : ecore::EDiagnosticChain, context : ecore::EMap) : Boolean is
		raise kermeta::exceptions::NotImplementedException.new

	@overloadable "true"
	/**A query based on the following OCL expression:
<code>
if self.namespace->isEmpty()
then Sequence{}
else self.namespace.allNamespaces()->prepend(self.namespace)
endif
</code>*/
	operation allNamespaces() : Sequence is
		raise kermeta::exceptions::NotImplementedException.new

	@overloadable "true"
	/**A query based on the following OCL expression:
<code>
if self.oclIsKindOf(n.oclType) or n.oclIsKindOf(self.oclType)
then ns.getNamesOfMember(self)->intersection(ns.getNamesOfMember(n))->isEmpty()
else true
endif
</code>*/
	operation isDistinguishableFrom(n : NamedElement, ns : Namespace) : Boolean is
		raise kermeta::exceptions::NotImplementedException.new

	@overloadable "true"
	/**A query based on the following OCL expression:
<code>
'::'
</code>*/
	operation separator() : String is
		raise kermeta::exceptions::NotImplementedException.new

	@overloadable "true"
	/**A query based on the following OCL expression:
<code>
if self.name->notEmpty() and self.allNamespaces()->select(ns | ns.name->isEmpty())->isEmpty()
then 
    self.allNamespaces()->iterate( ns : Namespace; result: String = self.name | ns.name->union(self.separator())->union(result))
else
    Set{}
endif
</code>*/
	operation op_qualifiedName() : String is
		raise kermeta::exceptions::NotImplementedException.new

	@overloadable "true"
	/**An invariant constraint based on the following OCL expression:
<code>
namespace->isEmpty() implies visibility->isEmpty()
</code>*/
	operation visibility_needs_ownership(diagnostics : ecore::EDiagnosticChain, context : ecore::EMap) : Boolean is
		raise kermeta::exceptions::NotImplementedException.new

}
/**A namespace is a named element that can own other named elements. Each named element may be owned by at most one namespace. A namespace provides a means for identifying named elements by name. Named elements can be identified by name in a namespace either by being directly owned by the namespace or by being introduced into the namespace by other means e.g. importing or inheriting. Namespace is an abstract metaclass. A namespace can own constraints. The constraint does not necessarily apply to the namespace itself, but may also apply to elements in the namespace. A namespace has the ability to import either individial members or all members of a package, thereby making it possible to refer to those named elements without qualification in the importing namespace. In the case of conflicts, it is necessary to use qualified names or aliases to disambiguate the referenced elements. */
abstract class Namespace inherits NamedElement
{
	/**A collection of NamedElements identifiable within the Namespace, either by being owned or by being introduced by importing or inheritance. This is a derived union.*/
	@overloadable "true"
	property member : set NamedElement[0..*]
		getter is raise kermeta::exceptions::NotImplementedException.new
		setter is raise kermeta::exceptions::NotImplementedException.new

	/**Specifies a set of Constraints owned by this Namespace. Subsets Namespace::ownedMember.*/
	attribute ownedRule : set Constraint[0..*]#namespace

	/**References the PackageableElements that are members of this Namespace as a result of either PackageImports or ElementImports. Subsets Namespace::member.*/
	@overloadable "true"
	property importedMember : set PackageableElement[0..*]
		getter is raise kermeta::exceptions::NotImplementedException.new
		setter is raise kermeta::exceptions::NotImplementedException.new

	/**References the ElementImports owned by the Namespace. Subsets Element::ownedElement.*/
	attribute elementImport : set ElementImport[0..*]#importingNamespace

	/**References the PackageImports owned by the Namespace. Subsets Element::ownedElement.*/
	attribute packageImport : set PackageImport[0..*]#importingNamespace

	@overloadable "true"
	/**An invariant constraint based on the following OCL expression:
<code>
membersAreDistinguishable()
</code>*/
	operation members_are_distinguishable(diagnostics : ecore::EDiagnosticChain, context : ecore::EMap) : Boolean is
		raise kermeta::exceptions::NotImplementedException.new

	@overloadable "true"
	/**A query based on the following OCL expression:
<code>
if self.ownedMember->includes(element)
then Set{}->include(element.name)
else let elementImports: ElementImport = self.elementImport->select(ei | ei.importedElement = element) in
    if elementImports->notEmpty()
    then elementImports->collect(el | el.getName())
    else 
        self.packageImport->select(pi | pi.importedPackage.visibleMembers()->includes(element))->collect(pi | pi.importedPackage.getNamesOfMember(element))
    endif
endif
</code>*/
	operation getNamesOfMember(element : NamedElement) : Set is
		raise kermeta::exceptions::NotImplementedException.new

	@overloadable "true"
	/**A query based on the following OCL expression:
<code>
self.member->forAll( memb |
	self.member->excluding(memb)->forAll(other |
		memb.isDistinguishableFrom(other, self)))
</code>*/
	operation membersAreDistinguishable() : Boolean is
		raise kermeta::exceptions::NotImplementedException.new

	@overloadable "true"
	/**An invariant constraint based on the following OCL expression:
<code>
self.importedMember->includesAll(self.importedMembers(self.elementImport.importedElement.asSet()->union(self.packageImport.importedPackage->collect(p | p.visibleMembers()))))
</code>*/
	operation importedMember_derived(diagnostics : ecore::EDiagnosticChain, context : ecore::EMap) : Boolean is
		raise kermeta::exceptions::NotImplementedException.new

	@overloadable "true"
	/**A query based on the following OCL expression:
<code>
self.importedMembers(self.elementImport.importedElement.asSet()->union(self.packageImport.importedPackage->collect(p | p.visibleMembers())))
</code>*/
	operation op_importedMember() : Set is
		raise kermeta::exceptions::NotImplementedException.new

	@overloadable "true"
	/**A query based on the following OCL expression:
<code>
self.excludeCollisions(imps)->select(imp | self.ownedMember->forAll(mem | mem.imp.isDistinguishableFrom(mem, self)))
</code>*/
	operation importMembers(imps : Set) : Set is
		raise kermeta::exceptions::NotImplementedException.new

	@overloadable "true"
	/**A query based on the following OCL expression:
<code>
imps->reject(imp1 | imps.exists(imp2 | not imp1.isDistinguishableFrom(imp2, self)))
</code>*/
	operation excludeCollisions(imps : Set) : Set is
		raise kermeta::exceptions::NotImplementedException.new

}
/**An expression contains a language-specific text string used to describe a value or values, and an optional specification of the language. One predefined language for specifying expressions is OCL. Natural language or programming languages may also be used. */
class OpaqueExpression inherits ValueSpecification
{
	/**The text of the expression.*/
	attribute body : String

	/**Specifies the language in which the expression is stated. The interpretation of the expression body depends on the language. If language is unspecified, it might be implicit from the expression body or the context.*/
	attribute language : String

	/**Restricts an opaque expression to return exactly one return result. When the invocation of the opaque expression completes, a single set of values is returned to its owner. This association is derived from the single return result parameter of the associated behavior.*/
	@overloadable "true"
	property ~result : Parameter
		getter is raise kermeta::exceptions::NotImplementedException.new
		setter is raise kermeta::exceptions::NotImplementedException.new

	/**Specifies the behavior of the opaque expression.*/
	reference behavior : Behavior

}
/**ValueSpecification is an abstract metaclass used to identify a value or values in a model. It may reference an instance or it may be an expression denoting an instance or instances when evaluated. */
abstract class ValueSpecification inherits TypedElement, ParameterableElement
{
	@overloadable "true"
	/**A query based on the following OCL expression:
<code>
false
</code>*/
	operation isComputable() : Boolean is
		raise kermeta::exceptions::NotImplementedException.new

	@overloadable "true"
	/**A query based on the following OCL expression:
<code>
Set{}
</code>*/
	operation integerValue() : Integer is
		raise kermeta::exceptions::NotImplementedException.new

	@overloadable "true"
	/**A query based on the following OCL expression:
<code>
Set{}
</code>*/
	operation booleanValue() : Boolean is
		raise kermeta::exceptions::NotImplementedException.new

	@overloadable "true"
	/**A query based on the following OCL expression:
<code>
Set{}
</code>*/
	operation stringValue() : String is
		raise kermeta::exceptions::NotImplementedException.new

	@overloadable "true"
	/**A query based on the following OCL expression:
<code>
Set{}
</code>*/
	operation unlimitedValue() : UnlimitedNatural is
		raise kermeta::exceptions::NotImplementedException.new

	@overloadable "true"
	/**A query based on the following OCL expression:
<code>
false
</code>*/
	operation isNull() : Boolean is
		raise kermeta::exceptions::NotImplementedException.new

}
/**An expression represents a node in an expression tree, which may be non-terminal or terminal. It defines a symbol, and has a possibly empty sequence of operands which are value specifications. */
class Expression inherits OpaqueExpression
{
	/**The symbol associated with the node in the expression tree.*/
	attribute symbol : String

	/**Specifies a sequence of operands. Subsets Element::ownedElement.*/
	attribute operand : ValueSpecification[0..*]

}
/**A comment gives the ability to attach various remarks to elements. A comment carries no semantic force, but may contain information that is useful to a modeler. A comment can be owned by any element. */
class Comment inherits TemplateableElement
{
	/**Specifies a string that is the comment.*/
	attribute body : String

	/**References the Element(s) being commented.*/
	reference annotatedElement : set Element[0..*]

	attribute bodyExpression : StringExpression

}
/**A directed relationship references one or more source elements and one or more target elements. Directed relationship is an abstract metaclass. */
abstract class DirectedRelationship inherits Relationship
{
	/**Specifies the sources of the DirectedRelationship. Subsets Relationship::relatedElement. This is a derived union.*/
	@overloadable "true"
	property source : set Element[1..*]
		getter is raise kermeta::exceptions::NotImplementedException.new
		setter is raise kermeta::exceptions::NotImplementedException.new

	/**Specifies the targets of the DirectedRelationship. Subsets Relationship::relatedElement. This is a derived union.*/
	@overloadable "true"
	property target : set Element[1..*]
		getter is raise kermeta::exceptions::NotImplementedException.new
		setter is raise kermeta::exceptions::NotImplementedException.new

}
/**A relationship references one or more related elements. Relationship is an abstract metaclass. */
abstract class Relationship inherits Element
{
	/**Specifies the elements related by the Relationship. This is a derived union.*/
	@overloadable "true"
	property relatedElement : set Element[1..*]
		getter is raise kermeta::exceptions::NotImplementedException.new
		setter is raise kermeta::exceptions::NotImplementedException.new

}
/**Class is a kind of classifier whose features are attributes and operations. Attributes of a class are represented by instances of Property that are owned by the class. Some of these attributes may represent the navigable ends of binary associations. */
class Class inherits BehavioredClassifier, EncapsulatedClassifier
{
	/**The operations owned by the class. The association is ordered. Subsets Classifier::feature and Namespace::ownedMember.*/
	attribute ownedOperation : Operation[0..*]#class_

	/**This gives the superclasses of a class. It redefines Classifier::general. This is derived.*/
	@overloadable "true"
	property superClass : set Class[0..*]
		getter is raise kermeta::exceptions::NotImplementedException.new
		setter is raise kermeta::exceptions::NotImplementedException.new

	@overloadable "true"
	property extension : set Extension[0..*]#metaclass
		getter is raise kermeta::exceptions::NotImplementedException.new
		setter is raise kermeta::exceptions::NotImplementedException.new

	/**References all the Classifiers that are defined (nested) within the Class. Subsets Element:: ownedMember.*/
	attribute nestedClassifier : Classifier[0..*]

	/**Determines whether an object specified by this class is active or not. If true, then the owning class is referred to as an active class. If false, then such a class is referred to as a passive class.*/
	attribute isActive : Boolean

	/**Receptions that objects of this class are willing to accept. (Specializes Namespace.owned- Member and Classifier.feature.)*/
	attribute ownedReception : set Reception[0..*]

}
/**A type serves as a constraint on the range of values represented by a typed element. Type is an abstract metaclass. */
abstract class Type inherits PackageableElement
{
	/**References the owning package of a package. Subsets NamedElement::namespace.*/
	@overloadable "true"
	property ~package : Package#ownedType
		getter is raise kermeta::exceptions::NotImplementedException.new
		setter is raise kermeta::exceptions::NotImplementedException.new

	@overloadable "true"
	/**A query based on the following OCL expression:
<code>
false
</code>*/
	operation conformsTo(other : Type) : Boolean is
		raise kermeta::exceptions::NotImplementedException.new

}
/**Property represents a declared state of one or more instances in terms of a named relationship to a value or values. When a property is an attribute of a classifier, the value or values are related to the instance of the classifier by being held in slots of the instance. When a property is an association end, the value or values are related to the instance or instances at the other end(s) of the association (see semantics of Association). Property is indirectly a subclass of Constructs::TypedElement. The range of valid values represented by the property can be controlled by setting the property?s type. Package AssociationClasses (?AssociationClasses? on page 107) A property may have other properties (attributes) that serve as qualifiers. */
class Property inherits StructuralFeature, ConnectableElement, DeploymentTarget
{
	@overloadable "true"
	property default : String
		getter is raise kermeta::exceptions::NotImplementedException.new
		setter is raise kermeta::exceptions::NotImplementedException.new

	@overloadable "true"
	property isComposite : Boolean
		getter is raise kermeta::exceptions::NotImplementedException.new
		setter is raise kermeta::exceptions::NotImplementedException.new

	/**Specifies whether the Property is derived, i.e., whether its value or values can be computed from other information. The default value is false.*/
	attribute isDerived : Boolean

	reference class_ : Class

	@overloadable "true"
	property opposite : Property
		getter is raise kermeta::exceptions::NotImplementedException.new
		setter is raise kermeta::exceptions::NotImplementedException.new

	/**Specifies whether the property is derived as the union of all of the properties that are constrained to subset it. The default value is false.*/
	attribute isDerivedUnion : Boolean

	/**References the owning association of this property. Subsets Property::association, NamedElement::namespace, Feature::featuringClassifier, and RedefinableElement:: redefinitionContext.*/
	reference owningAssociation : Association#ownedEnd

	reference redefinedProperty : set Property[0..*]

	reference subsettedProperty : set Property[0..*]

	/**The DataType that owns this Property. Subsets NamedElement::namespace, Feature::featuringClassifier, and Property::classifier.*/
	reference datatype : DataType#ownedAttribute

	/**References the association of which this property is a member, if any.*/
	reference association : Association#memberEnd

	/**Specifies the kind of aggregation that applies to the Property. The default value is none.*/
	attribute aggregation : AggregationKind

	/**A ValueSpecification that is evaluated to give a default value for the Property when an object of the owning Classifier is is instantiated. Subsets Element::ownedElement.*/
	attribute defaultValue : ValueSpecification

	attribute qualifier : Property[0..*]#associationEnd

	reference associationEnd : Property#qualifier

	@overloadable "true"
	/**An invariant constraint based on the following OCL expression:
<code>
opposite = 
	if owningAssociation->notEmpty() and association.memberEnd->size() = 2 then 
		let otherEnd = (association.memberEnd - self)->any() in 
			if otherEnd.owningAssociation->notEmpty then otherEnd else Set{} endif
	else Set {}
	endif
</code>*/
	operation opposite_is_other_end(diagnostics : ecore::EDiagnosticChain, context : ecore::EMap) : Boolean is
		raise kermeta::exceptions::NotImplementedException.new

	@overloadable "true"
	/**A query based on the following OCL expression:
<code>
if owningAssociation->notEmpty() and association.memberEnd->size() = 2 then 
		let otherEnd = (association.memberEnd - self)->any() in 
			if otherEnd.owningAssociation->notEmpty then otherEnd else Set{} endif
	else Set {}
	endif
</code>*/
	operation op_opposite() : Property is
		raise kermeta::exceptions::NotImplementedException.new

	@overloadable "true"
	/**An invariant constraint based on the following OCL expression:
<code>
isComposite implies (upperBound()->isEmpty() or upperBound() <= 1)
</code>*/
	operation multiplicity_of_composite(diagnostics : ecore::EDiagnosticChain, context : ecore::EMap) : Boolean is
		raise kermeta::exceptions::NotImplementedException.new

	@overloadable "true"
	/**An invariant constraint based on the following OCL expression:
<code>
subsettedProperty->notEmpty() implies
	(subsettingContext()->notEmpty() and subsettingContext()->forAll (sc |
		subsettedProperty->forAll(sp | 
			sp.subsettingContext()->exists(c | sc.conformsTo(c)))))
</code>*/
	operation subsetting_context(diagnostics : ecore::EDiagnosticChain, context : ecore::EMap) : Boolean is
		raise kermeta::exceptions::NotImplementedException.new

	@overloadable "true"
	/**An invariant constraint based on the following OCL expression:
<code>
(subsettedProperty->exists(sp | sp.class->notEmpty())	
		implies class->notEmpty())
and
(redefinedProperty->exists(rp | rp.class->notEmpty())	
		implies class->notEmpty())
</code>*/
	operation navigable_property_redefinition(diagnostics : ecore::EDiagnosticChain, context : ecore::EMap) : Boolean is
		raise kermeta::exceptions::NotImplementedException.new

	@overloadable "true"
	/**An invariant constraint based on the following OCL expression:
<code>
subsettedProperty->forAll(sp |
	type.conformsTo(sp.type) and
		((upperBound()->notEmpty() and sp.upperBound()->notEmpty()) implies
			upperBound()<=sp.upperBound() ))
</code>*/
	operation subsetting_rules(diagnostics : ecore::EDiagnosticChain, context : ecore::EMap) : Boolean is
		raise kermeta::exceptions::NotImplementedException.new

	@overloadable "true"
	/**An invariant constraint based on the following OCL expression:
<code>
isReadOnly implies class->notEmpty()
</code>*/
	operation navigable_readonly(diagnostics : ecore::EDiagnosticChain, context : ecore::EMap) : Boolean is
		raise kermeta::exceptions::NotImplementedException.new

	@overloadable "true"
	/**An invariant constraint based on the following OCL expression:
<code>
isDerivedUnion implies isDerived
</code>*/
	operation derivedUnion_is_derived(diagnostics : ecore::EDiagnosticChain, context : ecore::EMap) : Boolean is
		raise kermeta::exceptions::NotImplementedException.new

	@overloadable "true"
	/**A query based on the following OCL expression:
<code>
if association->notEmpty()
then association.endType-type 
else if classifier->notEmpty then Set{classifier} else Set{} endif
endif
</code>*/
	operation subsettingContext() : Set is
		raise kermeta::exceptions::NotImplementedException.new

}
/**An operation is a behavioral feature of a classifier that specifies the name, type, parameters, and constraints for invoking an associated behavior. */
class Operation inherits BehavioralFeature, TypedElement, MultiplicityElement, ParameterableElement
{
	attribute ownedParameter : Parameter[0..*]#~operation

	reference class_ : Class#ownedOperation

	/**Specifies whether an execution of the BehavioralFeature leaves the state of the system unchanged (isQuery=true) or whether side effects may occur (isQuery=false). The default value is false.*/
	attribute isQuery : Boolean

	reference datatype : DataType#ownedOperation

	/**An optional set of Constraints on the state of the system when the Operation is invoked. Subsets Namespace::ownedMember.*/
	reference precondition : set Constraint[0..*]

	/**An optional set of Constraints specifying the state of the system when the Operation is completed. Subsets Namespace::ownedMember.*/
	reference postcondition : set Constraint[0..*]

	/**the Operations that are redefined by this Operation. Subsets RedefinableElement. redefinedElement.*/
	reference redefinedOperation : set Operation[0..*]

	/**optional Constraint on the result values of an invocation of this Operation. Subsets Namespace::ownedMember.*/
	reference bodyCondition : Constraint

	@overloadable "true"
	/**An invariant constraint based on the following OCL expression:
<code>
if returnResult->size() = 1 then
  type = returnResult.type
else
  type = nil
endif

</code>*/
	operation type_of_result(diagnostics : ecore::EDiagnosticChain, context : ecore::EMap) : Boolean is
		raise kermeta::exceptions::NotImplementedException.new

	@overloadable "true"
	/**A query based on the following OCL expression:
<code>
if returnResult->size() = 1 then returnResult->any().isOrdered else false endif
</code>*/
	operation op_isOrdered() : Boolean is
		raise kermeta::exceptions::NotImplementedException.new

	@overloadable "true"
	/**A query based on the following OCL expression:
<code>
 if returnResult->size() = 1 then returnResult->any().isUnique else true endif
</code>*/
	operation op_isUnique() : Boolean is
		raise kermeta::exceptions::NotImplementedException.new

	@overloadable "true"
	/**A query based on the following OCL expression:
<code>
if returnResult->size() = 1 then returnResult->any().type else Set{} endif
</code>*/
	operation op_type() : Classifier is
		raise kermeta::exceptions::NotImplementedException.new

	@overloadable "true"
	/**An invariant constraint based on the following OCL expression:
<code>
bodyCondition->notEmpty() implies isQuery
</code>*/
	operation only_body_for_query(diagnostics : ecore::EDiagnosticChain, context : ecore::EMap) : Boolean is
		raise kermeta::exceptions::NotImplementedException.new

}
/**A typed element is an element that has a type that serves as a constraint on the range of values the element can represent. Typed element is an abstract metaclass. */
abstract class TypedElement inherits NamedElement
{
	/**The type of the TypedElement.*/
	reference type : Type

}
/**A parameter is a specification of an argument used to pass information into or out of an invocation of a behavioral feature. It has a type, and may have a multiplicity and an optional default value. */
class Parameter inherits ConnectableElement, TypedElement, MultiplicityElement
{
	/**References the Operation for which this is a formal parameter. Subsets NamedElement:: namespace.*/
	reference ~operation : Operation#ownedParameter

	@overloadable "true"
	property default : String
		getter is raise kermeta::exceptions::NotImplementedException.new
		setter is raise kermeta::exceptions::NotImplementedException.new

	/**Indicates whether a parameter is being sent into or out of a behavioral element. The default value is in.*/
	attribute direction : ParameterDirectionKind

	/**Specifies a ValueSpecification that represents a value to be used when no argument is supplied for the Parameter. Subsets Element::ownedElement.*/
	attribute defaultValue : ValueSpecification

	attribute isException : Boolean

	attribute isStream : Boolean

	attribute effect : ParameterEffectKind

	reference parameterSet : set ParameterSet[0..*]#parameter

}
/**A package is a namespace for its members, and may contain other packages. Only packageable elements can be owned members of a package. By virtue of being a namespace, a package can import either individual members of other packages, or all the members of other packages. In addition a package can be merged with other packages. */
class Package inherits Namespace, PackageableElement
{
	/**References the owned members that are Packages. Subsets Package::ownedMember.*/
	@overloadable "true"
	property nestedPackage : set Package[0..*]#nestingPackage
		getter is raise kermeta::exceptions::NotImplementedException.new
		setter is raise kermeta::exceptions::NotImplementedException.new

	@overloadable "true"
	property nestingPackage : Package#nestedPackage
		getter is raise kermeta::exceptions::NotImplementedException.new
		setter is raise kermeta::exceptions::NotImplementedException.new

	/**References the owned members that are Types. Subsets Package::ownedMember.*/
	@overloadable "true"
	property ownedType : set Type[0..*]#~package
		getter is raise kermeta::exceptions::NotImplementedException.new
		setter is raise kermeta::exceptions::NotImplementedException.new

	/**Specifies the members that are owned by this Package. Redefines Namespace::ownedMember.*/
	attribute ownedMember : set PackageableElement[0..*]

	attribute packageMerge : set PackageMerge[0..*]#mergingPackage

	reference appliedProfile : set ProfileApplication[0..*]

	attribute packageExtension : set PackageMerge[0..*]

	@overloadable "true"
	/**An invariant constraint based on the following OCL expression:
<code>
self.ownedElements->forAll(e | e.visibility->notEmpty() implies e.visbility = #public or e.visibility = #private)
</code>*/
	operation elements_public_or_private(diagnostics : ecore::EDiagnosticChain, context : ecore::EMap) : Boolean is
		raise kermeta::exceptions::NotImplementedException.new

	@overloadable "true"
	/**A query based on the following OCL expression:
<code>
member->select( m | self.makesVisible(m))
</code>*/
	operation visibleMembers() : Set is
		raise kermeta::exceptions::NotImplementedException.new

	@overloadable "true"
	/**A query based on the following OCL expression:
<code>
el.visibility->isEmpty() or el.visibility = #public
</code>*/
	operation makesVisible(el : NamedElement) : Boolean is
		raise kermeta::exceptions::NotImplementedException.new

}
/**Enumeration is a kind of data type, whose instances may be any of a number of user-defined enumeration literals. It is possible to extend the set of applicable enumeration literals in other packages or profiles. */
class Enumeration inherits DataType
{
	/**ordered set of literals for this Enumeration. Subsets Element::ownedMember.*/
	attribute ownedLiteral : EnumerationLiteral[0..*]#~enumeration

}
/**DataType defines a kind of classifier in which operations are all pure functions (i.e., they can return data values but they cannot change data values, because they have no identity). For example, an ?add? operation on a number with another number as an argument yields a third number as a result; the target and argument are unchanged. A DataType may also contain attributes to support the modeling of structured data types. */
class DataType inherits Classifier
{
	/**The Attributes owned by the DataType. Subsets Classifier::attribute and Element:: ownedMember.*/
	attribute ownedAttribute : Property[0..*]#datatype

	/**The Operations owned by the DataType. Subsets Classifier::feature and Element:: ownedMember.*/
	attribute ownedOperation : Operation[0..*]#datatype

}
/**An enumeration literal is a user-defined data value for an enumeration. */
class EnumerationLiteral inherits InstanceSpecification
{
	/**Enumeration that this EnumerationLiteral is a member of. Subsets NamedElement:: namespace.*/
	reference ~enumeration : Enumeration#ownedLiteral

}
/**The instances of primitive type used in UML itself include Boolean, Integer, UnlimitedNatural, and String. */
class PrimitiveType inherits DataType
{
}
/**A classifier is a namespace whose members can include features. Classifier is an abstract metaclass. A classifier is a type and can own generalizations, thereby making it possible to define generalization relationships to other classifiers. A classifier can specify a generalization hierarchy by referencing its general classifiers. A classifier is a redefinable element, meaning that it is possible to redefine nested classifiers. */
abstract class Classifier inherits Namespace, Type, RedefinableElement
{
	@overloadable "true"
	property feature : set Feature[0..*]#featuringClassifier
		getter is raise kermeta::exceptions::NotImplementedException.new
		setter is raise kermeta::exceptions::NotImplementedException.new

	/**If true, the Classifier does not provide a complete declaration and can typically not be instantiated. An abstract classifier is intended to be used by other classifiers e.g. as the target of general metarelationships or generalization relationships. Default value is false.*/
	attribute isAbstract : Boolean

	@overloadable "true"
	property inheritedMember : set NamedElement[0..*]
		getter is raise kermeta::exceptions::NotImplementedException.new
		setter is raise kermeta::exceptions::NotImplementedException.new

	@overloadable "true"
	property general : set Classifier[0..*]
		getter is raise kermeta::exceptions::NotImplementedException.new
		setter is raise kermeta::exceptions::NotImplementedException.new

	attribute generalization : set Generalization[0..*]#specific

	@overloadable "true"
	property ~attribute : set Property[0..*]
		getter is raise kermeta::exceptions::NotImplementedException.new
		setter is raise kermeta::exceptions::NotImplementedException.new

	reference redefinedClassifier : set Classifier[0..*]

	attribute substitution : set Substitution[0..*]#substitutingClassifier

	reference powertypeExtent : set GeneralizationSet[0..*]#powertype

	attribute ownedUseCase : set UseCase[0..*]

	reference useCase : set UseCase[0..*]#subject

	/**References a collaboration occurrence which indicates the collaboration that represents this classifier. (Subsets Classifier.occurrence.)*/
	reference representation : CollaborationOccurrence

	/**References the collaboration occurrences owned by the classifier. (Subsets Element. ownedElement.)*/
	attribute occurrence : set CollaborationOccurrence[0..*]

	@overloadable "true"
	/**A query based on the following OCL expression:
<code>
member->select(oclIsKindOf(Feature))
</code>*/
	operation allFeatures() : Set is
		raise kermeta::exceptions::NotImplementedException.new

	@overloadable "true"
	/**An invariant constraint based on the following OCL expression:
<code>
not self.allParents()->includes(self)
</code>*/
	operation no_cycles_in_generalization(diagnostics : ecore::EDiagnosticChain, context : ecore::EMap) : Boolean is
		raise kermeta::exceptions::NotImplementedException.new

	@overloadable "true"
	/**An invariant constraint based on the following OCL expression:
<code>
self.parents()->forAll(c | self.maySpecializeType(c))
</code>*/
	operation specialize_type(diagnostics : ecore::EDiagnosticChain, context : ecore::EMap) : Boolean is
		raise kermeta::exceptions::NotImplementedException.new

	@overloadable "true"
	/**An invariant constraint based on the following OCL expression:
<code>
self.inheritedMember->includesAll(self.inherit(self.parents()->collect(p | p.inheritableMembers(self)))
</code>*/
	operation inherited_member(diagnostics : ecore::EDiagnosticChain, context : ecore::EMap) : Boolean is
		raise kermeta::exceptions::NotImplementedException.new

	@overloadable "true"
	/**A query based on the following OCL expression:
<code>
self.inherit(self.parents()->collect(p | p.inheritableMembers(self))
</code>*/
	operation op_inheritedMember() : Set is
		raise kermeta::exceptions::NotImplementedException.new

	@overloadable "true"
	/**A query based on the following OCL expression:
<code>
generalization.general
</code>*/
	operation parents() : Set is
		raise kermeta::exceptions::NotImplementedException.new

	@overloadable "true"
	/**A query based on the following OCL expression:
<code>
self.parents()->union(self.parents()->collect(p | p.allParents())
</code>*/
	operation allParents() : Set is
		raise kermeta::exceptions::NotImplementedException.new

	@overloadable "true"
	/**A query based on the following OCL expression:
<code>
member->select(m | c.hasVisibilityOf(m))
</code>*/
	operation inheritableMembers(c : Classifier) : Set is
		raise kermeta::exceptions::NotImplementedException.new

	@overloadable "true"
	/**A query based on the following OCL expression:
<code>
true
</code>*/
	operation hasVisibilityOf(n : NamedElement) : Boolean is
		raise kermeta::exceptions::NotImplementedException.new

	@overloadable "true"
	/**A query based on the following OCL expression:
<code>
inhs
</code>*/
	operation inherit(inhs : Set) : Set is
		raise kermeta::exceptions::NotImplementedException.new

	@overloadable "true"
	/**A query based on the following OCL expression:
<code>
self.oclIsKindOf(c.oclType)
</code>*/
	operation maySpecializeType(c : Classifier) : Boolean is
		raise kermeta::exceptions::NotImplementedException.new

	@overloadable "true"
	/**A query based on the following OCL expression:
<code>
self.parents()
</code>*/
	operation op_general() : Set is
		raise kermeta::exceptions::NotImplementedException.new

	@overloadable "true"
	/**An invariant constraint based on the following OCL expression:
<code>
general = self.parents()
</code>*/
	operation general_equals_parents(diagnostics : ecore::EDiagnosticChain, context : ecore::EMap) : Boolean is
		raise kermeta::exceptions::NotImplementedException.new

	@overloadable "true"
	/**A query based on the following OCL expression:
<code>
(self=other) or (self.allParents()->includes(other))
</code>*/
	operation op_conformsTo(other : Classifier) : Boolean is
		raise kermeta::exceptions::NotImplementedException.new

}
/**A feature declares a behavioral or structural characteristic of instances of classifiers. Feature is an abstract metaclass. */
abstract class Feature inherits RedefinableElement
{
	/**The Classifiers that have this Feature as a feature. This is a derived union.*/
	@overloadable "true"
	property featuringClassifier : set Classifier[0..*]#feature
		getter is raise kermeta::exceptions::NotImplementedException.new
		setter is raise kermeta::exceptions::NotImplementedException.new

	/**Specifies whether the feature is applied at the classifier-level (true) or the instance-level (false). Default value is false.*/
	attribute isStatic : Boolean

}
/**Constraint contains a ValueSpecification that specifies additional semantics for one or more elements. Certain kinds of constraints (such as an association ?xor? constraint) are predefined in UML, others may be user-defined. A user-defined Constraint is described using a specified language, whose syntax and interpretation is a tool responsibility. One predefined language for writing constraints is OCL. In some situations, a programming language such as Java may be appropriate for expressing a constraint. In other situations natural language may be used. Constraint is a condition (a Boolean expression) that restricts the extension of the associated element beyond what is imposed by the other language constructs applied to that element. Constraint contains an optional name, although they are commonly unnamed. */
class Constraint inherits PackageableElement
{
	/**Specifies the Namespace that is the context for evaluating this constraint. This is a derived union.*/
	@overloadable "true"
	property context : Namespace
		getter is raise kermeta::exceptions::NotImplementedException.new
		setter is raise kermeta::exceptions::NotImplementedException.new

	reference namespace : Namespace#ownedRule

	/**A condition that must be true when evaluated in order for the constraint to be satisfied. Subsets Element::ownedElement.*/
	attribute specification : ValueSpecification[1..1]

	/**ordered set of Elements referenced by this Constraint.*/
	reference constrainedElement : Element[0..*]

	@overloadable "true"
	/**An invariant constraint based on the following OCL expression:
<code>
not constrainedElement->includes(self)
</code>*/
	operation not_apply_to_self(diagnostics : ecore::EDiagnosticChain, context : ecore::EMap) : Boolean is
		raise kermeta::exceptions::NotImplementedException.new

}
enumeration VisibilityKind
{
	public;
	private;
	protected;
	~package;
}
/**A literal boolean contains a Boolean-valued attribute. */
class LiteralBoolean inherits LiteralSpecification
{
	/**The specified Boolean value.*/
	attribute ~value : Boolean

}
/**A literal specification is an abstract specialization of ValueSpecification that identifies a literal constant being modeled. */
abstract class LiteralSpecification inherits ValueSpecification
{
}
/**A literal string contains a String-valued attribute. */
class LiteralString inherits LiteralSpecification
{
	/**The specified String value.*/
	attribute ~value : String

}
/**A literal null is used to represent null, i.e., the absence of a value. */
class LiteralNull inherits LiteralSpecification
{
}
/**A literal integer contains an Integer-valued attribute. */
class LiteralInteger inherits LiteralSpecification
{
	/**The specified Integer value.*/
	attribute ~value : Integer

}
/**A literal unlimited natural contains a UnlimitedNatural-valued attribute. */
class LiteralUnlimitedNatural inherits LiteralSpecification
{
	/**The specified UnlimitedNatural value.*/
	attribute ~value : UnlimitedNatural

}
/**A behavioral feature specifies that an instance of a classifier will respond to a designated request by invoking a behavior. BehavioralFeature is an abstract metaclass specializing Feature and Namespace. Kinds of behavioral aspects are modeled by subclasses of BehavioralFeature. */
abstract class BehavioralFeature inherits Namespace, Feature
{
	/**Specifies the parameters of the BehavioralFeature. Subsets Namespace::member. This is a derived union and is ordered.*/
	@overloadable "true"
	property parameter : Parameter[0..*]
		getter is raise kermeta::exceptions::NotImplementedException.new
		setter is raise kermeta::exceptions::NotImplementedException.new

	/**Specifies the ordered set of formal parameters of this BehavioralFeature. Subsets BehavioralFeature::parameter and Namespace::ownedMember.*/
	attribute formalParameter : set Parameter[0..*]

	/**Specifies the ordered set of return results of this BehavioralFeature. Subsets Behavioral- Feature::parameter and Namespace::ownedMember.*/
	attribute returnResult : Parameter[0..*]

	/**References the Types representing exceptions that may be raised during an invocation of this operation.*/
	reference raisedException : set Type[0..*]

	/**If true, then the behavioral feature does not have an implementation, and one must be supplied by a more specific element. If false, the behavioral feature must have an implementation in the classifier or one must be inherited from a more general element. Communications*/
	attribute isAbstract : Boolean

	/**A behavioral description that implements the behavioral feature. There may be at most one behavior for a particular pairing of a classifier (as owner of the behavior) and a behavioral feature (as specification of the behavior).*/
	reference ~method : set Behavior[0..*]#specification

	attribute concurrency : CallConcurrencyKind

}
/**A structural feature is a typed feature of a classifier that specify the structure of instances of the classifier. Structural feature is an abstract metaclass. By specializing multiplicity element, it supports a multiplicity that specifies valid cardinalities for the set of values associated with an instantiation of the structural feature. */
abstract class StructuralFeature inherits Feature, TypedElement, MultiplicityElement
{
	/**States whether the feature?s value may be modified by a client. Default is false.*/
	attribute isReadOnly : Boolean

}
/**In the metamodel, InstanceSpecification is a specialization of DeploymentTarget and DeployedArtifact. */
class InstanceSpecification inherits PackageableElement, DeploymentTarget, DeployedArtifact
{
	/**A slot giving the value or values of a structural feature of the instance. An instance specification can have one slot per structural feature of its classifiers, including inherited features. It is not necessary to model a slot for each structural feature, in which case the instance specification is a partial description. Subsets Element::ownedElement.*/
	attribute slot : set Slot[0..*]#owningInstance

	/**The classifier or classifiers of the represented instance. If multiple classifiers are specified, the instance is classified by all of them.*/
	reference classifier : set Classifier[0..*]

	/**A specification of how to compute, derive, or construct the instance. Subsets Element:: ownedElement.*/
	attribute specification : ValueSpecification

	@overloadable "true"
	/**An invariant constraint based on the following OCL expression:
<code>
slot->forAll(s |
  classifier->exists(c | c.allFeatures()->includes(s.definingFeature))
</code>*/
	operation slots_are_defined(diagnostics : ecore::EDiagnosticChain, context : ecore::EMap) : Boolean is
		raise kermeta::exceptions::NotImplementedException.new

	@overloadable "true"
	/**An invariant constraint based on the following OCL expression:
<code>
classifier->forAll(c |
	(c.allFeatures()->forAll(f | slot->select(s | s.definingFeature = f)->size() <= 1)
	)
</code>*/
	operation no_duplicate_slots(diagnostics : ecore::EDiagnosticChain, context : ecore::EMap) : Boolean is
		raise kermeta::exceptions::NotImplementedException.new

}
/**A slot is owned by an instance specification. It specifies the value or values for its defining feature, which must be a structural feature of a classifier of the instance specification owning the slot. */
class Slot inherits Element
{
	/**The instance specification that owns this slot. Subsets Element::owner.*/
	reference owningInstance : InstanceSpecification[1..1]#slot

	attribute ~value : ValueSpecification[0..*]

	/**The structural feature that specifies the values that may be held by the slot.*/
	reference definingFeature : StructuralFeature[1..1]

}
/**An instance value specifies the value modeled by an instance specification. */
class InstanceValue inherits ValueSpecification
{
	/**The instance that is the specified value.*/
	reference instance : InstanceSpecification[1..1]

}
/**A redefinable element is a named element that can be redefined in the context of a generalization. RedefinableElement is an abstract metaclass. */
abstract class RedefinableElement inherits NamedElement
{
	/**the contexts that this element may be redefined from. This is a derived union.*/
	@overloadable "true"
	property redefinitionContext : Classifier[0..*]
		getter is raise kermeta::exceptions::NotImplementedException.new
		setter is raise kermeta::exceptions::NotImplementedException.new

	/**Indicates whether it is possible to further specialize a RedefinableElement. If the value is true, then it is not possible to further specialize the RedefinableElement. Default value is false.*/
	attribute isLeaf : Boolean

	@overloadable "true"
	/**An invariant constraint based on the following OCL expression:
<code>
self.redefinedElement->forAll(e | self.isRedefinitionContextValid(e))
</code>*/
	operation redefinition_context_valid(diagnostics : ecore::EDiagnosticChain, context : ecore::EMap) : Boolean is
		raise kermeta::exceptions::NotImplementedException.new

	@overloadable "true"
	/**An invariant constraint based on the following OCL expression:
<code>
self.redefinedElement->forAll(re | re.isConsistentWith(self))
</code>*/
	operation redefinition_consistent(diagnostics : ecore::EDiagnosticChain, context : ecore::EMap) : Boolean is
		raise kermeta::exceptions::NotImplementedException.new

	@overloadable "true"
	/**A query based on the following OCL expression:
<code>
false
</code>*/
	operation isConsistentWith(redefinee : RedefinableElement) : Boolean is
		raise kermeta::exceptions::NotImplementedException.new

	@overloadable "true"
	/**A query based on the following OCL expression:
<code>
self.redefinitionContext->exists(c | redefinable.redefinitionContext->exists(r | c.allParents()->includes(r)))
</code>*/
	operation isRedefinitionContextValid(redefinable : RedefinableElement) : Boolean is
		raise kermeta::exceptions::NotImplementedException.new

}
/**A generalization relates a specific classifier to a more general classifier, and is owned by the specific classifier. Package PowerTypes (?PowerTypes? on page 109) A generalization can be designated as being a member of a particular generalization set. */
class Generalization inherits DirectedRelationship
{
	/**References the specializing classifier in the Generalization relationship. Subsets DirectedRelationship::source and Element::owner. Package PowerTypes (?PowerTypes? on page 109) ? generalizationSet Designates a set in which instances of Generalization is considered members.*/
	reference specific : Classifier[1..1]#generalization

	/**References the general classifier in the Generalization relationship. Subsets DirectedRelationship::target.*/
	reference general : Classifier[1..1]

	/**Indicates whether the specific classifier can be used whereever the general classifier can be used. If true, the execution traces of the specific classifier will be a superset of the execution traces of the general classifier.*/
	attribute isSubstitutable : Boolean

	reference generalizationSet : set GeneralizationSet[0..*]#generalization

}
/**A packageable element indicates a named element that may be owned directly by a package. */
abstract class PackageableElement inherits NamedElement, ParameterableElement
{
	/**Indicates that packageable elements must always have a visibility, i.e., visibility is not optional. Redefines NamedElement::visibility.*/
	attribute packageableElement_visibility : VisibilityKind

}
/**An element import is defined as a directed relationship between an importing namespace and a packageable element. The name of the packageable element or its alias is to be added to the namespace of the importing namespace. It is also possible to control whether the imported element can be further imported. */
class ElementImport inherits DirectedRelationship
{
	/**Specifies the visibility of the imported PackageableElement within the importing Package. The default visibility is the same as that of the imported element. If the imported element does not have a visibility, it is possible to add visibility to the element import.*/
	attribute visibility : VisibilityKind

	/**Specifies the name that should be added to the namespace of the importing Pack-age in lieu of the name of the imported PackagableElement. The aliased name must not clash with any other member name in the importing Package. By default, no alias is used.*/
	attribute ~alias : String

	/**Specifies the PackageableElement whose name is to be added to a Namespace. Subsets DirectedRelationship::target.*/
	reference importedElement : PackageableElement[1..1]

	/**Specifies the Namespace that imports a PackageableElement from another Package. Subsets DirectedRelationship::source and Element::owner.*/
	reference importingNamespace : Namespace[1..1]#elementImport

	@overloadable "true"
	/**An invariant constraint based on the following OCL expression:
<code>
self.visibility = #public or self.visibility = #private
</code>*/
	operation visibility_public_or_private(diagnostics : ecore::EDiagnosticChain, context : ecore::EMap) : Boolean is
		raise kermeta::exceptions::NotImplementedException.new

	@overloadable "true"
	/**An invariant constraint based on the following OCL expression:
<code>
self.importedElement.visibility.notEmpty() implies self.importedElement.visibility = #public
</code>*/
	operation imported_element_is_public(diagnostics : ecore::EDiagnosticChain, context : ecore::EMap) : Boolean is
		raise kermeta::exceptions::NotImplementedException.new

	@overloadable "true"
	/**A query based on the following OCL expression:
<code>
if self.alias->notEmpty() then 
    self.alias
else
    self.importedElement.name
endif
</code>*/
	operation getName() : String is
		raise kermeta::exceptions::NotImplementedException.new

}
/**A package import is defined as a directed relationship that identifies a package whose members are to be imported by a namespace. */
class PackageImport inherits DirectedRelationship
{
	/**Specifies the visibility of the imported PackageableElements within the import-ing Namespace, i.e., whether imported elements will in turn be visible to other packages that use that importingPackage as an importedPackage. If the PackageImport is public, the imported elements will be visible outside the package, while if it is private they will not. By default, the value of visibility is public.*/
	attribute visibility : VisibilityKind

	/**Specifies the Package whose members are imported into a Namespace. Subsets DirectedRelationship::target.*/
	reference importedPackage : Package[1..1]

	/**Specifies the Namespace that imports the members from a Package. Subsets DirectedRelationship::source and Element::owner.*/
	reference importingNamespace : Namespace[1..1]#packageImport

	@overloadable "true"
	/**An invariant constraint based on the following OCL expression:
<code>
self.visibility = #public or self.visibility = #private
</code>*/
	operation public_or_private(diagnostics : ecore::EDiagnosticChain, context : ecore::EMap) : Boolean is
		raise kermeta::exceptions::NotImplementedException.new

}
[...]
  ->   http://www.eclipse.org/emf/2002/Ecore
cannot find instance class java.util.Map for primitive type ecore::EMap (replaced by Object)
  ->   http://www.eclipse.org/emf/2002/Ecore
cannot find instance class long for primitive type ecore::ELong (replaced by Object)
  ->   http://www.eclipse.org/emf/2002/Ecore
cannot find instance class java.util.Date for primitive type ecore::EDate (replaced by Object)
  ->   http://www.eclipse.org/emf/2002/Ecore
cannot find instance class char for primitive type ecore::EChar (replaced by Object)
  ->   http://www.eclipse.org/emf/2002/Ecore
cannot find instance class double for primitive type ecore::EDouble (replaced by Object)
  ->   http://www.eclipse.org/emf/2002/Ecore
cannot find instance class org.eclipse.emf.ecore.util.FeatureMap for primitive type ecore::EFeatureMap (replaced by Object)
  ->   http://www.eclipse.org/emf/2002/Ecore
cannot find instance class java.lang.Long for primitive type ecore::ELongObject (replaced by Object)
  ->   http://www.eclipse.org/emf/2002/Ecore
cannot find instance class org.eclipse.emf.common.util.DiagnosticChain for primitive type ecore::EDiagnosticChain (replaced by Object)
  ->   http://www.eclipse.org/emf/2002/Ecore
cannot find instance class java.math.BigInteger for primitive type ecore::EBigInteger (replaced by Object)
  ->   http://www.eclipse.org/emf/2002/Ecore
cannot find instance class org.eclipse.emf.ecore.resource.Resource for primitive type ecore::EResource (replaced by Object)
  ->   http://www.eclipse.org/emf/2002/Ecore
cannot find instance class java.lang.Short for primitive type ecore::EShortObject (replaced by Object)
  ->   http://www.eclipse.org/emf/2002/Ecore
cannot find instance class float for primitive type ecore::EFloat (replaced by Object)
  ->   http://www.eclipse.org/emf/2002/Ecore
cannot find instance class java.math.BigDecimal for primitive type ecore::EBigDecimal (replaced by Object)
  ->   http://www.eclipse.org/emf/2002/Ecore
cannot find instance class java.lang.Character for primitive type ecore::ECharacterObject (replaced by Object)
  ->   http://www.eclipse.org/emf/2002/Ecore
cannot find instance class org.eclipse.emf.common.util.EList for primitive type ecore::EEList (replaced by Object)
  ->   http://www.eclipse.org/emf/2002/Ecore
cannot find instance class org.eclipse.emf.common.util.Enumerator for primitive type ecore::EEnumerator (replaced by Object)
  ->   http://www.eclipse.org/emf/2002/Ecore
cannot find instance class byte for primitive type ecore::EByte (replaced by Object)
  ->   http://www.eclipse.org/emf/2002/Ecore
cannot find instance class byte[] for primitive type ecore::EByteArray (replaced by Object)
  ->   http://www.eclipse.org/emf/2002/Ecore
cannot find instance class java.lang.Double for primitive type ecore::EDoubleObject (replaced by Object)
  ->   http://www.eclipse.org/emf/2002/Ecore
cannot find instance class java.lang.Float for primitive type ecore::EFloatObject (replaced by Object)
  ->   http://www.eclipse.org/emf/2002/Ecore
Quickfix used to rename duplicate operation due to a the property with the same name: eGet renamed into op_eGet
  ->   http://www.eclipse.org/emf/2002/Ecore
Quickfix used to rename duplicate operation due to a the property with the same name: getEStructuralFeature renamed into op_getEStructuralFeature
  ->   http://www.eclipse.org/emf/2002/Ecore
Quickfix used to rename duplicate operation due to a the property with the same name: getEEnumLiteral renamed into op_getEEnumLiteral
  ->   http://www.eclipse.org/emf/2002/Ecore

WRITE KERMETA UNIT : http://www.eclipse.org/emf/2002/Ecore
Messages for ecore conv. :
Messages for ecore conv. :
Messages for ecore conv. :cannot find instance class org.eclipse.emf.ecore.resource.ResourceSet for primitive type ecore::EResourceSet (replaced by Object)
  ->   http://www.eclipse.org/emf/2002/Ecore
cannot find instance class java.lang.Class for primitive type ecore::EJavaClass (replaced by Object)
  ->   http://www.eclipse.org/emf/2002/Ecore
cannot find instance class short for primitive type ecore::EShort (replaced by Object)
  ->   http://www.eclipse.org/emf/2002/Ecore
cannot find instance class java.lang.Byte for primitive type ecore::EByteObject (replaced by Object)
  ->   http://www.eclipse.org/emf/2002/Ecore
cannot find instance class org.eclipse.emf.ecore.util.FeatureMap$Entry for primitive type ecore::EFeatureMapEntry (replaced by Object)
  ->   http://www.eclipse.org/emf/2002/Ecore
cannot find instance class org.eclipse.emf.common.util.TreeIterator for primitive type ecore::ETreeIterator (replaced by Object)
  ->   http://www.eclipse.org/emf/2002/Ecore
cannot find instance class java.util.Map for primitive type ecore::EMap (replaced by Object)
  ->   http://www.eclipse.org/emf/2002/Ecore
cannot find instance class long for primitive type ecore::ELong (replaced by Object)
  ->   http://www.eclipse.org/emf/2002/Ecore
cannot find instance class java.util.Date for primitive type ecore::EDate (replaced by Object)
  ->   http://www.eclipse.org/emf/2002/Ecore
cannot find instance class char for primitive type ecore::EChar (replaced by Object)
  ->   http://www.eclipse.org/emf/2002/Ecore
cannot find instance class double for primitive type ecore::EDouble (replaced by Object)
  ->   http://www.eclipse.org/emf/2002/Ecore
cannot find instance class org.eclipse.emf.ecore.util.FeatureMap for primitive type ecore::EFeatureMap (replaced by Object)
  ->   http://www.eclipse.org/emf/2002/Ecore
cannot find instance class java.lang.Long for primitive type ecore::ELongObject (replaced by Object)
  ->   http://www.eclipse.org/emf/2002/Ecore
cannot find instance class org.eclipse.emf.common.util.DiagnosticChain for primitive type ecore::EDiagnosticChain (replaced by Object)
  ->   http://www.eclipse.org/emf/2002/Ecore
cannot find instance class java.math.BigInteger for primitive type ecore::EBigInteger (replaced by Object)
  ->   http://www.eclipse.org/emf/2002/Ecore
cannot find instance class org.eclipse.emf.ecore.resource.Resource for primitive type ecore::EResource (replaced by Object)
  ->   http://www.eclipse.org/emf/2002/Ecore
cannot find instance class java.lang.Short for primitive type ecore::EShortObject (replaced by Object)
  ->   http://www.eclipse.org/emf/2002/Ecore
cannot find instance class float for primitive type ecore::EFloat (replaced by Object)
  ->   http://www.eclipse.org/emf/2002/Ecore
cannot find instance class java.math.BigDecimal for primitive type ecore::EBigDecimal (replaced by Object)
  ->   http://www.eclipse.org/emf/2002/Ecore
cannot find instance class java.lang.Character for primitive type ecore::ECharacterObject (replaced by Object)
  ->   http://www.eclipse.org/emf/2002/Ecore
cannot find instance class org.eclipse.emf.common.util.EList for primitive type ecore::EEList (replaced by Object)
  ->   http://www.eclipse.org/emf/2002/Ecore
cannot find instance class org.eclipse.emf.common.util.Enumerator for primitive type ecore::EEnumerator (replaced by Object)
  ->   http://www.eclipse.org/emf/2002/Ecore
cannot find instance class byte for primitive type ecore::EByte (replaced by Object)
  ->   http://www.eclipse.org/emf/2002/Ecore
cannot find instance class byte[] for primitive type ecore::EByteArray (replaced by Object)
  ->   http://www.eclipse.org/emf/2002/Ecore
cannot find instance class java.lang.Double for primitive type ecore::EDoubleObject (replaced by Object)
  ->   http://www.eclipse.org/emf/2002/Ecore
cannot find instance class java.lang.Float for primitive type ecore::EFloatObject (replaced by Object)
  ->   http://www.eclipse.org/emf/2002/Ecore
Quickfix used to rename duplicate operation due to a the property with the same name: eGet renamed into op_eGet
  ->   http://www.eclipse.org/emf/2002/Ecore
Quickfix used to rename duplicate operation due to a the property with the same name: getEStructuralFeature renamed into op_getEStructuralFeature
  ->   http://www.eclipse.org/emf/2002/Ecore
Quickfix used to rename duplicate operation due to a the property with the same name: getEEnumLiteral renamed into op_getEEnumLiteral
  ->   http://www.eclipse.org/emf/2002/Ecore

WRITE KERMETA UNIT : http://www.eclipse.org/emf/2002/Ecore
Messages for ecore conv. :cannot find instance class org.eclipse.emf.ecore.resource.ResourceSet for primitive type ecore::EResourceSet (replaced by Object)
  ->   http://www.eclipse.org/emf/2002/Ecore
cannot find instance class java.lang.Class for primitive type ecore::EJavaClass (replaced by Object)
  ->   http://www.eclipse.org/emf/2002/Ecore
cannot find instance class short for primitive type ecore::EShort (replaced by Object)
  ->   http://www.eclipse.org/emf/2002/Ecore
cannot find instance class java.lang.Byte for primitive type ecore::EByteObject (replaced by Object)
  ->   http://www.eclipse.org/emf/2002/Ecore
cannot find instance class org.eclipse.emf.ecore.util.FeatureMap$Entry for primitive type ecore::EFeatureMapEntry (replaced by Object)
  ->   http://www.eclipse.org/emf/2002/Ecore
cannot find instance class org.eclipse.emf.common.util.TreeIterator for primitive type ecore::ETreeIterator (replaced by Object)
  ->   http://www.eclipse.org/emf/2002/Ecore
cannot find instance class java.util.Map for primitive type ecore::EMap (replaced by Object)
  ->   http://www.eclipse.org/emf/2002/Ecore
cannot find instance class long for primitive type ecore::ELong (replaced by Object)
  ->   http://www.eclipse.org/emf/2002/Ecore
cannot find instance class java.util.Date for primitive type ecore::EDate (replaced by Object)
  ->   http://www.eclipse.org/emf/2002/Ecore
cannot find instance class char for primitive type ecore::EChar (replaced by Object)
  ->   http://www.eclipse.org/emf/2002/Ecore
cannot find instance class double for primitive type ecore::EDouble (replaced by Object)
  ->   http://www.eclipse.org/emf/2002/Ecore
cannot find instance class org.eclipse.emf.ecore.util.FeatureMap for primitive type ecore::EFeatureMap (replaced by Object)
  ->   http://www.eclipse.org/emf/2002/Ecore
cannot find instance class java.lang.Long for primitive type ecore::ELongObject (replaced by Object)
  ->   http://www.eclipse.org/emf/2002/Ecore
cannot find instance class org.eclipse.emf.common.util.DiagnosticChain for primitive type ecore::EDiagnosticChain (replaced by Object)
  ->   http://www.eclipse.org/emf/2002/Ecore
cannot find instance class java.math.BigInteger for primitive type ecore::EBigInteger (replaced by Object)
  ->   http://www.eclipse.org/emf/2002/Ecore
cannot find instance class org.eclipse.emf.ecore.resource.Resource for primitive type ecore::EResource (replaced by Object)
  ->   http://www.eclipse.org/emf/2002/Ecore
cannot find instance class java.lang.Short for primitive type ecore::EShortObject (replaced by Object)
  ->   http://www.eclipse.org/emf/2002/Ecore
cannot find instance class float for primitive type ecore::EFloat (replaced by Object)
  ->   http://www.eclipse.org/emf/2002/Ecore
cannot find instance class java.math.BigDecimal for primitive type ecore::EBigDecimal (replaced by Object)
  ->   http://www.eclipse.org/emf/2002/Ecore
cannot find instance class java.lang.Character for primitive type ecore::ECharacterObject (replaced by Object)
  ->   http://www.eclipse.org/emf/2002/Ecore
cannot find instance class org.eclipse.emf.common.util.EList for primitive type ecore::EEList (replaced by Object)
  ->   http://www.eclipse.org/emf/2002/Ecore
cannot find instance class org.eclipse.emf.common.util.Enumerator for primitive type ecore::EEnumerator (replaced by Object)
  ->   http://www.eclipse.org/emf/2002/Ecore
cannot find instance class byte for primitive type ecore::EByte (replaced by Object)
  ->   http://www.eclipse.org/emf/2002/Ecore
cannot find instance class byte[] for primitive type ecore::EByteArray (replaced by Object)
  ->   http://www.eclipse.org/emf/2002/Ecore
cannot find instance class java.lang.Double for primitive type ecore::EDoubleObject (replaced by Object)
  ->   http://www.eclipse.org/emf/2002/Ecore
cannot find instance class java.lang.Float for primitive type ecore::EFloatObject (replaced by Object)
  ->   http://www.eclipse.org/emf/2002/Ecore
Quickfix used to rename duplicate operation due to a the property with the same name: eGet renamed into op_eGet
  ->   http://www.eclipse.org/emf/2002/Ecore
Quickfix used to rename duplicate operation due to a the property with the same name: getEStructuralFeature renamed into op_getEStructuralFeature
  ->   http://www.eclipse.org/emf/2002/Ecore
Quickfix used to rename duplicate operation due to a the property with the same name: getEEnumLiteral renamed into op_getEEnumLiteral
  ->   http://www.eclipse.org/emf/2002/Ecore

WRITE KERMETA UNIT : http://www.eclipse.org/emf/2002/Ecore
Messages for ecore conv. :
Messages for ecore conv. :cannot find instance class java.lang.boolean for primitive type PrimitiveTypes::Boolean (replaced by Object)
  ->   file:/tmp/kermeta_build/src/plugins/fr.irisa.triskell.kermeta.io/test/roundtrip_testcases/ecore/010_twopackages.main.ecore

Packages : 13 -  root : fr.irisa.triskell.kermeta.language.structure.impl.PackageImpl@92ef0b (name: src) (uri: file:/tmp/kermeta_build/src/plugins/fr.irisa.triskell.kermeta.io/test/roundtrip_testcases/kmt/output/001_Simple.main.ecore)
Save in : /tmp/kermeta_build/src/plugins/fr.irisa.triskell.kermeta.io/test/roundtrip_testcases/kmt/output/001_Simple.main.kmt
Packages : 14 -  root : fr.irisa.triskell.kermeta.language.structure.impl.PackageImpl@db13d3 (name: src) (uri: file:/tmp/kermeta_build/src/plugins/fr.irisa.triskell.kermeta.io/test/roundtrip_testcases/kmt/output/002_RequireEcore.main.ecore)
Save in : /tmp/kermeta_build/src/plugins/fr.irisa.triskell.kermeta.io/test/roundtrip_testcases/kmt/output/002_RequireEcore.main.kmt
WRITE KERMETA UNIT : file:/tmp/kermeta_build/src/plugins/fr.irisa.triskell.kermeta/lib/framework.km
WRITE KERMETA UNIT : file:/tmp/kermeta_build/src/plugins/fr.irisa.triskell.kermeta.io/test/roundtrip_testcases/kmt/002_MetaModel.ecore
Packages : 13 -  root : fr.irisa.triskell.kermeta.language.structure.impl.PackageImpl@b76db4 (name: operationBody) (uri: file:/tmp/kermeta_build/src/plugins/fr.irisa.triskell.kermeta.io/test/roundtrip_testcases/kmt/output/004_OperationBody.main.ecore)
Save in : /tmp/kermeta_build/src/plugins/fr.irisa.triskell.kermeta.io/test/roundtrip_testcases/kmt/output/004_OperationBody.main.kmt
WRITE KERMETA UNIT : file:/tmp/kermeta_build/src/plugins/fr.irisa.triskell.kermeta/lib/framework.km
Packages : 13 -  root : fr.irisa.triskell.kermeta.language.structure.impl.PackageImpl@1b880ae (name: derivedPropertyBody) (uri: file:/tmp/kermeta_build/src/plugins/fr.irisa.triskell.kermeta.io/test/roundtrip_testcases/kmt/output/005_DerivedPropertyBody.main.ecore)
Save in : /tmp/kermeta_build/src/plugins/fr.irisa.triskell.kermeta.io/test/roundtrip_testcases/kmt/output/005_DerivedPropertyBody.main.kmt
WRITE KERMETA UNIT : file:/tmp/kermeta_build/src/plugins/fr.irisa.triskell.kermeta/lib/framework.km
Packages : 14 -  root : fr.irisa.triskell.kermeta.language.structure.impl.PackageImpl@14a0f81 (name: aPackage) (uri: file:/tmp/kermeta_build/src/plugins/fr.irisa.triskell.kermeta.io/test/roundtrip_testcases/kmt/output/006_PropertyWithEcoreTypes.main.ecore)
Save in : /tmp/kermeta_build/src/plugins/fr.irisa.triskell.kermeta.io/test/roundtrip_testcases/kmt/output/006_PropertyWithEcoreTypes.main.kmt
WRITE KERMETA UNIT : file:/tmp/kermeta_build/src/plugins/fr.irisa.triskell.kermeta.io/test/roundtrip_testcases/kmt/006_PropertyWithEcoreTypes.mainecore.kmt
WRITE KERMETA UNIT : file:/tmp/kermeta_build/src/plugins/fr.irisa.triskell.kermeta/lib/framework.km
WRITE KERMETA UNIT : file:/tmp/kermeta_build/src/plugins/fr.irisa.triskell.kermeta/lib/framework.km
Packages : 13 -  root : fr.irisa.triskell.kermeta.language.structure.impl.PackageImpl@b3f01d (name: testAlias) (uri: file:/tmp/kermeta_build/src/plugins/fr.irisa.triskell.kermeta.io/test/roundtrip_testcases/kmt/output/007_testAlias.main.ecore)
Save in : /tmp/kermeta_build/src/plugins/fr.irisa.triskell.kermeta.io/test/roundtrip_testcases/kmt/output/007_testAlias.main.kmt
Packages : 13 -  root : fr.irisa.triskell.kermeta.language.structure.impl.PackageImpl@194ec90 (name: testAlias) (uri: file:/tmp/kermeta_build/src/plugins/fr.irisa.triskell.kermeta.io/test/roundtrip_testcases/kmt/output/008_testAlias.main.ecore)
Save in : /tmp/kermeta_build/src/plugins/fr.irisa.triskell.kermeta.io/test/roundtrip_testcases/kmt/output/008_testAlias.main.kmt
Packages : 13 -  root : fr.irisa.triskell.kermeta.language.structure.impl.PackageImpl@10a7dc9 (name: testRequireFramework) (uri: file:/tmp/kermeta_build/src/plugins/fr.irisa.triskell.kermeta.io/test/roundtrip_testcases/kmt/output/009_testRequireFramework.main.ecore)
Save in : /tmp/kermeta_build/src/plugins/fr.irisa.triskell.kermeta.io/test/roundtrip_testcases/kmt/output/009_testRequireFramework.main.kmt
Packages : 13 -  root : fr.irisa.triskell.kermeta.language.structure.impl.PackageImpl@1860b23 (name: testAliasInOperationBody) (uri: file:/tmp/kermeta_build/src/plugins/fr.irisa.triskell.kermeta.io/test/roundtrip_testcases/kmt/output/010_testAliasInOperationBody.main.ecore)
Save in : /tmp/kermeta_build/src/plugins/fr.irisa.triskell.kermeta.io/test/roundtrip_testcases/kmt/output/010_testAliasInOperationBody.main.kmt
Packages : 13 -  root : fr.irisa.triskell.kermeta.language.structure.impl.PackageImpl@18c0f3e (name: testRequireFramework) (uri: file:/tmp/kermeta_build/src/plugins/fr.irisa.triskell.kermeta.io/test/roundtrip_testcases/kmt/output/011_testRequireFramework.main.ecore)
Save in : /tmp/kermeta_build/src/plugins/fr.irisa.triskell.kermeta.io/test/roundtrip_testcases/kmt/output/011_testRequireFramework.main.kmt
Packages : 13 -  root : fr.irisa.triskell.kermeta.language.structure.impl.PackageImpl@1395a3e (name: testCommentAnnotations) (uri: file:/tmp/kermeta_build/src/plugins/fr.irisa.triskell.kermeta.io/test/roundtrip_testcases/kmt/output/012_testCommentAnnotations.main.ecore)
Save in : /tmp/kermeta_build/src/plugins/fr.irisa.triskell.kermeta.io/test/roundtrip_testcases/kmt/output/012_testCommentAnnotations.main.kmt
Packages : 13 -  root : fr.irisa.triskell.kermeta.language.structure.impl.PackageImpl@1310b39 (name: testRedefinedOperations) (uri: file:/tmp/kermeta_build/src/plugins/fr.irisa.triskell.kermeta.io/test/roundtrip_testcases/kmt/output/013_testRedefinedOperations.main.ecore)
Save in : /tmp/kermeta_build/src/plugins/fr.irisa.triskell.kermeta.io/test/roundtrip_testcases/kmt/output/013_testRedefinedOperations.main.kmt
Packages : 13 -  root : fr.irisa.triskell.kermeta.language.structure.impl.PackageImpl@d0b93 (name: testParameterizedClass) (uri: file:/tmp/kermeta_build/src/plugins/fr.irisa.triskell.kermeta.io/test/roundtrip_testcases/kmt/output/014_testParameterizedClass.main.ecore)
Save in : /tmp/kermeta_build/src/plugins/fr.irisa.triskell.kermeta.io/test/roundtrip_testcases/kmt/output/014_testParameterizedClass.main.kmt
Packages : 13 -  root : fr.irisa.triskell.kermeta.language.structure.impl.PackageImpl@1d56ac0 (name: MDK) (uri: file:/tmp/kermeta_build/src/plugins/fr.irisa.triskell.kermeta.io/test/roundtrip_testcases/kmt/output/015_testEnumerationAsProperty.main.ecore)
Save in : /tmp/kermeta_build/src/plugins/fr.irisa.triskell.kermeta.io/test/roundtrip_testcases/kmt/output/015_testEnumerationAsProperty.main.kmt
Packages : 13 -  root : fr.irisa.triskell.kermeta.language.structure.impl.PackageImpl@1aa39ff (name: test) (uri: file:/tmp/kermeta_build/src/plugins/fr.irisa.triskell.kermeta.io/test/roundtrip_testcases/kmt/output/016_testTypeVariableTypes.main.ecore)
Save in : /tmp/kermeta_build/src/plugins/fr.irisa.triskell.kermeta.io/test/roundtrip_testcases/kmt/output/016_testTypeVariableTypes.main.kmt
WRITE KERMETA UNIT : file:/tmp/kermeta_build/src/plugins/fr.irisa.triskell.kermeta/lib/framework.km
]]></system-err>
</testsuite>
