<?xml version="1.0" encoding="UTF-8" ?>
<testsuite errors="0" failures="5" name="kermeta_io.typechecker_test.JunitTestSuite" tests="70" time="8.081">
  <properties>
    <property name="java.vendor" value="Sun Microsystems Inc."></property>
    <property name="sun.java.launcher" value="SUN_STANDARD"></property>
    <property name="sun.management.compiler" value="HotSpot Server Compiler"></property>
    <property name="os.name" value="Linux"></property>
    <property name="sun.boot.class.path" value="/soft/jdk_hd/Linux/jdk1.5.0_11/jre/lib/rt.jar:/soft/jdk_hd/Linux/jdk1.5.0_11/jre/lib/i18n.jar:/soft/jdk_hd/Linux/jdk1.5.0_11/jre/lib/sunrsasign.jar:/soft/jdk_hd/Linux/jdk1.5.0_11/jre/lib/jsse.jar:/soft/jdk_hd/Linux/jdk1.5.0_11/jre/lib/jce.jar:/soft/jdk_hd/Linux/jdk1.5.0_11/jre/lib/charsets.jar:/soft/jdk_hd/Linux/jdk1.5.0_11/jre/classes"></property>
    <property name="triskell.eclipse.util.jar" value="/tmp/kermeta_build/src/plugins/fr.irisa.triskell.eclipse.util/@dot"></property>
    <property name="java.vm.specification.vendor" value="Sun Microsystems Inc."></property>
    <property name="ant.home" value="/udd/triskell/bin/multiplatform/apache-ant-1.5.4"></property>
    <property name="java.runtime.version" value="1.5.0_11-b03"></property>
    <property name="cobertura.dir" value="/udd/triskell/bin/multiplatform/cobertura-1.7/"></property>
    <property name="user.name" value="dvojtise"></property>
    <property name="emfatic-core.jar" value="/tmp/kermeta_build/src/plugins/fr.irisa.triskell.kermeta/lib/thirdparty/emfatic-core.jar"></property>
    <property name="user.language" value="en"></property>
    <property name="sun.boot.library.path" value="/soft/jdk_hd/Linux/jdk1.5.0_11/jre/lib/i386"></property>
    <property name="ant.project.name" value="run interpreter tests"></property>
    <property name="java.version" value="1.5.0_11"></property>
    <property name="build.bin" value="/tmp/kermeta_build/src/plugins/fr.irisa.triskell.kermeta.io/@dot"></property>
    <property name="coverage.html.dir" value="/tmp/kermeta_build/unittestreports/coverage/html"></property>
    <property name="user.timezone" value="Europe/Paris"></property>
    <property name="sun.arch.data.model" value="32"></property>
    <property name="java.endorsed.dirs" value="/soft/jdk_hd/Linux/jdk1.5.0_11/jre/lib/endorsed"></property>
    <property name="sun.cpu.isalist" value=""></property>
    <property name="sun.jnu.encoding" value="ISO-8859-15"></property>
    <property name="file.encoding.pkg" value="sun.io"></property>
    <property name="file.separator" value="/"></property>
    <property name="java.specification.name" value="Java Platform API Specification"></property>
    <property name="java.class.version" value="49.0"></property>
    <property name="src" value="/tmp/kermeta_build/src/plugins/fr.irisa.triskell.kermeta.io/src/java"></property>
    <property name="user.country" value="US"></property>
    <property name="ldt-core.jar" value="/tmp/kermeta_build/src/plugins/fr.irisa.triskell.kermeta/lib/thirdparty/ldt-core.jar"></property>
    <property name="java.home" value="/soft/jdk_hd/Linux/jdk1.5.0_11/jre"></property>
    <property name="java.vm.info" value="mixed mode"></property>
    <property name="ant.file" value="/tmp/kermeta_build/src/plugins/fr.irisa.triskell.kermeta.io/test/junit/test_build.xml"></property>
    <property name="os.version" value="2.6.19-1.2911.6.4.fc6"></property>
    <property name="path.separator" value=":"></property>
    <property name="eclipse.home" value="/local/daily_build/eclipse3.2_with_topcased/eclipse"></property>
    <property name="java.vm.version" value="1.5.0_11-b03"></property>
    <property name="report.dir" value="/tmp/kermeta_build/unittestreports"></property>
    <property name="emf.ecore.jar" value="/local/daily_build/eclipse3.2_with_topcased/eclipse/plugins/org.eclipse.emf.ecore_2.2.1.v200609210005.jar"></property>
    <property name="java.awt.printerjob" value="sun.print.PSPrinterJob"></property>
    <property name="sun.io.unicode.encoding" value="UnicodeLittle"></property>
    <property name="kermeta.model.jar" value="/tmp/kermeta_build/src/plugins/fr.irisa.triskell.kermeta.model/@dot"></property>
    <property name="coverage.dir" value="/tmp/kermeta_build/unittestreports/coverage"></property>
    <property name="user.home" value="/udd/dvojtise"></property>
    <property name="java.specification.vendor" value="Sun Microsystems Inc."></property>
    <property name="coverage.xml.dir" value="/tmp/kermeta_build/unittestreports/coverage/xml"></property>
    <property name="java.library.path" value="/soft/jdk_hd/Linux/jdk1.5.0_11/jre/lib/i386/server:/soft/jdk_hd/Linux/jdk1.5.0_11/jre/lib/i386:/soft/jdk_hd/Linux/jdk1.5.0_11/jre/../lib/i386"></property>
    <property name="java.vendor.url" value="http://java.sun.com/"></property>
    <property name="java.vm.vendor" value="Sun Microsystems Inc."></property>
    <property name="cobertura.lib.dir" value="/udd/triskell/bin/multiplatform/cobertura-1.7/lib"></property>
    <property name="java.runtime.name" value="Java(TM) 2 Runtime Environment, Standard Edition"></property>
    <property name="java.class.path" value="/udd/triskell/bin/multiplatform/apache-ant-1.5.4/lib/xml-apis.jar:/udd/triskell/bin/multiplatform/apache-ant-1.5.4/lib/xercesImpl.jar:/udd/triskell/bin/multiplatform/apache-ant-1.5.4/lib/xalan.jar:/udd/triskell/bin/multiplatform/apache-ant-1.5.4/lib/optional.jar:/udd/triskell/bin/multiplatform/apache-ant-1.5.4/lib/junit.jar:/udd/triskell/bin/multiplatform/apache-ant-1.5.4/lib/ant.jar:/udd/triskell/bin/multiplatform/apache-ant-1.5.4/lib/junit.jar:/udd/triskell/bin/multiplatform/apache-ant-1.5.4/lib/optional.jar:/soft/jdk_hd/Linux/jdk1.5.0_11/lib/tools.jar"></property>
    <property name="ant.version" value="Apache Ant version 1.5.4 compiled on August 12 2003"></property>
    <property name="traceability.jar" value="/tmp/kermeta_build/src/plugins/fr.irisa.triskell.traceability.model/@dot"></property>
    <property name="emf.common.jar" value="/local/daily_build/eclipse3.2_with_topcased/eclipse/plugins/org.eclipse.emf.common_2.2.1.v200609210005.jar"></property>
    <property name="java.vm.specification.name" value="Java Virtual Machine Specification"></property>
    <property name="java.vm.specification.version" value="1.0"></property>
    <property name="sun.cpu.endian" value="little"></property>
    <property name="sun.os.patch.level" value="unknown"></property>
    <property name="log4j.jar" value="/tmp/kermeta_build/src/plugins/fr.irisa.triskell.kermeta/lib/thirdparty/log4j.jar"></property>
    <property name="java.io.tmpdir" value="/tmp"></property>
    <property name="test.src" value="/tmp/kermeta_build/src/plugins/fr.irisa.triskell.kermeta.io/test/junit"></property>
    <property name="java.vendor.url.bug" value="http://java.sun.com/cgi-bin/bugreport.cgi"></property>
    <property name="emf.ecore.xmi.jar" value="/local/daily_build/eclipse3.2_with_topcased/eclipse/plugins/org.eclipse.emf.ecore.xmi_2.2.1.v200609210005.jar"></property>
    <property name="os.arch" value="i386"></property>
    <property name="java.awt.graphicsenv" value="sun.awt.X11GraphicsEnvironment"></property>
    <property name="instrumented.dir" value="/tmp/kermeta_build/src/plugins/fr.irisa.triskell.kermeta.io/test/junit/instrumented"></property>
    <property name="kermeta.io.class" value="/tmp/kermeta_build/src/plugins/fr.irisa.triskell.kermeta.io/@dot"></property>
    <property name="java.ext.dirs" value="/soft/jdk_hd/Linux/jdk1.5.0_11/jre/lib/ext"></property>
    <property name="user.dir" value="/tmp/kermeta_build/src/plugins/fr.irisa.triskell.kermeta.io"></property>
    <property name="line.separator" value="
"></property>
    <property name="java.vm.name" value="Java HotSpot(TM) Server VM"></property>
    <property name="basedir" value="/tmp/kermeta_build/src/plugins/fr.irisa.triskell.kermeta.io/test/junit"></property>
    <property name="ant.java.version" value="1.4"></property>
    <property name="file.encoding" value="ISO-8859-15"></property>
    <property name="antlr.jar" value="/tmp/kermeta_build/src/plugins/fr.irisa.triskell.kermeta.io/lib/thirdparty/antlr.jar"></property>
    <property name="java.specification.version" value="1.5"></property>
  </properties>
  <testcase name="testvalid_021_basic_fsm_type" time="2.516"></testcase>
  <testcase name="testvalid_021_composite_fsm_type" time="0.077"></testcase>
  <testcase name="testvalid_021_finalstates_fsm_type" time="0.051"></testcase>
  <testcase name="testvalid_021_fsm_quicktest" time="0.479"></testcase>
  <testcase name="testvalid_021_mandstart_fsm_type" time="0.06"></testcase>
  <testcase name="testvalid_021_minimization" time="0.321"></testcase>
  <testcase name="testvalid_021_multstart_fsm_type" time="0.058"></testcase>
  <testcase name="testvalid_022_mt_multiplicity" time="0.06"></testcase>
  <testcase name="testvalid_022_mt_multiplicity_valid_tests" time="0.173">
    <failure message="Type mt_multiplicity::m0_1T is not a conformant type binding for the variable MT : mt_multiplicity::m0T.
   Model type &apos;m0_1T&apos; does not match model type &apos;m0T&apos;: ambiguous match for required class &apos;A&apos;.
  -&gt;   file:/tmp/kermeta_build/src/plugins/fr.irisa.triskell.kermeta.io/test/typechecher_tests/valid/022_mt_multiplicity_valid_tests.kmt (line -2)
Type mt_multiplicity::m0T is not a conformant type binding for the variable MT : mt_multiplicity::m0T.
   Model type &apos;m0T&apos; does not match model type &apos;m0T&apos;: ambiguous match for required class &apos;A&apos;.
  -&gt;   file:/tmp/kermeta_build/src/plugins/fr.irisa.triskell.kermeta.io/test/typechecher_tests/valid/022_mt_multiplicity_valid_tests.kmt (line -2)
Type mt_multiplicity::m1T is not a conformant type binding for the variable MT : mt_multiplicity::m0T.
   Model type &apos;m1T&apos; does not match model type &apos;m0T&apos;: ambiguous match for required class &apos;A&apos;.
  -&gt;   file:/tmp/kermeta_build/src/plugins/fr.irisa.triskell.kermeta.io/test/typechecher_tests/valid/022_mt_multiplicity_valid_tests.kmt (line -2)
Type mt_multiplicity::m0_nT is not a conformant type binding for the variable MT : mt_multiplicity::m0T.
   Model type &apos;m0_nT&apos; does not match model type &apos;m0T&apos;: ambiguous match for required class &apos;A&apos;.
  -&gt;   file:/tmp/kermeta_build/src/plugins/fr.irisa.triskell.kermeta.io/test/typechecher_tests/valid/022_mt_multiplicity_valid_tests.kmt (line -2)
Type mt_multiplicity::m0_2T is not a conformant type binding for the variable MT : mt_multiplicity::m0T.
   Model type &apos;m0_2T&apos; does not match model type &apos;m0T&apos;: ambiguous match for required class &apos;A&apos;.
  -&gt;   file:/tmp/kermeta_build/src/plugins/fr.irisa.triskell.kermeta.io/test/typechecher_tests/valid/022_mt_multiplicity_valid_tests.kmt (line -2)
Type mt_multiplicity::m1_nT is not a conformant type binding for the variable MT : mt_multiplicity::m0T.
   Model type &apos;m1_nT&apos; does not match model type &apos;m0T&apos;: ambiguous match for required class &apos;A&apos;.
  -&gt;   file:/tmp/kermeta_build/src/plugins/fr.irisa.triskell.kermeta.io/test/typechecher_tests/valid/022_mt_multiplicity_valid_tests.kmt (line -2)
Type mt_multiplicity::m1_2T is not a conformant type binding for the variable MT : mt_multiplicity::m0T.
   Model type &apos;m1_2T&apos; does not match model type &apos;m0T&apos;: ambiguous match for required class &apos;A&apos;.
  -&gt;   file:/tmp/kermeta_build/src/plugins/fr.irisa.triskell.kermeta.io/test/typechecher_tests/valid/022_mt_multiplicity_valid_tests.kmt (line -2)
Type mt_multiplicity::m0_3T is not a conformant type binding for the variable MT : mt_multiplicity::m0T.
   Model type &apos;m0_3T&apos; does not match model type &apos;m0T&apos;: ambiguous match for required class &apos;A&apos;.
  -&gt;   file:/tmp/kermeta_build/src/plugins/fr.irisa.triskell.kermeta.io/test/typechecher_tests/valid/022_mt_multiplicity_valid_tests.kmt (line -2)
" type="junit.framework.AssertionFailedError">junit.framework.AssertionFailedError: Type mt_multiplicity::m0_1T is not a conformant type binding for the variable MT : mt_multiplicity::m0T.
   Model type &apos;m0_1T&apos; does not match model type &apos;m0T&apos;: ambiguous match for required class &apos;A&apos;.
  -&gt;   file:/tmp/kermeta_build/src/plugins/fr.irisa.triskell.kermeta.io/test/typechecher_tests/valid/022_mt_multiplicity_valid_tests.kmt (line -2)
Type mt_multiplicity::m0T is not a conformant type binding for the variable MT : mt_multiplicity::m0T.
   Model type &apos;m0T&apos; does not match model type &apos;m0T&apos;: ambiguous match for required class &apos;A&apos;.
  -&gt;   file:/tmp/kermeta_build/src/plugins/fr.irisa.triskell.kermeta.io/test/typechecher_tests/valid/022_mt_multiplicity_valid_tests.kmt (line -2)
Type mt_multiplicity::m1T is not a conformant type binding for the variable MT : mt_multiplicity::m0T.
   Model type &apos;m1T&apos; does not match model type &apos;m0T&apos;: ambiguous match for required class &apos;A&apos;.
  -&gt;   file:/tmp/kermeta_build/src/plugins/fr.irisa.triskell.kermeta.io/test/typechecher_tests/valid/022_mt_multiplicity_valid_tests.kmt (line -2)
Type mt_multiplicity::m0_nT is not a conformant type binding for the variable MT : mt_multiplicity::m0T.
   Model type &apos;m0_nT&apos; does not match model type &apos;m0T&apos;: ambiguous match for required class &apos;A&apos;.
  -&gt;   file:/tmp/kermeta_build/src/plugins/fr.irisa.triskell.kermeta.io/test/typechecher_tests/valid/022_mt_multiplicity_valid_tests.kmt (line -2)
Type mt_multiplicity::m0_2T is not a conformant type binding for the variable MT : mt_multiplicity::m0T.
   Model type &apos;m0_2T&apos; does not match model type &apos;m0T&apos;: ambiguous match for required class &apos;A&apos;.
  -&gt;   file:/tmp/kermeta_build/src/plugins/fr.irisa.triskell.kermeta.io/test/typechecher_tests/valid/022_mt_multiplicity_valid_tests.kmt (line -2)
Type mt_multiplicity::m1_nT is not a conformant type binding for the variable MT : mt_multiplicity::m0T.
   Model type &apos;m1_nT&apos; does not match model type &apos;m0T&apos;: ambiguous match for required class &apos;A&apos;.
  -&gt;   file:/tmp/kermeta_build/src/plugins/fr.irisa.triskell.kermeta.io/test/typechecher_tests/valid/022_mt_multiplicity_valid_tests.kmt (line -2)
Type mt_multiplicity::m1_2T is not a conformant type binding for the variable MT : mt_multiplicity::m0T.
   Model type &apos;m1_2T&apos; does not match model type &apos;m0T&apos;: ambiguous match for required class &apos;A&apos;.
  -&gt;   file:/tmp/kermeta_build/src/plugins/fr.irisa.triskell.kermeta.io/test/typechecher_tests/valid/022_mt_multiplicity_valid_tests.kmt (line -2)
Type mt_multiplicity::m0_3T is not a conformant type binding for the variable MT : mt_multiplicity::m0T.
   Model type &apos;m0_3T&apos; does not match model type &apos;m0T&apos;: ambiguous match for required class &apos;A&apos;.
  -&gt;   file:/tmp/kermeta_build/src/plugins/fr.irisa.triskell.kermeta.io/test/typechecher_tests/valid/022_mt_multiplicity_valid_tests.kmt (line -2)

	at kermeta_io.typechecker_test.JunitTestSuite.testvalidFile(JunitTestSuite.java:374)
	at kermeta_io.typechecker_test.JunitTestSuite.testvalid_022_mt_multiplicity_valid_tests(JunitTestSuite.java:102)
	at sun.reflect.NativeMethodAccessorImpl.invoke0(Native Method)
	at sun.reflect.NativeMethodAccessorImpl.invoke(NativeMethodAccessorImpl.java:39)
	at sun.reflect.DelegatingMethodAccessorImpl.invoke(DelegatingMethodAccessorImpl.java:25)
</failure>
  </testcase>
  <testcase name="testvalid_023_mt_att_ref" time="0.047"></testcase>
  <testcase name="testvalid_023_mt_att_ref_valid_tests" time="0.049"></testcase>
  <testcase name="testvalid_024_mt_property_order" time="0.085"></testcase>
  <testcase name="testvalid_024_mt_property_order_valid_tests" time="0.074"></testcase>
  <testcase name="testvalid_025_weaving_in_kermeta_aspect1" time="0.068"></testcase>
  <testcase name="testvalid_025_weaving_in_kermeta_aspect8" time="0.043"></testcase>
  <testcase name="testvalid_026_weaving_in_kermeta_mixed_base_aspect" time="0.044"></testcase>
  <testcase name="testvalid_027_weaving_in_kermeta_aspect1" time="0.139">
    <failure message="PASS 3 : Class &apos;Main&apos; - A class can only inherit once from another.
  -&gt;   file:/tmp/kermeta_build/src/plugins/fr.irisa.triskell.kermeta.io/test/typechecher_tests/valid/027_weaving_in_kermeta_aspect1.kmt
" type="junit.framework.AssertionFailedError">junit.framework.AssertionFailedError: PASS 3 : Class &apos;Main&apos; - A class can only inherit once from another.
  -&gt;   file:/tmp/kermeta_build/src/plugins/fr.irisa.triskell.kermeta.io/test/typechecher_tests/valid/027_weaving_in_kermeta_aspect1.kmt

	at kermeta_io.typechecker_test.JunitTestSuite.testvalidFile(JunitTestSuite.java:366)
	at kermeta_io.typechecker_test.JunitTestSuite.testvalid_027_weaving_in_kermeta_aspect1(JunitTestSuite.java:134)
	at sun.reflect.NativeMethodAccessorImpl.invoke0(Native Method)
	at sun.reflect.NativeMethodAccessorImpl.invoke(NativeMethodAccessorImpl.java:39)
	at sun.reflect.DelegatingMethodAccessorImpl.invoke(DelegatingMethodAccessorImpl.java:25)
</failure>
  </testcase>
  <testcase name="testvalid_027_weaving_in_kermeta_base" time="0.044"></testcase>
  <testcase name="testvalid_1_ClassSubTyping_1" time="0.051"></testcase>
  <testcase name="testvalid_2_ClassSubTypingWithGenerics" time="0.048"></testcase>
  <testcase name="testvalid_AliasAndFunctions" time="0.056"></testcase>
  <testcase name="testvalid_AllocationUsingVariable_Alias" time="0.059"></testcase>
  <testcase name="testvalid_basic_fsm_modeltype" time="0.045"></testcase>
  <testcase name="testvalid_ClassSubTypingWithGenericOperations" time="0.049"></testcase>
  <testcase name="testvalid_Class_new" time="0.05"></testcase>
  <testcase name="testvalid_Enum" time="0.057"></testcase>
  <testcase name="testvalid_GenericOperationCall" time="0.057"></testcase>
  <testcase name="testvalid_GenericsAndFunctions" time="0.071"></testcase>
  <testcase name="testvalid_GenericsWithSupertypes" time="0.059">
    <failure message="Type Object is not a conformant type binding for the variable T : tctest::OddEven.
  -&gt;   file:/tmp/kermeta_build/src/plugins/fr.irisa.triskell.kermeta.io/test/typechecher_tests/valid/GenericsWithSupertypes.kmt (line -2)
Type kermeta::standard::Boolean is not a conformant type binding for the variable T : tctest::OddEven.
  -&gt;   file:/tmp/kermeta_build/src/plugins/fr.irisa.triskell.kermeta.io/test/typechecher_tests/valid/GenericsWithSupertypes.kmt (line -2)
Type Object is not a conformant type binding for the variable T : tctest::OddEven.
  -&gt;   file:/tmp/kermeta_build/src/plugins/fr.irisa.triskell.kermeta.io/test/typechecher_tests/valid/GenericsWithSupertypes.kmt (line -2)
Type kermeta::standard::String is not a conformant type binding for the variable T : tctest::OddEven.
  -&gt;   file:/tmp/kermeta_build/src/plugins/fr.irisa.triskell.kermeta.io/test/typechecher_tests/valid/GenericsWithSupertypes.kmt (line -2)
" type="junit.framework.AssertionFailedError">junit.framework.AssertionFailedError: Type Object is not a conformant type binding for the variable T : tctest::OddEven.
  -&gt;   file:/tmp/kermeta_build/src/plugins/fr.irisa.triskell.kermeta.io/test/typechecher_tests/valid/GenericsWithSupertypes.kmt (line -2)
Type kermeta::standard::Boolean is not a conformant type binding for the variable T : tctest::OddEven.
  -&gt;   file:/tmp/kermeta_build/src/plugins/fr.irisa.triskell.kermeta.io/test/typechecher_tests/valid/GenericsWithSupertypes.kmt (line -2)
Type Object is not a conformant type binding for the variable T : tctest::OddEven.
  -&gt;   file:/tmp/kermeta_build/src/plugins/fr.irisa.triskell.kermeta.io/test/typechecher_tests/valid/GenericsWithSupertypes.kmt (line -2)
Type kermeta::standard::String is not a conformant type binding for the variable T : tctest::OddEven.
  -&gt;   file:/tmp/kermeta_build/src/plugins/fr.irisa.triskell.kermeta.io/test/typechecher_tests/valid/GenericsWithSupertypes.kmt (line -2)

	at kermeta_io.typechecker_test.JunitTestSuite.testvalidFile(JunitTestSuite.java:374)
	at kermeta_io.typechecker_test.JunitTestSuite.testvalid_GenericsWithSupertypes(JunitTestSuite.java:182)
	at sun.reflect.NativeMethodAccessorImpl.invoke0(Native Method)
	at sun.reflect.NativeMethodAccessorImpl.invoke(NativeMethodAccessorImpl.java:39)
	at sun.reflect.DelegatingMethodAccessorImpl.invoke(DelegatingMethodAccessorImpl.java:25)
</failure>
  </testcase>
  <testcase name="testvalid_GenericVisitor" time="0.113"></testcase>
  <testcase name="testvalid_ModelTypeOperations" time="0.058"></testcase>
  <testcase name="testvalid_ModelTypesTemp" time="0.097"></testcase>
  <testcase name="testvalid_ObjectAndVoid" time="0.053"></testcase>
  <testcase name="testvalid_SimpleCtrlStructs" time="0.064"></testcase>
  <testcase name="testvalid_SimpleFunctions" time="0.149"></testcase>
  <testcase name="testvalid_SimpleOperationCall" time="0.055"></testcase>
  <testcase name="testvalid_testModelTypesStateMachines" time="0.069"></testcase>
  <testcase name="testvalid_test_clone" time="0.061"></testcase>
  <testcase name="testvalid_VirtualTypeInheritance" time="0.09">
    <failure message="Unexpected load error : java.lang.ClassCastException fr.irisa.triskell.kermeta.language.structure.impl.VirtualTypeImpl
  -&gt;   file:/tmp/kermeta_build/src/plugins/fr.irisa.triskell.kermeta.io/test/typechecher_tests/valid/VirtualTypeInheritance.kmt
" type="junit.framework.AssertionFailedError">junit.framework.AssertionFailedError: Unexpected load error : java.lang.ClassCastException fr.irisa.triskell.kermeta.language.structure.impl.VirtualTypeImpl
  -&gt;   file:/tmp/kermeta_build/src/plugins/fr.irisa.triskell.kermeta.io/test/typechecher_tests/valid/VirtualTypeInheritance.kmt

	at kermeta_io.typechecker_test.JunitTestSuite.testvalidFile(JunitTestSuite.java:366)
	at kermeta_io.typechecker_test.JunitTestSuite.testvalid_VirtualTypeInheritance(JunitTestSuite.java:222)
	at sun.reflect.NativeMethodAccessorImpl.invoke0(Native Method)
	at sun.reflect.NativeMethodAccessorImpl.invoke(NativeMethodAccessorImpl.java:39)
	at sun.reflect.DelegatingMethodAccessorImpl.invoke(DelegatingMethodAccessorImpl.java:25)
</failure>
  </testcase>
  <testcase name="testinvalid_005_several_superoperations" time="0.059"></testcase>
  <testcase name="testinvalid_013_kermetaSignature" time="0.096"></testcase>
  <testcase name="testinvalid_014_scopevisibility" time="0.074"></testcase>
  <testcase name="testinvalid_021_fsm_mustfail" time="0.219"></testcase>
  <testcase name="testinvalid_022_mt_multiplicity_invalid_tests" time="0.113"></testcase>
  <testcase name="testinvalid_023_mt_att_ref_invalid_tests" time="0.055"></testcase>
  <testcase name="testinvalid_024_mt_property_order_invalid_tests" time="0.131"></testcase>
  <testcase name="testinvalid_025_weaving_in_kermeta_aspect1" time="0.059"></testcase>
  <testcase name="testinvalid_025_weaving_in_kermeta_aspect2" time="0.072"></testcase>
  <testcase name="testinvalid_025_weaving_in_kermeta_aspect3" time="0.051"></testcase>
  <testcase name="testinvalid_025_weaving_in_kermeta_aspect4" time="0.051"></testcase>
  <testcase name="testinvalid_025_weaving_in_kermeta_aspect5" time="0.053"></testcase>
  <testcase name="testinvalid_025_weaving_in_kermeta_aspect6" time="0.045"></testcase>
  <testcase name="testinvalid_025_weaving_in_kermeta_aspect7" time="0.047"></testcase>
  <testcase name="testinvalid_025_weaving_in_kermeta_aspect8" time="0.049"></testcase>
  <testcase name="testinvalid_1_ClassSubTyping_1" time="0.055"></testcase>
  <testcase name="testinvalid_2_ClassSubTypingWithGenerics" time="0.056"></testcase>
  <testcase name="testinvalid_5_failtestExternPackageCall" time="0.052"></testcase>
  <testcase name="testinvalid_ClassSubTypingWithGenericOperations" time="0.055"></testcase>
  <testcase name="testinvalid_Class_new" time="0.055">
    <failure message="All operations must have at least one error or warning. Type error not found in operations : test1" type="junit.framework.AssertionFailedError">junit.framework.AssertionFailedError: All operations must have at least one error or warning. Type error not found in operations : test1
	at kermeta_io.typechecker_test.JunitTestSuite.testinvalidFile(JunitTestSuite.java:409)
	at kermeta_io.typechecker_test.JunitTestSuite.testinvalid_Class_new(JunitTestSuite.java:302)
	at sun.reflect.NativeMethodAccessorImpl.invoke0(Native Method)
	at sun.reflect.NativeMethodAccessorImpl.invoke(NativeMethodAccessorImpl.java:39)
	at sun.reflect.DelegatingMethodAccessorImpl.invoke(DelegatingMethodAccessorImpl.java:25)
</failure>
  </testcase>
  <testcase name="testinvalid_CollectionsAttributeReferenceAssignment" time="0.048"></testcase>
  <testcase name="testinvalid_Enum" time="0.054"></testcase>
  <testcase name="testinvalid_GenericOperationCall" time="0.058"></testcase>
  <testcase name="testinvalid_GenericsAndFunctions" time="0.052"></testcase>
  <testcase name="testinvalid_GenericsWithSupertypes" time="0.046"></testcase>
  <testcase name="testinvalid_ModelTypeOperations" time="0.055"></testcase>
  <testcase name="testinvalid_ObjectAndVoid" time="0.046"></testcase>
  <testcase name="testinvalid_SimpleCtrlStructs" time="0.057"></testcase>
  <testcase name="testinvalid_SimpleFunctions" time="0.109"></testcase>
  <testcase name="testinvalid_SimpleOperationCall" time="0.053"></testcase>
  <testcase name="testinvalid_test_clone" time="0.05"></testcase>
  <system-out><![CDATA[WARN   configureLogger, not able to retrieve log4jconfiguration file; check the system property kermeta.log4j.configurationfile.name="null"
0 [main] WARN root  - not able to retrieve log4jconfiguration file; check the system property kermeta.log4j.configurationfile.name="null"
WARN   configureLogger, using default configuration (ie. all messages on the console)
4 [main] WARN root  - using default configuration (ie. all messages on the console)
free memory before running gc(): 49071624
free memory after running gc(): 102801608
free memory before running gc(): 97087240
free memory after running gc(): 102732768
free memory before running gc(): 102732768
free memory after running gc(): 102806872
free memory before running gc(): 102806872
free memory after running gc(): 101276080
free memory before running gc(): 93274088
free memory after running gc(): 101262216
free memory before running gc(): 101262216
free memory after running gc(): 101521672
free memory before running gc(): 95837752
free memory after running gc(): 100180320
free memory before running gc(): 100180320
free memory after running gc(): 103614560
free memory before running gc(): 103614560
free memory after running gc(): 103671056
free memory before running gc(): 99093400
free memory after running gc(): 101264112
free memory before running gc(): 101264112
free memory after running gc(): 103252520
free memory before running gc(): 103252520
free memory after running gc(): 101201944
free memory before running gc(): 101201944
free memory after running gc(): 102940344
free memory before running gc(): 101798400
free memory after running gc(): 101004424
free memory before running gc(): 101004424
free memory after running gc(): 102770344
free memory before running gc(): 102770344
free memory after running gc(): 101183920
free memory before running gc(): 101183920
free memory after running gc(): 102793256
free memory before running gc(): 102793256
free memory after running gc(): 101116696
free memory before running gc(): 101116696
free memory after running gc(): 102555792
free memory before running gc(): 102555792
free memory after running gc(): 101200176
free memory before running gc(): 101200176
free memory after running gc(): 102238936
free memory before running gc(): 102238936
free memory after running gc(): 101029000
free memory before running gc(): 101029000
free memory after running gc(): 102008776
free memory before running gc(): 102008776
free memory after running gc(): 101159952
free memory before running gc(): 101159952
free memory after running gc(): 102089728
free memory before running gc(): 102089728
free memory after running gc(): 101122400
free memory before running gc(): 101122400
free memory after running gc(): 101708760
free memory before running gc(): 101708760
free memory after running gc(): 101180336
free memory before running gc(): 101180336
free memory after running gc(): 101448648
free memory before running gc(): 101448648
free memory after running gc(): 101449968
free memory before running gc(): 101449968
free memory after running gc(): 101315488
free memory before running gc(): 101315488
free memory after running gc(): 101143904
free memory before running gc(): 101143904
free memory after running gc(): 101690728
free memory before running gc(): 101690728
free memory after running gc(): 101045752
free memory before running gc(): 101045752
free memory after running gc(): 101259776
free memory before running gc(): 100117736
free memory after running gc(): 101304128
free memory before running gc(): 101304128
free memory after running gc(): 101366672
free memory before running gc(): 101366672
free memory after running gc(): 100755488
free memory before running gc(): 100755488
free memory after running gc(): 101047312
ERROR  loadAllOppositeProperties, Unexpected load error (loadAllOppositeProperties)
java.lang.ClassCastException: fr.irisa.triskell.kermeta.language.structure.impl.VirtualTypeImpl
	at fr.irisa.triskell.kermeta.modelhelper.ClassDefinitionHelper.isSuperClassOf(ClassDefinitionHelper.java:192)
	at fr.irisa.triskell.kermeta.loader.kmt.KMT2KMPass4.beginVisit(KMT2KMPass4.java:64)
	at fr.irisa.triskell.kermeta.ast.ClassDecl.acceptImpl(ClassDecl.java:186)
	at fr.irisa.triskell.kermeta.ast.KermetaASTNode.accept(KermetaASTNode.java:46)
	at fr.irisa.triskell.kermeta.ast.KermetaASTNode.visitChildren(KermetaASTNode.java:73)
	at fr.irisa.triskell.kermeta.ast.TopLevelDecl.acceptImpl(TopLevelDecl.java:78)
	at fr.irisa.triskell.kermeta.ast.KermetaASTNode.accept(KermetaASTNode.java:46)
	at fr.irisa.triskell.kermeta.ast.KermetaASTNode.visitChildren(KermetaASTNode.java:73)
	at fr.irisa.triskell.kermeta.ast.TopLevelDecls.acceptImpl(TopLevelDecls.java:66)
	at fr.irisa.triskell.kermeta.ast.KermetaASTNode.accept(KermetaASTNode.java:46)
	at fr.irisa.triskell.kermeta.ast.KermetaASTNode.visitChildren(KermetaASTNode.java:73)
	at fr.irisa.triskell.kermeta.ast.ScompUnit.acceptImpl(ScompUnit.java:114)
	at fr.irisa.triskell.kermeta.ast.KermetaASTNode.accept(KermetaASTNode.java:46)
	at fr.irisa.triskell.kermeta.loader.kmt.KMTUnit.loadOppositeProperties(KMTUnit.java:156)
	at fr.irisa.triskell.kermeta.loader.KermetaUnit.loadAllOppositeProperties(KermetaUnit.java:912)
	at fr.irisa.triskell.kermeta.loader.KermetaUnit.load(KermetaUnit.java:814)
	at kermeta_io.typechecker_test.JunitTestSuite.testvalidFile(JunitTestSuite.java:362)
	at kermeta_io.typechecker_test.JunitTestSuite.testvalid_VirtualTypeInheritance(JunitTestSuite.java:222)
	at sun.reflect.NativeMethodAccessorImpl.invoke0(Native Method)
	at sun.reflect.NativeMethodAccessorImpl.invoke(NativeMethodAccessorImpl.java:39)
	at sun.reflect.DelegatingMethodAccessorImpl.invoke(DelegatingMethodAccessorImpl.java:25)
	at java.lang.reflect.Method.invoke(Method.java:585)
	at junit.framework.TestCase.runTest(TestCase.java:154)
	at junit.framework.TestCase.runBare(TestCase.java:127)
	at junit.framework.TestResult$1.protect(TestResult.java:106)
	at junit.framework.TestResult.runProtected(TestResult.java:124)
	at junit.framework.TestResult.run(TestResult.java:109)
	at junit.framework.TestCase.run(TestCase.java:118)
	at junit.framework.TestSuite.runTest(TestSuite.java:208)
	at junit.framework.TestSuite.run(TestSuite.java:203)
	at org.apache.tools.ant.taskdefs.optional.junit.JUnitTestRunner.run(JUnitTestRunner.java:325)
	at org.apache.tools.ant.taskdefs.optional.junit.JUnitTask.executeInVM(JUnitTask.java:848)
	at org.apache.tools.ant.taskdefs.optional.junit.JUnitTask.execute(JUnitTask.java:556)
	at org.apache.tools.ant.taskdefs.optional.junit.JUnitTask.execute(JUnitTask.java:532)
	at org.apache.tools.ant.Task.perform(Task.java:341)
	at org.apache.tools.ant.Target.execute(Target.java:309)
	at org.apache.tools.ant.Target.performTasks(Target.java:336)
	at org.apache.tools.ant.Project.executeTarget(Project.java:1339)
	at org.apache.tools.ant.Project.executeTargets(Project.java:1255)
	at org.apache.tools.ant.Main.runBuild(Main.java:609)
	at org.apache.tools.ant.Main.start(Main.java:196)
	at org.apache.tools.ant.Main.main(Main.java:235)
5672 [main] ERROR KermetaUnit  - Unexpected load error (loadAllOppositeProperties)
java.lang.ClassCastException: fr.irisa.triskell.kermeta.language.structure.impl.VirtualTypeImpl
	at fr.irisa.triskell.kermeta.modelhelper.ClassDefinitionHelper.isSuperClassOf(ClassDefinitionHelper.java:192)
	at fr.irisa.triskell.kermeta.loader.kmt.KMT2KMPass4.beginVisit(KMT2KMPass4.java:64)
	at fr.irisa.triskell.kermeta.ast.ClassDecl.acceptImpl(ClassDecl.java:186)
	at fr.irisa.triskell.kermeta.ast.KermetaASTNode.accept(KermetaASTNode.java:46)
	at fr.irisa.triskell.kermeta.ast.KermetaASTNode.visitChildren(KermetaASTNode.java:73)
	at fr.irisa.triskell.kermeta.ast.TopLevelDecl.acceptImpl(TopLevelDecl.java:78)
	at fr.irisa.triskell.kermeta.ast.KermetaASTNode.accept(KermetaASTNode.java:46)
	at fr.irisa.triskell.kermeta.ast.KermetaASTNode.visitChildren(KermetaASTNode.java:73)
	at fr.irisa.triskell.kermeta.ast.TopLevelDecls.acceptImpl(TopLevelDecls.java:66)
	at fr.irisa.triskell.kermeta.ast.KermetaASTNode.accept(KermetaASTNode.java:46)
	at fr.irisa.triskell.kermeta.ast.KermetaASTNode.visitChildren(KermetaASTNode.java:73)
	at fr.irisa.triskell.kermeta.ast.ScompUnit.acceptImpl(ScompUnit.java:114)
	at fr.irisa.triskell.kermeta.ast.KermetaASTNode.accept(KermetaASTNode.java:46)
	at fr.irisa.triskell.kermeta.loader.kmt.KMTUnit.loadOppositeProperties(KMTUnit.java:156)
	at fr.irisa.triskell.kermeta.loader.KermetaUnit.loadAllOppositeProperties(KermetaUnit.java:912)
	at fr.irisa.triskell.kermeta.loader.KermetaUnit.load(KermetaUnit.java:814)
	at kermeta_io.typechecker_test.JunitTestSuite.testvalidFile(JunitTestSuite.java:362)
	at kermeta_io.typechecker_test.JunitTestSuite.testvalid_VirtualTypeInheritance(JunitTestSuite.java:222)
	at sun.reflect.NativeMethodAccessorImpl.invoke0(Native Method)
	at sun.reflect.NativeMethodAccessorImpl.invoke(NativeMethodAccessorImpl.java:39)
	at sun.reflect.DelegatingMethodAccessorImpl.invoke(DelegatingMethodAccessorImpl.java:25)
	at java.lang.reflect.Method.invoke(Method.java:585)
	at junit.framework.TestCase.runTest(TestCase.java:154)
	at junit.framework.TestCase.runBare(TestCase.java:127)
	at junit.framework.TestResult$1.protect(TestResult.java:106)
	at junit.framework.TestResult.runProtected(TestResult.java:124)
	at junit.framework.TestResult.run(TestResult.java:109)
	at junit.framework.TestCase.run(TestCase.java:118)
	at junit.framework.TestSuite.runTest(TestSuite.java:208)
	at junit.framework.TestSuite.run(TestSuite.java:203)
	at org.apache.tools.ant.taskdefs.optional.junit.JUnitTestRunner.run(JUnitTestRunner.java:325)
	at org.apache.tools.ant.taskdefs.optional.junit.JUnitTask.executeInVM(JUnitTask.java:848)
	at org.apache.tools.ant.taskdefs.optional.junit.JUnitTask.execute(JUnitTask.java:556)
	at org.apache.tools.ant.taskdefs.optional.junit.JUnitTask.execute(JUnitTask.java:532)
	at org.apache.tools.ant.Task.perform(Task.java:341)
	at org.apache.tools.ant.Target.execute(Target.java:309)
	at org.apache.tools.ant.Target.performTasks(Target.java:336)
	at org.apache.tools.ant.Project.executeTarget(Project.java:1339)
	at org.apache.tools.ant.Project.executeTargets(Project.java:1255)
	at org.apache.tools.ant.Main.runBuild(Main.java:609)
	at org.apache.tools.ant.Main.start(Main.java:196)
	at org.apache.tools.ant.Main.main(Main.java:235)
free memory before running gc(): 101047312
free memory after running gc(): 101158760
free memory before running gc(): 101158760
free memory after running gc(): 101549040
free memory before running gc(): 100407088
free memory after running gc(): 101450104
free memory before running gc(): 101450104
free memory after running gc(): 101160096
free memory before running gc(): 96592112
free memory after running gc(): 101467592
free memory before running gc(): 96899568
free memory after running gc(): 100705440
free memory before running gc(): 100705440
free memory after running gc(): 100791168
free memory before running gc(): 98512472
free memory after running gc(): 100818696
free memory before running gc(): 100818696
free memory after running gc(): 101136144
free memory before running gc(): 101136144
free memory after running gc(): 101408232
free memory before running gc(): 101408232
free memory after running gc(): 100957376
free memory before running gc(): 100957376
free memory after running gc(): 101216576
free memory before running gc(): 101216576
free memory after running gc(): 101469888
free memory before running gc(): 101469888
free memory after running gc(): 101448240
free memory before running gc(): 101448240
free memory after running gc(): 101419704
free memory before running gc(): 101419704
free memory after running gc(): 101283840
free memory before running gc(): 101283840
free memory after running gc(): 101418792
free memory before running gc(): 101418792
free memory after running gc(): 101415792
ERROR  createKermetaUnit, Cannot create UNIT file:/tmp/kermeta_build/src/plugins/fr.irisa.triskell.kermeta.io/lib/framework.km (file not found)
fr.irisa.triskell.kermeta.error.KermetaLoaderError: Cannot create UNIT file:/tmp/kermeta_build/src/plugins/fr.irisa.triskell.kermeta.io/lib/framework.km (file not found)
	at fr.irisa.triskell.kermeta.loader.KermetaUnitFactory.createKermetaUnit(KermetaUnitFactory.java:165)
	at fr.irisa.triskell.kermeta.loader.KermetaUnit.importModelFromURI(KermetaUnit.java:595)
	at fr.irisa.triskell.kermeta.loader.kmt.KMT2KMPass1.beginVisit(KMT2KMPass1.java:64)
	at fr.irisa.triskell.kermeta.ast.ImportStmt.acceptImpl(ImportStmt.java:102)
	at fr.irisa.triskell.kermeta.ast.KermetaASTNode.accept(KermetaASTNode.java:46)
	at fr.irisa.triskell.kermeta.ast.KermetaASTNode.visitChildren(KermetaASTNode.java:73)
	at fr.irisa.triskell.kermeta.ast.ImportStmts.acceptImpl(ImportStmts.java:66)
	at fr.irisa.triskell.kermeta.ast.KermetaASTNode.accept(KermetaASTNode.java:46)
	at fr.irisa.triskell.kermeta.ast.KermetaASTNode.visitChildren(KermetaASTNode.java:73)
	at fr.irisa.triskell.kermeta.ast.ScompUnit.acceptImpl(ScompUnit.java:114)
	at fr.irisa.triskell.kermeta.ast.KermetaASTNode.accept(KermetaASTNode.java:46)
	at fr.irisa.triskell.kermeta.loader.kmt.KMTUnit.loadImportedUnits(KMTUnit.java:151)
	at fr.irisa.triskell.kermeta.loader.KermetaUnit.loadAllImportedUnits(KermetaUnit.java:837)
	at fr.irisa.triskell.kermeta.loader.KermetaUnit.load(KermetaUnit.java:811)
	at kermeta_io.typechecker_test.JunitTestSuite.testinvalidFile(JunitTestSuite.java:386)
	at kermeta_io.typechecker_test.JunitTestSuite.testinvalid_5_failtestExternPackageCall(JunitTestSuite.java:294)
	at sun.reflect.NativeMethodAccessorImpl.invoke0(Native Method)
	at sun.reflect.NativeMethodAccessorImpl.invoke(NativeMethodAccessorImpl.java:39)
	at sun.reflect.DelegatingMethodAccessorImpl.invoke(DelegatingMethodAccessorImpl.java:25)
	at java.lang.reflect.Method.invoke(Method.java:585)
	at junit.framework.TestCase.runTest(TestCase.java:154)
	at junit.framework.TestCase.runBare(TestCase.java:127)
	at junit.framework.TestResult$1.protect(TestResult.java:106)
	at junit.framework.TestResult.runProtected(TestResult.java:124)
	at junit.framework.TestResult.run(TestResult.java:109)
	at junit.framework.TestCase.run(TestCase.java:118)
	at junit.framework.TestSuite.runTest(TestSuite.java:208)
	at junit.framework.TestSuite.run(TestSuite.java:203)
	at org.apache.tools.ant.taskdefs.optional.junit.JUnitTestRunner.run(JUnitTestRunner.java:325)
	at org.apache.tools.ant.taskdefs.optional.junit.JUnitTask.executeInVM(JUnitTask.java:848)
	at org.apache.tools.ant.taskdefs.optional.junit.JUnitTask.execute(JUnitTask.java:556)
	at org.apache.tools.ant.taskdefs.optional.junit.JUnitTask.execute(JUnitTask.java:532)
	at org.apache.tools.ant.Task.perform(Task.java:341)
	at org.apache.tools.ant.Target.execute(Target.java:309)
	at org.apache.tools.ant.Target.performTasks(Target.java:336)
	at org.apache.tools.ant.Project.executeTarget(Project.java:1339)
	at org.apache.tools.ant.Project.executeTargets(Project.java:1255)
	at org.apache.tools.ant.Main.runBuild(Main.java:609)
	at org.apache.tools.ant.Main.start(Main.java:196)
	at org.apache.tools.ant.Main.main(Main.java:235)
7031 [main] ERROR KermetaUnit  - Cannot create UNIT file:/tmp/kermeta_build/src/plugins/fr.irisa.triskell.kermeta.io/lib/framework.km (file not found)
fr.irisa.triskell.kermeta.error.KermetaLoaderError: Cannot create UNIT file:/tmp/kermeta_build/src/plugins/fr.irisa.triskell.kermeta.io/lib/framework.km (file not found)
	at fr.irisa.triskell.kermeta.loader.KermetaUnitFactory.createKermetaUnit(KermetaUnitFactory.java:165)
	at fr.irisa.triskell.kermeta.loader.KermetaUnit.importModelFromURI(KermetaUnit.java:595)
	at fr.irisa.triskell.kermeta.loader.kmt.KMT2KMPass1.beginVisit(KMT2KMPass1.java:64)
	at fr.irisa.triskell.kermeta.ast.ImportStmt.acceptImpl(ImportStmt.java:102)
	at fr.irisa.triskell.kermeta.ast.KermetaASTNode.accept(KermetaASTNode.java:46)
	at fr.irisa.triskell.kermeta.ast.KermetaASTNode.visitChildren(KermetaASTNode.java:73)
	at fr.irisa.triskell.kermeta.ast.ImportStmts.acceptImpl(ImportStmts.java:66)
	at fr.irisa.triskell.kermeta.ast.KermetaASTNode.accept(KermetaASTNode.java:46)
	at fr.irisa.triskell.kermeta.ast.KermetaASTNode.visitChildren(KermetaASTNode.java:73)
	at fr.irisa.triskell.kermeta.ast.ScompUnit.acceptImpl(ScompUnit.java:114)
	at fr.irisa.triskell.kermeta.ast.KermetaASTNode.accept(KermetaASTNode.java:46)
	at fr.irisa.triskell.kermeta.loader.kmt.KMTUnit.loadImportedUnits(KMTUnit.java:151)
	at fr.irisa.triskell.kermeta.loader.KermetaUnit.loadAllImportedUnits(KermetaUnit.java:837)
	at fr.irisa.triskell.kermeta.loader.KermetaUnit.load(KermetaUnit.java:811)
	at kermeta_io.typechecker_test.JunitTestSuite.testinvalidFile(JunitTestSuite.java:386)
	at kermeta_io.typechecker_test.JunitTestSuite.testinvalid_5_failtestExternPackageCall(JunitTestSuite.java:294)
	at sun.reflect.NativeMethodAccessorImpl.invoke0(Native Method)
	at sun.reflect.NativeMethodAccessorImpl.invoke(NativeMethodAccessorImpl.java:39)
	at sun.reflect.DelegatingMethodAccessorImpl.invoke(DelegatingMethodAccessorImpl.java:25)
	at java.lang.reflect.Method.invoke(Method.java:585)
	at junit.framework.TestCase.runTest(TestCase.java:154)
	at junit.framework.TestCase.runBare(TestCase.java:127)
	at junit.framework.TestResult$1.protect(TestResult.java:106)
	at junit.framework.TestResult.runProtected(TestResult.java:124)
	at junit.framework.TestResult.run(TestResult.java:109)
	at junit.framework.TestCase.run(TestCase.java:118)
	at junit.framework.TestSuite.runTest(TestSuite.java:208)
	at junit.framework.TestSuite.run(TestSuite.java:203)
	at org.apache.tools.ant.taskdefs.optional.junit.JUnitTestRunner.run(JUnitTestRunner.java:325)
	at org.apache.tools.ant.taskdefs.optional.junit.JUnitTask.executeInVM(JUnitTask.java:848)
	at org.apache.tools.ant.taskdefs.optional.junit.JUnitTask.execute(JUnitTask.java:556)
	at org.apache.tools.ant.taskdefs.optional.junit.JUnitTask.execute(JUnitTask.java:532)
	at org.apache.tools.ant.Task.perform(Task.java:341)
	at org.apache.tools.ant.Target.execute(Target.java:309)
	at org.apache.tools.ant.Target.performTasks(Target.java:336)
	at org.apache.tools.ant.Project.executeTarget(Project.java:1339)
	at org.apache.tools.ant.Project.executeTargets(Project.java:1255)
	at org.apache.tools.ant.Main.runBuild(Main.java:609)
	at org.apache.tools.ant.Main.start(Main.java:196)
	at org.apache.tools.ant.Main.main(Main.java:235)
free memory before running gc(): 101415792
free memory after running gc(): 101363456
free memory before running gc(): 101363456
free memory after running gc(): 101229360
free memory before running gc(): 101229360
free memory after running gc(): 101321592
free memory before running gc(): 101321592
free memory after running gc(): 101318560
free memory before running gc(): 101318560
free memory after running gc(): 101314648
free memory before running gc(): 101314648
free memory after running gc(): 101311680
free memory before running gc(): 101311680
free memory after running gc(): 101054712
free memory before running gc(): 101054712
free memory after running gc(): 101242688
free memory before running gc(): 101242688
free memory after running gc(): 101239728
free memory before running gc(): 101239728
free memory after running gc(): 101236776
free memory before running gc(): 101236776
free memory after running gc(): 101247744
free memory before running gc(): 100105744
free memory after running gc(): 101243408
free memory before running gc(): 101243408
free memory after running gc(): 101043840
]]></system-out>
  <system-err><![CDATA[java.lang.ClassCastException: fr.irisa.triskell.kermeta.language.structure.impl.VirtualTypeImpl
	at fr.irisa.triskell.kermeta.modelhelper.ClassDefinitionHelper.isSuperClassOf(ClassDefinitionHelper.java:192)
	at fr.irisa.triskell.kermeta.loader.kmt.KMT2KMPass4.beginVisit(KMT2KMPass4.java:64)
	at fr.irisa.triskell.kermeta.ast.ClassDecl.acceptImpl(ClassDecl.java:186)
	at fr.irisa.triskell.kermeta.ast.KermetaASTNode.accept(KermetaASTNode.java:46)
	at fr.irisa.triskell.kermeta.ast.KermetaASTNode.visitChildren(KermetaASTNode.java:73)
	at fr.irisa.triskell.kermeta.ast.TopLevelDecl.acceptImpl(TopLevelDecl.java:78)
	at fr.irisa.triskell.kermeta.ast.KermetaASTNode.accept(KermetaASTNode.java:46)
	at fr.irisa.triskell.kermeta.ast.KermetaASTNode.visitChildren(KermetaASTNode.java:73)
	at fr.irisa.triskell.kermeta.ast.TopLevelDecls.acceptImpl(TopLevelDecls.java:66)
	at fr.irisa.triskell.kermeta.ast.KermetaASTNode.accept(KermetaASTNode.java:46)
	at fr.irisa.triskell.kermeta.ast.KermetaASTNode.visitChildren(KermetaASTNode.java:73)
	at fr.irisa.triskell.kermeta.ast.ScompUnit.acceptImpl(ScompUnit.java:114)
	at fr.irisa.triskell.kermeta.ast.KermetaASTNode.accept(KermetaASTNode.java:46)
	at fr.irisa.triskell.kermeta.loader.kmt.KMTUnit.loadOppositeProperties(KMTUnit.java:156)
	at fr.irisa.triskell.kermeta.loader.KermetaUnit.loadAllOppositeProperties(KermetaUnit.java:912)
	at fr.irisa.triskell.kermeta.loader.KermetaUnit.load(KermetaUnit.java:814)
	at kermeta_io.typechecker_test.JunitTestSuite.testvalidFile(JunitTestSuite.java:362)
	at kermeta_io.typechecker_test.JunitTestSuite.testvalid_VirtualTypeInheritance(JunitTestSuite.java:222)
	at sun.reflect.NativeMethodAccessorImpl.invoke0(Native Method)
	at sun.reflect.NativeMethodAccessorImpl.invoke(NativeMethodAccessorImpl.java:39)
	at sun.reflect.DelegatingMethodAccessorImpl.invoke(DelegatingMethodAccessorImpl.java:25)
	at java.lang.reflect.Method.invoke(Method.java:585)
	at junit.framework.TestCase.runTest(TestCase.java:154)
	at junit.framework.TestCase.runBare(TestCase.java:127)
	at junit.framework.TestResult$1.protect(TestResult.java:106)
	at junit.framework.TestResult.runProtected(TestResult.java:124)
	at junit.framework.TestResult.run(TestResult.java:109)
	at junit.framework.TestCase.run(TestCase.java:118)
	at junit.framework.TestSuite.runTest(TestSuite.java:208)
	at junit.framework.TestSuite.run(TestSuite.java:203)
	at org.apache.tools.ant.taskdefs.optional.junit.JUnitTestRunner.run(JUnitTestRunner.java:325)
	at org.apache.tools.ant.taskdefs.optional.junit.JUnitTask.executeInVM(JUnitTask.java:848)
	at org.apache.tools.ant.taskdefs.optional.junit.JUnitTask.execute(JUnitTask.java:556)
	at org.apache.tools.ant.taskdefs.optional.junit.JUnitTask.execute(JUnitTask.java:532)
	at org.apache.tools.ant.Task.perform(Task.java:341)
	at org.apache.tools.ant.Target.execute(Target.java:309)
	at org.apache.tools.ant.Target.performTasks(Target.java:336)
	at org.apache.tools.ant.Project.executeTarget(Project.java:1339)
	at org.apache.tools.ant.Project.executeTargets(Project.java:1255)
	at org.apache.tools.ant.Main.runBuild(Main.java:609)
	at org.apache.tools.ant.Main.start(Main.java:196)
	at org.apache.tools.ant.Main.main(Main.java:235)
]]></system-err>
</testsuite>
